[SYS] 2025/11/05 - 14:33:59 | initializing token encoders 
[SYS] 2025/11/05 - 14:33:59 | token encoders initialized 
[SYS] 2025/11/05 - 14:33:59 | SQL_DSN not set, using SQLite as database 
[SYS] 2025/11/05 - 14:33:59 | database migration started 

2025/11/05 14:33:59 [32m/Users/g/go/pkg/mod/github.com/glebarez/sqlite@v1.9.0/migrator.go:33
[0m[33m[0.318ms] [34;1m[rows:-][0m SELECT count(*) FROM sqlite_master WHERE type='table' AND name="channels"

2025/11/05 14:33:59 [32m/Users/g/go/pkg/mod/github.com/glebarez/sqlite@v1.9.0/migrator.go:111
[0m[33m[0.047ms] [34;1m[rows:3][0m SELECT sql FROM sqlite_master WHERE type IN ("table","index") AND tbl_name = "channels" AND sql IS NOT NULL order by type = "table" desc

2025/11/05 14:33:59 [32m/Users/g/go/pkg/mod/github.com/glebarez/sqlite@v1.9.0/migrator.go:119
[0m[33m[0.030ms] [34;1m[rows:-][0m SELECT * FROM `channels` LIMIT 1

2025/11/05 14:33:59 [32m/Users/g/Desktop/工作/统一API网关/new-api/model/main.go:250
[0m[33m[0.944ms] [34;1m[rows:0][0m ALTER TABLE `channels` ADD `channel_ratio` real DEFAULT 1.000000

2025/11/05 14:33:59 [32m/Users/g/go/pkg/mod/github.com/glebarez/sqlite@v1.9.0/migrator.go:313
[0m[33m[0.017ms] [34;1m[rows:-][0m SELECT count(*) FROM sqlite_master WHERE type = "index" AND tbl_name = "channels" AND name = "idx_channels_name"

2025/11/05 14:33:59 [32m/Users/g/go/pkg/mod/github.com/glebarez/sqlite@v1.9.0/migrator.go:313
[0m[33m[0.009ms] [34;1m[rows:-][0m SELECT count(*) FROM sqlite_master WHERE type = "index" AND tbl_name = "channels" AND name = "idx_channels_tag"

2025/11/05 14:33:59 [32m/Users/g/go/pkg/mod/github.com/glebarez/sqlite@v1.9.0/migrator.go:33
[0m[33m[0.007ms] [34;1m[rows:-][0m SELECT count(*) FROM sqlite_master WHERE type='table' AND name="tokens"

2025/11/05 14:33:59 [32m/Users/g/go/pkg/mod/github.com/glebarez/sqlite@v1.9.0/migrator.go:111
[0m[33m[0.042ms] [34;1m[rows:5][0m SELECT sql FROM sqlite_master WHERE type IN ("table","index") AND tbl_name = "tokens" AND sql IS NOT NULL order by type = "table" desc

2025/11/05 14:33:59 [32m/Users/g/go/pkg/mod/github.com/glebarez/sqlite@v1.9.0/migrator.go:119
[0m[33m[0.017ms] [34;1m[rows:-][0m SELECT * FROM `tokens` LIMIT 1

2025/11/05 14:33:59 [32m/Users/g/go/pkg/mod/github.com/glebarez/sqlite@v1.9.0/migrator.go:313
[0m[33m[0.008ms] [34;1m[rows:-][0m SELECT count(*) FROM sqlite_master WHERE type = "index" AND tbl_name = "tokens" AND name = "idx_tokens_user_id"

2025/11/05 14:33:59 [32m/Users/g/go/pkg/mod/github.com/glebarez/sqlite@v1.9.0/migrator.go:313
[0m[33m[0.007ms] [34;1m[rows:-][0m SELECT count(*) FROM sqlite_master WHERE type = "index" AND tbl_name = "tokens" AND name = "idx_tokens_key"

2025/11/05 14:33:59 [32m/Users/g/go/pkg/mod/github.com/glebarez/sqlite@v1.9.0/migrator.go:313
[0m[33m[0.006ms] [34;1m[rows:-][0m SELECT count(*) FROM sqlite_master WHERE type = "index" AND tbl_name = "tokens" AND name = "idx_tokens_name"

2025/11/05 14:33:59 [32m/Users/g/go/pkg/mod/github.com/glebarez/sqlite@v1.9.0/migrator.go:313
[0m[33m[0.005ms] [34;1m[rows:-][0m SELECT count(*) FROM sqlite_master WHERE type = "index" AND tbl_name = "tokens" AND name = "idx_tokens_deleted_at"

2025/11/05 14:33:59 [32m/Users/g/go/pkg/mod/github.com/glebarez/sqlite@v1.9.0/migrator.go:33
[0m[33m[0.005ms] [34;1m[rows:-][0m SELECT count(*) FROM sqlite_master WHERE type='table' AND name="users"

2025/11/05 14:33:59 [32m/Users/g/go/pkg/mod/github.com/glebarez/sqlite@v1.9.0/migrator.go:111
[0m[33m[0.040ms] [34;1m[rows:14][0m SELECT sql FROM sqlite_master WHERE type IN ("table","index") AND tbl_name = "users" AND sql IS NOT NULL order by type = "table" desc

2025/11/05 14:33:59 [32m/Users/g/go/pkg/mod/github.com/glebarez/sqlite@v1.9.0/migrator.go:119
[0m[33m[0.021ms] [34;1m[rows:-][0m SELECT * FROM `users` LIMIT 1

2025/11/05 14:33:59 [32m/Users/g/go/pkg/mod/github.com/glebarez/sqlite@v1.9.0/migrator.go:21
[0m[33m[0.007ms] [34;1m[rows:1][0m PRAGMA foreign_keys

2025/11/05 14:33:59 [32m/Users/g/go/pkg/mod/github.com/glebarez/sqlite@v1.9.0/migrator.go:370
[0m[33m[0.007ms] [34;1m[rows:-][0m SELECT sql FROM sqlite_master WHERE type = "table" AND tbl_name = "users" AND name = "users"

2025/11/05 14:33:59 [32m/Users/g/go/pkg/mod/github.com/glebarez/sqlite@v1.9.0/migrator.go:414
[0m[33m[0.201ms] [34;1m[rows:0][0m CREATE TABLE `users__temp` (`id` integer,`username` text UNIQUE,`password` text NOT NULL,`display_name` text,`role` integer DEFAULT 1,`status` integer DEFAULT 1,`email` text,`github_id` text,`oidc_id` text,`wechat_id` text,`telegram_id` text,`access_token` char(32),`quota` integer DEFAULT 0,`used_quota` integer DEFAULT 0,`request_count` integer DEFAULT 0,`group` varchar(64) DEFAULT "default",`aff_code` varchar(32),`aff_count` integer DEFAULT 0,`aff_quota` integer DEFAULT 0,`aff_history` integer DEFAULT 0,`inviter_id` integer,`deleted_at` datetime,`linux_do_id` text,`setting` text,`remark` varchar(255),`stripe_customer` varchar(64),PRIMARY KEY (`id`))

2025/11/05 14:33:59 [32m/Users/g/go/pkg/mod/github.com/glebarez/sqlite@v1.9.0/migrator.go:424
[0m[33m[0.037ms] [34;1m[rows:1][0m INSERT INTO `users__temp`(`id`,`username`,`password`,`display_name`,`role`,`status`,`email`,`github_id`,`oidc_id`,`wechat_id`,`telegram_id`,`access_token`,`quota`,`used_quota`,`request_count`,`group`,`aff_code`,`aff_count`,`aff_quota`,`aff_history`,`inviter_id`,`deleted_at`,`linux_do_id`,`setting`,`remark`,`stripe_customer`) SELECT `id`,`username`,`password`,`display_name`,`role`,`status`,`email`,`github_id`,`oidc_id`,`wechat_id`,`telegram_id`,`access_token`,`quota`,`used_quota`,`request_count`,`group`,`aff_code`,`aff_count`,`aff_quota`,`aff_history`,`inviter_id`,`deleted_at`,`linux_do_id`,`setting`,`remark`,`stripe_customer` FROM `users`

2025/11/05 14:33:59 [32m/Users/g/go/pkg/mod/github.com/glebarez/sqlite@v1.9.0/migrator.go:424
[0m[33m[0.243ms] [34;1m[rows:1][0m DROP TABLE `users`

2025/11/05 14:33:59 [32m/Users/g/go/pkg/mod/github.com/glebarez/sqlite@v1.9.0/migrator.go:424
[0m[33m[0.726ms] [34;1m[rows:1][0m ALTER TABLE `users__temp` RENAME TO `users`

2025/11/05 14:33:59 [32m/Users/g/go/pkg/mod/github.com/glebarez/sqlite@v1.9.0/migrator.go:313
[0m[33m[0.009ms] [34;1m[rows:-][0m SELECT count(*) FROM sqlite_master WHERE type = "index" AND tbl_name = "users" AND name = "idx_users_git_hub_id"

2025/11/05 14:33:59 [32m/Users/g/go/pkg/mod/github.com/glebarez/sqlite@v1.9.0/migrator.go:294
[0m[33m[0.277ms] [34;1m[rows:1][0m CREATE INDEX `idx_users_git_hub_id` ON `users`(`github_id`)

2025/11/05 14:33:59 [32m/Users/g/go/pkg/mod/github.com/glebarez/sqlite@v1.9.0/migrator.go:313
[0m[33m[0.007ms] [34;1m[rows:-][0m SELECT count(*) FROM sqlite_master WHERE type = "index" AND tbl_name = "users" AND name = "idx_users_oidc_id"

2025/11/05 14:33:59 [32m/Users/g/go/pkg/mod/github.com/glebarez/sqlite@v1.9.0/migrator.go:294
[0m[33m[0.265ms] [34;1m[rows:1][0m CREATE INDEX `idx_users_oidc_id` ON `users`(`oidc_id`)

2025/11/05 14:33:59 [32m/Users/g/go/pkg/mod/github.com/glebarez/sqlite@v1.9.0/migrator.go:313
[0m[33m[0.006ms] [34;1m[rows:-][0m SELECT count(*) FROM sqlite_master WHERE type = "index" AND tbl_name = "users" AND name = "idx_users_telegram_id"

2025/11/05 14:33:59 [32m/Users/g/go/pkg/mod/github.com/glebarez/sqlite@v1.9.0/migrator.go:294
[0m[33m[0.254ms] [34;1m[rows:1][0m CREATE INDEX `idx_users_telegram_id` ON `users`(`telegram_id`)

2025/11/05 14:33:59 [32m/Users/g/go/pkg/mod/github.com/glebarez/sqlite@v1.9.0/migrator.go:313
[0m[33m[0.006ms] [34;1m[rows:-][0m SELECT count(*) FROM sqlite_master WHERE type = "index" AND tbl_name = "users" AND name = "idx_users_aff_code"

2025/11/05 14:33:59 [32m/Users/g/go/pkg/mod/github.com/glebarez/sqlite@v1.9.0/migrator.go:294
[0m[33m[0.239ms] [34;1m[rows:1][0m CREATE UNIQUE INDEX `idx_users_aff_code` ON `users`(`aff_code`)

2025/11/05 14:33:59 [32m/Users/g/go/pkg/mod/github.com/glebarez/sqlite@v1.9.0/migrator.go:313
[0m[33m[0.006ms] [34;1m[rows:-][0m SELECT count(*) FROM sqlite_master WHERE type = "index" AND tbl_name = "users" AND name = "idx_users_inviter_id"

2025/11/05 14:33:59 [32m/Users/g/go/pkg/mod/github.com/glebarez/sqlite@v1.9.0/migrator.go:294
[0m[33m[0.274ms] [34;1m[rows:1][0m CREATE INDEX `idx_users_inviter_id` ON `users`(`inviter_id`)

2025/11/05 14:33:59 [32m/Users/g/go/pkg/mod/github.com/glebarez/sqlite@v1.9.0/migrator.go:313
[0m[33m[0.017ms] [34;1m[rows:-][0m SELECT count(*) FROM sqlite_master WHERE type = "index" AND tbl_name = "users" AND name = "idx_users_we_chat_id"

2025/11/05 14:33:59 [32m/Users/g/go/pkg/mod/github.com/glebarez/sqlite@v1.9.0/migrator.go:294
[0m[33m[0.326ms] [34;1m[rows:1][0m CREATE INDEX `idx_users_we_chat_id` ON `users`(`wechat_id`)

2025/11/05 14:33:59 [32m/Users/g/go/pkg/mod/github.com/glebarez/sqlite@v1.9.0/migrator.go:313
[0m[33m[0.010ms] [34;1m[rows:-][0m SELECT count(*) FROM sqlite_master WHERE type = "index" AND tbl_name = "users" AND name = "idx_users_access_token"

2025/11/05 14:33:59 [32m/Users/g/go/pkg/mod/github.com/glebarez/sqlite@v1.9.0/migrator.go:294
[0m[33m[1.411ms] [34;1m[rows:1][0m CREATE UNIQUE INDEX `idx_users_access_token` ON `users`(`access_token`)

2025/11/05 14:33:59 [32m/Users/g/go/pkg/mod/github.com/glebarez/sqlite@v1.9.0/migrator.go:313
[0m[33m[0.008ms] [34;1m[rows:-][0m SELECT count(*) FROM sqlite_master WHERE type = "index" AND tbl_name = "users" AND name = "idx_users_deleted_at"

2025/11/05 14:33:59 [32m/Users/g/go/pkg/mod/github.com/glebarez/sqlite@v1.9.0/migrator.go:294
[0m[33m[0.246ms] [34;1m[rows:1][0m CREATE INDEX `idx_users_deleted_at` ON `users`(`deleted_at`)

2025/11/05 14:33:59 [32m/Users/g/go/pkg/mod/github.com/glebarez/sqlite@v1.9.0/migrator.go:313
[0m[33m[0.006ms] [34;1m[rows:-][0m SELECT count(*) FROM sqlite_master WHERE type = "index" AND tbl_name = "users" AND name = "idx_users_linux_do_id"

2025/11/05 14:33:59 [32m/Users/g/go/pkg/mod/github.com/glebarez/sqlite@v1.9.0/migrator.go:294
[0m[33m[0.231ms] [34;1m[rows:1][0m CREATE INDEX `idx_users_linux_do_id` ON `users`(`linux_do_id`)

2025/11/05 14:33:59 [32m/Users/g/go/pkg/mod/github.com/glebarez/sqlite@v1.9.0/migrator.go:313
[0m[33m[0.007ms] [34;1m[rows:-][0m SELECT count(*) FROM sqlite_master WHERE type = "index" AND tbl_name = "users" AND name = "idx_users_stripe_customer"

2025/11/05 14:33:59 [32m/Users/g/go/pkg/mod/github.com/glebarez/sqlite@v1.9.0/migrator.go:294
[0m[33m[0.248ms] [34;1m[rows:1][0m CREATE INDEX `idx_users_stripe_customer` ON `users`(`stripe_customer`)

2025/11/05 14:33:59 [32m/Users/g/go/pkg/mod/github.com/glebarez/sqlite@v1.9.0/migrator.go:313
[0m[33m[0.006ms] [34;1m[rows:-][0m SELECT count(*) FROM sqlite_master WHERE type = "index" AND tbl_name = "users" AND name = "idx_users_username"

2025/11/05 14:33:59 [32m/Users/g/go/pkg/mod/github.com/glebarez/sqlite@v1.9.0/migrator.go:294
[0m[33m[0.233ms] [34;1m[rows:1][0m CREATE INDEX `idx_users_username` ON `users`(`username`)

2025/11/05 14:33:59 [32m/Users/g/go/pkg/mod/github.com/glebarez/sqlite@v1.9.0/migrator.go:313
[0m[33m[0.006ms] [34;1m[rows:-][0m SELECT count(*) FROM sqlite_master WHERE type = "index" AND tbl_name = "users" AND name = "idx_users_display_name"

2025/11/05 14:33:59 [32m/Users/g/go/pkg/mod/github.com/glebarez/sqlite@v1.9.0/migrator.go:294
[0m[33m[0.232ms] [34;1m[rows:1][0m CREATE INDEX `idx_users_display_name` ON `users`(`display_name`)

2025/11/05 14:33:59 [32m/Users/g/go/pkg/mod/github.com/glebarez/sqlite@v1.9.0/migrator.go:313
[0m[33m[0.007ms] [34;1m[rows:-][0m SELECT count(*) FROM sqlite_master WHERE type = "index" AND tbl_name = "users" AND name = "idx_users_email"

2025/11/05 14:33:59 [32m/Users/g/go/pkg/mod/github.com/glebarez/sqlite@v1.9.0/migrator.go:294
[0m[33m[0.265ms] [34;1m[rows:1][0m CREATE INDEX `idx_users_email` ON `users`(`email`)

2025/11/05 14:33:59 [32m/Users/g/go/pkg/mod/github.com/glebarez/sqlite@v1.9.0/migrator.go:33
[0m[33m[0.006ms] [34;1m[rows:-][0m SELECT count(*) FROM sqlite_master WHERE type='table' AND name="options"

2025/11/05 14:33:59 [32m/Users/g/go/pkg/mod/github.com/glebarez/sqlite@v1.9.0/migrator.go:111
[0m[33m[0.040ms] [34;1m[rows:1][0m SELECT sql FROM sqlite_master WHERE type IN ("table","index") AND tbl_name = "options" AND sql IS NOT NULL order by type = "table" desc

2025/11/05 14:33:59 [32m/Users/g/go/pkg/mod/github.com/glebarez/sqlite@v1.9.0/migrator.go:119
[0m[33m[0.009ms] [34;1m[rows:-][0m SELECT * FROM `options` LIMIT 1

2025/11/05 14:33:59 [32m/Users/g/go/pkg/mod/github.com/glebarez/sqlite@v1.9.0/migrator.go:33
[0m[33m[0.006ms] [34;1m[rows:-][0m SELECT count(*) FROM sqlite_master WHERE type='table' AND name="redemptions"

2025/11/05 14:33:59 [32m/Users/g/go/pkg/mod/github.com/glebarez/sqlite@v1.9.0/migrator.go:111
[0m[33m[0.031ms] [34;1m[rows:4][0m SELECT sql FROM sqlite_master WHERE type IN ("table","index") AND tbl_name = "redemptions" AND sql IS NOT NULL order by type = "table" desc

2025/11/05 14:33:59 [32m/Users/g/go/pkg/mod/github.com/glebarez/sqlite@v1.9.0/migrator.go:119
[0m[33m[0.011ms] [34;1m[rows:-][0m SELECT * FROM `redemptions` LIMIT 1

2025/11/05 14:33:59 [32m/Users/g/go/pkg/mod/github.com/glebarez/sqlite@v1.9.0/migrator.go:313
[0m[33m[0.006ms] [34;1m[rows:-][0m SELECT count(*) FROM sqlite_master WHERE type = "index" AND tbl_name = "redemptions" AND name = "idx_redemptions_key"

2025/11/05 14:33:59 [32m/Users/g/go/pkg/mod/github.com/glebarez/sqlite@v1.9.0/migrator.go:313
[0m[33m[0.005ms] [34;1m[rows:-][0m SELECT count(*) FROM sqlite_master WHERE type = "index" AND tbl_name = "redemptions" AND name = "idx_redemptions_name"

2025/11/05 14:33:59 [32m/Users/g/go/pkg/mod/github.com/glebarez/sqlite@v1.9.0/migrator.go:313
[0m[33m[0.005ms] [34;1m[rows:-][0m SELECT count(*) FROM sqlite_master WHERE type = "index" AND tbl_name = "redemptions" AND name = "idx_redemptions_deleted_at"

2025/11/05 14:33:59 [32m/Users/g/go/pkg/mod/github.com/glebarez/sqlite@v1.9.0/migrator.go:33
[0m[33m[0.005ms] [34;1m[rows:-][0m SELECT count(*) FROM sqlite_master WHERE type='table' AND name="abilities"

2025/11/05 14:33:59 [32m/Users/g/go/pkg/mod/github.com/glebarez/sqlite@v1.9.0/migrator.go:111
[0m[33m[0.034ms] [34;1m[rows:5][0m SELECT sql FROM sqlite_master WHERE type IN ("table","index") AND tbl_name = "abilities" AND sql IS NOT NULL order by type = "table" desc

2025/11/05 14:33:59 [32m/Users/g/go/pkg/mod/github.com/glebarez/sqlite@v1.9.0/migrator.go:119
[0m[33m[0.009ms] [34;1m[rows:-][0m SELECT * FROM `abilities` LIMIT 1

2025/11/05 14:33:59 [32m/Users/g/Desktop/工作/统一API网关/new-api/model/main.go:250
[0m[33m[0.504ms] [34;1m[rows:1][0m ALTER TABLE `abilities` ADD `channel_ratio` real DEFAULT 1.000000

2025/11/05 14:33:59 [32m/Users/g/go/pkg/mod/github.com/glebarez/sqlite@v1.9.0/migrator.go:313
[0m[33m[0.007ms] [34;1m[rows:-][0m SELECT count(*) FROM sqlite_master WHERE type = "index" AND tbl_name = "abilities" AND name = "idx_abilities_channel_id"

2025/11/05 14:33:59 [32m/Users/g/go/pkg/mod/github.com/glebarez/sqlite@v1.9.0/migrator.go:313
[0m[33m[0.005ms] [34;1m[rows:-][0m SELECT count(*) FROM sqlite_master WHERE type = "index" AND tbl_name = "abilities" AND name = "idx_abilities_priority"

2025/11/05 14:33:59 [32m/Users/g/go/pkg/mod/github.com/glebarez/sqlite@v1.9.0/migrator.go:313
[0m[33m[0.005ms] [34;1m[rows:-][0m SELECT count(*) FROM sqlite_master WHERE type = "index" AND tbl_name = "abilities" AND name = "idx_abilities_weight"

2025/11/05 14:33:59 [32m/Users/g/go/pkg/mod/github.com/glebarez/sqlite@v1.9.0/migrator.go:313
[0m[33m[0.005ms] [34;1m[rows:-][0m SELECT count(*) FROM sqlite_master WHERE type = "index" AND tbl_name = "abilities" AND name = "idx_abilities_tag"

2025/11/05 14:33:59 [32m/Users/g/go/pkg/mod/github.com/glebarez/sqlite@v1.9.0/migrator.go:33
[0m[33m[0.005ms] [34;1m[rows:-][0m SELECT count(*) FROM sqlite_master WHERE type='table' AND name="logs"

2025/11/05 14:33:59 [32m/Users/g/go/pkg/mod/github.com/glebarez/sqlite@v1.9.0/migrator.go:111
[0m[33m[0.034ms] [34;1m[rows:12][0m SELECT sql FROM sqlite_master WHERE type IN ("table","index") AND tbl_name = "logs" AND sql IS NOT NULL order by type = "table" desc

2025/11/05 14:33:59 [32m/Users/g/go/pkg/mod/github.com/glebarez/sqlite@v1.9.0/migrator.go:119
[0m[33m[0.015ms] [34;1m[rows:-][0m SELECT * FROM `logs` LIMIT 1

2025/11/05 14:33:59 [32m/Users/g/go/pkg/mod/github.com/glebarez/sqlite@v1.9.0/migrator.go:313
[0m[33m[0.005ms] [34;1m[rows:-][0m SELECT count(*) FROM sqlite_master WHERE type = "index" AND tbl_name = "logs" AND name = "idx_logs_group"

2025/11/05 14:33:59 [32m/Users/g/go/pkg/mod/github.com/glebarez/sqlite@v1.9.0/migrator.go:313
[0m[33m[0.005ms] [34;1m[rows:-][0m SELECT count(*) FROM sqlite_master WHERE type = "index" AND tbl_name = "logs" AND name = "idx_logs_ip"

2025/11/05 14:33:59 [32m/Users/g/go/pkg/mod/github.com/glebarez/sqlite@v1.9.0/migrator.go:313
[0m[33m[0.005ms] [34;1m[rows:-][0m SELECT count(*) FROM sqlite_master WHERE type = "index" AND tbl_name = "logs" AND name = "idx_logs_user_id"

2025/11/05 14:33:59 [32m/Users/g/go/pkg/mod/github.com/glebarez/sqlite@v1.9.0/migrator.go:313
[0m[33m[0.005ms] [34;1m[rows:-][0m SELECT count(*) FROM sqlite_master WHERE type = "index" AND tbl_name = "logs" AND name = "idx_created_at_type"

2025/11/05 14:33:59 [32m/Users/g/go/pkg/mod/github.com/glebarez/sqlite@v1.9.0/migrator.go:313
[0m[33m[0.005ms] [34;1m[rows:-][0m SELECT count(*) FROM sqlite_master WHERE type = "index" AND tbl_name = "logs" AND name = "index_username_model_name"

2025/11/05 14:33:59 [32m/Users/g/go/pkg/mod/github.com/glebarez/sqlite@v1.9.0/migrator.go:313
[0m[33m[0.005ms] [34;1m[rows:-][0m SELECT count(*) FROM sqlite_master WHERE type = "index" AND tbl_name = "logs" AND name = "idx_logs_token_name"

2025/11/05 14:33:59 [32m/Users/g/go/pkg/mod/github.com/glebarez/sqlite@v1.9.0/migrator.go:313
[0m[33m[0.005ms] [34;1m[rows:-][0m SELECT count(*) FROM sqlite_master WHERE type = "index" AND tbl_name = "logs" AND name = "idx_logs_model_name"

2025/11/05 14:33:59 [32m/Users/g/go/pkg/mod/github.com/glebarez/sqlite@v1.9.0/migrator.go:313
[0m[33m[0.005ms] [34;1m[rows:-][0m SELECT count(*) FROM sqlite_master WHERE type = "index" AND tbl_name = "logs" AND name = "idx_logs_channel_id"

2025/11/05 14:33:59 [32m/Users/g/go/pkg/mod/github.com/glebarez/sqlite@v1.9.0/migrator.go:313
[0m[33m[0.005ms] [34;1m[rows:-][0m SELECT count(*) FROM sqlite_master WHERE type = "index" AND tbl_name = "logs" AND name = "idx_created_at_id"

2025/11/05 14:33:59 [32m/Users/g/go/pkg/mod/github.com/glebarez/sqlite@v1.9.0/migrator.go:313
[0m[33m[0.005ms] [34;1m[rows:-][0m SELECT count(*) FROM sqlite_master WHERE type = "index" AND tbl_name = "logs" AND name = "idx_logs_username"

2025/11/05 14:33:59 [32m/Users/g/go/pkg/mod/github.com/glebarez/sqlite@v1.9.0/migrator.go:313
[0m[33m[0.005ms] [34;1m[rows:-][0m SELECT count(*) FROM sqlite_master WHERE type = "index" AND tbl_name = "logs" AND name = "idx_logs_token_id"

2025/11/05 14:33:59 [32m/Users/g/go/pkg/mod/github.com/glebarez/sqlite@v1.9.0/migrator.go:33
[0m[33m[0.004ms] [34;1m[rows:-][0m SELECT count(*) FROM sqlite_master WHERE type='table' AND name="midjourneys"

2025/11/05 14:33:59 [32m/Users/g/go/pkg/mod/github.com/glebarez/sqlite@v1.9.0/migrator.go:111
[0m[33m[0.028ms] [34;1m[rows:9][0m SELECT sql FROM sqlite_master WHERE type IN ("table","index") AND tbl_name = "midjourneys" AND sql IS NOT NULL order by type = "table" desc

2025/11/05 14:33:59 [32m/Users/g/go/pkg/mod/github.com/glebarez/sqlite@v1.9.0/migrator.go:119
[0m[33m[0.016ms] [34;1m[rows:-][0m SELECT * FROM `midjourneys` LIMIT 1

2025/11/05 14:33:59 [32m/Users/g/go/pkg/mod/github.com/glebarez/sqlite@v1.9.0/migrator.go:313
[0m[33m[0.005ms] [34;1m[rows:-][0m SELECT count(*) FROM sqlite_master WHERE type = "index" AND tbl_name = "midjourneys" AND name = "idx_midjourneys_submit_time"

2025/11/05 14:33:59 [32m/Users/g/go/pkg/mod/github.com/glebarez/sqlite@v1.9.0/migrator.go:313
[0m[33m[0.006ms] [34;1m[rows:-][0m SELECT count(*) FROM sqlite_master WHERE type = "index" AND tbl_name = "midjourneys" AND name = "idx_midjourneys_start_time"

2025/11/05 14:33:59 [32m/Users/g/go/pkg/mod/github.com/glebarez/sqlite@v1.9.0/migrator.go:313
[0m[33m[0.005ms] [34;1m[rows:-][0m SELECT count(*) FROM sqlite_master WHERE type = "index" AND tbl_name = "midjourneys" AND name = "idx_midjourneys_finish_time"

2025/11/05 14:33:59 [32m/Users/g/go/pkg/mod/github.com/glebarez/sqlite@v1.9.0/migrator.go:313
[0m[33m[0.005ms] [34;1m[rows:-][0m SELECT count(*) FROM sqlite_master WHERE type = "index" AND tbl_name = "midjourneys" AND name = "idx_midjourneys_status"

2025/11/05 14:33:59 [32m/Users/g/go/pkg/mod/github.com/glebarez/sqlite@v1.9.0/migrator.go:313
[0m[33m[0.005ms] [34;1m[rows:-][0m SELECT count(*) FROM sqlite_master WHERE type = "index" AND tbl_name = "midjourneys" AND name = "idx_midjourneys_progress"

2025/11/05 14:33:59 [32m/Users/g/go/pkg/mod/github.com/glebarez/sqlite@v1.9.0/migrator.go:313
[0m[33m[0.005ms] [34;1m[rows:-][0m SELECT count(*) FROM sqlite_master WHERE type = "index" AND tbl_name = "midjourneys" AND name = "idx_midjourneys_user_id"

2025/11/05 14:33:59 [32m/Users/g/go/pkg/mod/github.com/glebarez/sqlite@v1.9.0/migrator.go:313
[0m[33m[0.005ms] [34;1m[rows:-][0m SELECT count(*) FROM sqlite_master WHERE type = "index" AND tbl_name = "midjourneys" AND name = "idx_midjourneys_action"

2025/11/05 14:33:59 [32m/Users/g/go/pkg/mod/github.com/glebarez/sqlite@v1.9.0/migrator.go:313
[0m[33m[0.005ms] [34;1m[rows:-][0m SELECT count(*) FROM sqlite_master WHERE type = "index" AND tbl_name = "midjourneys" AND name = "idx_midjourneys_mj_id"

2025/11/05 14:33:59 [32m/Users/g/go/pkg/mod/github.com/glebarez/sqlite@v1.9.0/migrator.go:33
[0m[33m[0.004ms] [34;1m[rows:-][0m SELECT count(*) FROM sqlite_master WHERE type='table' AND name="top_ups"

2025/11/05 14:33:59 [32m/Users/g/go/pkg/mod/github.com/glebarez/sqlite@v1.9.0/migrator.go:111
[0m[33m[0.026ms] [34;1m[rows:3][0m SELECT sql FROM sqlite_master WHERE type IN ("table","index") AND tbl_name = "top_ups" AND sql IS NOT NULL order by type = "table" desc

2025/11/05 14:33:59 [32m/Users/g/go/pkg/mod/github.com/glebarez/sqlite@v1.9.0/migrator.go:119
[0m[33m[0.009ms] [34;1m[rows:-][0m SELECT * FROM `top_ups` LIMIT 1

2025/11/05 14:33:59 [32m/Users/g/go/pkg/mod/github.com/glebarez/sqlite@v1.9.0/migrator.go:21
[0m[33m[0.005ms] [34;1m[rows:1][0m PRAGMA foreign_keys

2025/11/05 14:33:59 [32m/Users/g/go/pkg/mod/github.com/glebarez/sqlite@v1.9.0/migrator.go:370
[0m[33m[0.005ms] [34;1m[rows:-][0m SELECT sql FROM sqlite_master WHERE type = "table" AND tbl_name = "top_ups" AND name = "top_ups"

2025/11/05 14:33:59 [32m/Users/g/go/pkg/mod/github.com/glebarez/sqlite@v1.9.0/migrator.go:414
[0m[33m[0.120ms] [34;1m[rows:1][0m CREATE TABLE `top_ups__temp` (`id` integer,`user_id` integer,`amount` integer,`money` real,`trade_no` varchar(255) UNIQUE,`create_time` integer,`complete_time` integer,`status` text,PRIMARY KEY (`id`))

2025/11/05 14:33:59 [32m/Users/g/go/pkg/mod/github.com/glebarez/sqlite@v1.9.0/migrator.go:424
[0m[33m[0.013ms] [34;1m[rows:0][0m INSERT INTO `top_ups__temp`(`id`,`user_id`,`amount`,`money`,`trade_no`,`create_time`,`complete_time`,`status`) SELECT `id`,`user_id`,`amount`,`money`,`trade_no`,`create_time`,`complete_time`,`status` FROM `top_ups`

2025/11/05 14:33:59 [32m/Users/g/go/pkg/mod/github.com/glebarez/sqlite@v1.9.0/migrator.go:424
[0m[33m[0.081ms] [34;1m[rows:0][0m DROP TABLE `top_ups`

2025/11/05 14:33:59 [32m/Users/g/go/pkg/mod/github.com/glebarez/sqlite@v1.9.0/migrator.go:424
[0m[33m[0.994ms] [34;1m[rows:0][0m ALTER TABLE `top_ups__temp` RENAME TO `top_ups`

2025/11/05 14:33:59 [32m/Users/g/go/pkg/mod/github.com/glebarez/sqlite@v1.9.0/migrator.go:313
[0m[33m[0.018ms] [34;1m[rows:-][0m SELECT count(*) FROM sqlite_master WHERE type = "index" AND tbl_name = "top_ups" AND name = "idx_top_ups_user_id"

2025/11/05 14:33:59 [32m/Users/g/go/pkg/mod/github.com/glebarez/sqlite@v1.9.0/migrator.go:294
[0m[33m[0.308ms] [34;1m[rows:0][0m CREATE INDEX `idx_top_ups_user_id` ON `top_ups`(`user_id`)

2025/11/05 14:33:59 [32m/Users/g/go/pkg/mod/github.com/glebarez/sqlite@v1.9.0/migrator.go:313
[0m[33m[0.007ms] [34;1m[rows:-][0m SELECT count(*) FROM sqlite_master WHERE type = "index" AND tbl_name = "top_ups" AND name = "idx_top_ups_trade_no"

2025/11/05 14:33:59 [32m/Users/g/go/pkg/mod/github.com/glebarez/sqlite@v1.9.0/migrator.go:294
[0m[33m[0.246ms] [34;1m[rows:0][0m CREATE INDEX `idx_top_ups_trade_no` ON `top_ups`(`trade_no`)

2025/11/05 14:33:59 [32m/Users/g/go/pkg/mod/github.com/glebarez/sqlite@v1.9.0/migrator.go:33
[0m[33m[0.009ms] [34;1m[rows:-][0m SELECT count(*) FROM sqlite_master WHERE type='table' AND name="quota_data"

2025/11/05 14:33:59 [32m/Users/g/go/pkg/mod/github.com/glebarez/sqlite@v1.9.0/migrator.go:111
[0m[33m[0.040ms] [34;1m[rows:4][0m SELECT sql FROM sqlite_master WHERE type IN ("table","index") AND tbl_name = "quota_data" AND sql IS NOT NULL order by type = "table" desc

2025/11/05 14:33:59 [32m/Users/g/go/pkg/mod/github.com/glebarez/sqlite@v1.9.0/migrator.go:119
[0m[33m[0.012ms] [34;1m[rows:-][0m SELECT * FROM `quota_data` LIMIT 1

2025/11/05 14:33:59 [32m/Users/g/go/pkg/mod/github.com/glebarez/sqlite@v1.9.0/migrator.go:313
[0m[33m[0.008ms] [34;1m[rows:-][0m SELECT count(*) FROM sqlite_master WHERE type = "index" AND tbl_name = "quota_data" AND name = "idx_quota_data_user_id"

2025/11/05 14:33:59 [32m/Users/g/go/pkg/mod/github.com/glebarez/sqlite@v1.9.0/migrator.go:313
[0m[33m[0.006ms] [34;1m[rows:-][0m SELECT count(*) FROM sqlite_master WHERE type = "index" AND tbl_name = "quota_data" AND name = "idx_qdt_model_user_name"

2025/11/05 14:33:59 [32m/Users/g/go/pkg/mod/github.com/glebarez/sqlite@v1.9.0/migrator.go:313
[0m[33m[0.005ms] [34;1m[rows:-][0m SELECT count(*) FROM sqlite_master WHERE type = "index" AND tbl_name = "quota_data" AND name = "idx_qdt_created_at"

2025/11/05 14:33:59 [32m/Users/g/go/pkg/mod/github.com/glebarez/sqlite@v1.9.0/migrator.go:33
[0m[33m[0.005ms] [34;1m[rows:-][0m SELECT count(*) FROM sqlite_master WHERE type='table' AND name="tasks"

2025/11/05 14:33:59 [32m/Users/g/go/pkg/mod/github.com/glebarez/sqlite@v1.9.0/migrator.go:111
[0m[33m[0.035ms] [34;1m[rows:12][0m SELECT sql FROM sqlite_master WHERE type IN ("table","index") AND tbl_name = "tasks" AND sql IS NOT NULL order by type = "table" desc

2025/11/05 14:33:59 [32m/Users/g/go/pkg/mod/github.com/glebarez/sqlite@v1.9.0/migrator.go:119
[0m[33m[0.013ms] [34;1m[rows:-][0m SELECT * FROM `tasks` LIMIT 1

2025/11/05 14:33:59 [32m/Users/g/go/pkg/mod/github.com/glebarez/sqlite@v1.9.0/migrator.go:313
[0m[33m[0.006ms] [34;1m[rows:-][0m SELECT count(*) FROM sqlite_master WHERE type = "index" AND tbl_name = "tasks" AND name = "idx_tasks_task_id"

2025/11/05 14:33:59 [32m/Users/g/go/pkg/mod/github.com/glebarez/sqlite@v1.9.0/migrator.go:313
[0m[33m[0.005ms] [34;1m[rows:-][0m SELECT count(*) FROM sqlite_master WHERE type = "index" AND tbl_name = "tasks" AND name = "idx_tasks_platform"

2025/11/05 14:33:59 [32m/Users/g/go/pkg/mod/github.com/glebarez/sqlite@v1.9.0/migrator.go:313
[0m[33m[0.005ms] [34;1m[rows:-][0m SELECT count(*) FROM sqlite_master WHERE type = "index" AND tbl_name = "tasks" AND name = "idx_tasks_channel_id"

2025/11/05 14:33:59 [32m/Users/g/go/pkg/mod/github.com/glebarez/sqlite@v1.9.0/migrator.go:313
[0m[33m[0.006ms] [34;1m[rows:-][0m SELECT count(*) FROM sqlite_master WHERE type = "index" AND tbl_name = "tasks" AND name = "idx_tasks_action"

2025/11/05 14:33:59 [32m/Users/g/go/pkg/mod/github.com/glebarez/sqlite@v1.9.0/migrator.go:313
[0m[33m[0.005ms] [34;1m[rows:-][0m SELECT count(*) FROM sqlite_master WHERE type = "index" AND tbl_name = "tasks" AND name = "idx_tasks_status"

2025/11/05 14:33:59 [32m/Users/g/go/pkg/mod/github.com/glebarez/sqlite@v1.9.0/migrator.go:313
[0m[33m[0.005ms] [34;1m[rows:-][0m SELECT count(*) FROM sqlite_master WHERE type = "index" AND tbl_name = "tasks" AND name = "idx_tasks_submit_time"

2025/11/05 14:33:59 [32m/Users/g/go/pkg/mod/github.com/glebarez/sqlite@v1.9.0/migrator.go:313
[0m[33m[0.005ms] [34;1m[rows:-][0m SELECT count(*) FROM sqlite_master WHERE type = "index" AND tbl_name = "tasks" AND name = "idx_tasks_start_time"

2025/11/05 14:33:59 [32m/Users/g/go/pkg/mod/github.com/glebarez/sqlite@v1.9.0/migrator.go:313
[0m[33m[0.005ms] [34;1m[rows:-][0m SELECT count(*) FROM sqlite_master WHERE type = "index" AND tbl_name = "tasks" AND name = "idx_tasks_progress"

2025/11/05 14:33:59 [32m/Users/g/go/pkg/mod/github.com/glebarez/sqlite@v1.9.0/migrator.go:313
[0m[33m[0.005ms] [34;1m[rows:-][0m SELECT count(*) FROM sqlite_master WHERE type = "index" AND tbl_name = "tasks" AND name = "idx_tasks_created_at"

2025/11/05 14:33:59 [32m/Users/g/go/pkg/mod/github.com/glebarez/sqlite@v1.9.0/migrator.go:313
[0m[33m[0.005ms] [34;1m[rows:-][0m SELECT count(*) FROM sqlite_master WHERE type = "index" AND tbl_name = "tasks" AND name = "idx_tasks_user_id"

2025/11/05 14:33:59 [32m/Users/g/go/pkg/mod/github.com/glebarez/sqlite@v1.9.0/migrator.go:313
[0m[33m[0.005ms] [34;1m[rows:-][0m SELECT count(*) FROM sqlite_master WHERE type = "index" AND tbl_name = "tasks" AND name = "idx_tasks_finish_time"

2025/11/05 14:33:59 [32m/Users/g/go/pkg/mod/github.com/glebarez/sqlite@v1.9.0/migrator.go:33
[0m[33m[0.005ms] [34;1m[rows:-][0m SELECT count(*) FROM sqlite_master WHERE type='table' AND name="models"

2025/11/05 14:33:59 [32m/Users/g/go/pkg/mod/github.com/glebarez/sqlite@v1.9.0/migrator.go:111
[0m[33m[0.028ms] [34;1m[rows:4][0m SELECT sql FROM sqlite_master WHERE type IN ("table","index") AND tbl_name = "models" AND sql IS NOT NULL order by type = "table" desc

2025/11/05 14:33:59 [32m/Users/g/go/pkg/mod/github.com/glebarez/sqlite@v1.9.0/migrator.go:119
[0m[33m[0.010ms] [34;1m[rows:-][0m SELECT * FROM `models` LIMIT 1

2025/11/05 14:33:59 [32m/Users/g/go/pkg/mod/github.com/glebarez/sqlite@v1.9.0/migrator.go:21
[0m[33m[0.005ms] [34;1m[rows:1][0m PRAGMA foreign_keys

2025/11/05 14:33:59 [32m/Users/g/go/pkg/mod/github.com/glebarez/sqlite@v1.9.0/migrator.go:370
[0m[33m[0.005ms] [34;1m[rows:-][0m SELECT sql FROM sqlite_master WHERE type = "table" AND tbl_name = "models" AND name = "models"

2025/11/05 14:33:59 [32m/Users/g/go/pkg/mod/github.com/glebarez/sqlite@v1.9.0/migrator.go:414
[0m[33m[0.164ms] [34;1m[rows:0][0m CREATE TABLE `models__temp` (`id` integer,`model_name` text NOT NULL,`description` text,`icon` varchar(128),`tags` varchar(255),`vendor_id` integer,`endpoints` text,`status` integer DEFAULT 1,`sync_official` integer DEFAULT 1,`created_time` integer,`updated_time` integer,`deleted_at` datetime,`name_rule` integer DEFAULT 0,PRIMARY KEY (`id`))

2025/11/05 14:33:59 [32m/Users/g/go/pkg/mod/github.com/glebarez/sqlite@v1.9.0/migrator.go:424
[0m[33m[0.015ms] [34;1m[rows:0][0m INSERT INTO `models__temp`(`id`,`model_name`,`description`,`icon`,`tags`,`vendor_id`,`endpoints`,`status`,`sync_official`,`created_time`,`updated_time`,`deleted_at`,`name_rule`) SELECT `id`,`model_name`,`description`,`icon`,`tags`,`vendor_id`,`endpoints`,`status`,`sync_official`,`created_time`,`updated_time`,`deleted_at`,`name_rule` FROM `models`

2025/11/05 14:33:59 [32m/Users/g/go/pkg/mod/github.com/glebarez/sqlite@v1.9.0/migrator.go:424
[0m[33m[0.090ms] [34;1m[rows:0][0m DROP TABLE `models`

2025/11/05 14:33:59 [32m/Users/g/go/pkg/mod/github.com/glebarez/sqlite@v1.9.0/migrator.go:424
[0m[33m[0.679ms] [34;1m[rows:0][0m ALTER TABLE `models__temp` RENAME TO `models`

2025/11/05 14:33:59 [32m/Users/g/go/pkg/mod/github.com/glebarez/sqlite@v1.9.0/migrator.go:313
[0m[33m[0.008ms] [34;1m[rows:-][0m SELECT count(*) FROM sqlite_master WHERE type = "index" AND tbl_name = "models" AND name = "uk_model_name_delete_at"

2025/11/05 14:33:59 [32m/Users/g/go/pkg/mod/github.com/glebarez/sqlite@v1.9.0/migrator.go:294
[0m[33m[0.256ms] [34;1m[rows:0][0m CREATE UNIQUE INDEX `uk_model_name_delete_at` ON `models`(`model_name`,`deleted_at`)

2025/11/05 14:33:59 [32m/Users/g/go/pkg/mod/github.com/glebarez/sqlite@v1.9.0/migrator.go:313
[0m[33m[0.007ms] [34;1m[rows:-][0m SELECT count(*) FROM sqlite_master WHERE type = "index" AND tbl_name = "models" AND name = "idx_models_vendor_id"

2025/11/05 14:33:59 [32m/Users/g/go/pkg/mod/github.com/glebarez/sqlite@v1.9.0/migrator.go:294
[0m[33m[0.249ms] [34;1m[rows:0][0m CREATE INDEX `idx_models_vendor_id` ON `models`(`vendor_id`)

2025/11/05 14:33:59 [32m/Users/g/go/pkg/mod/github.com/glebarez/sqlite@v1.9.0/migrator.go:313
[0m[33m[0.006ms] [34;1m[rows:-][0m SELECT count(*) FROM sqlite_master WHERE type = "index" AND tbl_name = "models" AND name = "idx_models_deleted_at"

2025/11/05 14:33:59 [32m/Users/g/go/pkg/mod/github.com/glebarez/sqlite@v1.9.0/migrator.go:294
[0m[33m[0.950ms] [34;1m[rows:0][0m CREATE INDEX `idx_models_deleted_at` ON `models`(`deleted_at`)

2025/11/05 14:33:59 [32m/Users/g/go/pkg/mod/github.com/glebarez/sqlite@v1.9.0/migrator.go:33
[0m[33m[0.005ms] [34;1m[rows:-][0m SELECT count(*) FROM sqlite_master WHERE type='table' AND name="vendors"

2025/11/05 14:33:59 [32m/Users/g/go/pkg/mod/github.com/glebarez/sqlite@v1.9.0/migrator.go:111
[0m[33m[0.032ms] [34;1m[rows:3][0m SELECT sql FROM sqlite_master WHERE type IN ("table","index") AND tbl_name = "vendors" AND sql IS NOT NULL order by type = "table" desc

2025/11/05 14:33:59 [32m/Users/g/go/pkg/mod/github.com/glebarez/sqlite@v1.9.0/migrator.go:119
[0m[33m[0.009ms] [34;1m[rows:-][0m SELECT * FROM `vendors` LIMIT 1

2025/11/05 14:33:59 [32m/Users/g/go/pkg/mod/github.com/glebarez/sqlite@v1.9.0/migrator.go:21
[0m[33m[0.005ms] [34;1m[rows:1][0m PRAGMA foreign_keys

2025/11/05 14:33:59 [32m/Users/g/go/pkg/mod/github.com/glebarez/sqlite@v1.9.0/migrator.go:370
[0m[33m[0.005ms] [34;1m[rows:-][0m SELECT sql FROM sqlite_master WHERE type = "table" AND tbl_name = "vendors" AND name = "vendors"

2025/11/05 14:33:59 [32m/Users/g/go/pkg/mod/github.com/glebarez/sqlite@v1.9.0/migrator.go:414
[0m[33m[0.110ms] [34;1m[rows:0][0m CREATE TABLE `vendors__temp` (`id` integer,`name` text NOT NULL,`description` text,`icon` varchar(128),`status` integer DEFAULT 1,`created_time` integer,`updated_time` integer,`deleted_at` datetime,PRIMARY KEY (`id`))

2025/11/05 14:33:59 [32m/Users/g/go/pkg/mod/github.com/glebarez/sqlite@v1.9.0/migrator.go:424
[0m[33m[0.022ms] [34;1m[rows:17][0m INSERT INTO `vendors__temp`(`id`,`name`,`description`,`icon`,`status`,`created_time`,`updated_time`,`deleted_at`) SELECT `id`,`name`,`description`,`icon`,`status`,`created_time`,`updated_time`,`deleted_at` FROM `vendors`

2025/11/05 14:33:59 [32m/Users/g/go/pkg/mod/github.com/glebarez/sqlite@v1.9.0/migrator.go:424
[0m[33m[0.061ms] [34;1m[rows:17][0m DROP TABLE `vendors`

2025/11/05 14:33:59 [32m/Users/g/go/pkg/mod/github.com/glebarez/sqlite@v1.9.0/migrator.go:424
[0m[33m[0.653ms] [34;1m[rows:17][0m ALTER TABLE `vendors__temp` RENAME TO `vendors`

2025/11/05 14:33:59 [32m/Users/g/go/pkg/mod/github.com/glebarez/sqlite@v1.9.0/migrator.go:313
[0m[33m[0.007ms] [34;1m[rows:-][0m SELECT count(*) FROM sqlite_master WHERE type = "index" AND tbl_name = "vendors" AND name = "uk_vendor_name_delete_at"

2025/11/05 14:33:59 [32m/Users/g/go/pkg/mod/github.com/glebarez/sqlite@v1.9.0/migrator.go:294
[0m[33m[0.236ms] [34;1m[rows:17][0m CREATE UNIQUE INDEX `uk_vendor_name_delete_at` ON `vendors`(`name`,`deleted_at`)

2025/11/05 14:33:59 [32m/Users/g/go/pkg/mod/github.com/glebarez/sqlite@v1.9.0/migrator.go:313
[0m[33m[0.006ms] [34;1m[rows:-][0m SELECT count(*) FROM sqlite_master WHERE type = "index" AND tbl_name = "vendors" AND name = "idx_vendors_deleted_at"

2025/11/05 14:33:59 [32m/Users/g/go/pkg/mod/github.com/glebarez/sqlite@v1.9.0/migrator.go:294
[0m[33m[0.240ms] [34;1m[rows:17][0m CREATE INDEX `idx_vendors_deleted_at` ON `vendors`(`deleted_at`)

2025/11/05 14:33:59 [32m/Users/g/go/pkg/mod/github.com/glebarez/sqlite@v1.9.0/migrator.go:33
[0m[33m[0.005ms] [34;1m[rows:-][0m SELECT count(*) FROM sqlite_master WHERE type='table' AND name="prefill_groups"

2025/11/05 14:33:59 [32m/Users/g/go/pkg/mod/github.com/glebarez/sqlite@v1.9.0/migrator.go:111
[0m[33m[0.029ms] [34;1m[rows:4][0m SELECT sql FROM sqlite_master WHERE type IN ("table","index") AND tbl_name = "prefill_groups" AND sql IS NOT NULL order by type = "table" desc

2025/11/05 14:33:59 [32m/Users/g/go/pkg/mod/github.com/glebarez/sqlite@v1.9.0/migrator.go:119
[0m[33m[0.013ms] [34;1m[rows:-][0m SELECT * FROM `prefill_groups` LIMIT 1

2025/11/05 14:33:59 [32m/Users/g/go/pkg/mod/github.com/glebarez/sqlite@v1.9.0/migrator.go:313
[0m[33m[0.005ms] [34;1m[rows:-][0m SELECT count(*) FROM sqlite_master WHERE type = "index" AND tbl_name = "prefill_groups" AND name = "uk_prefill_name"

2025/11/05 14:33:59 [32m/Users/g/go/pkg/mod/github.com/glebarez/sqlite@v1.9.0/migrator.go:313
[0m[33m[0.005ms] [34;1m[rows:-][0m SELECT count(*) FROM sqlite_master WHERE type = "index" AND tbl_name = "prefill_groups" AND name = "idx_prefill_groups_type"

2025/11/05 14:33:59 [32m/Users/g/go/pkg/mod/github.com/glebarez/sqlite@v1.9.0/migrator.go:313
[0m[33m[0.005ms] [34;1m[rows:-][0m SELECT count(*) FROM sqlite_master WHERE type = "index" AND tbl_name = "prefill_groups" AND name = "idx_prefill_groups_deleted_at"

2025/11/05 14:33:59 [32m/Users/g/go/pkg/mod/github.com/glebarez/sqlite@v1.9.0/migrator.go:33
[0m[33m[0.004ms] [34;1m[rows:-][0m SELECT count(*) FROM sqlite_master WHERE type='table' AND name="setups"

2025/11/05 14:33:59 [32m/Users/g/go/pkg/mod/github.com/glebarez/sqlite@v1.9.0/migrator.go:111
[0m[33m[0.024ms] [34;1m[rows:1][0m SELECT sql FROM sqlite_master WHERE type IN ("table","index") AND tbl_name = "setups" AND sql IS NOT NULL order by type = "table" desc

2025/11/05 14:33:59 [32m/Users/g/go/pkg/mod/github.com/glebarez/sqlite@v1.9.0/migrator.go:119
[0m[33m[0.005ms] [34;1m[rows:-][0m SELECT * FROM `setups` LIMIT 1

2025/11/05 14:33:59 [32m/Users/g/go/pkg/mod/github.com/glebarez/sqlite@v1.9.0/migrator.go:33
[0m[33m[0.004ms] [34;1m[rows:-][0m SELECT count(*) FROM sqlite_master WHERE type='table' AND name="two_fas"

2025/11/05 14:33:59 [32m/Users/g/go/pkg/mod/github.com/glebarez/sqlite@v1.9.0/migrator.go:111
[0m[33m[0.024ms] [34;1m[rows:3][0m SELECT sql FROM sqlite_master WHERE type IN ("table","index") AND tbl_name = "two_fas" AND sql IS NOT NULL order by type = "table" desc

2025/11/05 14:33:59 [32m/Users/g/go/pkg/mod/github.com/glebarez/sqlite@v1.9.0/migrator.go:119
[0m[33m[0.009ms] [34;1m[rows:-][0m SELECT * FROM `two_fas` LIMIT 1

2025/11/05 14:33:59 [32m/Users/g/go/pkg/mod/github.com/glebarez/sqlite@v1.9.0/migrator.go:21
[0m[33m[0.004ms] [34;1m[rows:1][0m PRAGMA foreign_keys

2025/11/05 14:33:59 [32m/Users/g/go/pkg/mod/github.com/glebarez/sqlite@v1.9.0/migrator.go:370
[0m[33m[0.005ms] [34;1m[rows:-][0m SELECT sql FROM sqlite_master WHERE type = "table" AND tbl_name = "two_fas" AND name = "two_fas"

2025/11/05 14:33:59 [32m/Users/g/go/pkg/mod/github.com/glebarez/sqlite@v1.9.0/migrator.go:414
[0m[33m[0.130ms] [34;1m[rows:17][0m CREATE TABLE `two_fas__temp` (`id` integer,`user_id` integer NOT NULL UNIQUE,`secret` varchar(255) NOT NULL,`is_enabled` numeric,`failed_attempts` integer DEFAULT 0,`locked_until` datetime,`last_used_at` datetime,`created_at` datetime,`updated_at` datetime,`deleted_at` datetime,PRIMARY KEY (`id`))

2025/11/05 14:33:59 [32m/Users/g/go/pkg/mod/github.com/glebarez/sqlite@v1.9.0/migrator.go:424
[0m[33m[0.012ms] [34;1m[rows:0][0m INSERT INTO `two_fas__temp`(`id`,`user_id`,`secret`,`is_enabled`,`failed_attempts`,`locked_until`,`last_used_at`,`created_at`,`updated_at`,`deleted_at`) SELECT `id`,`user_id`,`secret`,`is_enabled`,`failed_attempts`,`locked_until`,`last_used_at`,`created_at`,`updated_at`,`deleted_at` FROM `two_fas`

2025/11/05 14:33:59 [32m/Users/g/go/pkg/mod/github.com/glebarez/sqlite@v1.9.0/migrator.go:424
[0m[33m[0.062ms] [34;1m[rows:0][0m DROP TABLE `two_fas`

2025/11/05 14:33:59 [32m/Users/g/go/pkg/mod/github.com/glebarez/sqlite@v1.9.0/migrator.go:424
[0m[33m[0.624ms] [34;1m[rows:0][0m ALTER TABLE `two_fas__temp` RENAME TO `two_fas`

2025/11/05 14:33:59 [32m/Users/g/go/pkg/mod/github.com/glebarez/sqlite@v1.9.0/migrator.go:313
[0m[33m[0.006ms] [34;1m[rows:-][0m SELECT count(*) FROM sqlite_master WHERE type = "index" AND tbl_name = "two_fas" AND name = "idx_two_fas_user_id"

2025/11/05 14:33:59 [32m/Users/g/go/pkg/mod/github.com/glebarez/sqlite@v1.9.0/migrator.go:294
[0m[33m[1.366ms] [34;1m[rows:0][0m CREATE INDEX `idx_two_fas_user_id` ON `two_fas`(`user_id`)

2025/11/05 14:33:59 [32m/Users/g/go/pkg/mod/github.com/glebarez/sqlite@v1.9.0/migrator.go:313
[0m[33m[0.007ms] [34;1m[rows:-][0m SELECT count(*) FROM sqlite_master WHERE type = "index" AND tbl_name = "two_fas" AND name = "idx_two_fas_deleted_at"

2025/11/05 14:33:59 [32m/Users/g/go/pkg/mod/github.com/glebarez/sqlite@v1.9.0/migrator.go:294
[0m[33m[0.229ms] [34;1m[rows:0][0m CREATE INDEX `idx_two_fas_deleted_at` ON `two_fas`(`deleted_at`)

2025/11/05 14:33:59 [32m/Users/g/go/pkg/mod/github.com/glebarez/sqlite@v1.9.0/migrator.go:33
[0m[33m[0.005ms] [34;1m[rows:-][0m SELECT count(*) FROM sqlite_master WHERE type='table' AND name="two_fa_backup_codes"

2025/11/05 14:33:59 [32m/Users/g/go/pkg/mod/github.com/glebarez/sqlite@v1.9.0/migrator.go:111
[0m[33m[0.026ms] [34;1m[rows:3][0m SELECT sql FROM sqlite_master WHERE type IN ("table","index") AND tbl_name = "two_fa_backup_codes" AND sql IS NOT NULL order by type = "table" desc

2025/11/05 14:33:59 [32m/Users/g/go/pkg/mod/github.com/glebarez/sqlite@v1.9.0/migrator.go:119
[0m[33m[0.007ms] [34;1m[rows:-][0m SELECT * FROM `two_fa_backup_codes` LIMIT 1

2025/11/05 14:33:59 [32m/Users/g/go/pkg/mod/github.com/glebarez/sqlite@v1.9.0/migrator.go:313
[0m[33m[0.005ms] [34;1m[rows:-][0m SELECT count(*) FROM sqlite_master WHERE type = "index" AND tbl_name = "two_fa_backup_codes" AND name = "idx_two_fa_backup_codes_deleted_at"

2025/11/05 14:33:59 [32m/Users/g/go/pkg/mod/github.com/glebarez/sqlite@v1.9.0/migrator.go:313
[0m[33m[0.005ms] [34;1m[rows:-][0m SELECT count(*) FROM sqlite_master WHERE type = "index" AND tbl_name = "two_fa_backup_codes" AND name = "idx_two_fa_backup_codes_user_id"

2025/11/05 14:33:59 [32m/Users/g/Desktop/工作/统一API网关/new-api/model/setup.go:11
[0m[33m[0.048ms] [34;1m[rows:1][0m SELECT * FROM `setups` ORDER BY `setups`.`id` LIMIT 1
[SYS] 2025/11/05 - 14:33:59 | system is already initialized at: 2025-09-23 14:26:35 +0800 CST 

2025/11/05 14:33:59 [32m/Users/g/Desktop/工作/统一API网关/new-api/model/option.go:25
[0m[33m[0.040ms] [34;1m[rows:5][0m SELECT * FROM `options`

2025/11/05 14:33:59 [32m/Users/g/Desktop/工作/统一API网关/new-api/model/ability.go:38
[0m[33m[1.819ms] [34;1m[rows:786][0m SELECT abilities.*, channels.type as channel_type FROM `abilities` left join channels on abilities.channel_id = channels.id WHERE abilities.enabled = true

2025/11/05 14:33:59 [32m/Users/g/Desktop/工作/统一API网关/new-api/model/pricing.go:100
[0m[33m[0.033ms] [34;1m[rows:0][0m SELECT * FROM `models` WHERE `models`.`deleted_at` IS NULL

2025/11/05 14:33:59 [32m/Users/g/Desktop/工作/统一API网关/new-api/model/pricing.go:152
[0m[33m[0.047ms] [34;1m[rows:17][0m SELECT * FROM `vendors` WHERE `vendors`.`deleted_at` IS NULL
[SYS] 2025/11/05 - 14:33:59 | REDIS_CONN_STRING not set, Redis is not enabled 
[SYS] 2025/11/05 - 14:33:59 | New API v0.0.0 started 
[SYS] 2025/11/05 - 14:33:59 | running in debug mode 
[SYS] 2025/11/05 - 14:33:59 | 正在更新数据看板数据... 
[SYS] 2025/11/05 - 14:33:59 | 保存数据看板数据成功，共保存0条数据 
[SYS] 2025/11/05 - 14:34:14 | 任务进度轮询开始 

2025/11/05 14:34:14 [32m/Users/g/Desktop/工作/统一API网关/new-api/model/midjourney.go:97
[0m[33m[1.341ms] [34;1m[rows:0][0m SELECT * FROM `midjourneys` WHERE progress != "100%"

2025/11/05 14:34:14 [32m/Users/g/Desktop/工作/统一API网关/new-api/model/task.go:178
[0m[33m[2.758ms] [34;1m[rows:0][0m SELECT * FROM `tasks` WHERE progress != "100%" ORDER BY id LIMIT 500
[SYS] 2025/11/05 - 14:34:14 | 任务进度轮询完成 

2025/11/05 14:34:29 [32m/Users/g/Desktop/工作/统一API网关/new-api/model/midjourney.go:97
[0m[33m[0.271ms] [34;1m[rows:0][0m SELECT * FROM `midjourneys` WHERE progress != "100%"
[SYS] 2025/11/05 - 14:34:29 | 任务进度轮询开始 

2025/11/05 14:34:29 [32m/Users/g/Desktop/工作/统一API网关/new-api/model/task.go:178
[0m[33m[0.129ms] [34;1m[rows:0][0m SELECT * FROM `tasks` WHERE progress != "100%" ORDER BY id LIMIT 500
[SYS] 2025/11/05 - 14:34:29 | 任务进度轮询完成 
[SYS] 2025/11/05 - 14:34:44 | 任务进度轮询开始 

2025/11/05 14:34:44 [32m/Users/g/Desktop/工作/统一API网关/new-api/model/midjourney.go:97
[0m[33m[0.427ms] [34;1m[rows:0][0m SELECT * FROM `midjourneys` WHERE progress != "100%"

2025/11/05 14:34:44 [32m/Users/g/Desktop/工作/统一API网关/new-api/model/task.go:178
[0m[33m[0.393ms] [34;1m[rows:0][0m SELECT * FROM `tasks` WHERE progress != "100%" ORDER BY id LIMIT 500
[SYS] 2025/11/05 - 14:34:44 | 任务进度轮询完成 
[SYS] 2025/11/05 - 14:34:59 | syncing options from database 

2025/11/05 14:34:59 [32m/Users/g/Desktop/工作/统一API网关/new-api/model/option.go:25
[0m[33m[0.412ms] [34;1m[rows:5][0m SELECT * FROM `options`
[SYS] 2025/11/05 - 14:34:59 | 任务进度轮询开始 

2025/11/05 14:34:59 [32m/Users/g/Desktop/工作/统一API网关/new-api/model/midjourney.go:97
[0m[33m[0.202ms] [34;1m[rows:0][0m SELECT * FROM `midjourneys` WHERE progress != "100%"

2025/11/05 14:34:59 [32m/Users/g/Desktop/工作/统一API网关/new-api/model/task.go:178
[0m[33m[1.157ms] [34;1m[rows:0][0m SELECT * FROM `tasks` WHERE progress != "100%" ORDER BY id LIMIT 500
[SYS] 2025/11/05 - 14:34:59 | 任务进度轮询完成 

2025/11/05 14:35:14 [32m/Users/g/Desktop/工作/统一API网关/new-api/model/midjourney.go:97
[0m[33m[0.578ms] [34;1m[rows:0][0m SELECT * FROM `midjourneys` WHERE progress != "100%"
[SYS] 2025/11/05 - 14:35:14 | 任务进度轮询开始 

2025/11/05 14:35:14 [32m/Users/g/Desktop/工作/统一API网关/new-api/model/task.go:178
[0m[33m[0.120ms] [34;1m[rows:0][0m SELECT * FROM `tasks` WHERE progress != "100%" ORDER BY id LIMIT 500
[SYS] 2025/11/05 - 14:35:14 | 任务进度轮询完成 
[SYS] 2025/11/05 - 14:35:29 | 任务进度轮询开始 

2025/11/05 14:35:29 [32m/Users/g/Desktop/工作/统一API网关/new-api/model/midjourney.go:97
[0m[33m[0.514ms] [34;1m[rows:0][0m SELECT * FROM `midjourneys` WHERE progress != "100%"

2025/11/05 14:35:29 [32m/Users/g/Desktop/工作/统一API网关/new-api/model/task.go:178
[0m[33m[1.860ms] [34;1m[rows:0][0m SELECT * FROM `tasks` WHERE progress != "100%" ORDER BY id LIMIT 500
[SYS] 2025/11/05 - 14:35:29 | 任务进度轮询完成 
[SYS] 2025/11/05 - 14:35:44 | 任务进度轮询开始 

2025/11/05 14:35:44 [32m/Users/g/Desktop/工作/统一API网关/new-api/model/task.go:178
[0m[33m[0.352ms] [34;1m[rows:0][0m SELECT * FROM `tasks` WHERE progress != "100%" ORDER BY id LIMIT 500
[SYS] 2025/11/05 - 14:35:44 | 任务进度轮询完成 

2025/11/05 14:35:44 [32m/Users/g/Desktop/工作/统一API网关/new-api/model/midjourney.go:97
[0m[33m[0.792ms] [34;1m[rows:0][0m SELECT * FROM `midjourneys` WHERE progress != "100%"
[SYS] 2025/11/05 - 14:35:59 | syncing options from database 

2025/11/05 14:35:59 [32m/Users/g/Desktop/工作/统一API网关/new-api/model/option.go:25
[0m[33m[0.477ms] [34;1m[rows:5][0m SELECT * FROM `options`
[SYS] 2025/11/05 - 14:35:59 | 任务进度轮询开始 

2025/11/05 14:35:59 [32m/Users/g/Desktop/工作/统一API网关/new-api/model/midjourney.go:97
[0m[33m[0.305ms] [34;1m[rows:0][0m SELECT * FROM `midjourneys` WHERE progress != "100%"

2025/11/05 14:35:59 [32m/Users/g/Desktop/工作/统一API网关/new-api/model/task.go:178
[0m[33m[1.357ms] [34;1m[rows:0][0m SELECT * FROM `tasks` WHERE progress != "100%" ORDER BY id LIMIT 500
[SYS] 2025/11/05 - 14:35:59 | 任务进度轮询完成 
[SYS] 2025/11/05 - 14:36:14 | 任务进度轮询开始 

2025/11/05 14:36:14 [32m/Users/g/Desktop/工作/统一API网关/new-api/model/midjourney.go:97
[0m[33m[0.433ms] [34;1m[rows:0][0m SELECT * FROM `midjourneys` WHERE progress != "100%"

2025/11/05 14:36:14 [32m/Users/g/Desktop/工作/统一API网关/new-api/model/task.go:178
[0m[33m[0.213ms] [34;1m[rows:0][0m SELECT * FROM `tasks` WHERE progress != "100%" ORDER BY id LIMIT 500
[SYS] 2025/11/05 - 14:36:14 | 任务进度轮询完成 
[SYS] 2025/11/05 - 14:36:29 | 任务进度轮询开始 

2025/11/05 14:36:29 [32m/Users/g/Desktop/工作/统一API网关/new-api/model/midjourney.go:97
[0m[33m[0.185ms] [34;1m[rows:0][0m SELECT * FROM `midjourneys` WHERE progress != "100%"

2025/11/05 14:36:29 [32m/Users/g/Desktop/工作/统一API网关/new-api/model/task.go:178
[0m[33m[2.188ms] [34;1m[rows:0][0m SELECT * FROM `tasks` WHERE progress != "100%" ORDER BY id LIMIT 500
[SYS] 2025/11/05 - 14:36:29 | 任务进度轮询完成 
[SYS] 2025/11/05 - 14:36:44 | 任务进度轮询开始 

2025/11/05 14:36:44 [32m/Users/g/Desktop/工作/统一API网关/new-api/model/midjourney.go:97
[0m[33m[0.669ms] [34;1m[rows:0][0m SELECT * FROM `midjourneys` WHERE progress != "100%"

2025/11/05 14:36:44 [32m/Users/g/Desktop/工作/统一API网关/new-api/model/task.go:178
[0m[33m[0.162ms] [34;1m[rows:0][0m SELECT * FROM `tasks` WHERE progress != "100%" ORDER BY id LIMIT 500
[SYS] 2025/11/05 - 14:36:44 | 任务进度轮询完成 
[SYS] 2025/11/05 - 14:36:59 | syncing options from database 

2025/11/05 14:36:59 [32m/Users/g/Desktop/工作/统一API网关/new-api/model/option.go:25
[0m[33m[0.429ms] [34;1m[rows:5][0m SELECT * FROM `options`
[SYS] 2025/11/05 - 14:36:59 | 任务进度轮询开始 

2025/11/05 14:36:59 [32m/Users/g/Desktop/工作/统一API网关/new-api/model/midjourney.go:97
[0m[33m[0.174ms] [34;1m[rows:0][0m SELECT * FROM `midjourneys` WHERE progress != "100%"

2025/11/05 14:36:59 [32m/Users/g/Desktop/工作/统一API网关/new-api/model/task.go:178
[0m[33m[0.923ms] [34;1m[rows:0][0m SELECT * FROM `tasks` WHERE progress != "100%" ORDER BY id LIMIT 500
[SYS] 2025/11/05 - 14:36:59 | 任务进度轮询完成 
[SYS] 2025/11/05 - 14:37:14 | 任务进度轮询开始 

2025/11/05 14:37:14 [32m/Users/g/Desktop/工作/统一API网关/new-api/model/midjourney.go:97
[0m[33m[0.501ms] [34;1m[rows:0][0m SELECT * FROM `midjourneys` WHERE progress != "100%"

2025/11/05 14:37:14 [32m/Users/g/Desktop/工作/统一API网关/new-api/model/task.go:178
[0m[33m[0.138ms] [34;1m[rows:0][0m SELECT * FROM `tasks` WHERE progress != "100%" ORDER BY id LIMIT 500
[SYS] 2025/11/05 - 14:37:14 | 任务进度轮询完成 
[SYS] 2025/11/05 - 14:37:29 | 任务进度轮询开始 

2025/11/05 14:37:29 [32m/Users/g/Desktop/工作/统一API网关/new-api/model/midjourney.go:97
[0m[33m[0.272ms] [34;1m[rows:0][0m SELECT * FROM `midjourneys` WHERE progress != "100%"

2025/11/05 14:37:29 [32m/Users/g/Desktop/工作/统一API网关/new-api/model/task.go:178
[0m[33m[2.333ms] [34;1m[rows:0][0m SELECT * FROM `tasks` WHERE progress != "100%" ORDER BY id LIMIT 500
[SYS] 2025/11/05 - 14:37:29 | 任务进度轮询完成 
[SYS] 2025/11/05 - 14:37:44 | 任务进度轮询开始 

2025/11/05 14:37:44 [32m/Users/g/Desktop/工作/统一API网关/new-api/model/task.go:178
[0m[33m[0.141ms] [34;1m[rows:0][0m SELECT * FROM `tasks` WHERE progress != "100%" ORDER BY id LIMIT 500
[SYS] 2025/11/05 - 14:37:44 | 任务进度轮询完成 

2025/11/05 14:37:44 [32m/Users/g/Desktop/工作/统一API网关/new-api/model/midjourney.go:97
[0m[33m[0.796ms] [34;1m[rows:0][0m SELECT * FROM `midjourneys` WHERE progress != "100%"
[SYS] 2025/11/05 - 14:37:59 | syncing options from database 

2025/11/05 14:37:59 [32m/Users/g/Desktop/工作/统一API网关/new-api/model/option.go:25
[0m[33m[1.159ms] [34;1m[rows:5][0m SELECT * FROM `options`
[SYS] 2025/11/05 - 14:38:00 | 任务进度轮询开始 

2025/11/05 14:38:00 [32m/Users/g/Desktop/工作/统一API网关/new-api/model/midjourney.go:97
[0m[33m[0.245ms] [34;1m[rows:0][0m SELECT * FROM `midjourneys` WHERE progress != "100%"

2025/11/05 14:38:00 [32m/Users/g/Desktop/工作/统一API网关/new-api/model/task.go:178
[0m[33m[1.467ms] [34;1m[rows:0][0m SELECT * FROM `tasks` WHERE progress != "100%" ORDER BY id LIMIT 500
[SYS] 2025/11/05 - 14:38:00 | 任务进度轮询完成 
[SYS] 2025/11/05 - 14:38:15 | 任务进度轮询开始 

2025/11/05 14:38:15 [32m/Users/g/Desktop/工作/统一API网关/new-api/model/task.go:178
[0m[33m[0.372ms] [34;1m[rows:0][0m SELECT * FROM `tasks` WHERE progress != "100%" ORDER BY id LIMIT 500
[SYS] 2025/11/05 - 14:38:15 | 任务进度轮询完成 

2025/11/05 14:38:15 [32m/Users/g/Desktop/工作/统一API网关/new-api/model/midjourney.go:97
[0m[33m[1.302ms] [34;1m[rows:0][0m SELECT * FROM `midjourneys` WHERE progress != "100%"
[SYS] 2025/11/05 - 14:38:30 | 任务进度轮询开始 

2025/11/05 14:38:30 [32m/Users/g/Desktop/工作/统一API网关/new-api/model/midjourney.go:97
[0m[33m[0.281ms] [34;1m[rows:0][0m SELECT * FROM `midjourneys` WHERE progress != "100%"

2025/11/05 14:38:30 [32m/Users/g/Desktop/工作/统一API网关/new-api/model/task.go:178
[0m[33m[1.093ms] [34;1m[rows:0][0m SELECT * FROM `tasks` WHERE progress != "100%" ORDER BY id LIMIT 500
[SYS] 2025/11/05 - 14:38:30 | 任务进度轮询完成 
[SYS] 2025/11/05 - 14:38:45 | 任务进度轮询开始 

2025/11/05 14:38:45 [32m/Users/g/Desktop/工作/统一API网关/new-api/model/midjourney.go:97
[0m[33m[0.885ms] [34;1m[rows:0][0m SELECT * FROM `midjourneys` WHERE progress != "100%"

2025/11/05 14:38:45 [32m/Users/g/Desktop/工作/统一API网关/new-api/model/task.go:178
[0m[33m[0.371ms] [34;1m[rows:0][0m SELECT * FROM `tasks` WHERE progress != "100%" ORDER BY id LIMIT 500
[SYS] 2025/11/05 - 14:38:45 | 任务进度轮询完成 
[SYS] 2025/11/05 - 14:38:59 | 正在更新数据看板数据... 
[SYS] 2025/11/05 - 14:38:59 | 保存数据看板数据成功，共保存0条数据 
[SYS] 2025/11/05 - 14:38:59 | syncing options from database 

2025/11/05 14:38:59 [32m/Users/g/Desktop/工作/统一API网关/new-api/model/option.go:25
[0m[33m[0.394ms] [34;1m[rows:5][0m SELECT * FROM `options`
[SYS] 2025/11/05 - 14:39:00 | 任务进度轮询开始 

2025/11/05 14:39:00 [32m/Users/g/Desktop/工作/统一API网关/new-api/model/midjourney.go:97
[0m[33m[0.181ms] [34;1m[rows:0][0m SELECT * FROM `midjourneys` WHERE progress != "100%"

2025/11/05 14:39:00 [32m/Users/g/Desktop/工作/统一API网关/new-api/model/task.go:178
[0m[33m[2.236ms] [34;1m[rows:0][0m SELECT * FROM `tasks` WHERE progress != "100%" ORDER BY id LIMIT 500
[SYS] 2025/11/05 - 14:39:00 | 任务进度轮询完成 
[SYS] 2025/11/05 - 14:39:15 | 任务进度轮询开始 

2025/11/05 14:39:15 [32m/Users/g/Desktop/工作/统一API网关/new-api/model/task.go:178
[0m[33m[0.283ms] [34;1m[rows:0][0m SELECT * FROM `tasks` WHERE progress != "100%" ORDER BY id LIMIT 500
[SYS] 2025/11/05 - 14:39:15 | 任务进度轮询完成 

2025/11/05 14:39:15 [32m/Users/g/Desktop/工作/统一API网关/new-api/model/midjourney.go:97
[0m[33m[0.417ms] [34;1m[rows:0][0m SELECT * FROM `midjourneys` WHERE progress != "100%"
[SYS] 2025/11/05 - 14:39:30 | 任务进度轮询开始 

2025/11/05 14:39:30 [32m/Users/g/Desktop/工作/统一API网关/new-api/model/midjourney.go:97
[0m[33m[0.295ms] [34;1m[rows:0][0m SELECT * FROM `midjourneys` WHERE progress != "100%"

2025/11/05 14:39:30 [32m/Users/g/Desktop/工作/统一API网关/new-api/model/task.go:178
[0m[33m[1.046ms] [34;1m[rows:0][0m SELECT * FROM `tasks` WHERE progress != "100%" ORDER BY id LIMIT 500
[SYS] 2025/11/05 - 14:39:30 | 任务进度轮询完成 
[SYS] 2025/11/05 - 14:39:45 | 任务进度轮询开始 

2025/11/05 14:39:45 [32m/Users/g/Desktop/工作/统一API网关/new-api/model/task.go:178
[0m[33m[0.242ms] [34;1m[rows:0][0m SELECT * FROM `tasks` WHERE progress != "100%" ORDER BY id LIMIT 500
[SYS] 2025/11/05 - 14:39:45 | 任务进度轮询完成 

2025/11/05 14:39:45 [32m/Users/g/Desktop/工作/统一API网关/new-api/model/midjourney.go:97
[0m[33m[0.300ms] [34;1m[rows:0][0m SELECT * FROM `midjourneys` WHERE progress != "100%"
[SYS] 2025/11/05 - 14:39:59 | syncing options from database 

2025/11/05 14:39:59 [32m/Users/g/Desktop/工作/统一API网关/new-api/model/option.go:25
[0m[33m[0.245ms] [34;1m[rows:5][0m SELECT * FROM `options`
[SYS] 2025/11/05 - 14:40:00 | 任务进度轮询开始 

2025/11/05 14:40:00 [32m/Users/g/Desktop/工作/统一API网关/new-api/model/midjourney.go:97
[0m[33m[0.367ms] [34;1m[rows:0][0m SELECT * FROM `midjourneys` WHERE progress != "100%"

2025/11/05 14:40:00 [32m/Users/g/Desktop/工作/统一API网关/new-api/model/task.go:178
[0m[33m[1.142ms] [34;1m[rows:0][0m SELECT * FROM `tasks` WHERE progress != "100%" ORDER BY id LIMIT 500
[SYS] 2025/11/05 - 14:40:00 | 任务进度轮询完成 
[SYS] 2025/11/05 - 14:40:15 | 任务进度轮询开始 

2025/11/05 14:40:15 [32m/Users/g/Desktop/工作/统一API网关/new-api/model/midjourney.go:97
[0m[33m[0.441ms] [34;1m[rows:0][0m SELECT * FROM `midjourneys` WHERE progress != "100%"

2025/11/05 14:40:15 [32m/Users/g/Desktop/工作/统一API网关/new-api/model/task.go:178
[0m[33m[0.309ms] [34;1m[rows:0][0m SELECT * FROM `tasks` WHERE progress != "100%" ORDER BY id LIMIT 500
[SYS] 2025/11/05 - 14:40:15 | 任务进度轮询完成 
[SYS] 2025/11/05 - 14:40:30 | 任务进度轮询开始 

2025/11/05 14:40:30 [32m/Users/g/Desktop/工作/统一API网关/new-api/model/midjourney.go:97
[0m[33m[0.437ms] [34;1m[rows:0][0m SELECT * FROM `midjourneys` WHERE progress != "100%"

2025/11/05 14:40:30 [32m/Users/g/Desktop/工作/统一API网关/new-api/model/task.go:178
[0m[33m[1.223ms] [34;1m[rows:0][0m SELECT * FROM `tasks` WHERE progress != "100%" ORDER BY id LIMIT 500
[SYS] 2025/11/05 - 14:40:30 | 任务进度轮询完成 
[SYS] 2025/11/05 - 14:40:45 | 任务进度轮询开始 

2025/11/05 14:40:45 [32m/Users/g/Desktop/工作/统一API网关/new-api/model/midjourney.go:97
[0m[33m[0.849ms] [34;1m[rows:0][0m SELECT * FROM `midjourneys` WHERE progress != "100%"

2025/11/05 14:40:45 [32m/Users/g/Desktop/工作/统一API网关/new-api/model/task.go:178
[0m[33m[0.111ms] [34;1m[rows:0][0m SELECT * FROM `tasks` WHERE progress != "100%" ORDER BY id LIMIT 500
[SYS] 2025/11/05 - 14:40:45 | 任务进度轮询完成 
[SYS] 2025/11/05 - 14:40:59 | syncing options from database 

2025/11/05 14:40:59 [32m/Users/g/Desktop/工作/统一API网关/new-api/model/option.go:25
[0m[33m[0.281ms] [34;1m[rows:5][0m SELECT * FROM `options`
[SYS] 2025/11/05 - 14:41:00 | 任务进度轮询开始 

2025/11/05 14:41:00 [32m/Users/g/Desktop/工作/统一API网关/new-api/model/midjourney.go:97
[0m[33m[0.371ms] [34;1m[rows:0][0m SELECT * FROM `midjourneys` WHERE progress != "100%"

2025/11/05 14:41:00 [32m/Users/g/Desktop/工作/统一API网关/new-api/model/task.go:178
[0m[33m[1.943ms] [34;1m[rows:0][0m SELECT * FROM `tasks` WHERE progress != "100%" ORDER BY id LIMIT 500
[SYS] 2025/11/05 - 14:41:00 | 任务进度轮询完成 
[SYS] 2025/11/05 - 14:41:15 | 任务进度轮询开始 

2025/11/05 14:41:15 [32m/Users/g/Desktop/工作/统一API网关/new-api/model/task.go:178
[0m[33m[0.230ms] [34;1m[rows:0][0m SELECT * FROM `tasks` WHERE progress != "100%" ORDER BY id LIMIT 500
[SYS] 2025/11/05 - 14:41:15 | 任务进度轮询完成 

2025/11/05 14:41:15 [32m/Users/g/Desktop/工作/统一API网关/new-api/model/midjourney.go:97
[0m[33m[0.983ms] [34;1m[rows:0][0m SELECT * FROM `midjourneys` WHERE progress != "100%"
[SYS] 2025/11/05 - 14:41:30 | 任务进度轮询开始 

2025/11/05 14:41:30 [32m/Users/g/Desktop/工作/统一API网关/new-api/model/midjourney.go:97
[0m[33m[0.197ms] [34;1m[rows:0][0m SELECT * FROM `midjourneys` WHERE progress != "100%"

2025/11/05 14:41:30 [32m/Users/g/Desktop/工作/统一API网关/new-api/model/task.go:178
[0m[33m[0.162ms] [34;1m[rows:0][0m SELECT * FROM `tasks` WHERE progress != "100%" ORDER BY id LIMIT 500
[SYS] 2025/11/05 - 14:41:30 | 任务进度轮询完成 
[SYS] 2025/11/05 - 14:41:45 | 任务进度轮询开始 

2025/11/05 14:41:45 [32m/Users/g/Desktop/工作/统一API网关/new-api/model/midjourney.go:97
[0m[33m[0.372ms] [34;1m[rows:0][0m SELECT * FROM `midjourneys` WHERE progress != "100%"

2025/11/05 14:41:45 [32m/Users/g/Desktop/工作/统一API网关/new-api/model/task.go:178
[0m[33m[2.579ms] [34;1m[rows:0][0m SELECT * FROM `tasks` WHERE progress != "100%" ORDER BY id LIMIT 500
[SYS] 2025/11/05 - 14:41:45 | 任务进度轮询完成 
[SYS] 2025/11/05 - 14:41:59 | syncing options from database 

2025/11/05 14:41:59 [32m/Users/g/Desktop/工作/统一API网关/new-api/model/option.go:25
[0m[33m[0.394ms] [34;1m[rows:5][0m SELECT * FROM `options`

2025/11/05 14:42:00 [32m/Users/g/Desktop/工作/统一API网关/new-api/model/midjourney.go:97
[0m[33m[0.728ms] [34;1m[rows:0][0m SELECT * FROM `midjourneys` WHERE progress != "100%"
[SYS] 2025/11/05 - 14:42:00 | 任务进度轮询开始 

2025/11/05 14:42:00 [32m/Users/g/Desktop/工作/统一API网关/new-api/model/task.go:178
[0m[33m[0.148ms] [34;1m[rows:0][0m SELECT * FROM `tasks` WHERE progress != "100%" ORDER BY id LIMIT 500
[SYS] 2025/11/05 - 14:42:00 | 任务进度轮询完成 
[SYS] 2025/11/05 - 14:42:15 | 任务进度轮询开始 

2025/11/05 14:42:15 [32m/Users/g/Desktop/工作/统一API网关/new-api/model/midjourney.go:97
[0m[33m[0.366ms] [34;1m[rows:0][0m SELECT * FROM `midjourneys` WHERE progress != "100%"

2025/11/05 14:42:15 [32m/Users/g/Desktop/工作/统一API网关/new-api/model/task.go:178
[0m[33m[1.327ms] [34;1m[rows:0][0m SELECT * FROM `tasks` WHERE progress != "100%" ORDER BY id LIMIT 500
[SYS] 2025/11/05 - 14:42:15 | 任务进度轮询完成 
[SYS] 2025/11/05 - 14:42:30 | 任务进度轮询开始 

2025/11/05 14:42:30 [32m/Users/g/Desktop/工作/统一API网关/new-api/model/midjourney.go:97
[0m[33m[0.438ms] [34;1m[rows:0][0m SELECT * FROM `midjourneys` WHERE progress != "100%"

2025/11/05 14:42:30 [32m/Users/g/Desktop/工作/统一API网关/new-api/model/task.go:178
[0m[33m[0.301ms] [34;1m[rows:0][0m SELECT * FROM `tasks` WHERE progress != "100%" ORDER BY id LIMIT 500
[SYS] 2025/11/05 - 14:42:30 | 任务进度轮询完成 
[SYS] 2025/11/05 - 14:42:45 | 任务进度轮询开始 

2025/11/05 14:42:45 [32m/Users/g/Desktop/工作/统一API网关/new-api/model/midjourney.go:97
[0m[33m[0.200ms] [34;1m[rows:0][0m SELECT * FROM `midjourneys` WHERE progress != "100%"

2025/11/05 14:42:45 [32m/Users/g/Desktop/工作/统一API网关/new-api/model/task.go:178
[0m[33m[0.873ms] [34;1m[rows:0][0m SELECT * FROM `tasks` WHERE progress != "100%" ORDER BY id LIMIT 500
[SYS] 2025/11/05 - 14:42:45 | 任务进度轮询完成 
[SYS] 2025/11/05 - 14:42:59 | syncing options from database 

2025/11/05 14:42:59 [32m/Users/g/Desktop/工作/统一API网关/new-api/model/option.go:25
[0m[33m[0.413ms] [34;1m[rows:5][0m SELECT * FROM `options`
[SYS] 2025/11/05 - 14:43:00 | 任务进度轮询开始 

2025/11/05 14:43:00 [32m/Users/g/Desktop/工作/统一API网关/new-api/model/task.go:178
[0m[33m[0.246ms] [34;1m[rows:0][0m SELECT * FROM `tasks` WHERE progress != "100%" ORDER BY id LIMIT 500
[SYS] 2025/11/05 - 14:43:00 | 任务进度轮询完成 

2025/11/05 14:43:00 [32m/Users/g/Desktop/工作/统一API网关/new-api/model/midjourney.go:97
[0m[33m[0.327ms] [34;1m[rows:0][0m SELECT * FROM `midjourneys` WHERE progress != "100%"
[SYS] 2025/11/05 - 14:43:15 | 任务进度轮询开始 

2025/11/05 14:43:15 [32m/Users/g/Desktop/工作/统一API网关/new-api/model/midjourney.go:97
[0m[33m[0.314ms] [34;1m[rows:0][0m SELECT * FROM `midjourneys` WHERE progress != "100%"

2025/11/05 14:43:15 [32m/Users/g/Desktop/工作/统一API网关/new-api/model/task.go:178
[0m[33m[0.137ms] [34;1m[rows:0][0m SELECT * FROM `tasks` WHERE progress != "100%" ORDER BY id LIMIT 500
[SYS] 2025/11/05 - 14:43:15 | 任务进度轮询完成 
[SYS] 2025/11/05 - 14:43:30 | 任务进度轮询开始 

2025/11/05 14:43:30 [32m/Users/g/Desktop/工作/统一API网关/new-api/model/midjourney.go:97
[0m[33m[0.382ms] [34;1m[rows:0][0m SELECT * FROM `midjourneys` WHERE progress != "100%"

2025/11/05 14:43:30 [32m/Users/g/Desktop/工作/统一API网关/new-api/model/task.go:178
[0m[33m[2.476ms] [34;1m[rows:0][0m SELECT * FROM `tasks` WHERE progress != "100%" ORDER BY id LIMIT 500
[SYS] 2025/11/05 - 14:43:30 | 任务进度轮询完成 

2025/11/05 14:43:45 [32m/Users/g/Desktop/工作/统一API网关/new-api/model/midjourney.go:97
[0m[33m[1.209ms] [34;1m[rows:0][0m SELECT * FROM `midjourneys` WHERE progress != "100%"
[SYS] 2025/11/05 - 14:43:45 | 任务进度轮询开始 

2025/11/05 14:43:45 [32m/Users/g/Desktop/工作/统一API网关/new-api/model/task.go:178
[0m[33m[0.216ms] [34;1m[rows:0][0m SELECT * FROM `tasks` WHERE progress != "100%" ORDER BY id LIMIT 500
[SYS] 2025/11/05 - 14:43:45 | 任务进度轮询完成 
[SYS] 2025/11/05 - 14:43:59 | 正在更新数据看板数据... 
[SYS] 2025/11/05 - 14:43:59 | 保存数据看板数据成功，共保存0条数据 
[SYS] 2025/11/05 - 14:43:59 | syncing options from database 

2025/11/05 14:43:59 [32m/Users/g/Desktop/工作/统一API网关/new-api/model/option.go:25
[0m[33m[0.385ms] [34;1m[rows:5][0m SELECT * FROM `options`
[SYS] 2025/11/05 - 14:44:00 | 任务进度轮询开始 

2025/11/05 14:44:00 [32m/Users/g/Desktop/工作/统一API网关/new-api/model/midjourney.go:97
[0m[33m[0.441ms] [34;1m[rows:0][0m SELECT * FROM `midjourneys` WHERE progress != "100%"

2025/11/05 14:44:00 [32m/Users/g/Desktop/工作/统一API网关/new-api/model/task.go:178
[0m[33m[1.169ms] [34;1m[rows:0][0m SELECT * FROM `tasks` WHERE progress != "100%" ORDER BY id LIMIT 500
[SYS] 2025/11/05 - 14:44:00 | 任务进度轮询完成 
[SYS] 2025/11/05 - 14:44:15 | 任务进度轮询开始 

2025/11/05 14:44:15 [32m/Users/g/Desktop/工作/统一API网关/new-api/model/midjourney.go:97
[0m[33m[0.894ms] [34;1m[rows:0][0m SELECT * FROM `midjourneys` WHERE progress != "100%"

2025/11/05 14:44:15 [32m/Users/g/Desktop/工作/统一API网关/new-api/model/task.go:178
[0m[33m[0.161ms] [34;1m[rows:0][0m SELECT * FROM `tasks` WHERE progress != "100%" ORDER BY id LIMIT 500
[SYS] 2025/11/05 - 14:44:15 | 任务进度轮询完成 
[SYS] 2025/11/05 - 14:44:30 | 任务进度轮询开始 

2025/11/05 14:44:30 [32m/Users/g/Desktop/工作/统一API网关/new-api/model/midjourney.go:97
[0m[33m[0.195ms] [34;1m[rows:0][0m SELECT * FROM `midjourneys` WHERE progress != "100%"

2025/11/05 14:44:30 [32m/Users/g/Desktop/工作/统一API网关/new-api/model/task.go:178
[0m[33m[2.453ms] [34;1m[rows:0][0m SELECT * FROM `tasks` WHERE progress != "100%" ORDER BY id LIMIT 500
[SYS] 2025/11/05 - 14:44:30 | 任务进度轮询完成 
[SYS] 2025/11/05 - 14:44:45 | 任务进度轮询开始 

2025/11/05 14:44:45 [32m/Users/g/Desktop/工作/统一API网关/new-api/model/midjourney.go:97
[0m[33m[0.420ms] [34;1m[rows:0][0m SELECT * FROM `midjourneys` WHERE progress != "100%"

2025/11/05 14:44:45 [32m/Users/g/Desktop/工作/统一API网关/new-api/model/task.go:178
[0m[33m[0.150ms] [34;1m[rows:0][0m SELECT * FROM `tasks` WHERE progress != "100%" ORDER BY id LIMIT 500
[SYS] 2025/11/05 - 14:44:45 | 任务进度轮询完成 
[SYS] 2025/11/05 - 14:45:00 | syncing options from database 

2025/11/05 14:45:00 [32m/Users/g/Desktop/工作/统一API网关/new-api/model/option.go:25
[0m[33m[0.369ms] [34;1m[rows:5][0m SELECT * FROM `options`
[SYS] 2025/11/05 - 14:45:00 | 任务进度轮询开始 

2025/11/05 14:45:00 [32m/Users/g/Desktop/工作/统一API网关/new-api/model/midjourney.go:97
[0m[33m[0.273ms] [34;1m[rows:0][0m SELECT * FROM `midjourneys` WHERE progress != "100%"

2025/11/05 14:45:00 [32m/Users/g/Desktop/工作/统一API网关/new-api/model/task.go:178
[0m[33m[0.998ms] [34;1m[rows:0][0m SELECT * FROM `tasks` WHERE progress != "100%" ORDER BY id LIMIT 500
[SYS] 2025/11/05 - 14:45:00 | 任务进度轮询完成 
[SYS] 2025/11/05 - 14:45:15 | 任务进度轮询开始 

2025/11/05 14:45:15 [32m/Users/g/Desktop/工作/统一API网关/new-api/model/midjourney.go:97
[0m[33m[0.918ms] [34;1m[rows:0][0m SELECT * FROM `midjourneys` WHERE progress != "100%"

2025/11/05 14:45:15 [32m/Users/g/Desktop/工作/统一API网关/new-api/model/task.go:178
[0m[33m[0.117ms] [34;1m[rows:0][0m SELECT * FROM `tasks` WHERE progress != "100%" ORDER BY id LIMIT 500
[SYS] 2025/11/05 - 14:45:15 | 任务进度轮询完成 
[SYS] 2025/11/05 - 14:45:30 | 任务进度轮询开始 

2025/11/05 14:45:30 [32m/Users/g/Desktop/工作/统一API网关/new-api/model/midjourney.go:97
[0m[33m[0.298ms] [34;1m[rows:0][0m SELECT * FROM `midjourneys` WHERE progress != "100%"

2025/11/05 14:45:30 [32m/Users/g/Desktop/工作/统一API网关/new-api/model/task.go:178
[0m[33m[2.601ms] [34;1m[rows:0][0m SELECT * FROM `tasks` WHERE progress != "100%" ORDER BY id LIMIT 500
[SYS] 2025/11/05 - 14:45:30 | 任务进度轮询完成 

2025/11/05 14:45:45 [32m/Users/g/Desktop/工作/统一API网关/new-api/model/midjourney.go:97
[0m[33m[0.451ms] [34;1m[rows:0][0m SELECT * FROM `midjourneys` WHERE progress != "100%"
[SYS] 2025/11/05 - 14:45:45 | 任务进度轮询开始 

2025/11/05 14:45:45 [32m/Users/g/Desktop/工作/统一API网关/new-api/model/task.go:178
[0m[33m[0.157ms] [34;1m[rows:0][0m SELECT * FROM `tasks` WHERE progress != "100%" ORDER BY id LIMIT 500
[SYS] 2025/11/05 - 14:45:45 | 任务进度轮询完成 
[SYS] 2025/11/05 - 14:46:00 | syncing options from database 

2025/11/05 14:46:00 [32m/Users/g/Desktop/工作/统一API网关/new-api/model/option.go:25
[0m[33m[0.386ms] [34;1m[rows:5][0m SELECT * FROM `options`
[SYS] 2025/11/05 - 14:46:00 | 任务进度轮询开始 

2025/11/05 14:46:00 [32m/Users/g/Desktop/工作/统一API网关/new-api/model/midjourney.go:97
[0m[33m[0.326ms] [34;1m[rows:0][0m SELECT * FROM `midjourneys` WHERE progress != "100%"

2025/11/05 14:46:00 [32m/Users/g/Desktop/工作/统一API网关/new-api/model/task.go:178
[0m[33m[2.497ms] [34;1m[rows:0][0m SELECT * FROM `tasks` WHERE progress != "100%" ORDER BY id LIMIT 500
[SYS] 2025/11/05 - 14:46:00 | 任务进度轮询完成 
[SYS] 2025/11/05 - 14:46:15 | 任务进度轮询开始 

2025/11/05 14:46:15 [32m/Users/g/Desktop/工作/统一API网关/new-api/model/midjourney.go:97
[0m[33m[1.393ms] [34;1m[rows:0][0m SELECT * FROM `midjourneys` WHERE progress != "100%"

2025/11/05 14:46:15 [32m/Users/g/Desktop/工作/统一API网关/new-api/model/task.go:178
[0m[33m[0.093ms] [34;1m[rows:0][0m SELECT * FROM `tasks` WHERE progress != "100%" ORDER BY id LIMIT 500
[SYS] 2025/11/05 - 14:46:15 | 任务进度轮询完成 
[SYS] 2025/11/05 - 14:46:30 | 任务进度轮询开始 

2025/11/05 14:46:30 [32m/Users/g/Desktop/工作/统一API网关/new-api/model/midjourney.go:97
[0m[33m[0.258ms] [34;1m[rows:0][0m SELECT * FROM `midjourneys` WHERE progress != "100%"

2025/11/05 14:46:30 [32m/Users/g/Desktop/工作/统一API网关/new-api/model/task.go:178
[0m[33m[1.579ms] [34;1m[rows:0][0m SELECT * FROM `tasks` WHERE progress != "100%" ORDER BY id LIMIT 500
[SYS] 2025/11/05 - 14:46:30 | 任务进度轮询完成 
[SYS] 2025/11/05 - 14:46:45 | 任务进度轮询开始 

2025/11/05 14:46:45 [32m/Users/g/Desktop/工作/统一API网关/new-api/model/midjourney.go:97
[0m[33m[0.266ms] [34;1m[rows:0][0m SELECT * FROM `midjourneys` WHERE progress != "100%"

2025/11/05 14:46:45 [32m/Users/g/Desktop/工作/统一API网关/new-api/model/task.go:178
[0m[33m[0.213ms] [34;1m[rows:0][0m SELECT * FROM `tasks` WHERE progress != "100%" ORDER BY id LIMIT 500
[SYS] 2025/11/05 - 14:46:45 | 任务进度轮询完成 
[GIN] 2025/11/05 - 14:46:52 | 202511051446524640700008AQbUK7L | 200 |    3.481959ms |             ::1 |     GET /console/channel
[GIN] 2025/11/05 - 14:46:52 | 202511051446527562460008k51LB3T | 200 |     625.875µs |             ::1 |     GET /api/status
[GIN] 2025/11/05 - 14:46:52 | 202511051446527559820004EglwOfW | 200 |    1.692708ms |             ::1 |     GET /api/group/
[GIN] 2025/11/05 - 14:46:52 | 20251105144652756132000bOEW9cdP | 200 |    1.596084ms |             ::1 |     GET /api/models

2025/11/05 14:46:52 [32m/Users/g/Desktop/工作/统一API网关/new-api/controller/channel.go:123
[0m[33m[0.324ms] [34;1m[rows:1][0m SELECT count(*) FROM `channels`

2025/11/05 14:46:52 [32m/Users/g/Desktop/工作/统一API网关/new-api/model/user.go:296
[0m[33m[0.321ms] [34;1m[rows:1][0m SELECT `users`.`id`,`users`.`username`,`users`.`display_name`,`users`.`role`,`users`.`status`,`users`.`email`,`users`.`github_id`,`users`.`oidc_id`,`users`.`wechat_id`,`users`.`telegram_id`,`users`.`access_token`,`users`.`quota`,`users`.`used_quota`,`users`.`request_count`,`users`.`group`,`users`.`aff_code`,`users`.`aff_count`,`users`.`aff_quota`,`users`.`aff_history`,`users`.`inviter_id`,`users`.`deleted_at`,`users`.`linux_do_id`,`users`.`setting`,`users`.`remark`,`users`.`stripe_customer` FROM `users` WHERE id = 1 AND `users`.`deleted_at` IS NULL AND `users`.`id` = 1 ORDER BY `users`.`id` LIMIT 1
[GIN] 2025/11/05 - 14:46:52 | 202511051446527557220007Fu7P9UR | 200 |    2.553417ms |             ::1 |     GET /api/channel/models
[GIN] 2025/11/05 - 14:46:52 | 20251105144652755661000okxKKnpO | 200 |    3.056292ms |             ::1 |     GET /api/user/self

2025/11/05 14:46:52 [32m/Users/g/Desktop/工作/统一API网关/new-api/controller/channel.go:130
[0m[33m[0.989ms] [34;1m[rows:6][0m SELECT `channels`.`id`,`channels`.`type`,`channels`.`open_ai_organization`,`channels`.`test_model`,`channels`.`status`,`channels`.`name`,`channels`.`weight`,`channels`.`created_time`,`channels`.`test_time`,`channels`.`response_time`,`channels`.`base_url`,`channels`.`other`,`channels`.`balance`,`channels`.`balance_updated_time`,`channels`.`models`,`channels`.`group`,`channels`.`used_quota`,`channels`.`model_mapping`,`channels`.`status_code_mapping`,`channels`.`priority`,`channels`.`auto_ban`,`channels`.`other_info`,`channels`.`tag`,`channels`.`setting`,`channels`.`param_override`,`channels`.`header_override`,`channels`.`remark`,`channels`.`channel_info`,`channels`.`settings`,`channels`.`channel_ratio` FROM `channels` ORDER BY priority desc LIMIT 10

2025/11/05 14:46:52 [32m/Users/g/Desktop/工作/统一API网关/new-api/controller/channel.go:151
[0m[33m[0.414ms] [34;1m[rows:5][0m SELECT type, count(*) as count FROM `channels` GROUP BY `type`
[GIN] 2025/11/05 - 14:46:52 | 20251105144652756097000C3Atyy5R | 200 |    4.183958ms |             ::1 |     GET /api/channel/?p=1&page_size=10&id_sort=false&tag_mode=false
[GIN] 2025/11/05 - 14:46:52 | 20251105144652909533000nadtbpYS | 200 |    1.846958ms |             ::1 |     GET /console/channel
[GIN] 2025/11/05 - 14:46:53 | 2025110514465314034000HGbFKCU3 | 200 |   11.726167ms |             ::1 |     GET /assets/react-components-BnylIsR_.js
[GIN] 2025/11/05 - 14:46:53 | 2025110514465314012000WRHsFa66 | 200 |      15.029ms |             ::1 |     GET /assets/i18n-bH1aaDdY.js
[GIN] 2025/11/05 - 14:46:53 | 20251105144653309280003XiXdCZ3 | 200 |    7.320416ms |             ::1 |     GET /assets/tools-DfDywZp9.js
[GIN] 2025/11/05 - 14:46:53 | 2025110514465326960000ZQcHh4wm | 200 |   20.350875ms |             ::1 |     GET /assets/react-core-D-iPSUlg.js
[GIN] 2025/11/05 - 14:46:53 | 20251105144653139830003bP6NgEJ | 200 |   39.224708ms |             ::1 |     GET /assets/semi-ui-yRXI6evF.css
[GIN] 2025/11/05 - 14:46:53 | 2025110514465313152000QGvQ1CYw | 200 |   42.676958ms |             ::1 |     GET /assets/index-C6TxzCs_.css
[GIN] 2025/11/05 - 14:46:53 | 2025110514465313108000uIOkDtO8 | 200 |   82.179542ms |             ::1 |     GET /assets/semi-ui-C8lvzIot.js
[GIN] 2025/11/05 - 14:46:53 | 202511051446531291700083Qe9H1i | 200 |  139.507459ms |             ::1 |     GET /assets/index-Dz7b1m9y.js

2025/11/05 14:46:53 [32m/Users/g/Desktop/工作/统一API网关/new-api/controller/channel.go:123
[0m[33m[0.121ms] [34;1m[rows:1][0m SELECT count(*) FROM `channels`

2025/11/05 14:46:53 [32m/Users/g/Desktop/工作/统一API网关/new-api/model/user.go:296
[0m[33m[0.358ms] [34;1m[rows:1][0m SELECT `users`.`id`,`users`.`username`,`users`.`display_name`,`users`.`role`,`users`.`status`,`users`.`email`,`users`.`github_id`,`users`.`oidc_id`,`users`.`wechat_id`,`users`.`telegram_id`,`users`.`access_token`,`users`.`quota`,`users`.`used_quota`,`users`.`request_count`,`users`.`group`,`users`.`aff_code`,`users`.`aff_count`,`users`.`aff_quota`,`users`.`aff_history`,`users`.`inviter_id`,`users`.`deleted_at`,`users`.`linux_do_id`,`users`.`setting`,`users`.`remark`,`users`.`stripe_customer` FROM `users` WHERE id = 1 AND `users`.`deleted_at` IS NULL AND `users`.`id` = 1 ORDER BY `users`.`id` LIMIT 1
[GIN] 2025/11/05 - 14:46:53 | 202511051446531994750008z9ByPqV | 200 |     583.792µs |             ::1 |     GET /api/user/self
[GIN] 2025/11/05 - 14:46:53 | 202511051446531997260007qupze8d | 200 |     186.458µs |             ::1 |     GET /api/group/
[GIN] 2025/11/05 - 14:46:53 | 20251105144653200018000AotXTxuX | 200 |      466.25µs |             ::1 |     GET /api/models

2025/11/05 14:46:53 [32m/Users/g/Desktop/工作/统一API网关/new-api/controller/channel.go:130
[0m[33m[0.564ms] [34;1m[rows:6][0m SELECT `channels`.`id`,`channels`.`type`,`channels`.`open_ai_organization`,`channels`.`test_model`,`channels`.`status`,`channels`.`name`,`channels`.`weight`,`channels`.`created_time`,`channels`.`test_time`,`channels`.`response_time`,`channels`.`base_url`,`channels`.`other`,`channels`.`balance`,`channels`.`balance_updated_time`,`channels`.`models`,`channels`.`group`,`channels`.`used_quota`,`channels`.`model_mapping`,`channels`.`status_code_mapping`,`channels`.`priority`,`channels`.`auto_ban`,`channels`.`other_info`,`channels`.`tag`,`channels`.`setting`,`channels`.`param_override`,`channels`.`header_override`,`channels`.`remark`,`channels`.`channel_info`,`channels`.`settings`,`channels`.`channel_ratio` FROM `channels` ORDER BY priority desc LIMIT 10
[GIN] 2025/11/05 - 14:46:53 | 20251105144653200497000zDPL7emt | 200 |     124.042µs |             ::1 |     GET /api/status

2025/11/05 14:46:53 [32m/Users/g/Desktop/工作/统一API网关/new-api/controller/channel.go:151
[0m[33m[0.059ms] [34;1m[rows:5][0m SELECT type, count(*) as count FROM `channels` GROUP BY `type`
[GIN] 2025/11/05 - 14:46:53 | 20251105144653199525000UJqErm2g | 200 |    1.249792ms |             ::1 |     GET /api/channel/models
[GIN] 2025/11/05 - 14:46:53 | 20251105144653199774000wAs1iy7o | 200 |    1.540584ms |             ::1 |     GET /api/channel/?p=1&page_size=10&id_sort=false&tag_mode=false
[GIN] 2025/11/05 - 14:46:53 | 20251105144653186154000SiXgzeOL | 200 |   23.236958ms |             ::1 |     GET /logo.png

2025/11/05 14:46:53 [32m/Users/g/Desktop/工作/统一API网关/new-api/model/user.go:296
[0m[33m[0.180ms] [34;1m[rows:1][0m SELECT `users`.`id`,`users`.`username`,`users`.`display_name`,`users`.`role`,`users`.`status`,`users`.`email`,`users`.`github_id`,`users`.`oidc_id`,`users`.`wechat_id`,`users`.`telegram_id`,`users`.`access_token`,`users`.`quota`,`users`.`used_quota`,`users`.`request_count`,`users`.`group`,`users`.`aff_code`,`users`.`aff_count`,`users`.`aff_quota`,`users`.`aff_history`,`users`.`inviter_id`,`users`.`deleted_at`,`users`.`linux_do_id`,`users`.`setting`,`users`.`remark`,`users`.`stripe_customer` FROM `users` WHERE id = 1 AND `users`.`deleted_at` IS NULL AND `users`.`id` = 1 ORDER BY `users`.`id` LIMIT 1
[GIN] 2025/11/05 - 14:46:53 | 20251105144653240476000NSJh8uvR | 200 |     333.791µs |             ::1 |     GET /api/user/self
[GIN] 2025/11/05 - 14:46:53 | 202511051446532791010006RdCxs53 | 200 |    6.465417ms |             ::1 |     GET /logo.png
[GIN] 2025/11/05 - 14:46:54 | 20251105144654467316000dalNZgN1 | 200 |     234.125µs |             ::1 |     GET /api/group/

2025/11/05 14:46:54 [32m/Users/g/Desktop/工作/统一API网关/new-api/model/channel.go:338
[0m[33m[0.400ms] [34;1m[rows:1][0m SELECT `channels`.`id`,`channels`.`type`,`channels`.`open_ai_organization`,`channels`.`test_model`,`channels`.`status`,`channels`.`name`,`channels`.`weight`,`channels`.`created_time`,`channels`.`test_time`,`channels`.`response_time`,`channels`.`base_url`,`channels`.`other`,`channels`.`balance`,`channels`.`balance_updated_time`,`channels`.`models`,`channels`.`group`,`channels`.`used_quota`,`channels`.`model_mapping`,`channels`.`status_code_mapping`,`channels`.`priority`,`channels`.`auto_ban`,`channels`.`other_info`,`channels`.`tag`,`channels`.`setting`,`channels`.`param_override`,`channels`.`header_override`,`channels`.`remark`,`channels`.`channel_info`,`channels`.`settings`,`channels`.`channel_ratio` FROM `channels` WHERE id = 1 AND `channels`.`id` = 1 ORDER BY `channels`.`id` LIMIT 1
[GIN] 2025/11/05 - 14:46:54 | 20251105144654467423000GVwq4SYi | 200 |     695.542µs |             ::1 |     GET /api/channel/1
[GIN] 2025/11/05 - 14:46:54 | 20251105144654467269000IXxWwMAC | 200 |     876.292µs |             ::1 |     GET /api/channel/models

2025/11/05 14:46:54 [32m/Users/g/Desktop/工作/统一API网关/new-api/model/prefill_group.go:122
[0m[33m[0.294ms] [34;1m[rows:0][0m SELECT * FROM `prefill_groups` WHERE type = "model" AND `prefill_groups`.`deleted_at` IS NULL ORDER BY updated_time DESC
[GIN] 2025/11/05 - 14:46:54 | 20251105144654499472000onXG4Jsx | 200 |      853.25µs |             ::1 |     GET /api/prefill_group/?type=model
[SYS] 2025/11/05 - 14:47:00 | syncing options from database 

2025/11/05 14:47:00 [32m/Users/g/Desktop/工作/统一API网关/new-api/model/option.go:25
[0m[33m[0.374ms] [34;1m[rows:5][0m SELECT * FROM `options`
[SYS] 2025/11/05 - 14:47:00 | 任务进度轮询开始 

2025/11/05 14:47:00 [32m/Users/g/Desktop/工作/统一API网关/new-api/model/midjourney.go:97
[0m[33m[0.224ms] [34;1m[rows:0][0m SELECT * FROM `midjourneys` WHERE progress != "100%"

2025/11/05 14:47:00 [32m/Users/g/Desktop/工作/统一API网关/new-api/model/task.go:178
[0m[33m[2.344ms] [34;1m[rows:0][0m SELECT * FROM `tasks` WHERE progress != "100%" ORDER BY id LIMIT 500
[SYS] 2025/11/05 - 14:47:00 | 任务进度轮询完成 

2025/11/05 14:47:15 [32m/Users/g/Desktop/工作/统一API网关/new-api/model/midjourney.go:97
[0m[33m[0.248ms] [34;1m[rows:0][0m SELECT * FROM `midjourneys` WHERE progress != "100%"
[SYS] 2025/11/05 - 14:47:15 | 任务进度轮询开始 

2025/11/05 14:47:15 [32m/Users/g/Desktop/工作/统一API网关/new-api/model/task.go:178
[0m[33m[0.070ms] [34;1m[rows:0][0m SELECT * FROM `tasks` WHERE progress != "100%" ORDER BY id LIMIT 500
[SYS] 2025/11/05 - 14:47:15 | 任务进度轮询完成 
