[SYS] 2025/10/30 - 11:06:25 | initializing token encoders 
[SYS] 2025/10/30 - 11:06:26 | token encoders initialized 
[SYS] 2025/10/30 - 11:06:26 | SQL_DSN not set, using SQLite as database 
[SYS] 2025/10/30 - 11:06:26 | database migration started 
[SYS] 2025/10/30 - 11:06:26 | system is already initialized at: 2025-09-23 14:26:35 +0800 CST 
[SYS] 2025/10/30 - 11:06:26 | REDIS_CONN_STRING not set, Redis is not enabled 
[SYS] 2025/10/30 - 11:06:26 | New API v0.0.0 started 
[SYS] 2025/10/30 - 11:06:26 | running in debug mode 
[SYS] 2025/10/30 - 11:06:26 | 正在更新数据看板数据... 
[SYS] 2025/10/30 - 11:06:26 | 保存数据看板数据成功，共保存0条数据 
[GIN] 2025/10/30 - 11:06:36 | 202510301106368305700008zD87nN2 | 200 |    3.974875ms |             ::1 |     GET /console/channel
[GIN] 2025/10/30 - 11:06:37 | 20251030110637166205000aDePHAoW | 200 |     789.166µs |             ::1 |     GET /api/status
[GIN] 2025/10/30 - 11:06:37 | 20251030110637166150000HI5o2ZtC | 200 |      2.1495ms |             ::1 |     GET /api/models
[GIN] 2025/10/30 - 11:06:37 | 20251030110637165820000HuZyqd4d | 200 |    3.353542ms |             ::1 |     GET /api/channel/models
[GIN] 2025/10/30 - 11:06:37 | 20251030110637166013000836XUgDT | 200 |    4.359333ms |             ::1 |     GET /api/group/
[GIN] 2025/10/30 - 11:06:37 | 20251030110637165268000Vzj5gR84 | 200 |   11.030417ms |             ::1 |     GET /api/user/self
[GIN] 2025/10/30 - 11:06:37 | 20251030110637166654000jBMx5Pjk | 200 |      9.9765ms |             ::1 |     GET /api/channel/?p=1&page_size=10&id_sort=false&tag_mode=false
[GIN] 2025/10/30 - 11:06:37 | 20251030110637480457000abdwLGhL | 200 |      41.559ms |             ::1 |     GET /logo.png
[GIN] 2025/10/30 - 11:06:39 | 20251030110639924825000BMz2ZvQq | 200 |     938.959µs |             ::1 |     GET /api/vendors/?page_size=1000
[GIN] 2025/10/30 - 11:06:39 | 20251030110639924776000zHuqy5L2 | 200 |     980.625µs |             ::1 |     GET /api/models/?p=1&page_size=10
[GIN] 2025/10/30 - 11:06:40 | 202510301106404136990000WXkQJCW | 200 |     116.125µs |             ::1 |     GET /api/group/
[GIN] 2025/10/30 - 11:06:40 | 20251030110640413798000vdb4TCjD | 200 |     682.833µs |             ::1 |     GET /api/models
[GIN] 2025/10/30 - 11:06:40 | 20251030110640413542000lhCi6V17 | 200 |     934.417µs |             ::1 |     GET /api/channel/models
[GIN] 2025/10/30 - 11:06:40 | 20251030110640413689000dZyDnOTk | 200 |    1.449292ms |             ::1 |     GET /api/channel/?p=1&page_size=10&id_sort=false&tag_mode=false
[SYS] 2025/10/30 - 11:06:41 | 任务进度轮询开始 
[SYS] 2025/10/30 - 11:06:41 | 任务进度轮询完成 
[GIN] 2025/10/30 - 11:06:44 | 20251030110644598411000gmz3HgM4 | 200 |    1.067291ms |             ::1 |     GET /api/log/?p=1&page_size=10&type=0&username=&token_name=&model_name=&start_timestamp=1761753600&end_timestamp=1761797204&channel=&group=
[GIN] 2025/10/30 - 11:06:44 | 20251030110644611885000LlANBERw | 200 |       456.5µs |             ::1 |     GET /api/log/stat?type=0&username=&token_name=&model_name=&start_timestamp=1761753600&end_timestamp=1761797204&channel=&group=
[GIN] 2025/10/30 - 11:06:45 | 20251030110645524531000BsfyTi0L | 200 |     573.791µs |             ::1 |     GET /api/user/self
[GIN] 2025/10/30 - 11:06:45 | 20251030110645525830000bmERe9l2 | 200 |       748.5µs |             ::1 |     GET /api/data/?username=&start_timestamp=1761707205&end_timestamp=1761797205&default_time=hour
[GIN] 2025/10/30 - 11:06:45 | 20251030110645554223000dviL3Geu | 200 |     121.583µs |             ::1 |     GET /api/uptime/status
[GIN] 2025/10/30 - 11:06:45 | 20251030110645990960000AM0L4vGj | 200 |     670.792µs |             ::1 |     GET /api/user/self/groups
[GIN] 2025/10/30 - 11:06:45 | 20251030110645991063000NBY8IKME | 200 |    2.063959ms |             ::1 |     GET /api/token/?p=1&size=10
[GIN] 2025/10/30 - 11:06:45 | 20251030110645990954000MEQtzIr3 | 200 |    4.120083ms |             ::1 |     GET /api/user/models
[GIN] 2025/10/30 - 11:06:47 | 20251030110647459591000PFhWA3bq | 200 |       498.5µs |             ::1 |     GET /api/log/?p=1&page_size=10&type=0&username=&token_name=&model_name=&start_timestamp=1761753600&end_timestamp=1761797207&channel=&group=
[GIN] 2025/10/30 - 11:06:47 | 20251030110647470724000SPknMJW5 | 200 |      445.75µs |             ::1 |     GET /api/log/stat?type=0&username=&token_name=&model_name=&start_timestamp=1761753600&end_timestamp=1761797207&channel=&group=
[GIN] 2025/10/30 - 11:06:50 | 20251030110650294982000kSBJeTu0 | 200 |     138.875µs |             ::1 |     GET /api/group/
[GIN] 2025/10/30 - 11:06:50 | 202510301106502949540005rJaDbrO | 200 |     777.208µs |             ::1 |     GET /api/models
[GIN] 2025/10/30 - 11:06:50 | 20251030110650294431000ChrKPQkP | 200 |    2.444458ms |             ::1 |     GET /api/channel/models
[GIN] 2025/10/30 - 11:06:50 | 202510301106502948580000aEIGI7G | 200 |    2.834125ms |             ::1 |     GET /api/channel/?p=1&page_size=10&id_sort=false&tag_mode=false
[GIN] 2025/10/30 - 11:06:52 | 2025103011065244278000cfqHwNDv | 200 |     122.167µs |             ::1 |     GET /api/group/
[GIN] 2025/10/30 - 11:06:52 | 2025103011065244211000JGXU1hRC | 200 |     939.167µs |             ::1 |     GET /api/channel/models
[GIN] 2025/10/30 - 11:06:52 | 2025103011065245552000EckN4Eol | 200 |    1.202041ms |             ::1 |     GET /api/channel/1
[GIN] 2025/10/30 - 11:06:52 | 2025103011065269335000M3Z4UUky | 200 |       1.012ms |             ::1 |     GET /api/prefill_group/?type=model
[SYS] 2025/10/30 - 11:06:56 | 任务进度轮询开始 
[SYS] 2025/10/30 - 11:06:56 | 任务进度轮询完成 
[GIN] 2025/10/30 - 11:07:07 | 20251030110707629918000gcow2qVm | 200 |      45.875µs |             ::1 |     GET /api/status
[SYS] 2025/10/30 - 11:07:11 | 任务进度轮询开始 
[SYS] 2025/10/30 - 11:07:11 | 任务进度轮询完成 
[GIN] 2025/10/30 - 11:07:22 | 20251030110722751907000q3QCHJz3 | 200 |    6.113834ms |             ::1 |     PUT /api/channel/
[GIN] 2025/10/30 - 11:07:22 | 20251030110722760433000J67CEnGw | 200 |    1.279084ms |             ::1 |     GET /api/channel/?p=1&page_size=10&id_sort=false&tag_mode=false
[SYS] 2025/10/30 - 11:07:26 | syncing options from database 
[SYS] 2025/10/30 - 11:07:26 | 任务进度轮询开始 
[SYS] 2025/10/30 - 11:07:26 | 任务进度轮询完成 
[GIN] 2025/10/30 - 11:07:27 | 20251030110727661221000ITyR8K59 | 200 |     536.625µs |             ::1 |     GET /api/user/self
[GIN] 2025/10/30 - 11:07:27 | 20251030110727661273000wwVLgdhN | 200 |     634.167µs |             ::1 |     GET /api/data/?username=&start_timestamp=1761707247&end_timestamp=1761797247&default_time=hour
[GIN] 2025/10/30 - 11:07:27 | 20251030110727683536000uam092qs | 200 |      99.833µs |             ::1 |     GET /api/uptime/status
[GIN] 2025/10/30 - 11:07:28 | 20251030110728990839000kQzo8yCk | 200 |     152.875µs |             ::1 |     GET /api/group/
[GIN] 2025/10/30 - 11:07:28 | 20251030110728990963000ONQq1PHl | 200 |     528.709µs |             ::1 |     GET /api/models
[GIN] 2025/10/30 - 11:07:28 | 20251030110728990689000dIKuId81 | 200 |      882.25µs |             ::1 |     GET /api/channel/models
[GIN] 2025/10/30 - 11:07:28 | 20251030110728990973000sSETAuQ7 | 200 |    1.663167ms |             ::1 |     GET /api/channel/?p=1&page_size=10&id_sort=false&tag_mode=false
[SYS] 2025/10/30 - 11:07:41 | 任务进度轮询开始 
[SYS] 2025/10/30 - 11:07:41 | 任务进度轮询完成 
[SYS] 2025/10/30 - 11:07:56 | 任务进度轮询开始 
[SYS] 2025/10/30 - 11:07:56 | 任务进度轮询完成 
[GIN] 2025/10/30 - 11:08:05 | 202510301108053466360005QhzFk7R | 200 |     773.833µs |             ::1 |     GET /api/option/
[GIN] 2025/10/30 - 11:08:06 | 20251030110806397538000jfruLXUK | 200 |    1.996583ms |             ::1 |     GET /api/option/
[GIN] 2025/10/30 - 11:08:06 | 20251030110806397504000E818HKO3 | 200 |    4.167375ms |             ::1 |     GET /api/channel/models_enabled
[SYS] 2025/10/30 - 11:08:11 | 任务进度轮询开始 
[SYS] 2025/10/30 - 11:08:11 | 任务进度轮询完成 
[SYS] 2025/10/30 - 11:08:26 | syncing options from database 
[SYS] 2025/10/30 - 11:08:26 | 任务进度轮询开始 
[SYS] 2025/10/30 - 11:08:26 | 任务进度轮询完成 
[SYS] 2025/10/30 - 11:08:41 | 任务进度轮询开始 
[SYS] 2025/10/30 - 11:08:41 | 任务进度轮询完成 
[SYS] 2025/10/30 - 11:08:56 | 任务进度轮询开始 
[SYS] 2025/10/30 - 11:08:56 | 任务进度轮询完成 
[SYS] 2025/10/30 - 11:09:11 | 任务进度轮询开始 
[SYS] 2025/10/30 - 11:09:11 | 任务进度轮询完成 
[SYS] 2025/10/30 - 11:09:26 | syncing options from database 
[SYS] 2025/10/30 - 11:09:26 | 任务进度轮询开始 
[SYS] 2025/10/30 - 11:09:26 | 任务进度轮询完成 
[SYS] 2025/10/30 - 11:09:41 | 任务进度轮询开始 
[SYS] 2025/10/30 - 11:09:41 | 任务进度轮询完成 
[SYS] 2025/10/30 - 11:09:56 | 任务进度轮询开始 
[SYS] 2025/10/30 - 11:09:56 | 任务进度轮询完成 
[SYS] 2025/10/30 - 11:10:11 | 任务进度轮询开始 
[SYS] 2025/10/30 - 11:10:11 | 任务进度轮询完成 
[SYS] 2025/10/30 - 11:10:26 | syncing options from database 
[SYS] 2025/10/30 - 11:10:26 | 任务进度轮询开始 
[SYS] 2025/10/30 - 11:10:26 | 任务进度轮询完成 
[SYS] 2025/10/30 - 11:10:41 | 任务进度轮询开始 
[SYS] 2025/10/30 - 11:10:41 | 任务进度轮询完成 
[SYS] 2025/10/30 - 11:10:56 | 任务进度轮询开始 
[SYS] 2025/10/30 - 11:10:56 | 任务进度轮询完成 
[SYS] 2025/10/30 - 11:11:11 | 任务进度轮询开始 
[SYS] 2025/10/30 - 11:11:11 | 任务进度轮询完成 
[SYS] 2025/10/30 - 11:11:26 | 正在更新数据看板数据... 
[SYS] 2025/10/30 - 11:11:26 | 保存数据看板数据成功，共保存0条数据 
[SYS] 2025/10/30 - 11:11:26 | syncing options from database 
[SYS] 2025/10/30 - 11:11:26 | 任务进度轮询开始 
[SYS] 2025/10/30 - 11:11:26 | 任务进度轮询完成 
[SYS] 2025/10/30 - 11:11:41 | 任务进度轮询开始 
[SYS] 2025/10/30 - 11:11:41 | 任务进度轮询完成 
[SYS] 2025/10/30 - 11:11:56 | 任务进度轮询开始 
[SYS] 2025/10/30 - 11:11:56 | 任务进度轮询完成 
[SYS] 2025/10/30 - 11:12:11 | 任务进度轮询开始 
[SYS] 2025/10/30 - 11:12:11 | 任务进度轮询完成 
[SYS] 2025/10/30 - 11:12:26 | syncing options from database 
[SYS] 2025/10/30 - 11:12:26 | 任务进度轮询开始 
[SYS] 2025/10/30 - 11:12:26 | 任务进度轮询完成 
[SYS] 2025/10/30 - 11:12:41 | 任务进度轮询开始 
[SYS] 2025/10/30 - 11:12:41 | 任务进度轮询完成 
[SYS] 2025/10/30 - 11:12:56 | 任务进度轮询开始 
[SYS] 2025/10/30 - 11:12:56 | 任务进度轮询完成 
[SYS] 2025/10/30 - 11:13:11 | 任务进度轮询开始 
[SYS] 2025/10/30 - 11:13:11 | 任务进度轮询完成 
[SYS] 2025/10/30 - 11:13:26 | syncing options from database 
[SYS] 2025/10/30 - 11:13:26 | 任务进度轮询开始 
[SYS] 2025/10/30 - 11:13:26 | 任务进度轮询完成 
[SYS] 2025/10/30 - 11:13:41 | 任务进度轮询开始 
[SYS] 2025/10/30 - 11:13:41 | 任务进度轮询完成 
[SYS] 2025/10/30 - 11:13:56 | 任务进度轮询开始 
[SYS] 2025/10/30 - 11:13:56 | 任务进度轮询完成 
[SYS] 2025/10/30 - 11:14:11 | 任务进度轮询开始 
[SYS] 2025/10/30 - 11:14:11 | 任务进度轮询完成 
[SYS] 2025/10/30 - 11:14:26 | syncing options from database 
[SYS] 2025/10/30 - 11:14:26 | 任务进度轮询开始 
[SYS] 2025/10/30 - 11:14:26 | 任务进度轮询完成 
[SYS] 2025/10/30 - 11:14:41 | 任务进度轮询开始 
[SYS] 2025/10/30 - 11:14:41 | 任务进度轮询完成 
[SYS] 2025/10/30 - 11:14:56 | 任务进度轮询开始 
[SYS] 2025/10/30 - 11:14:56 | 任务进度轮询完成 
[SYS] 2025/10/30 - 11:15:11 | 任务进度轮询开始 
[SYS] 2025/10/30 - 11:15:11 | 任务进度轮询完成 
[SYS] 2025/10/30 - 11:15:26 | syncing options from database 
[SYS] 2025/10/30 - 11:15:26 | 任务进度轮询开始 
[SYS] 2025/10/30 - 11:15:26 | 任务进度轮询完成 
[SYS] 2025/10/30 - 11:15:41 | 任务进度轮询开始 
[SYS] 2025/10/30 - 11:15:41 | 任务进度轮询完成 
[SYS] 2025/10/30 - 11:15:56 | 任务进度轮询开始 
[SYS] 2025/10/30 - 11:15:56 | 任务进度轮询完成 
[SYS] 2025/10/30 - 11:16:11 | 任务进度轮询开始 
[SYS] 2025/10/30 - 11:16:11 | 任务进度轮询完成 
[SYS] 2025/10/30 - 11:16:26 | 正在更新数据看板数据... 
[SYS] 2025/10/30 - 11:16:26 | 保存数据看板数据成功，共保存0条数据 
[SYS] 2025/10/30 - 11:16:26 | syncing options from database 
[SYS] 2025/10/30 - 11:16:26 | 任务进度轮询开始 
[SYS] 2025/10/30 - 11:16:26 | 任务进度轮询完成 
[SYS] 2025/10/30 - 11:16:41 | 任务进度轮询开始 
[SYS] 2025/10/30 - 11:16:41 | 任务进度轮询完成 
[SYS] 2025/10/30 - 11:16:56 | 任务进度轮询开始 
[SYS] 2025/10/30 - 11:16:56 | 任务进度轮询完成 
[SYS] 2025/10/30 - 11:17:11 | 任务进度轮询开始 
[SYS] 2025/10/30 - 11:17:11 | 任务进度轮询完成 
[SYS] 2025/10/30 - 11:17:26 | syncing options from database 
[SYS] 2025/10/30 - 11:17:26 | 任务进度轮询开始 
[SYS] 2025/10/30 - 11:17:26 | 任务进度轮询完成 
[SYS] 2025/10/30 - 11:17:41 | 任务进度轮询开始 
[SYS] 2025/10/30 - 11:17:41 | 任务进度轮询完成 
[SYS] 2025/10/30 - 11:17:56 | 任务进度轮询开始 
[SYS] 2025/10/30 - 11:17:56 | 任务进度轮询完成 
[SYS] 2025/10/30 - 11:18:11 | 任务进度轮询开始 
[SYS] 2025/10/30 - 11:18:11 | 任务进度轮询完成 
[SYS] 2025/10/30 - 11:18:26 | syncing options from database 
[SYS] 2025/10/30 - 11:18:26 | 任务进度轮询开始 
[SYS] 2025/10/30 - 11:18:26 | 任务进度轮询完成 
[SYS] 2025/10/30 - 11:18:41 | 任务进度轮询开始 
[SYS] 2025/10/30 - 11:18:41 | 任务进度轮询完成 
[SYS] 2025/10/30 - 11:18:56 | 任务进度轮询开始 
[SYS] 2025/10/30 - 11:18:56 | 任务进度轮询完成 
[SYS] 2025/10/30 - 11:19:11 | 任务进度轮询开始 
[SYS] 2025/10/30 - 11:19:11 | 任务进度轮询完成 
[SYS] 2025/10/30 - 11:19:26 | syncing options from database 
[SYS] 2025/10/30 - 11:19:26 | 任务进度轮询开始 
[SYS] 2025/10/30 - 11:19:26 | 任务进度轮询完成 
[SYS] 2025/10/30 - 11:19:41 | 任务进度轮询开始 
[SYS] 2025/10/30 - 11:19:41 | 任务进度轮询完成 
[SYS] 2025/10/30 - 11:19:56 | 任务进度轮询开始 
[SYS] 2025/10/30 - 11:19:56 | 任务进度轮询完成 
[SYS] 2025/10/30 - 11:20:11 | 任务进度轮询开始 
[SYS] 2025/10/30 - 11:20:11 | 任务进度轮询完成 
[SYS] 2025/10/30 - 11:20:26 | syncing options from database 
[SYS] 2025/10/30 - 11:20:26 | 任务进度轮询开始 
[SYS] 2025/10/30 - 11:20:26 | 任务进度轮询完成 
[SYS] 2025/10/30 - 11:20:41 | 任务进度轮询开始 
[SYS] 2025/10/30 - 11:20:41 | 任务进度轮询完成 
[SYS] 2025/10/30 - 11:20:56 | 任务进度轮询开始 
[SYS] 2025/10/30 - 11:20:56 | 任务进度轮询完成 
[SYS] 2025/10/30 - 11:21:11 | 任务进度轮询开始 
[SYS] 2025/10/30 - 11:21:11 | 任务进度轮询完成 
