[SYS] 2025/11/10 - 11:20:33 | initializing token encoders 
[SYS] 2025/11/10 - 11:20:33 | token encoders initialized 
[SYS] 2025/11/10 - 11:20:33 | SQL_DSN not set, using SQLite as database 
[SYS] 2025/11/10 - 11:20:33 | database migration started 
[SYS] 2025/11/10 - 11:20:33 | system is already initialized at: 2025-09-23 14:26:35 +0800 CST 
[SYS] 2025/11/10 - 11:20:33 | REDIS_CONN_STRING not set, Redis is not enabled 
[SYS] 2025/11/10 - 11:20:33 | New API v0.0.0 started 
[SYS] 2025/11/10 - 11:20:33 | running in debug mode 
[SYS] 2025/11/10 - 11:20:33 | 正在更新数据看板数据... 
[SYS] 2025/11/10 - 11:20:33 | 保存数据看板数据成功，共保存0条数据 
[SYS] 2025/11/10 - 11:20:48 | 任务进度轮询开始 
[SYS] 2025/11/10 - 11:20:48 | 任务进度轮询完成 
[SYS] 2025/11/10 - 11:21:03 | 任务进度轮询开始 
[SYS] 2025/11/10 - 11:21:03 | 任务进度轮询完成 
[SYS] 2025/11/10 - 11:21:18 | 任务进度轮询开始 
[SYS] 2025/11/10 - 11:21:18 | 任务进度轮询完成 
[SYS] 2025/11/10 - 11:21:33 | syncing options from database 
[SYS] 2025/11/10 - 11:21:33 | 任务进度轮询开始 
[SYS] 2025/11/10 - 11:21:33 | 任务进度轮询完成 
[SYS] 2025/11/10 - 11:21:48 | 任务进度轮询开始 
[SYS] 2025/11/10 - 11:21:48 | 任务进度轮询完成 
[GIN] 2025/11/10 - 11:21:55 | 20251110112155195065000IIAKtnYJ | 200 |      2.4885ms |             ::1 |     GET /console/log
[GIN] 2025/11/10 - 11:21:55 | 20251110112155577978000AeSljbWe | 200 |     874.375µs |             ::1 |     GET /api/status
[GIN] 2025/11/10 - 11:21:55 | 20251110112155577042000DGNgxtdI | 200 |    2.613709ms |             ::1 |     GET /api/log/?p=1&page_size=10&type=0&username=&token_name=&model_name=&start_timestamp=1762704000&end_timestamp=1762748515&channel=&group=
[GIN] 2025/11/10 - 11:21:55 | 20251110112155576865000MqP10Ezs | 200 |    2.880917ms |             ::1 |     GET /api/user/self
[GIN] 2025/11/10 - 11:21:55 | 20251110112155840981000juw5h5q4 | 200 |     613.292µs |             ::1 |     GET /api/user/self
[GIN] 2025/11/10 - 11:21:55 | 20251110112155841018000G1Smlxvl | 200 |     824.291µs |             ::1 |     GET /api/log/stat?type=0&username=&token_name=&model_name=&start_timestamp=1762704000&end_timestamp=1762748515&channel=&group=
[GIN] 2025/11/10 - 11:22:03 | 20251110112203671864000MclR2duK | 200 |     793.416µs |             ::1 |     GET /api/task/?p=1&page_size=10&channel_id=&task_id=&start_timestamp=1762704000&end_timestamp=1762748523
[SYS] 2025/11/10 - 11:22:03 | 任务进度轮询开始 
[SYS] 2025/11/10 - 11:22:03 | 任务进度轮询完成 
[GIN] 2025/11/10 - 11:22:04 | 20251110112204646453000m4ocm60G | 200 |      717.25µs |             ::1 |     GET /api/user/self/groups
[GIN] 2025/11/10 - 11:22:04 | 202511101122046465960005OQOeugv | 200 |     2.10525ms |             ::1 |     GET /api/token/?p=1&size=10
[GIN] 2025/11/10 - 11:22:04 | 20251110112204645898000pAz3iZ04 | 200 |    5.420209ms |             ::1 |     GET /api/user/models
[GIN] 2025/11/10 - 11:22:05 | 20251110112205146579000Nj0c7eW6 | 200 |    1.008333ms |             ::1 |     GET /api/log/?p=1&page_size=10&type=0&username=&token_name=&model_name=&start_timestamp=1762704000&end_timestamp=1762748525&channel=&group=
[GIN] 2025/11/10 - 11:22:05 | 202511101122051715530001R0PSHOd | 200 |     482.625µs |             ::1 |     GET /api/log/stat?type=0&username=&token_name=&model_name=&start_timestamp=1762704000&end_timestamp=1762748525&channel=&group=
[GIN] 2025/11/10 - 11:22:05 | 20251110112205595214000nNTtc4tu | 200 |     564.042µs |             ::1 |     GET /api/task/?p=1&page_size=10&channel_id=&task_id=&start_timestamp=1762704000&end_timestamp=1762748525
[GIN] 2025/11/10 - 11:22:06 | 20251110112206329112000yPPoUIVQ | 200 |     937.208µs |             ::1 |     GET /api/mj/?p=1&page_size=10&channel_id=&mj_id=&start_timestamp=1760152926000&end_timestamp=1762748526000
[GIN] 2025/11/10 - 11:22:07 | 2025111011220787491000oFhajaa6 | 200 |     974.416µs |             ::1 |     GET /api/log/?p=1&page_size=10&type=0&username=&token_name=&model_name=&start_timestamp=1762704000&end_timestamp=1762748527&channel=&group=
[GIN] 2025/11/10 - 11:22:07 | 202511101122071114670006zUTcxb4 | 200 |     440.375µs |             ::1 |     GET /api/log/stat?type=0&username=&token_name=&model_name=&start_timestamp=1762704000&end_timestamp=1762748527&channel=&group=
[SYS] 2025/11/10 - 11:22:18 | 任务进度轮询开始 
[SYS] 2025/11/10 - 11:22:18 | 任务进度轮询完成 
[SYS] 2025/11/10 - 11:22:33 | syncing options from database 
[SYS] 2025/11/10 - 11:22:33 | 任务进度轮询开始 
[SYS] 2025/11/10 - 11:22:33 | 任务进度轮询完成 
[SYS] 2025/11/10 - 11:22:48 | 任务进度轮询开始 
[SYS] 2025/11/10 - 11:22:48 | 任务进度轮询完成 
[SYS] 2025/11/10 - 11:23:03 | 任务进度轮询开始 
[SYS] 2025/11/10 - 11:23:03 | 任务进度轮询完成 
[SYS] 2025/11/10 - 11:23:18 | 任务进度轮询开始 
[SYS] 2025/11/10 - 11:23:18 | 任务进度轮询完成 
[SYS] 2025/11/10 - 11:23:33 | syncing options from database 
[SYS] 2025/11/10 - 11:23:33 | 任务进度轮询开始 
[SYS] 2025/11/10 - 11:23:33 | 任务进度轮询完成 
[SYS] 2025/11/10 - 11:23:48 | 任务进度轮询开始 
[SYS] 2025/11/10 - 11:23:48 | 任务进度轮询完成 
[SYS] 2025/11/10 - 11:24:03 | 任务进度轮询开始 
[SYS] 2025/11/10 - 11:24:03 | 任务进度轮询完成 
[SYS] 2025/11/10 - 11:24:18 | 任务进度轮询开始 
[SYS] 2025/11/10 - 11:24:18 | 任务进度轮询完成 
[SYS] 2025/11/10 - 11:24:33 | syncing options from database 
[SYS] 2025/11/10 - 11:24:33 | 任务进度轮询开始 
[SYS] 2025/11/10 - 11:24:33 | 任务进度轮询完成 
[GIN] 2025/11/10 - 11:24:47 | 20251110112447488089000ZMO0lnDN | 200 |    2.245375ms |             ::1 |     GET /api/option/
[GIN] 2025/11/10 - 11:24:48 | 20251110112448833524000DAv2W0HO | 200 |     789.625µs |             ::1 |     GET /api/option/
[SYS] 2025/11/10 - 11:24:48 | 任务进度轮询开始 
[SYS] 2025/11/10 - 11:24:48 | 任务进度轮询完成 
[GIN] 2025/11/10 - 11:24:49 | 20251110112449749873000lM35chWh | 200 |         852µs |             ::1 |     GET /api/option/
[GIN] 2025/11/10 - 11:24:49 | 20251110112449749943000rKGiXB4n | 200 |      3.0935ms |             ::1 |     GET /api/channel/models_enabled
[SYS] 2025/11/10 - 11:25:03 | 任务进度轮询开始 
[SYS] 2025/11/10 - 11:25:03 | 任务进度轮询完成 
[SYS] 2025/11/10 - 11:25:18 | 任务进度轮询开始 
[SYS] 2025/11/10 - 11:25:18 | 任务进度轮询完成 
[SYS] 2025/11/10 - 11:25:33 | 正在更新数据看板数据... 
[SYS] 2025/11/10 - 11:25:33 | 保存数据看板数据成功，共保存0条数据 
[SYS] 2025/11/10 - 11:25:33 | 任务进度轮询开始 
[SYS] 2025/11/10 - 11:25:33 | 任务进度轮询完成 
[SYS] 2025/11/10 - 11:25:33 | syncing options from database 
[SYS] 2025/11/10 - 11:25:48 | 任务进度轮询开始 
[SYS] 2025/11/10 - 11:25:48 | 任务进度轮询完成 
[SYS] 2025/11/10 - 11:26:03 | 任务进度轮询开始 
[SYS] 2025/11/10 - 11:26:03 | 任务进度轮询完成 
[SYS] 2025/11/10 - 11:26:18 | 任务进度轮询开始 
[SYS] 2025/11/10 - 11:26:18 | 任务进度轮询完成 
[SYS] 2025/11/10 - 11:26:33 | 任务进度轮询开始 
[SYS] 2025/11/10 - 11:26:33 | 任务进度轮询完成 
[SYS] 2025/11/10 - 11:26:33 | syncing options from database 
[SYS] 2025/11/10 - 11:26:48 | 任务进度轮询开始 
[SYS] 2025/11/10 - 11:26:48 | 任务进度轮询完成 
