[SYS] 2025/09/28 - 16:14:21 | initializing token encoders 
[SYS] 2025/09/28 - 16:14:21 | token encoders initialized 
[SYS] 2025/09/28 - 16:14:21 | SQL_DSN not set, using SQLite as database 
[SYS] 2025/09/28 - 16:14:21 | database migration started 
[SYS] 2025/09/28 - 16:14:21 | system is already initialized at: 2025-09-23 14:26:35 +0800 CST 
[SYS] 2025/09/28 - 16:14:21 | REDIS_CONN_STRING not set, Redis is not enabled 
[SYS] 2025/09/28 - 16:14:21 | New API v0.0.0 started 
[SYS] 2025/09/28 - 16:14:21 | memory cache enabled 
[SYS] 2025/09/28 - 16:14:21 | sync frequency: 60 seconds 
[SYS] 2025/09/28 - 16:14:21 | channels synced from database 
[SYS] 2025/09/28 - 16:14:21 | 正在更新数据看板数据... 
[SYS] 2025/09/28 - 16:14:21 | 保存数据看板数据成功，共保存0条数据 
[SYS] 2025/09/28 - 16:14:36 | 任务进度轮询开始 
[SYS] 2025/09/28 - 16:14:36 | 任务进度轮询完成 
[INFO] 2025/09/28 - 16:14:40 | 20250928161440944721000ssO2sort | 用户 1 额度充足且为无限额度令牌, 信任且不需要预扣费 
[ERR] 2025/09/28 - 16:14:42 | 20250928161440944721000ssO2sort | relay error (channel #6, status code: 500): Array index out of bounds: The requested index exceeds the array's length. Please ensure the index is within the valid range of the array. You can refer to debug_url for more details. 
[GIN] 2025/09/28 - 16:14:42 | 20250928161440944721000ssO2sort | 500 |  2.014736209s |             ::1 |    POST /v1/chat/completions
[SYS] 2025/09/28 - 16:14:51 | 任务进度轮询开始 
[SYS] 2025/09/28 - 16:14:51 | 任务进度轮询完成 
[SYS] 2025/09/28 - 16:15:06 | 任务进度轮询开始 
[SYS] 2025/09/28 - 16:15:06 | 任务进度轮询完成 
[SYS] 2025/09/28 - 16:15:21 | syncing channels from database 
[SYS] 2025/09/28 - 16:15:21 | syncing options from database 
[SYS] 2025/09/28 - 16:15:21 | channels synced from database 
[SYS] 2025/09/28 - 16:15:21 | 任务进度轮询开始 
[SYS] 2025/09/28 - 16:15:21 | 任务进度轮询完成 
