[SYS] 2025/10/16 - 11:48:27 | initializing token encoders 
[SYS] 2025/10/16 - 11:48:27 | token encoders initialized 
[SYS] 2025/10/16 - 11:48:27 | SQL_DSN not set, using SQLite as database 
[SYS] 2025/10/16 - 11:48:27 | database migration started 
[SYS] 2025/10/16 - 11:48:27 | system is already initialized at: 2025-10-10 14:30:09 +0800 CST 
[SYS] 2025/10/16 - 11:48:27 | REDIS_CONN_STRING not set, Redis is not enabled 
[SYS] 2025/10/16 - 11:48:27 | New API v0.0.0 started 
[SYS] 2025/10/16 - 11:48:27 | running in debug mode 
[SYS] 2025/10/16 - 11:48:27 | memory cache enabled 
[SYS] 2025/10/16 - 11:48:27 | sync frequency: 60 seconds 
[SYS] 2025/10/16 - 11:48:27 | channels synced from database 
[SYS] 2025/10/16 - 11:48:27 | 正在更新数据看板数据... 
[SYS] 2025/10/16 - 11:48:27 | 保存数据看板数据成功，共保存0条数据 
[SYS] 2025/10/16 - 11:48:42 | 任务进度轮询开始 
[SYS] 2025/10/16 - 11:48:42 | 任务进度轮询完成 
[GIN] 2025/10/16 - 11:48:43 | 20251016114843888317000ay5fhGDB | 200 |      48.792µs |             ::1 |     GET /api/status
[SYS] 2025/10/16 - 11:48:57 | 任务进度轮询开始 
[SYS] 2025/10/16 - 11:48:57 | 任务进度轮询完成 
[SYS] 2025/10/16 - 11:49:12 | 任务进度轮询开始 
[SYS] 2025/10/16 - 11:49:12 | 任务进度轮询完成 
[SYS] 2025/10/16 - 11:49:27 | syncing channels from database 
[SYS] 2025/10/16 - 11:49:27 | syncing options from database 
[SYS] 2025/10/16 - 11:49:27 | 任务进度轮询开始 
[SYS] 2025/10/16 - 11:49:27 | 任务进度轮询完成 
[SYS] 2025/10/16 - 11:49:27 | channels synced from database 
[SYS] 2025/10/16 - 11:49:42 | 任务进度轮询开始 
[SYS] 2025/10/16 - 11:49:42 | 任务进度轮询完成 
[SYS] 2025/10/16 - 11:49:57 | 任务进度轮询开始 
[SYS] 2025/10/16 - 11:49:57 | 任务进度轮询完成 
[SYS] 2025/10/16 - 11:50:12 | 任务进度轮询开始 
[SYS] 2025/10/16 - 11:50:12 | 任务进度轮询完成 
[SYS] 2025/10/16 - 11:50:27 | syncing options from database 
[SYS] 2025/10/16 - 11:50:27 | syncing channels from database 
[SYS] 2025/10/16 - 11:50:27 | 任务进度轮询开始 
[SYS] 2025/10/16 - 11:50:27 | 任务进度轮询完成 
[SYS] 2025/10/16 - 11:50:27 | channels synced from database 
[SYS] 2025/10/16 - 11:50:42 | 任务进度轮询开始 
[SYS] 2025/10/16 - 11:50:42 | 任务进度轮询完成 
[SYS] 2025/10/16 - 11:50:57 | 任务进度轮询开始 
[SYS] 2025/10/16 - 11:50:57 | 任务进度轮询完成 
[GIN] 2025/10/16 - 11:51:01 | 20251016115101493723000ArBLWsBM | 200 |    5.825542ms |             ::1 |     GET /
[GIN] 2025/10/16 - 11:51:02 | 202510161151025877000080gPvDa8 | 200 |      263.75µs |             ::1 |     GET /api/status
[GIN] 2025/10/16 - 11:51:07 | 20251016115107696177000jQt9g64V | 200 |    1.212542ms |             ::1 |     GET /console
[GIN] 2025/10/16 - 11:51:07 | 20251016115107792526000UeQW8LV3 | 200 |     282.125µs |             ::1 |     GET /api/status
[GIN] 2025/10/16 - 11:51:07 | 20251016115107792428000S0GfZLrE | 200 |    4.881959ms |             ::1 |     GET /api/user/self
[GIN] 2025/10/16 - 11:51:07 | 20251016115107793361000YU94e10K | 200 |   23.480791ms |             ::1 |     GET /logo.png
[GIN] 2025/10/16 - 11:51:07 | 202510161151078225970004dlYfI5B | 200 |     578.083µs |             ::1 |     GET /api/user/self
[GIN] 2025/10/16 - 11:51:07 | 20251016115107864220000nQMBKbhT | 200 |     438.416µs |             ::1 |     GET /api/user/self
[GIN] 2025/10/16 - 11:51:07 | 20251016115107865229000l6Bl4Ufn | 200 |    1.178625ms |             ::1 |     GET /api/data/?username=&start_timestamp=1760500267&end_timestamp=1760590267&default_time=hour
[GIN] 2025/10/16 - 11:51:07 | 20251016115107908200000VyaEsKUJ | 200 |      125.75µs |             ::1 |     GET /api/uptime/status
[SYS] 2025/10/16 - 11:51:12 | 任务进度轮询开始 
[SYS] 2025/10/16 - 11:51:12 | 任务进度轮询完成 
[SYS] 2025/10/16 - 11:51:27 | syncing options from database 
[SYS] 2025/10/16 - 11:51:27 | syncing channels from database 
[SYS] 2025/10/16 - 11:51:27 | 任务进度轮询开始 
[SYS] 2025/10/16 - 11:51:27 | 任务进度轮询完成 
[SYS] 2025/10/16 - 11:51:27 | channels synced from database 
[SYS] 2025/10/16 - 11:51:42 | 任务进度轮询开始 
[SYS] 2025/10/16 - 11:51:42 | 任务进度轮询完成 
[SYS] 2025/10/16 - 11:51:57 | 任务进度轮询开始 
[SYS] 2025/10/16 - 11:51:57 | 任务进度轮询完成 
[ERR] 2025/10/16 - 11:52:12 | 2025101611521268050000Mq7deX3 | user 1 | 分组 default 下模型 coze-workflow 无可用渠道（distributor） 
[GIN] 2025/10/16 - 11:52:12 | 2025101611521268050000Mq7deX3 | 503 |     330.917µs |             ::1 |    POST /v1/chat/completions
[SYS] 2025/10/16 - 11:52:12 | 任务进度轮询开始 
[SYS] 2025/10/16 - 11:52:12 | 任务进度轮询完成 
[SYS] 2025/10/16 - 11:52:27 | syncing options from database 
[SYS] 2025/10/16 - 11:52:27 | syncing channels from database 
[SYS] 2025/10/16 - 11:52:27 | 任务进度轮询开始 
[SYS] 2025/10/16 - 11:52:27 | 任务进度轮询完成 
[SYS] 2025/10/16 - 11:52:27 | channels synced from database 
[SYS] 2025/10/16 - 11:52:42 | 任务进度轮询开始 
[SYS] 2025/10/16 - 11:52:42 | 任务进度轮询完成 
[SYS] 2025/10/16 - 11:52:57 | 任务进度轮询开始 
[SYS] 2025/10/16 - 11:52:57 | 任务进度轮询完成 
[SYS] 2025/10/16 - 11:53:12 | 任务进度轮询开始 
[SYS] 2025/10/16 - 11:53:12 | 任务进度轮询完成 
[SYS] 2025/10/16 - 11:53:27 | 正在更新数据看板数据... 
[SYS] 2025/10/16 - 11:53:27 | 保存数据看板数据成功，共保存0条数据 
[SYS] 2025/10/16 - 11:53:27 | syncing options from database 
[SYS] 2025/10/16 - 11:53:27 | syncing channels from database 
[SYS] 2025/10/16 - 11:53:27 | 任务进度轮询开始 
[SYS] 2025/10/16 - 11:53:27 | 任务进度轮询完成 
[SYS] 2025/10/16 - 11:53:27 | channels synced from database 
[SYS] 2025/10/16 - 11:53:42 | 任务进度轮询开始 
[SYS] 2025/10/16 - 11:53:42 | 任务进度轮询完成 
[SYS] 2025/10/16 - 11:53:57 | 任务进度轮询开始 
[SYS] 2025/10/16 - 11:53:57 | 任务进度轮询完成 
[SYS] 2025/10/16 - 11:54:12 | 任务进度轮询开始 
[SYS] 2025/10/16 - 11:54:12 | 任务进度轮询完成 
[SYS] 2025/10/16 - 11:54:27 | syncing options from database 
[SYS] 2025/10/16 - 11:54:27 | syncing channels from database 
[SYS] 2025/10/16 - 11:54:27 | 任务进度轮询开始 
[SYS] 2025/10/16 - 11:54:27 | 任务进度轮询完成 
[SYS] 2025/10/16 - 11:54:27 | channels synced from database 
[SYS] 2025/10/16 - 11:54:42 | 任务进度轮询开始 
[SYS] 2025/10/16 - 11:54:42 | 任务进度轮询完成 
[SYS] 2025/10/16 - 11:54:57 | 任务进度轮询开始 
[SYS] 2025/10/16 - 11:54:57 | 任务进度轮询完成 
[SYS] 2025/10/16 - 11:55:12 | 任务进度轮询开始 
[SYS] 2025/10/16 - 11:55:12 | 任务进度轮询完成 
[SYS] 2025/10/16 - 11:55:27 | syncing options from database 
[SYS] 2025/10/16 - 11:55:27 | syncing channels from database 
[SYS] 2025/10/16 - 11:55:27 | 任务进度轮询开始 
[SYS] 2025/10/16 - 11:55:27 | 任务进度轮询完成 
[SYS] 2025/10/16 - 11:55:27 | channels synced from database 
[SYS] 2025/10/16 - 11:55:42 | 任务进度轮询开始 
[SYS] 2025/10/16 - 11:55:42 | 任务进度轮询完成 
[SYS] 2025/10/16 - 11:55:57 | 任务进度轮询开始 
[SYS] 2025/10/16 - 11:55:57 | 任务进度轮询完成 
[GIN] 2025/10/16 - 11:56:04 | 20251016115604130515000DJ4yUBnp | 200 |      172.75µs |             ::1 |     GET /
[GIN] 2025/10/16 - 11:56:04 | 20251016115604734914000KAnJwjmk | 200 |     540.583µs |             ::1 |     GET /api/status
[SYS] 2025/10/16 - 11:56:12 | 任务进度轮询开始 
[SYS] 2025/10/16 - 11:56:12 | 任务进度轮询完成 
[SYS] 2025/10/16 - 11:56:27 | syncing options from database 
[SYS] 2025/10/16 - 11:56:27 | 任务进度轮询开始 
[SYS] 2025/10/16 - 11:56:27 | syncing channels from database 
[SYS] 2025/10/16 - 11:56:27 | 任务进度轮询完成 
[SYS] 2025/10/16 - 11:56:27 | channels synced from database 
