[SYS] 2025/11/11 - 16:02:17 | initializing token encoders 
[SYS] 2025/11/11 - 16:02:17 | token encoders initialized 
[SYS] 2025/11/11 - 16:02:17 | SQL_DSN not set, using SQLite as database 
[SYS] 2025/11/11 - 16:02:17 | database migration started 
[SYS] 2025/11/11 - 16:02:17 | system is already initialized at: 2025-09-23 14:26:35 +0800 CST 
[SYS] 2025/11/11 - 16:02:17 | REDIS_CONN_STRING not set, Redis is not enabled 
[SYS] 2025/11/11 - 16:02:17 | New API v0.0.0 started 
[SYS] 2025/11/11 - 16:02:17 | running in debug mode 
[SYS] 2025/11/11 - 16:02:17 | 正在更新数据看板数据... 
[SYS] 2025/11/11 - 16:02:17 | 保存数据看板数据成功，共保存0条数据 
[GIN] 2025/11/11 - 16:02:29 | 202511111602291624790000KuHnRPY | 200 |    5.312792ms |             ::1 |     GET /console
[GIN] 2025/11/11 - 16:02:29 | 20251111160229269609000s1CreMIE | 200 |    79.70325ms |             ::1 |     GET /assets/semi-ui-C8lvzIot.js
[GIN] 2025/11/11 - 16:02:29 | 20251111160229269326000deEImqQI | 200 |   169.44875ms |             ::1 |     GET /assets/index-Dz7b1m9y.js
[GIN] 2025/11/11 - 16:02:29 | 202511111602295900080003l1Ucgr4 | 401 |      1.5815ms |             ::1 |     GET /api/user/self
[GIN] 2025/11/11 - 16:02:29 | 20251111160229595471000YFaLfJsu | 200 |     972.125µs |             ::1 |     GET /api/status
[GIN] 2025/11/11 - 16:02:29 | 202511111602295949220008sVfmk7u | 200 |  229.691833ms |             ::1 |     GET /logo.png
[GIN] 2025/11/11 - 16:02:29 | 20251111160229899383000e2KWKbf6 | 200 |     540.208µs |             ::1 |     GET /login?expired=true
[GIN] 2025/11/11 - 16:02:30 | 2025111116023048971000aDrXUxnd | 200 |     453.958µs |             ::1 |     GET /api/status
[GIN] 2025/11/11 - 16:02:31 | 202511111602314626370008wecgcM7 | 200 |   83.800167ms |             ::1 |    POST /api/user/login?turnstile=
[GIN] 2025/11/11 - 16:02:31 | 20251111160231592234000CsBsrqVQ | 200 |     663.875µs |             ::1 |     GET /api/user/self
[GIN] 2025/11/11 - 16:02:31 | 20251111160231592198000x6t0oNDa | 200 |   50.651666ms |             ::1 |     GET /assets/index-CWhYnMww.js
[GIN] 2025/11/11 - 16:02:31 | 20251111160231674389000XIWMyGW2 | 200 |     378.542µs |             ::1 |     GET /api/user/self
[GIN] 2025/11/11 - 16:02:31 | 20251111160231675622000BSwQyKv6 | 200 |     451.042µs |             ::1 |     GET /api/data/?username=&start_timestamp=1762761751&end_timestamp=1762851751&default_time=hour
[GIN] 2025/11/11 - 16:02:31 | 20251111160231739769000zMRZFEjX | 200 |     164.583µs |             ::1 |     GET /api/uptime/status
[SYS] 2025/11/11 - 16:02:32 | 任务进度轮询开始 
[SYS] 2025/11/11 - 16:02:32 | 任务进度轮询完成 
[SYS] 2025/11/11 - 16:02:47 | 任务进度轮询开始 
[SYS] 2025/11/11 - 16:02:47 | 任务进度轮询完成 
[SYS] 2025/11/11 - 16:03:02 | 任务进度轮询开始 
[SYS] 2025/11/11 - 16:03:02 | 任务进度轮询完成 
[SYS] 2025/11/11 - 16:03:17 | syncing options from database 
[SYS] 2025/11/11 - 16:03:17 | 任务进度轮询开始 
[SYS] 2025/11/11 - 16:03:17 | 任务进度轮询完成 
[SYS] 2025/11/11 - 16:03:32 | 任务进度轮询开始 
[SYS] 2025/11/11 - 16:03:32 | 任务进度轮询完成 
[SYS] 2025/11/11 - 16:03:47 | 任务进度轮询开始 
[SYS] 2025/11/11 - 16:03:47 | 任务进度轮询完成 
[SYS] 2025/11/11 - 16:04:02 | 任务进度轮询开始 
[SYS] 2025/11/11 - 16:04:02 | 任务进度轮询完成 
[SYS] 2025/11/11 - 16:04:17 | syncing options from database 
[SYS] 2025/11/11 - 16:04:17 | 任务进度轮询开始 
[SYS] 2025/11/11 - 16:04:17 | 任务进度轮询完成 
[SYS] 2025/11/11 - 16:04:32 | 任务进度轮询开始 
[SYS] 2025/11/11 - 16:04:32 | 任务进度轮询完成 
[SYS] 2025/11/11 - 16:04:47 | 任务进度轮询开始 
[SYS] 2025/11/11 - 16:04:47 | 任务进度轮询完成 
[GIN] 2025/11/11 - 16:04:58 | 20251111160458960433000e3DEYx07 | 200 |    1.956416ms |             ::1 |     GET /api/log/?p=1&page_size=10&type=0&username=&token_name=&model_name=&start_timestamp=1762790400&end_timestamp=1762851898&channel=&group=
[GIN] 2025/11/11 - 16:04:59 | 202511111604597044000REadO0ER | 200 |     712.125µs |             ::1 |     GET /api/log/stat?type=0&username=&token_name=&model_name=&start_timestamp=1762790400&end_timestamp=1762851898&channel=&group=
[GIN] 2025/11/11 - 16:05:00 | 20251111160500611999000ZzzXhEoi | 200 |      469.75µs |             ::1 |     GET /api/user/self/groups
[GIN] 2025/11/11 - 16:05:00 | 20251111160500611994000pPrj0Mwy | 200 |    1.358625ms |             ::1 |     GET /api/token/?p=1&size=10
[GIN] 2025/11/11 - 16:05:00 | 20251111160500611772000w8gaAIDe | 200 |    3.128958ms |             ::1 |     GET /api/user/models
[GIN] 2025/11/11 - 16:05:01 | 20251111160501494513000RAVgkE4N | 200 |       590.5µs |             ::1 |     GET /api/user/self
[GIN] 2025/11/11 - 16:05:01 | 20251111160501494595000XKgmIU61 | 200 |     558.375µs |             ::1 |     GET /api/data/?username=&start_timestamp=1762761901&end_timestamp=1762851901&default_time=hour
[GIN] 2025/11/11 - 16:05:01 | 20251111160501516954000myeiJsl3 | 200 |     240.584µs |             ::1 |     GET /api/uptime/status
[SYS] 2025/11/11 - 16:05:02 | 任务进度轮询开始 
[SYS] 2025/11/11 - 16:05:02 | 任务进度轮询完成 
[GIN] 2025/11/11 - 16:05:06 | 20251111160506547544000cY4CtV4u | 200 |    1.133458ms |             ::1 |     GET /api/token/?p=1&size=10
[GIN] 2025/11/11 - 16:05:06 | 20251111160506547545000JpkCvudO | 200 |    3.472042ms |             ::1 |     GET /api/user/self/groups
[GIN] 2025/11/11 - 16:05:06 | 202511111605065474080008p8UBZyD | 200 |    6.137792ms |             ::1 |     GET /api/user/models
[SYS] 2025/11/11 - 16:05:17 | syncing options from database 
[SYS] 2025/11/11 - 16:05:17 | 任务进度轮询开始 
[SYS] 2025/11/11 - 16:05:17 | 任务进度轮询完成 
[SYS] 2025/11/11 - 16:05:32 | 任务进度轮询开始 
[SYS] 2025/11/11 - 16:05:32 | 任务进度轮询完成 
[SYS] 2025/11/11 - 16:05:47 | 任务进度轮询开始 
[SYS] 2025/11/11 - 16:05:47 | 任务进度轮询完成 
[SYS] 2025/11/11 - 16:06:02 | 任务进度轮询开始 
[SYS] 2025/11/11 - 16:06:02 | 任务进度轮询完成 
[SYS] 2025/11/11 - 16:06:17 | syncing options from database 
[SYS] 2025/11/11 - 16:06:17 | 任务进度轮询开始 
[SYS] 2025/11/11 - 16:06:17 | 任务进度轮询完成 
[SYS] 2025/11/11 - 16:06:32 | 任务进度轮询开始 
[SYS] 2025/11/11 - 16:06:32 | 任务进度轮询完成 
[SYS] 2025/11/11 - 16:06:47 | 任务进度轮询开始 
[SYS] 2025/11/11 - 16:06:47 | 任务进度轮询完成 
[SYS] 2025/11/11 - 16:07:02 | 任务进度轮询开始 
[SYS] 2025/11/11 - 16:07:02 | 任务进度轮询完成 
[SYS] 2025/11/11 - 16:07:17 | 正在更新数据看板数据... 
[SYS] 2025/11/11 - 16:07:17 | 保存数据看板数据成功，共保存0条数据 
[SYS] 2025/11/11 - 16:07:17 | 任务进度轮询开始 
[SYS] 2025/11/11 - 16:07:17 | syncing options from database 
[SYS] 2025/11/11 - 16:07:17 | 任务进度轮询完成 
[SYS] 2025/11/11 - 16:07:32 | 任务进度轮询开始 
[SYS] 2025/11/11 - 16:07:32 | 任务进度轮询完成 
[SYS] 2025/11/11 - 16:07:47 | 任务进度轮询开始 
[SYS] 2025/11/11 - 16:07:47 | 任务进度轮询完成 
[SYS] 2025/11/11 - 16:08:02 | 任务进度轮询开始 
[SYS] 2025/11/11 - 16:08:02 | 任务进度轮询完成 
[SYS] 2025/11/11 - 16:08:17 | 任务进度轮询开始 
[SYS] 2025/11/11 - 16:08:17 | syncing options from database 
[SYS] 2025/11/11 - 16:08:17 | 任务进度轮询完成 
[SYS] 2025/11/11 - 16:08:32 | 任务进度轮询开始 
[SYS] 2025/11/11 - 16:08:32 | 任务进度轮询完成 
[SYS] 2025/11/11 - 16:08:47 | 任务进度轮询开始 
[SYS] 2025/11/11 - 16:08:47 | 任务进度轮询完成 
[SYS] 2025/11/11 - 16:09:02 | 任务进度轮询开始 
[SYS] 2025/11/11 - 16:09:02 | 任务进度轮询完成 
[SYS] 2025/11/11 - 16:09:17 | syncing options from database 
[SYS] 2025/11/11 - 16:09:17 | 任务进度轮询开始 
[SYS] 2025/11/11 - 16:09:17 | 任务进度轮询完成 
[SYS] 2025/11/11 - 16:09:32 | 任务进度轮询开始 
[SYS] 2025/11/11 - 16:09:32 | 任务进度轮询完成 
[SYS] 2025/11/11 - 16:09:47 | 任务进度轮询开始 
[SYS] 2025/11/11 - 16:09:47 | 任务进度轮询完成 
[SYS] 2025/11/11 - 16:10:02 | 任务进度轮询开始 
[SYS] 2025/11/11 - 16:10:02 | 任务进度轮询完成 
[GIN] 2025/11/11 - 16:10:11 | 20251111161011811795000hApHVKTq | 200 |    1.214917ms |             ::1 |     GET /api/log/?p=1&page_size=10&type=0&username=&token_name=&model_name=&start_timestamp=1762790400&end_timestamp=1762852211&channel=&group=
[GIN] 2025/11/11 - 16:10:11 | 202511111610118588350001XGBAk16 | 200 |    5.324666ms |             ::1 |     GET /api/log/stat?type=0&username=&token_name=&model_name=&start_timestamp=1762790400&end_timestamp=1762852211&channel=&group=
[GIN] 2025/11/11 - 16:10:12 | 20251111161012854086000pt3R7P0E | 200 |     890.083µs |             ::1 |     GET /api/mj/?p=1&page_size=10&channel_id=&mj_id=&start_timestamp=1760256612000&end_timestamp=1762852212000
[GIN] 2025/11/11 - 16:10:13 | 20251111161013194567000mTIxoZ7X | 200 |    1.321375ms |             ::1 |     GET /api/task/?p=1&page_size=10&channel_id=&task_id=&start_timestamp=1762790400&end_timestamp=1762852213
[GIN] 2025/11/11 - 16:10:15 | 20251111161015328075000l52nN0s4 | 200 |    1.843375ms |             ::1 |     GET /api/option/
[GIN] 2025/11/11 - 16:10:16 | 20251111161016722407000fbAuEUBG | 200 |     845.875µs |             ::1 |     GET /api/option/
[GIN] 2025/11/11 - 16:10:16 | 20251111161016724165000lUlm4lh1 | 200 |    3.229041ms |             ::1 |     GET /api/channel/models_enabled
[SYS] 2025/11/11 - 16:10:17 | syncing options from database 
[SYS] 2025/11/11 - 16:10:17 | 任务进度轮询开始 
[SYS] 2025/11/11 - 16:10:17 | 任务进度轮询完成 
[SYS] 2025/11/11 - 16:10:32 | 任务进度轮询开始 
[SYS] 2025/11/11 - 16:10:32 | 任务进度轮询完成 
[SYS] 2025/11/11 - 16:10:47 | 任务进度轮询开始 
[SYS] 2025/11/11 - 16:10:47 | 任务进度轮询完成 
[SYS] 2025/11/11 - 16:11:02 | 任务进度轮询开始 
[SYS] 2025/11/11 - 16:11:02 | 任务进度轮询完成 
[SYS] 2025/11/11 - 16:11:17 | syncing options from database 
[SYS] 2025/11/11 - 16:11:17 | 任务进度轮询开始 
[SYS] 2025/11/11 - 16:11:17 | 任务进度轮询完成 
[SYS] 2025/11/11 - 16:11:32 | 任务进度轮询开始 
[SYS] 2025/11/11 - 16:11:32 | 任务进度轮询完成 
[SYS] 2025/11/11 - 16:11:47 | 任务进度轮询开始 
[SYS] 2025/11/11 - 16:11:47 | 任务进度轮询完成 
[SYS] 2025/11/11 - 16:12:02 | 任务进度轮询开始 
[SYS] 2025/11/11 - 16:12:02 | 任务进度轮询完成 
[SYS] 2025/11/11 - 16:12:17 | 正在更新数据看板数据... 
[SYS] 2025/11/11 - 16:12:17 | 保存数据看板数据成功，共保存0条数据 
[SYS] 2025/11/11 - 16:12:17 | 任务进度轮询开始 
[SYS] 2025/11/11 - 16:12:17 | syncing options from database 
[SYS] 2025/11/11 - 16:12:17 | 任务进度轮询完成 
[SYS] 2025/11/11 - 16:12:32 | 任务进度轮询开始 
[SYS] 2025/11/11 - 16:12:32 | 任务进度轮询完成 
[SYS] 2025/11/11 - 16:12:47 | 任务进度轮询开始 
[SYS] 2025/11/11 - 16:12:47 | 任务进度轮询完成 
[SYS] 2025/11/11 - 16:13:02 | 任务进度轮询开始 
[SYS] 2025/11/11 - 16:13:02 | 任务进度轮询完成 
[SYS] 2025/11/11 - 16:13:17 | syncing options from database 
[SYS] 2025/11/11 - 16:13:17 | 任务进度轮询开始 
[SYS] 2025/11/11 - 16:13:17 | 任务进度轮询完成 
[SYS] 2025/11/11 - 16:13:32 | 任务进度轮询开始 
[SYS] 2025/11/11 - 16:13:32 | 任务进度轮询完成 
[SYS] 2025/11/11 - 16:13:47 | 任务进度轮询开始 
[SYS] 2025/11/11 - 16:13:47 | 任务进度轮询完成 
[SYS] 2025/11/11 - 16:14:02 | 任务进度轮询开始 
[SYS] 2025/11/11 - 16:14:02 | 任务进度轮询完成 
[SYS] 2025/11/11 - 16:14:17 | syncing options from database 
[SYS] 2025/11/11 - 16:14:17 | 任务进度轮询开始 
[SYS] 2025/11/11 - 16:14:17 | 任务进度轮询完成 
[SYS] 2025/11/11 - 16:14:32 | 任务进度轮询开始 
[SYS] 2025/11/11 - 16:14:32 | 任务进度轮询完成 
[SYS] 2025/11/11 - 16:14:47 | 任务进度轮询开始 
[SYS] 2025/11/11 - 16:14:47 | 任务进度轮询完成 
[SYS] 2025/11/11 - 16:15:02 | 任务进度轮询开始 
[SYS] 2025/11/11 - 16:15:02 | 任务进度轮询完成 
[SYS] 2025/11/11 - 16:15:17 | syncing options from database 
[SYS] 2025/11/11 - 16:15:17 | 任务进度轮询开始 
[SYS] 2025/11/11 - 16:15:17 | 任务进度轮询完成 
[SYS] 2025/11/11 - 16:15:32 | 任务进度轮询开始 
[SYS] 2025/11/11 - 16:15:32 | 任务进度轮询完成 
[SYS] 2025/11/11 - 16:15:47 | 任务进度轮询开始 
[SYS] 2025/11/11 - 16:15:47 | 任务进度轮询完成 
[SYS] 2025/11/11 - 16:16:02 | 任务进度轮询开始 
[SYS] 2025/11/11 - 16:16:02 | 任务进度轮询完成 
[SYS] 2025/11/11 - 16:16:17 | syncing options from database 
[SYS] 2025/11/11 - 16:16:17 | 任务进度轮询开始 
[SYS] 2025/11/11 - 16:16:17 | 任务进度轮询完成 
[SYS] 2025/11/11 - 16:16:32 | 任务进度轮询开始 
[SYS] 2025/11/11 - 16:16:32 | 任务进度轮询完成 
[SYS] 2025/11/11 - 16:16:47 | 任务进度轮询开始 
[SYS] 2025/11/11 - 16:16:47 | 任务进度轮询完成 
[SYS] 2025/11/11 - 16:17:02 | 任务进度轮询开始 
[SYS] 2025/11/11 - 16:17:02 | 任务进度轮询完成 
[SYS] 2025/11/11 - 16:17:17 | 正在更新数据看板数据... 
[SYS] 2025/11/11 - 16:17:17 | 保存数据看板数据成功，共保存0条数据 
[SYS] 2025/11/11 - 16:17:17 | syncing options from database 
[SYS] 2025/11/11 - 16:17:17 | 任务进度轮询开始 
[SYS] 2025/11/11 - 16:17:17 | 任务进度轮询完成 
[SYS] 2025/11/11 - 16:17:32 | 任务进度轮询开始 
[SYS] 2025/11/11 - 16:17:32 | 任务进度轮询完成 
[SYS] 2025/11/11 - 16:17:47 | 任务进度轮询开始 
[SYS] 2025/11/11 - 16:17:47 | 任务进度轮询完成 
[SYS] 2025/11/11 - 16:18:02 | 任务进度轮询开始 
[SYS] 2025/11/11 - 16:18:02 | 任务进度轮询完成 
[SYS] 2025/11/11 - 16:18:17 | 任务进度轮询开始 
[SYS] 2025/11/11 - 16:18:17 | syncing options from database 
[SYS] 2025/11/11 - 16:18:17 | 任务进度轮询完成 
[SYS] 2025/11/11 - 16:18:32 | 任务进度轮询开始 
[SYS] 2025/11/11 - 16:18:32 | 任务进度轮询完成 
[SYS] 2025/11/11 - 16:18:47 | 任务进度轮询开始 
[SYS] 2025/11/11 - 16:18:47 | 任务进度轮询完成 
[SYS] 2025/11/11 - 16:19:02 | 任务进度轮询开始 
[SYS] 2025/11/11 - 16:19:02 | 任务进度轮询完成 
[SYS] 2025/11/11 - 16:19:17 | syncing options from database 
[SYS] 2025/11/11 - 16:19:17 | 任务进度轮询开始 
[SYS] 2025/11/11 - 16:19:17 | 任务进度轮询完成 
[SYS] 2025/11/11 - 16:19:32 | 任务进度轮询开始 
[SYS] 2025/11/11 - 16:19:32 | 任务进度轮询完成 
[GIN] 2025/11/11 - 16:19:45 | 20251111161945717758000d1Ju74dl | 200 |    1.282333ms |             ::1 |     GET /api/log/?p=1&page_size=10&type=0&username=&token_name=&model_name=&start_timestamp=1762790400&end_timestamp=1762852785&channel=&group=
[GIN] 2025/11/11 - 16:19:45 | 20251111161945743080000Kl3mCXoa | 200 |       1.045ms |             ::1 |     GET /api/log/stat?type=0&username=&token_name=&model_name=&start_timestamp=1762790400&end_timestamp=1762852785&channel=&group=
[GIN] 2025/11/11 - 16:19:46 | 20251111161946974998000KrUiurvU | 200 |    1.244541ms |             ::1 |     GET /api/mj/?p=1&page_size=10&channel_id=&mj_id=&start_timestamp=1760257186000&end_timestamp=1762852786000
[GIN] 2025/11/11 - 16:19:47 | 20251111161947301776000ifhSJX2p | 200 |    1.002959ms |             ::1 |     GET /api/task/?p=1&page_size=10&channel_id=&task_id=&start_timestamp=1762790400&end_timestamp=1762852787
[SYS] 2025/11/11 - 16:19:47 | 任务进度轮询开始 
[SYS] 2025/11/11 - 16:19:47 | 任务进度轮询完成 
[GIN] 2025/11/11 - 16:19:48 | 20251111161948556917000Iu7ayzcm | 200 |     847.292µs |             ::1 |     GET /api/log/?p=1&page_size=10&type=0&username=&token_name=&model_name=&start_timestamp=1762790400&end_timestamp=1762852788&channel=&group=
[GIN] 2025/11/11 - 16:19:48 | 20251111161948562925000sVCXNoiL | 200 |     943.625µs |             ::1 |     GET /api/log/stat?type=0&username=&token_name=&model_name=&start_timestamp=1762790400&end_timestamp=1762852788&channel=&group=
[SYS] 2025/11/11 - 16:20:02 | 任务进度轮询开始 
[SYS] 2025/11/11 - 16:20:02 | 任务进度轮询完成 
[ERR] 2025/11/11 - 16:20:03 | 20251111162003983231000FG1gnfEq | user 0 | 无效的令牌 
[GIN] 2025/11/11 - 16:20:03 | 20251111162003983231000FG1gnfEq | 401 |       3.412ms |             ::1 |    POST /v1/chat/completions
[SYS] 2025/11/11 - 16:20:17 | 任务进度轮询开始 
[SYS] 2025/11/11 - 16:20:17 | syncing options from database 
[SYS] 2025/11/11 - 16:20:17 | 任务进度轮询完成 
[GIN] 2025/11/11 - 16:20:24 | 20251111162024148781000UNeMkIqC | 200 |   18.041625ms |             ::1 |     GET /api/user/self/groups
[GIN] 2025/11/11 - 16:20:24 | 20251111162024148783000iwbcQe3y | 200 |   26.636083ms |             ::1 |     GET /api/token/?p=1&size=10
[GIN] 2025/11/11 - 16:20:24 | 20251111162024148783000CnKMGjI1 | 200 |   33.690125ms |             ::1 |     GET /api/user/models
[SYS] 2025/11/11 - 16:20:32 | 任务进度轮询开始 
[SYS] 2025/11/11 - 16:20:32 | 任务进度轮询完成 
[SYS] 2025/11/11 - 16:20:47 | 任务进度轮询开始 
[SYS] 2025/11/11 - 16:20:47 | 任务进度轮询完成 
[SYS] 2025/11/11 - 16:21:02 | 任务进度轮询开始 
[SYS] 2025/11/11 - 16:21:02 | 任务进度轮询完成 
[SYS] 2025/11/11 - 16:21:17 | syncing options from database 
[SYS] 2025/11/11 - 16:21:17 | 任务进度轮询开始 
[SYS] 2025/11/11 - 16:21:17 | 任务进度轮询完成 
[SYS] 2025/11/11 - 16:21:32 | 任务进度轮询开始 
[SYS] 2025/11/11 - 16:21:32 | 任务进度轮询完成 
[ERR] 2025/11/11 - 16:21:46 | 20251111162146478178000Z1XdQRyX | user 0 | 无效的令牌 
[GIN] 2025/11/11 - 16:21:46 | 20251111162146478178000Z1XdQRyX | 401 |     381.875µs |             ::1 |    POST /v1/chat/completions
[SYS] 2025/11/11 - 16:21:47 | 任务进度轮询开始 
[SYS] 2025/11/11 - 16:21:47 | 任务进度轮询完成 
[SYS] 2025/11/11 - 16:22:02 | 任务进度轮询开始 
[SYS] 2025/11/11 - 16:22:02 | 任务进度轮询完成 
[SYS] 2025/11/11 - 16:22:17 | 正在更新数据看板数据... 
[SYS] 2025/11/11 - 16:22:17 | 保存数据看板数据成功，共保存0条数据 
[SYS] 2025/11/11 - 16:22:17 | 任务进度轮询开始 
[SYS] 2025/11/11 - 16:22:17 | syncing options from database 
[SYS] 2025/11/11 - 16:22:17 | 任务进度轮询完成 
