[SYS] 2025/10/13 - 14:05:49 | initializing token encoders 
[SYS] 2025/10/13 - 14:05:49 | token encoders initialized 
[SYS] 2025/10/13 - 14:05:49 | SQL_DSN not set, using SQLite as database 
[SYS] 2025/10/13 - 14:05:49 | database migration started 
[SYS] 2025/10/13 - 14:05:49 | system is already initialized at: 2025-10-10 14:30:09 +0800 CST 
[SYS] 2025/10/13 - 14:05:49 | REDIS_CONN_STRING not set, Redis is not enabled 
[SYS] 2025/10/13 - 14:05:49 | New API v0.0.0 started 
[SYS] 2025/10/13 - 14:05:49 | running in debug mode 
[SYS] 2025/10/13 - 14:05:49 | memory cache enabled 
[SYS] 2025/10/13 - 14:05:49 | sync frequency: 60 seconds 
[SYS] 2025/10/13 - 14:05:49 | channels synced from database 
[SYS] 2025/10/13 - 14:05:49 | 正在更新数据看板数据... 
[SYS] 2025/10/13 - 14:05:49 | 保存数据看板数据成功，共保存0条数据 
[SYS] 2025/10/13 - 14:06:04 | 任务进度轮询开始 
[SYS] 2025/10/13 - 14:06:04 | 任务进度轮询完成 
[SYS] 2025/10/13 - 14:06:19 | 任务进度轮询开始 
[SYS] 2025/10/13 - 14:06:19 | 任务进度轮询完成 
[SYS] 2025/10/13 - 14:06:34 | 任务进度轮询开始 
[SYS] 2025/10/13 - 14:06:34 | 任务进度轮询完成 
[SYS] 2025/10/13 - 14:06:49 | syncing options from database 
[SYS] 2025/10/13 - 14:06:49 | syncing channels from database 
[SYS] 2025/10/13 - 14:06:49 | 任务进度轮询开始 
[SYS] 2025/10/13 - 14:06:49 | channels synced from database 
[SYS] 2025/10/13 - 14:06:49 | 任务进度轮询完成 
[SYS] 2025/10/13 - 14:07:04 | 任务进度轮询开始 
[SYS] 2025/10/13 - 14:07:04 | 任务进度轮询完成 
[SYS] 2025/10/13 - 14:07:19 | 任务进度轮询开始 
[SYS] 2025/10/13 - 14:07:19 | 任务进度轮询完成 
[SYS] 2025/10/13 - 14:07:34 | 任务进度轮询开始 
[SYS] 2025/10/13 - 14:07:34 | 任务进度轮询完成 
[SYS] 2025/10/13 - 14:07:49 | syncing options from database 
[SYS] 2025/10/13 - 14:07:49 | syncing channels from database 
[SYS] 2025/10/13 - 14:07:49 | channels synced from database 
[SYS] 2025/10/13 - 14:07:49 | 任务进度轮询开始 
[SYS] 2025/10/13 - 14:07:49 | 任务进度轮询完成 
[SYS] 2025/10/13 - 14:08:04 | 任务进度轮询开始 
[SYS] 2025/10/13 - 14:08:04 | 任务进度轮询完成 
[SYS] 2025/10/13 - 14:08:19 | 任务进度轮询开始 
[SYS] 2025/10/13 - 14:08:19 | 任务进度轮询完成 
[SYS] 2025/10/13 - 14:08:34 | 任务进度轮询开始 
[SYS] 2025/10/13 - 14:08:34 | 任务进度轮询完成 
[SYS] 2025/10/13 - 14:08:49 | syncing options from database 
[SYS] 2025/10/13 - 14:08:49 | syncing channels from database 
[SYS] 2025/10/13 - 14:08:49 | channels synced from database 
[SYS] 2025/10/13 - 14:08:49 | 任务进度轮询开始 
[SYS] 2025/10/13 - 14:08:49 | 任务进度轮询完成 
[SYS] 2025/10/13 - 14:09:04 | 任务进度轮询开始 
[SYS] 2025/10/13 - 14:09:04 | 任务进度轮询完成 
[GIN] 2025/10/13 - 14:09:17 | 20251013140917356368000Mb07o6Ze | 200 |     645.083µs |             ::1 |     GET /console/setting?tab=ratio
[GIN] 2025/10/13 - 14:09:17 | 20251013140917377304000SLKfeW54 | 200 |     171.417µs |             ::1 |     GET /.well-known/appspecific/com.chrome.devtools.json
[GIN] 2025/10/13 - 14:09:17 | 202510131409176151260006syd00gD | 200 |     351.334µs |             ::1 |     GET /api/status
[GIN] 2025/10/13 - 14:09:17 | 20251013140917614989000lKZa9WxA | 200 |     920.292µs |             ::1 |     GET /api/user/self
[GIN] 2025/10/13 - 14:09:17 | 20251013140917797496000mH742L24 | 200 |     449.333µs |             ::1 |     GET /api/user/self
[GIN] 2025/10/13 - 14:09:17 | 20251013140917799174000ka5Dkk9N | 200 |     767.208µs |             ::1 |     GET /api/option/
[GIN] 2025/10/13 - 14:09:17 | 20251013140917798184000BWGhM680 | 200 |    3.477041ms |             ::1 |     GET /api/channel/models_enabled
[SYS] 2025/10/13 - 14:09:19 | 任务进度轮询开始 
[SYS] 2025/10/13 - 14:09:19 | 任务进度轮询完成 
[GIN] 2025/10/13 - 14:09:19 | 202510131409198656830007tXdd26H | 200 |     923.459µs |             ::1 |     GET /api/user/self/groups
[GIN] 2025/10/13 - 14:09:19 | 20251013140919865099000IAlpgBFh | 200 |       2.354ms |             ::1 |     GET /api/token/?p=1&size=10
[GIN] 2025/10/13 - 14:09:19 | 20251013140919864490000dcqt8fxj | 200 |    5.959125ms |             ::1 |     GET /api/user/models
[GIN] 2025/10/13 - 14:09:20 | 20251013140920437328000UzqUgxQG | 200 |    2.799375ms |             ::1 |     GET /api/log/?p=1&page_size=10&type=0&username=&token_name=&model_name=&start_timestamp=1760284800&end_timestamp=1760339360&channel=&group=
[GIN] 2025/10/13 - 14:09:20 | 20251013140920464375000AL6KZGN6 | 200 |     551.916µs |             ::1 |     GET /api/log/stat?type=0&username=&token_name=&model_name=&start_timestamp=1760284800&end_timestamp=1760339360&channel=&group=
[GIN] 2025/10/13 - 14:09:21 | 20251013140921303830000M7EMTwBL | 200 |         432µs |             ::1 |     GET /console/log
[GIN] 2025/10/13 - 14:09:21 | 20251013140921323765000JlaBBDeD | 200 |     855.416µs |             ::1 |     GET /.well-known/appspecific/com.chrome.devtools.json
[GIN] 2025/10/13 - 14:09:21 | 20251013140921328466000P9In2374 | 200 |      5.2275ms |             ::1 |     GET /assets/i18n-bH1aaDdY.js
[GIN] 2025/10/13 - 14:09:21 | 202510131409213359470009wxtRJr1 | 200 |    6.750458ms |             ::1 |     GET /assets/tools-DfDywZp9.js
[GIN] 2025/10/13 - 14:09:21 | 20251013140921328259000v5Ok70a7 | 200 |    15.65875ms |             ::1 |     GET /assets/react-core-D-iPSUlg.js
[GIN] 2025/10/13 - 14:09:21 | 20251013140921344511000DkyLByqu | 200 |    2.042625ms |             ::1 |     GET /assets/react-components-BnylIsR_.js
[GIN] 2025/10/13 - 14:09:21 | 20251013140921328856000NFeC3qRo | 200 |   21.693958ms |             ::1 |     GET /assets/semi-ui-yRXI6evF.css
[GIN] 2025/10/13 - 14:09:21 | 20251013140921328986000C8MTu87z | 200 |   23.104292ms |             ::1 |     GET /assets/index-C6TxzCs_.css
[GIN] 2025/10/13 - 14:09:21 | 20251013140921328394000TegBByoc | 200 |   68.614792ms |             ::1 |     GET /assets/semi-ui-C8lvzIot.js
[GIN] 2025/10/13 - 14:09:21 | 20251013140921328171000pOz9KJug | 200 |  128.510125ms |             ::1 |     GET /assets/index-uzFyjPUM.js
[GIN] 2025/10/13 - 14:09:21 | 20251013140921582140000D6oFP9aQ | 200 |     682.917µs |             ::1 |     GET /api/log/?p=1&page_size=10&type=0&username=&token_name=&model_name=&start_timestamp=1760284800&end_timestamp=1760339361&channel=&group=
[GIN] 2025/10/13 - 14:09:21 | 20251013140921582905000N92VENh7 | 200 |     626.416µs |             ::1 |     GET /api/user/self
[GIN] 2025/10/13 - 14:09:21 | 20251013140921583574000teHZmcdI | 200 |      95.625µs |             ::1 |     GET /api/status
[GIN] 2025/10/13 - 14:09:21 | 20251013140921587532000WFS369cG | 200 |  147.057334ms |             ::1 |     GET /logo.png
[GIN] 2025/10/13 - 14:09:21 | 20251013140921755193000Vqm612LS | 200 |     492.667µs |             ::1 |     GET /api/log/stat?type=0&username=&token_name=&model_name=&start_timestamp=1760284800&end_timestamp=1760339361&channel=&group=
[GIN] 2025/10/13 - 14:09:21 | 20251013140921769199000274jgc8w | 200 |     434.917µs |             ::1 |     GET /api/user/self
[GIN] 2025/10/13 - 14:09:21 | 20251013140921817135000Ai5UYmk6 | 200 |    9.279958ms |             ::1 |     GET /logo.png
[GIN] 2025/10/13 - 14:09:24 | 20251013140924236010005K3XXX74 | 200 |    4.131583ms |             ::1 |     GET /logo.png
[GIN] 2025/10/13 - 14:09:29 | 202510131409297578680003zrU2KBg | 200 |     523.292µs |             ::1 |     GET /api/user/self
[GIN] 2025/10/13 - 14:09:29 | 20251013140929759097000HCkkxi2y | 200 |     1.79875ms |             ::1 |     GET /api/data/?username=&start_timestamp=1760249369&end_timestamp=1760339369&default_time=hour
[GIN] 2025/10/13 - 14:09:29 | 20251013140929785314000Redil0AS | 200 |     176.875µs |             ::1 |     GET /api/uptime/status
[GIN] 2025/10/13 - 14:09:32 | 20251013140932159261000MlqbtM6z | 200 |     869.542µs |             ::1 |     GET /api/log/?p=1&page_size=10&type=0&username=&token_name=&model_name=&start_timestamp=1760284800&end_timestamp=1760339372&channel=&group=
[GIN] 2025/10/13 - 14:09:32 | 20251013140932182724000bHZ3EsFj | 200 |     606.333µs |             ::1 |     GET /api/log/stat?type=0&username=&token_name=&model_name=&start_timestamp=1760284800&end_timestamp=1760339372&channel=&group=
[GIN] 2025/10/13 - 14:09:33 | 202510131409336747610009eEZ90ip | 200 |     983.917µs |             ::1 |     GET /api/mj/?p=1&page_size=10&channel_id=&mj_id=&start_timestamp=1757743773000&end_timestamp=1760339373000
[GIN] 2025/10/13 - 14:09:34 | 20251013140934291268000Gx8cqVnQ | 200 |     356.708µs |             ::1 |     GET /api/user/self/groups
[GIN] 2025/10/13 - 14:09:34 | 20251013140934291330000EtrWnWuM | 200 |    1.414791ms |             ::1 |     GET /api/token/?p=1&size=10
[GIN] 2025/10/13 - 14:09:34 | 20251013140934291062000XcWtrWpu | 200 |    2.976542ms |             ::1 |     GET /api/user/models
[SYS] 2025/10/13 - 14:09:34 | 任务进度轮询开始 
[SYS] 2025/10/13 - 14:09:34 | 任务进度轮询完成 
[GIN] 2025/10/13 - 14:09:34 | 20251013140934933108000y56qMtfU | 200 |      441.75µs |             ::1 |     GET /api/mj/?p=1&page_size=10&channel_id=&mj_id=&start_timestamp=1757743774000&end_timestamp=1760339374000
[GIN] 2025/10/13 - 14:09:36 | 20251013140936941576000G5AjA5xA | 200 |    1.072666ms |             ::1 |     GET /api/log/?p=1&page_size=10&type=0&username=&token_name=&model_name=&start_timestamp=1760284800&end_timestamp=1760339376&channel=&group=
[GIN] 2025/10/13 - 14:09:36 | 20251013140936961864000fhpwK7fG | 200 |     588.833µs |             ::1 |     GET /api/log/stat?type=0&username=&token_name=&model_name=&start_timestamp=1760284800&end_timestamp=1760339376&channel=&group=
[SYS] 2025/10/13 - 14:09:49 | syncing options from database 
[SYS] 2025/10/13 - 14:09:49 | syncing channels from database 
[SYS] 2025/10/13 - 14:09:49 | channels synced from database 
[SYS] 2025/10/13 - 14:09:49 | 任务进度轮询开始 
[SYS] 2025/10/13 - 14:09:49 | 任务进度轮询完成 
[SYS] 2025/10/13 - 14:10:04 | 任务进度轮询开始 
[SYS] 2025/10/13 - 14:10:04 | 任务进度轮询完成 
[SYS] 2025/10/13 - 14:10:19 | 任务进度轮询开始 
[SYS] 2025/10/13 - 14:10:19 | 任务进度轮询完成 
[SYS] 2025/10/13 - 14:10:34 | 任务进度轮询开始 
[SYS] 2025/10/13 - 14:10:34 | 任务进度轮询完成 
[SYS] 2025/10/13 - 14:10:49 | 正在更新数据看板数据... 
[SYS] 2025/10/13 - 14:10:49 | 保存数据看板数据成功，共保存0条数据 
[SYS] 2025/10/13 - 14:10:49 | syncing options from database 
[SYS] 2025/10/13 - 14:10:49 | syncing channels from database 
[SYS] 2025/10/13 - 14:10:49 | 任务进度轮询开始 
[SYS] 2025/10/13 - 14:10:49 | 任务进度轮询完成 
[SYS] 2025/10/13 - 14:10:49 | channels synced from database 
[SYS] 2025/10/13 - 14:11:04 | 任务进度轮询开始 
[SYS] 2025/10/13 - 14:11:04 | 任务进度轮询完成 
[SYS] 2025/10/13 - 14:11:19 | 任务进度轮询开始 
[SYS] 2025/10/13 - 14:11:19 | 任务进度轮询完成 
[SYS] 2025/10/13 - 14:11:34 | 任务进度轮询开始 
[SYS] 2025/10/13 - 14:11:34 | 任务进度轮询完成 
[SYS] 2025/10/13 - 14:11:49 | syncing options from database 
[SYS] 2025/10/13 - 14:11:49 | syncing channels from database 
[SYS] 2025/10/13 - 14:11:49 | 任务进度轮询开始 
[SYS] 2025/10/13 - 14:11:49 | 任务进度轮询完成 
[SYS] 2025/10/13 - 14:11:49 | channels synced from database 
[SYS] 2025/10/13 - 14:12:04 | 任务进度轮询开始 
[SYS] 2025/10/13 - 14:12:04 | 任务进度轮询完成 
[SYS] 2025/10/13 - 14:12:19 | 任务进度轮询开始 
[SYS] 2025/10/13 - 14:12:19 | 任务进度轮询完成 
[SYS] 2025/10/13 - 14:12:34 | 任务进度轮询开始 
[SYS] 2025/10/13 - 14:12:34 | 任务进度轮询完成 
[SYS] 2025/10/13 - 14:12:49 | syncing options from database 
[SYS] 2025/10/13 - 14:12:49 | 任务进度轮询开始 
[SYS] 2025/10/13 - 14:12:49 | syncing channels from database 
[SYS] 2025/10/13 - 14:12:49 | 任务进度轮询完成 
[SYS] 2025/10/13 - 14:12:49 | channels synced from database 
[SYS] 2025/10/13 - 14:13:04 | 任务进度轮询开始 
[SYS] 2025/10/13 - 14:13:04 | 任务进度轮询完成 
[SYS] 2025/10/13 - 14:13:19 | 任务进度轮询开始 
[SYS] 2025/10/13 - 14:13:19 | 任务进度轮询完成 
[SYS] 2025/10/13 - 14:13:34 | 任务进度轮询开始 
[SYS] 2025/10/13 - 14:13:34 | 任务进度轮询完成 
[SYS] 2025/10/13 - 14:13:49 | syncing options from database 
[SYS] 2025/10/13 - 14:13:49 | syncing channels from database 
[SYS] 2025/10/13 - 14:13:49 | 任务进度轮询开始 
[SYS] 2025/10/13 - 14:13:49 | 任务进度轮询完成 
[SYS] 2025/10/13 - 14:13:49 | channels synced from database 
[SYS] 2025/10/13 - 14:14:04 | 任务进度轮询开始 
[SYS] 2025/10/13 - 14:14:04 | 任务进度轮询完成 
[SYS] 2025/10/13 - 14:14:19 | 任务进度轮询开始 
[SYS] 2025/10/13 - 14:14:19 | 任务进度轮询完成 
[SYS] 2025/10/13 - 14:14:34 | 任务进度轮询开始 
[SYS] 2025/10/13 - 14:14:34 | 任务进度轮询完成 
[SYS] 2025/10/13 - 14:14:49 | syncing options from database 
[SYS] 2025/10/13 - 14:14:49 | 任务进度轮询开始 
[SYS] 2025/10/13 - 14:14:49 | syncing channels from database 
[SYS] 2025/10/13 - 14:14:49 | 任务进度轮询完成 
[SYS] 2025/10/13 - 14:14:49 | channels synced from database 
[SYS] 2025/10/13 - 14:15:04 | 任务进度轮询开始 
[SYS] 2025/10/13 - 14:15:04 | 任务进度轮询完成 
[SYS] 2025/10/13 - 14:15:19 | 任务进度轮询开始 
[SYS] 2025/10/13 - 14:15:19 | 任务进度轮询完成 
[SYS] 2025/10/13 - 14:15:34 | 任务进度轮询开始 
[SYS] 2025/10/13 - 14:15:34 | 任务进度轮询完成 
[SYS] 2025/10/13 - 14:15:49 | 正在更新数据看板数据... 
[SYS] 2025/10/13 - 14:15:49 | 保存数据看板数据成功，共保存0条数据 
[SYS] 2025/10/13 - 14:15:49 | syncing options from database 
[SYS] 2025/10/13 - 14:15:49 | syncing channels from database 
[SYS] 2025/10/13 - 14:15:49 | 任务进度轮询开始 
[SYS] 2025/10/13 - 14:15:49 | 任务进度轮询完成 
[SYS] 2025/10/13 - 14:15:49 | channels synced from database 
[SYS] 2025/10/13 - 14:16:04 | 任务进度轮询开始 
[SYS] 2025/10/13 - 14:16:04 | 任务进度轮询完成 
[SYS] 2025/10/13 - 14:16:19 | 任务进度轮询开始 
[SYS] 2025/10/13 - 14:16:19 | 任务进度轮询完成 
[SYS] 2025/10/13 - 14:16:34 | 任务进度轮询开始 
[SYS] 2025/10/13 - 14:16:34 | 任务进度轮询完成 
[SYS] 2025/10/13 - 14:16:49 | syncing options from database 
[SYS] 2025/10/13 - 14:16:49 | syncing channels from database 
[SYS] 2025/10/13 - 14:16:49 | 任务进度轮询开始 
[SYS] 2025/10/13 - 14:16:49 | 任务进度轮询完成 
[SYS] 2025/10/13 - 14:16:49 | channels synced from database 
[SYS] 2025/10/13 - 14:17:04 | 任务进度轮询开始 
[SYS] 2025/10/13 - 14:17:04 | 任务进度轮询完成 
[GIN] 2025/10/13 - 14:17:05 | 20251013141705336149000PsWoaqE2 | 200 |     753.792µs |             ::1 |     GET /api/user/self
[GIN] 2025/10/13 - 14:17:05 | 20251013141705336194000aGrrK5LW | 200 |     711.375µs |             ::1 |     GET /api/data/?username=&start_timestamp=1760249825&end_timestamp=1760339825&default_time=hour
[GIN] 2025/10/13 - 14:17:05 | 20251013141705376823000Avim5NuR | 200 |     600.959µs |             ::1 |     GET /api/uptime/status
[SYS] 2025/10/13 - 14:17:19 | 任务进度轮询开始 
[SYS] 2025/10/13 - 14:17:19 | 任务进度轮询完成 
[GIN] 2025/10/13 - 14:17:23 | 202510131417231160610000JFS5Js6 | 204 |      24.042µs |             ::1 | OPTIONS /runwayml/v1/image_to_video
[GIN] 2025/10/13 - 14:17:23 | 20251013141723117120000Iw6WKeQJ | 200 |     343.209µs |             ::1 |    POST /runwayml/v1/image_to_video
[SYS] 2025/10/13 - 14:17:34 | 任务进度轮询开始 
[SYS] 2025/10/13 - 14:17:34 | 任务进度轮询完成 
[SYS] 2025/10/13 - 14:17:49 | syncing options from database 
[SYS] 2025/10/13 - 14:17:49 | syncing channels from database 
[SYS] 2025/10/13 - 14:17:49 | 任务进度轮询开始 
[SYS] 2025/10/13 - 14:17:49 | 任务进度轮询完成 
[SYS] 2025/10/13 - 14:17:49 | channels synced from database 
[SYS] 2025/10/13 - 14:18:04 | 任务进度轮询开始 
[SYS] 2025/10/13 - 14:18:04 | 任务进度轮询完成 
[SYS] 2025/10/13 - 14:18:19 | 任务进度轮询开始 
[SYS] 2025/10/13 - 14:18:19 | 任务进度轮询完成 
[SYS] 2025/10/13 - 14:18:34 | 任务进度轮询开始 
[SYS] 2025/10/13 - 14:18:34 | 任务进度轮询完成 
[SYS] 2025/10/13 - 14:18:49 | syncing options from database 
[SYS] 2025/10/13 - 14:18:49 | 任务进度轮询开始 
[SYS] 2025/10/13 - 14:18:49 | syncing channels from database 
[SYS] 2025/10/13 - 14:18:49 | 任务进度轮询完成 
[SYS] 2025/10/13 - 14:18:49 | channels synced from database 
[SYS] 2025/10/13 - 14:19:04 | 任务进度轮询开始 
[SYS] 2025/10/13 - 14:19:04 | 任务进度轮询完成 
[SYS] 2025/10/13 - 14:19:19 | 任务进度轮询开始 
[SYS] 2025/10/13 - 14:19:19 | 任务进度轮询完成 
[SYS] 2025/10/13 - 14:19:34 | 任务进度轮询开始 
[SYS] 2025/10/13 - 14:19:34 | 任务进度轮询完成 
[SYS] 2025/10/13 - 14:19:49 | syncing options from database 
[SYS] 2025/10/13 - 14:19:49 | syncing channels from database 
[SYS] 2025/10/13 - 14:19:49 | 任务进度轮询开始 
[SYS] 2025/10/13 - 14:19:49 | 任务进度轮询完成 
[SYS] 2025/10/13 - 14:19:49 | channels synced from database 
[SYS] 2025/10/13 - 14:20:04 | 任务进度轮询开始 
[SYS] 2025/10/13 - 14:20:04 | 任务进度轮询完成 
[SYS] 2025/10/13 - 14:20:19 | 任务进度轮询开始 
[SYS] 2025/10/13 - 14:20:19 | 任务进度轮询完成 
[SYS] 2025/10/13 - 14:20:34 | 任务进度轮询开始 
[SYS] 2025/10/13 - 14:20:34 | 任务进度轮询完成 
[SYS] 2025/10/13 - 14:20:49 | 正在更新数据看板数据... 
[SYS] 2025/10/13 - 14:20:49 | 保存数据看板数据成功，共保存0条数据 
[SYS] 2025/10/13 - 14:20:49 | syncing options from database 
[SYS] 2025/10/13 - 14:20:49 | syncing channels from database 
[SYS] 2025/10/13 - 14:20:49 | 任务进度轮询开始 
[SYS] 2025/10/13 - 14:20:49 | 任务进度轮询完成 
[SYS] 2025/10/13 - 14:20:49 | channels synced from database 
[SYS] 2025/10/13 - 14:21:04 | 任务进度轮询开始 
[SYS] 2025/10/13 - 14:21:04 | 任务进度轮询完成 
[SYS] 2025/10/13 - 14:21:19 | 任务进度轮询开始 
[SYS] 2025/10/13 - 14:21:19 | 任务进度轮询完成 
[SYS] 2025/10/13 - 14:21:34 | 任务进度轮询开始 
[SYS] 2025/10/13 - 14:21:34 | 任务进度轮询完成 
[SYS] 2025/10/13 - 14:21:49 | syncing options from database 
[SYS] 2025/10/13 - 14:21:49 | syncing channels from database 
[SYS] 2025/10/13 - 14:21:49 | 任务进度轮询开始 
[SYS] 2025/10/13 - 14:21:49 | 任务进度轮询完成 
[SYS] 2025/10/13 - 14:21:49 | channels synced from database 
[SYS] 2025/10/13 - 14:22:04 | 任务进度轮询开始 
[SYS] 2025/10/13 - 14:22:04 | 任务进度轮询完成 
[SYS] 2025/10/13 - 14:22:19 | 任务进度轮询开始 
[SYS] 2025/10/13 - 14:22:19 | 任务进度轮询完成 
[SYS] 2025/10/13 - 14:22:34 | 任务进度轮询开始 
[SYS] 2025/10/13 - 14:22:34 | 任务进度轮询完成 
[SYS] 2025/10/13 - 14:22:49 | syncing options from database 
[SYS] 2025/10/13 - 14:22:49 | syncing channels from database 
[SYS] 2025/10/13 - 14:22:49 | 任务进度轮询开始 
[SYS] 2025/10/13 - 14:22:49 | 任务进度轮询完成 
[SYS] 2025/10/13 - 14:22:49 | channels synced from database 
[SYS] 2025/10/13 - 14:23:04 | 任务进度轮询开始 
[SYS] 2025/10/13 - 14:23:04 | 任务进度轮询完成 
[SYS] 2025/10/13 - 14:23:19 | 任务进度轮询开始 
[SYS] 2025/10/13 - 14:23:19 | 任务进度轮询完成 
[SYS] 2025/10/13 - 14:23:34 | 任务进度轮询开始 
[SYS] 2025/10/13 - 14:23:34 | 任务进度轮询完成 
[SYS] 2025/10/13 - 14:23:49 | syncing options from database 
[SYS] 2025/10/13 - 14:23:49 | syncing channels from database 
[SYS] 2025/10/13 - 14:23:49 | 任务进度轮询开始 
[SYS] 2025/10/13 - 14:23:49 | 任务进度轮询完成 
[SYS] 2025/10/13 - 14:23:49 | channels synced from database 
[GIN] 2025/10/13 - 14:23:56 | 20251013142356982999000v1zmDpGb | 200 |    1.233417ms |             ::1 |     GET /api/option/
[GIN] 2025/10/13 - 14:23:59 | 20251013142359968856000wqYDF6ty | 200 |     745.667µs |             ::1 |     GET /api/option/
[GIN] 2025/10/13 - 14:23:59 | 20251013142359968374000cwspz9w8 | 200 |     2.80025ms |             ::1 |     GET /api/channel/models_enabled
[SYS] 2025/10/13 - 14:24:04 | 任务进度轮询开始 
[SYS] 2025/10/13 - 14:24:04 | 任务进度轮询完成 
[SYS] 2025/10/13 - 14:24:19 | 任务进度轮询开始 
[SYS] 2025/10/13 - 14:24:19 | 任务进度轮询完成 
[SYS] 2025/10/13 - 14:24:34 | 任务进度轮询开始 
[SYS] 2025/10/13 - 14:24:34 | 任务进度轮询完成 
[SYS] 2025/10/13 - 14:24:49 | syncing options from database 
[SYS] 2025/10/13 - 14:24:49 | syncing channels from database 
[SYS] 2025/10/13 - 14:24:49 | 任务进度轮询开始 
[SYS] 2025/10/13 - 14:24:49 | 任务进度轮询完成 
[SYS] 2025/10/13 - 14:24:49 | channels synced from database 
[SYS] 2025/10/13 - 14:25:04 | 任务进度轮询开始 
[SYS] 2025/10/13 - 14:25:04 | 任务进度轮询完成 
[SYS] 2025/10/13 - 14:25:19 | 任务进度轮询开始 
[SYS] 2025/10/13 - 14:25:19 | 任务进度轮询完成 
[SYS] 2025/10/13 - 14:25:34 | 任务进度轮询开始 
[SYS] 2025/10/13 - 14:25:34 | 任务进度轮询完成 
[SYS] 2025/10/13 - 14:25:49 | 正在更新数据看板数据... 
[SYS] 2025/10/13 - 14:25:49 | 保存数据看板数据成功，共保存0条数据 
[SYS] 2025/10/13 - 14:25:49 | syncing options from database 
[SYS] 2025/10/13 - 14:25:49 | syncing channels from database 
[SYS] 2025/10/13 - 14:25:49 | 任务进度轮询开始 
[SYS] 2025/10/13 - 14:25:49 | 任务进度轮询完成 
[SYS] 2025/10/13 - 14:25:49 | channels synced from database 
[GIN] 2025/10/13 - 14:26:02 | 202510131426025423980004osDYthp | 200 |    6.141542ms |             ::1 |     PUT /api/option/
[GIN] 2025/10/13 - 14:26:02 | 20251013142602555208000939ilVPT | 200 |     817.542µs |             ::1 |     GET /api/option/
[SYS] 2025/10/13 - 14:26:04 | 任务进度轮询开始 
[SYS] 2025/10/13 - 14:26:04 | 任务进度轮询完成 
[SYS] 2025/10/13 - 14:26:19 | 任务进度轮询开始 
[SYS] 2025/10/13 - 14:26:19 | 任务进度轮询完成 
[SYS] 2025/10/13 - 14:26:34 | 任务进度轮询开始 
[SYS] 2025/10/13 - 14:26:34 | 任务进度轮询完成 
[SYS] 2025/10/13 - 14:26:49 | syncing options from database 
[SYS] 2025/10/13 - 14:26:49 | syncing channels from database 
[SYS] 2025/10/13 - 14:26:49 | 任务进度轮询开始 
[SYS] 2025/10/13 - 14:26:49 | 任务进度轮询完成 
[SYS] 2025/10/13 - 14:26:49 | channels synced from database 
[GIN] 2025/10/13 - 14:26:59 | 20251013142659897998000Q4w5dblS | 204 |      30.541µs |             ::1 | OPTIONS /runwayml/v1/image_to_video
[GIN] 2025/10/13 - 14:26:59 | 20251013142659899239000dimyyuaf | 200 |      837.25µs |             ::1 |    POST /runwayml/v1/image_to_video
[SYS] 2025/10/13 - 14:27:04 | 任务进度轮询开始 
[SYS] 2025/10/13 - 14:27:04 | 任务进度轮询完成 
[GIN] 2025/10/13 - 14:27:08 | 20251013142708305202000Hje9h3T2 | 204 |      34.625µs |             ::1 | OPTIONS /runwayml/v1/image_to_video
[GIN] 2025/10/13 - 14:27:08 | 20251013142708306534000rZ9jyTQH | 200 |       383.5µs |             ::1 |    POST /runwayml/v1/image_to_video
[SYS] 2025/10/13 - 14:27:19 | 任务进度轮询开始 
[SYS] 2025/10/13 - 14:27:19 | 任务进度轮询完成 
[GIN] 2025/10/13 - 14:27:23 | 20251013142723972606000MAW07wim | 204 |      45.333µs |             ::1 | OPTIONS /runwayml/v1/image_to_video
[GIN] 2025/10/13 - 14:27:23 | 20251013142723973571000aymfjxwJ | 200 |      398.75µs |             ::1 |    POST /runwayml/v1/image_to_video
[SYS] 2025/10/13 - 14:27:34 | 任务进度轮询开始 
[SYS] 2025/10/13 - 14:27:34 | 任务进度轮询完成 
[SYS] 2025/10/13 - 14:27:49 | syncing options from database 
[SYS] 2025/10/13 - 14:27:49 | syncing channels from database 
[SYS] 2025/10/13 - 14:27:49 | 任务进度轮询开始 
[SYS] 2025/10/13 - 14:27:49 | 任务进度轮询完成 
[SYS] 2025/10/13 - 14:27:49 | channels synced from database 
[SYS] 2025/10/13 - 14:28:04 | 任务进度轮询开始 
[SYS] 2025/10/13 - 14:28:04 | 任务进度轮询完成 
[GIN] 2025/10/13 - 14:28:18 | 20251013142818425061000wsAxnEcR | 200 |    2.979667ms |             ::1 |     PUT /api/option/
[GIN] 2025/10/13 - 14:28:18 | 20251013142818445901000oZO6wvHy | 200 |    1.444375ms |             ::1 |     GET /api/option/
[SYS] 2025/10/13 - 14:28:19 | 任务进度轮询开始 
[SYS] 2025/10/13 - 14:28:19 | 任务进度轮询完成 
[GIN] 2025/10/13 - 14:28:21 | 20251013142821852121000PvmTbRbo | 204 |      28.459µs |             ::1 | OPTIONS /runwayml/v1/image_to_video
[GIN] 2025/10/13 - 14:28:21 | 202510131428218532130007vDuK7HY | 200 |     536.958µs |             ::1 |    POST /runwayml/v1/image_to_video
[SYS] 2025/10/13 - 14:28:34 | 任务进度轮询开始 
[SYS] 2025/10/13 - 14:28:34 | 任务进度轮询完成 
[GIN] 2025/10/13 - 14:28:41 | 202510131428418763020009A1Kenfc | 200 |      4.2185ms |             ::1 |     PUT /api/option/
[GIN] 2025/10/13 - 14:28:41 | 20251013142841895141000kZM6IkRZ | 200 |    1.131083ms |             ::1 |     GET /api/option/
[SYS] 2025/10/13 - 14:28:49 | syncing options from database 
[SYS] 2025/10/13 - 14:28:49 | 任务进度轮询开始 
[SYS] 2025/10/13 - 14:28:49 | syncing channels from database 
[SYS] 2025/10/13 - 14:28:49 | 任务进度轮询完成 
[SYS] 2025/10/13 - 14:28:49 | channels synced from database 
[SYS] 2025/10/13 - 14:29:04 | 任务进度轮询开始 
[SYS] 2025/10/13 - 14:29:04 | 任务进度轮询完成 
[GIN] 2025/10/13 - 14:29:07 | 20251013142907324093000spsvORAC | 204 |          38µs |             ::1 | OPTIONS /runwayml/v1/image_to_video
[GIN] 2025/10/13 - 14:29:07 | 20251013142907325221000u75U7MrW | 200 |     392.666µs |             ::1 |    POST /runwayml/v1/image_to_video
[GIN] 2025/10/13 - 14:29:11 | 20251013142911170021000VBKkQ6g7 | 204 |      40.209µs |             ::1 | OPTIONS /runwayml/v1/image_to_video
[GIN] 2025/10/13 - 14:29:11 | 20251013142911171231000J0UMlT8j | 200 |      438.75µs |             ::1 |    POST /runwayml/v1/image_to_video
[GIN] 2025/10/13 - 14:29:15 | 20251013142915501454000pGBXo6PR | 204 |       37.75µs |             ::1 | OPTIONS /runwayml/v1/image_to_video
[GIN] 2025/10/13 - 14:29:15 | 20251013142915502765000Hce7hvlb | 200 |     379.292µs |             ::1 |    POST /runwayml/v1/image_to_video
[SYS] 2025/10/13 - 14:29:19 | 任务进度轮询开始 
[SYS] 2025/10/13 - 14:29:19 | 任务进度轮询完成 
[SYS] 2025/10/13 - 14:29:34 | 任务进度轮询开始 
[SYS] 2025/10/13 - 14:29:34 | 任务进度轮询完成 
[SYS] 2025/10/13 - 14:29:49 | syncing options from database 
[SYS] 2025/10/13 - 14:29:49 | syncing channels from database 
[SYS] 2025/10/13 - 14:29:49 | 任务进度轮询开始 
[SYS] 2025/10/13 - 14:29:49 | 任务进度轮询完成 
[SYS] 2025/10/13 - 14:29:49 | channels synced from database 
[SYS] 2025/10/13 - 14:30:04 | 任务进度轮询开始 
[SYS] 2025/10/13 - 14:30:04 | 任务进度轮询完成 
[GIN] 2025/10/13 - 14:30:14 | 20251013143014950494000zOb5k12J | 200 |     196.125µs |             ::1 |     GET /console/setting?tab=ratio
[GIN] 2025/10/13 - 14:30:14 | 20251013143014978701000S4qr2HYS | 200 |     281.792µs |             ::1 |     GET /.well-known/appspecific/com.chrome.devtools.json
[GIN] 2025/10/13 - 14:30:14 | 20251013143014984898000cxY5cWdD | 200 |    4.064875ms |             ::1 |     GET /assets/i18n-bH1aaDdY.js
[GIN] 2025/10/13 - 14:30:15 | 20251013143014980289000yQVDyQ5q | 200 |   65.935459ms |             ::1 |     GET /assets/index-C6TxzCs_.css
[GIN] 2025/10/13 - 14:30:15 | 20251013143014990926000E4YOSQ2I | 200 |   57.248583ms |             ::1 |     GET /assets/react-core-D-iPSUlg.js
[GIN] 2025/10/13 - 14:30:15 | 20251013143015483160006BsutPCC | 200 |    6.775042ms |             ::1 |     GET /assets/react-components-BnylIsR_.js
[GIN] 2025/10/13 - 14:30:15 | 2025101314301542231000SHoh9zk9 | 200 |   14.398042ms |             ::1 |     GET /assets/tools-DfDywZp9.js
[GIN] 2025/10/13 - 14:30:15 | 20251013143014984240000YJVDfoQ3 | 200 |   82.329875ms |             ::1 |     GET /assets/semi-ui-yRXI6evF.css
[GIN] 2025/10/13 - 14:30:15 | 20251013143014987233000U4nNEWvQ | 200 |  141.407625ms |             ::1 |     GET /assets/semi-ui-C8lvzIot.js
[GIN] 2025/10/13 - 14:30:15 | 202510131430149807410008ttPp1Vm | 200 |  225.448125ms |             ::1 |     GET /assets/index-uzFyjPUM.js
[GIN] 2025/10/13 - 14:30:15 | 20251013143015327352000xpcyMybD | 200 |       894.5µs |             ::1 |     GET /api/status
[GIN] 2025/10/13 - 14:30:15 | 20251013143015327265000SVJ2UHMk | 200 |    1.309292ms |             ::1 |     GET /api/user/self
[GIN] 2025/10/13 - 14:30:15 | 20251013143015329082000QfhFTV9Y | 200 |  158.558833ms |             ::1 |     GET /logo.png
[GIN] 2025/10/13 - 14:30:15 | 20251013143015515287000ERqMVM3z | 200 |     825.708µs |             ::1 |     GET /api/option/
[GIN] 2025/10/13 - 14:30:15 | 20251013143015515244000NCopfg2X | 200 |    2.568667ms |             ::1 |     GET /api/channel/models_enabled
[GIN] 2025/10/13 - 14:30:15 | 20251013143015588221000VZqk1Ss8 | 200 |     913.084µs |             ::1 |     GET /api/user/self
[GIN] 2025/10/13 - 14:30:15 | 20251013143015641784000DOksMxMK | 200 |   12.106708ms |             ::1 |     GET /logo.png
[GIN] 2025/10/13 - 14:30:17 | 20251013143017884134000VPpiQycf | 200 |    5.475333ms |             ::1 |     GET /api/log/?p=1&page_size=10&type=0&username=&token_name=&model_name=&start_timestamp=1760284800&end_timestamp=1760340617&channel=&group=
[GIN] 2025/10/13 - 14:30:17 | 20251013143017913325000sEgb483I | 200 |    1.204458ms |             ::1 |     GET /api/log/stat?type=0&username=&token_name=&model_name=&start_timestamp=1760284800&end_timestamp=1760340617&channel=&group=
[SYS] 2025/10/13 - 14:30:19 | 任务进度轮询开始 
[SYS] 2025/10/13 - 14:30:19 | 任务进度轮询完成 
[SYS] 2025/10/13 - 14:30:34 | 任务进度轮询开始 
[SYS] 2025/10/13 - 14:30:34 | 任务进度轮询完成 
[SYS] 2025/10/13 - 14:30:49 | 正在更新数据看板数据... 
[SYS] 2025/10/13 - 14:30:49 | 保存数据看板数据成功，共保存0条数据 
[SYS] 2025/10/13 - 14:30:49 | syncing options from database 
[SYS] 2025/10/13 - 14:30:49 | 任务进度轮询开始 
[SYS] 2025/10/13 - 14:30:49 | syncing channels from database 
[SYS] 2025/10/13 - 14:30:49 | 任务进度轮询完成 
[SYS] 2025/10/13 - 14:30:49 | channels synced from database 
[GIN] 2025/10/13 - 14:30:52 | 2025101314305249394000xkV17lPQ | 200 |     500.125µs |             ::1 |     GET /api/group/
[GIN] 2025/10/13 - 14:30:52 | 20251013143052491010000hjs6tJM | 200 |    4.302583ms |             ::1 |     GET /api/channel/models
[GIN] 2025/10/13 - 14:30:52 | 2025101314305251487000pMmPkZEY | 200 |    2.147041ms |             ::1 |     GET /api/models
[GIN] 2025/10/13 - 14:30:52 | 2025101314305251174000qfbHBao9 | 200 |    6.020125ms |             ::1 |     GET /api/channel/?p=1&page_size=10&id_sort=false&tag_mode=false
[SYS] 2025/10/13 - 14:31:04 | 任务进度轮询开始 
[SYS] 2025/10/13 - 14:31:04 | 任务进度轮询完成 
[GIN] 2025/10/13 - 14:31:05 | 20251013143105908713000RLBwqvl1 | 200 |     290.792µs |             ::1 |     GET /console/channel
[GIN] 2025/10/13 - 14:31:05 | 20251013143105930985000OmyVjEXp | 200 |    2.667958ms |             ::1 |     GET /assets/tools-DfDywZp9.js
[GIN] 2025/10/13 - 14:31:05 | 20251013143105930714000NGA8MInQ | 200 |   14.603208ms |             ::1 |     GET /assets/react-core-D-iPSUlg.js
[GIN] 2025/10/13 - 14:31:05 | 20251013143105942763000ccsLctoF | 200 |    3.849709ms |             ::1 |     GET /assets/react-components-BnylIsR_.js
[GIN] 2025/10/13 - 14:31:05 | 20251013143105949995000aHwfIVoe | 200 |    5.618084ms |             ::1 |     GET /assets/i18n-bH1aaDdY.js
[GIN] 2025/10/13 - 14:31:05 | 202510131431059306690008Mh4MfrT | 200 |   25.291125ms |             ::1 |     GET /assets/index-C6TxzCs_.css
[GIN] 2025/10/13 - 14:31:05 | 20251013143105930561000geH2TwvR | 200 |   25.638125ms |             ::1 |     GET /assets/semi-ui-yRXI6evF.css
[GIN] 2025/10/13 - 14:31:05 | 20251013143105952515000raUh57oe | 200 |    5.399833ms |             ::1 |     GET /.well-known/appspecific/com.chrome.devtools.json
[GIN] 2025/10/13 - 14:31:05 | 20251013143105930989000oPfmvCem | 200 |   67.193083ms |             ::1 |     GET /assets/semi-ui-C8lvzIot.js
[GIN] 2025/10/13 - 14:31:06 | 20251013143105933955000DH147A4P | 200 |  128.003792ms |             ::1 |     GET /assets/index-uzFyjPUM.js
[GIN] 2025/10/13 - 14:31:06 | 20251013143106257614000LnaFUDvI | 200 |     821.375µs |             ::1 |     GET /api/user/self
[GIN] 2025/10/13 - 14:31:06 | 202510131431062583780005xyKVkBn | 200 |     349.583µs |             ::1 |     GET /api/status
[GIN] 2025/10/13 - 14:31:06 | 20251013143106258332000l6qDjlUX | 200 |     654.209µs |             ::1 |     GET /api/models
[GIN] 2025/10/13 - 14:31:06 | 202510131431062582590004vQlsSN1 | 200 |     903.917µs |             ::1 |     GET /api/channel/models
[GIN] 2025/10/13 - 14:31:06 | 20251013143106258169000uiskgbbU | 200 |    1.262125ms |             ::1 |     GET /api/group/
[GIN] 2025/10/13 - 14:31:06 | 20251013143106258308000ugh4Rlwy | 200 |    1.354459ms |             ::1 |     GET /api/channel/?p=1&page_size=10&id_sort=false&tag_mode=false
[GIN] 2025/10/13 - 14:31:06 | 20251013143106266091000Frdeqp6S | 200 |  153.134084ms |             ::1 |     GET /logo.png
[GIN] 2025/10/13 - 14:31:06 | 20251013143106482927000VmdSujxi | 200 |    1.007666ms |             ::1 |     GET /api/user/self
[GIN] 2025/10/13 - 14:31:06 | 20251013143106549025000FPmDA6ox | 200 |   15.164208ms |             ::1 |     GET /logo.png
[GIN] 2025/10/13 - 14:31:16 | 20251013143116825719000pFTkONTH | 200 |    1.789458ms |             ::1 |     GET /api/prefill_group/?type=model
[SYS] 2025/10/13 - 14:31:19 | 任务进度轮询开始 
[SYS] 2025/10/13 - 14:31:19 | 任务进度轮询完成 
[SYS] 2025/10/13 - 14:31:34 | 任务进度轮询开始 
[SYS] 2025/10/13 - 14:31:34 | 任务进度轮询完成 
[SYS] 2025/10/13 - 14:31:49 | syncing options from database 
[SYS] 2025/10/13 - 14:31:49 | 任务进度轮询开始 
[SYS] 2025/10/13 - 14:31:49 | 任务进度轮询完成 
[SYS] 2025/10/13 - 14:31:49 | syncing channels from database 
[SYS] 2025/10/13 - 14:31:49 | channels synced from database 
[SYS] 2025/10/13 - 14:32:04 | 任务进度轮询开始 
[SYS] 2025/10/13 - 14:32:04 | 任务进度轮询完成 
[SYS] 2025/10/13 - 14:32:19 | 任务进度轮询开始 
[SYS] 2025/10/13 - 14:32:19 | 任务进度轮询完成 
[SYS] 2025/10/13 - 14:32:34 | 任务进度轮询开始 
[SYS] 2025/10/13 - 14:32:34 | 任务进度轮询完成 
[SYS] 2025/10/13 - 14:32:49 | syncing options from database 
[SYS] 2025/10/13 - 14:32:49 | 任务进度轮询开始 
[SYS] 2025/10/13 - 14:32:49 | 任务进度轮询完成 
[SYS] 2025/10/13 - 14:32:49 | syncing channels from database 
[SYS] 2025/10/13 - 14:32:49 | channels synced from database 
[SYS] 2025/10/13 - 14:33:04 | 任务进度轮询开始 
[SYS] 2025/10/13 - 14:33:04 | 任务进度轮询完成 
[SYS] 2025/10/13 - 14:33:19 | 任务进度轮询开始 
[SYS] 2025/10/13 - 14:33:19 | 任务进度轮询完成 
[SYS] 2025/10/13 - 14:33:34 | 任务进度轮询开始 
[SYS] 2025/10/13 - 14:33:34 | 任务进度轮询完成 
[SYS] 2025/10/13 - 14:33:49 | syncing options from database 
[SYS] 2025/10/13 - 14:33:49 | 任务进度轮询开始 
[SYS] 2025/10/13 - 14:33:49 | 任务进度轮询完成 
[SYS] 2025/10/13 - 14:33:49 | syncing channels from database 
[SYS] 2025/10/13 - 14:33:49 | channels synced from database 
[SYS] 2025/10/13 - 14:34:04 | 任务进度轮询开始 
[SYS] 2025/10/13 - 14:34:04 | 任务进度轮询完成 
[SYS] 2025/10/13 - 14:34:19 | 任务进度轮询开始 
[SYS] 2025/10/13 - 14:34:19 | 任务进度轮询完成 
[SYS] 2025/10/13 - 14:34:34 | 任务进度轮询开始 
[SYS] 2025/10/13 - 14:34:34 | 任务进度轮询完成 
[SYS] 2025/10/13 - 14:34:49 | syncing options from database 
[SYS] 2025/10/13 - 14:34:49 | 任务进度轮询开始 
[SYS] 2025/10/13 - 14:34:49 | syncing channels from database 
[SYS] 2025/10/13 - 14:34:49 | 任务进度轮询完成 
[SYS] 2025/10/13 - 14:34:49 | channels synced from database 
[SYS] 2025/10/13 - 14:35:04 | 任务进度轮询开始 
[SYS] 2025/10/13 - 14:35:04 | 任务进度轮询完成 
[SYS] 2025/10/13 - 14:35:19 | 任务进度轮询开始 
[SYS] 2025/10/13 - 14:35:19 | 任务进度轮询完成 
[SYS] 2025/10/13 - 14:35:34 | 任务进度轮询开始 
[SYS] 2025/10/13 - 14:35:34 | 任务进度轮询完成 
[SYS] 2025/10/13 - 14:35:49 | 正在更新数据看板数据... 
[SYS] 2025/10/13 - 14:35:49 | 保存数据看板数据成功，共保存0条数据 
[SYS] 2025/10/13 - 14:35:49 | syncing options from database 
[SYS] 2025/10/13 - 14:35:49 | syncing channels from database 
[SYS] 2025/10/13 - 14:35:49 | 任务进度轮询开始 
[SYS] 2025/10/13 - 14:35:49 | 任务进度轮询完成 
[SYS] 2025/10/13 - 14:35:49 | channels synced from database 
[SYS] 2025/10/13 - 14:36:04 | 任务进度轮询开始 
[SYS] 2025/10/13 - 14:36:04 | 任务进度轮询完成 
[SYS] 2025/10/13 - 14:36:19 | 任务进度轮询开始 
[SYS] 2025/10/13 - 14:36:19 | 任务进度轮询完成 
[SYS] 2025/10/13 - 14:36:34 | 任务进度轮询开始 
[SYS] 2025/10/13 - 14:36:34 | 任务进度轮询完成 
[SYS] 2025/10/13 - 14:36:49 | syncing options from database 
[SYS] 2025/10/13 - 14:36:49 | syncing channels from database 
[SYS] 2025/10/13 - 14:36:49 | 任务进度轮询开始 
[SYS] 2025/10/13 - 14:36:49 | 任务进度轮询完成 
[SYS] 2025/10/13 - 14:36:49 | channels synced from database 
[SYS] 2025/10/13 - 14:37:04 | 任务进度轮询开始 
[SYS] 2025/10/13 - 14:37:04 | 任务进度轮询完成 
[SYS] 2025/10/13 - 14:37:19 | 任务进度轮询开始 
[SYS] 2025/10/13 - 14:37:19 | 任务进度轮询完成 
