[SYS] 2025/10/11 - 15:09:42 | initializing token encoders 
[SYS] 2025/10/11 - 15:09:42 | token encoders initialized 
[SYS] 2025/10/11 - 15:09:42 | SQL_DSN not set, using SQLite as database 
[SYS] 2025/10/11 - 15:09:42 | database migration started 
[SYS] 2025/10/11 - 15:09:42 | system is already initialized at: 2025-10-10 14:30:09 +0800 CST 
[SYS] 2025/10/11 - 15:09:42 | REDIS_CONN_STRING not set, Redis is not enabled 
[SYS] 2025/10/11 - 15:09:42 | New API v0.0.0 started 
[SYS] 2025/10/11 - 15:09:42 | running in debug mode 
[SYS] 2025/10/11 - 15:09:42 | memory cache enabled 
[SYS] 2025/10/11 - 15:09:42 | sync frequency: 60 seconds 
[SYS] 2025/10/11 - 15:09:42 | channels synced from database 
[SYS] 2025/10/11 - 15:09:42 | 正在更新数据看板数据... 
[SYS] 2025/10/11 - 15:09:42 | 保存数据看板数据成功，共保存0条数据 
[SYS] 2025/10/11 - 15:09:57 | 任务进度轮询开始 
[SYS] 2025/10/11 - 15:09:57 | 任务进度轮询完成 
[SYS] 2025/10/11 - 15:10:12 | 任务进度轮询开始 
[SYS] 2025/10/11 - 15:10:12 | 任务进度轮询完成 
[SYS] 2025/10/11 - 15:10:27 | 任务进度轮询开始 
[SYS] 2025/10/11 - 15:10:27 | 任务进度轮询完成 
[SYS] 2025/10/11 - 15:10:42 | syncing options from database 
[SYS] 2025/10/11 - 15:10:42 | syncing channels from database 
[SYS] 2025/10/11 - 15:10:42 | channels synced from database 
[SYS] 2025/10/11 - 15:10:42 | 任务进度轮询开始 
[SYS] 2025/10/11 - 15:10:42 | 任务进度轮询完成 
[SYS] 2025/10/11 - 15:10:57 | 任务进度轮询开始 
[SYS] 2025/10/11 - 15:10:57 | 任务进度轮询完成 
[SYS] 2025/10/11 - 15:11:12 | 任务进度轮询开始 
[SYS] 2025/10/11 - 15:11:12 | 任务进度轮询完成 
[SYS] 2025/10/11 - 15:11:27 | 任务进度轮询开始 
[SYS] 2025/10/11 - 15:11:27 | 任务进度轮询完成 
[SYS] 2025/10/11 - 15:11:42 | syncing options from database 
[SYS] 2025/10/11 - 15:11:42 | syncing channels from database 
[SYS] 2025/10/11 - 15:11:42 | 任务进度轮询开始 
[SYS] 2025/10/11 - 15:11:42 | channels synced from database 
[SYS] 2025/10/11 - 15:11:42 | 任务进度轮询完成 
[SYS] 2025/10/11 - 15:11:57 | 任务进度轮询开始 
[SYS] 2025/10/11 - 15:11:57 | 任务进度轮询完成 
[SYS] 2025/10/11 - 15:12:12 | 任务进度轮询开始 
[SYS] 2025/10/11 - 15:12:12 | 任务进度轮询完成 
[SYS] 2025/10/11 - 15:12:27 | 任务进度轮询开始 
[SYS] 2025/10/11 - 15:12:27 | 任务进度轮询完成 
[SYS] 2025/10/11 - 15:12:42 | syncing options from database 
[SYS] 2025/10/11 - 15:12:42 | syncing channels from database 
[SYS] 2025/10/11 - 15:12:42 | 任务进度轮询开始 
[SYS] 2025/10/11 - 15:12:42 | 任务进度轮询完成 
[SYS] 2025/10/11 - 15:12:42 | channels synced from database 
[SYS] 2025/10/11 - 15:12:57 | 任务进度轮询开始 
[SYS] 2025/10/11 - 15:12:57 | 任务进度轮询完成 
[SYS] 2025/10/11 - 15:13:12 | 任务进度轮询开始 
[SYS] 2025/10/11 - 15:13:12 | 任务进度轮询完成 
[SYS] 2025/10/11 - 15:13:27 | 任务进度轮询开始 
[SYS] 2025/10/11 - 15:13:27 | 任务进度轮询完成 
[SYS] 2025/10/11 - 15:13:42 | syncing options from database 
[SYS] 2025/10/11 - 15:13:42 | syncing channels from database 
[SYS] 2025/10/11 - 15:13:42 | 任务进度轮询开始 
[SYS] 2025/10/11 - 15:13:42 | 任务进度轮询完成 
[SYS] 2025/10/11 - 15:13:42 | channels synced from database 
[SYS] 2025/10/11 - 15:13:57 | 任务进度轮询开始 
[SYS] 2025/10/11 - 15:13:57 | 任务进度轮询完成 
[SYS] 2025/10/11 - 15:14:12 | 任务进度轮询开始 
[SYS] 2025/10/11 - 15:14:12 | 任务进度轮询完成 
[SYS] 2025/10/11 - 15:14:27 | 任务进度轮询开始 
[SYS] 2025/10/11 - 15:14:27 | 任务进度轮询完成 
[SYS] 2025/10/11 - 15:14:42 | 正在更新数据看板数据... 
[SYS] 2025/10/11 - 15:14:42 | 保存数据看板数据成功，共保存0条数据 
[SYS] 2025/10/11 - 15:14:42 | syncing options from database 
[SYS] 2025/10/11 - 15:14:42 | syncing channels from database 
[SYS] 2025/10/11 - 15:14:42 | 任务进度轮询开始 
[SYS] 2025/10/11 - 15:14:42 | 任务进度轮询完成 
[SYS] 2025/10/11 - 15:14:42 | channels synced from database 
[GIN] 2025/10/11 - 15:14:45 | 20251011151445707678000ULnhS92D | 200 |       2.494ms |             ::1 |     GET /api/prefill_group/?type=model
[GIN] 2025/10/11 - 15:14:54 | 20251011151454702259000lxVaNIfZ | 200 |     299.084µs |             ::1 |     GET /console/channel
[GIN] 2025/10/11 - 15:14:54 | 20251011151454727899000jvIbQ3Oz | 200 |  112.267125ms |             ::1 |     GET /assets/index-D13wZOBt.js
[GIN] 2025/10/11 - 15:14:55 | 2025101115145533254000tbyAVN3l | 200 |     718.084µs |             ::1 |     GET /api/group/
[GIN] 2025/10/11 - 15:14:55 | 2025101115145533255000tIJOq6uX | 200 |    1.450125ms |             ::1 |     GET /api/models
[GIN] 2025/10/11 - 15:14:55 | 2025101115145533259000LvudhMD5 | 200 |    2.117333ms |             ::1 |     GET /api/user/self
[GIN] 2025/10/11 - 15:14:55 | 2025101115145534645000fmG5Dzy8 | 200 |      998.75µs |             ::1 |     GET /api/status
[GIN] 2025/10/11 - 15:14:55 | 2025101115145533001000u9jfde0R | 200 |     2.74925ms |             ::1 |     GET /api/channel/models
[GIN] 2025/10/11 - 15:14:55 | 20251011151455331090008onnc53S | 200 |    3.830916ms |             ::1 |     GET /api/channel/?p=1&page_size=10&id_sort=false&tag_mode=false
[GIN] 2025/10/11 - 15:14:55 | 20251011151455301741000sQD6jZC1 | 200 |     484.875µs |             ::1 |     GET /api/user/self
[GIN] 2025/10/11 - 15:14:56 | 202510111514564477630006LdIEkYf | 200 |     609.125µs |             ::1 |     GET /api/prefill_group/?type=model
[SYS] 2025/10/11 - 15:14:57 | 任务进度轮询开始 
[SYS] 2025/10/11 - 15:14:57 | 任务进度轮询完成 
[GIN] 2025/10/11 - 15:15:12 | 20251011151512829099000CJeuJIcb | 200 |    1.812375ms |             ::1 |     GET /api/prefill_group/?type=model
[SYS] 2025/10/11 - 15:15:12 | 任务进度轮询开始 
[SYS] 2025/10/11 - 15:15:12 | 任务进度轮询完成 
[SYS] 2025/10/11 - 15:15:27 | 任务进度轮询开始 
[SYS] 2025/10/11 - 15:15:27 | 任务进度轮询完成 
[GIN] 2025/10/11 - 15:15:38 | 20251011151528265095000pwrf2ZLO | 500 | 10.005249375s |             ::1 |    POST /api/channel/fetch_models
[SYS] 2025/10/11 - 15:15:42 | syncing options from database 
[SYS] 2025/10/11 - 15:15:42 | syncing channels from database 
[SYS] 2025/10/11 - 15:15:42 | 任务进度轮询开始 
[SYS] 2025/10/11 - 15:15:42 | 任务进度轮询完成 
[SYS] 2025/10/11 - 15:15:42 | channels synced from database 
[SYS] 2025/10/11 - 15:15:57 | 任务进度轮询开始 
[SYS] 2025/10/11 - 15:15:57 | 任务进度轮询完成 
[GIN] 2025/10/11 - 15:16:11 | 20251011151610533154000jx8tYhJQ | 200 |  1.123380459s |             ::1 |    POST /api/channel/fetch_models
[SYS] 2025/10/11 - 15:16:12 | 任务进度轮询开始 
[SYS] 2025/10/11 - 15:16:12 | 任务进度轮询完成 
[GIN] 2025/10/11 - 15:16:21 | 202510111516204942530004eNKL5KC | 200 |  659.075542ms |             ::1 |    POST /api/channel/fetch_models
[SYS] 2025/10/11 - 15:16:27 | 任务进度轮询开始 
[SYS] 2025/10/11 - 15:16:27 | 任务进度轮询完成 
[GIN] 2025/10/11 - 15:16:32 | 20251011151631617681000pTyVVolD | 200 |   660.41075ms |             ::1 |    POST /api/channel/fetch_models
[SYS] 2025/10/11 - 15:16:42 | syncing options from database 
[SYS] 2025/10/11 - 15:16:42 | 任务进度轮询开始 
[SYS] 2025/10/11 - 15:16:42 | 任务进度轮询完成 
[SYS] 2025/10/11 - 15:16:42 | syncing channels from database 
[SYS] 2025/10/11 - 15:16:42 | channels synced from database 
[SYS] 2025/10/11 - 15:16:57 | 任务进度轮询开始 
[SYS] 2025/10/11 - 15:16:57 | 任务进度轮询完成 
[SYS] 2025/10/11 - 15:17:12 | 任务进度轮询开始 
[SYS] 2025/10/11 - 15:17:12 | 任务进度轮询完成 
[GIN] 2025/10/11 - 15:17:14 | 20251011151714392560000338b8jaB | 200 |    4.237209ms |             ::1 |    POST /api/channel/
[GIN] 2025/10/11 - 15:17:14 | 20251011151714398212000MOhevEL2 | 200 |    1.389625ms |             ::1 |     GET /api/channel/?p=1&page_size=10&id_sort=false&tag_mode=false
[SYS] 2025/10/11 - 15:17:24 | channels synced from database 
[GIN] 2025/10/11 - 15:17:24 | 202510111517246290710001DceXBy1 | 200 |    6.758292ms |             ::1 |  DELETE /api/channel/4
[GIN] 2025/10/11 - 15:17:24 | 20251011151724638117000gdYem7EI | 200 |    1.287834ms |             ::1 |     GET /api/channel/?p=1&page_size=10&id_sort=false&tag_mode=false
[SYS] 2025/10/11 - 15:17:27 | 任务进度轮询开始 
[SYS] 2025/10/11 - 15:17:27 | 任务进度轮询完成 
[SYS] 2025/10/11 - 15:17:28 | channels synced from database 
[GIN] 2025/10/11 - 15:17:28 | 2025101115172845556000OWOx0vcu | 200 |    8.024833ms |             ::1 |  DELETE /api/channel/5
[GIN] 2025/10/11 - 15:17:28 | 2025101115172856763000Cp045Co1 | 200 |     1.21225ms |             ::1 |     GET /api/channel/?p=1&page_size=10&id_sort=false&tag_mode=false
[GIN] 2025/10/11 - 15:17:40 | 202510111517405480780004j2rfyOq | 204 |          31µs |             ::1 | OPTIONS /pika/generate
[ERR] 2025/10/11 - 15:17:40 | 20251011151740549460000fE96ZGWk | user 1 | 分组 default 下模型 pika 无可用渠道（distributor） 
[GIN] 2025/10/11 - 15:17:40 | 20251011151740549460000fE96ZGWk | 503 |    2.332625ms |             ::1 |    POST /pika/generate
[SYS] 2025/10/11 - 15:17:42 | syncing options from database 
[SYS] 2025/10/11 - 15:17:42 | syncing channels from database 
[SYS] 2025/10/11 - 15:17:42 | 任务进度轮询开始 
[SYS] 2025/10/11 - 15:17:42 | 任务进度轮询完成 
[SYS] 2025/10/11 - 15:17:42 | channels synced from database 
[SYS] 2025/10/11 - 15:17:57 | 任务进度轮询开始 
[SYS] 2025/10/11 - 15:17:57 | 任务进度轮询完成 
[GIN] 2025/10/11 - 15:17:59 | 20251011151759810110000jIX3YPas | 204 |      52.167µs |             ::1 | OPTIONS /runwayml/v1/image_to_video
[GIN] 2025/10/11 - 15:17:59 | 20251011151759811226000q2OIbef0 | 200 |     391.875µs |             ::1 |    POST /runwayml/v1/image_to_video
[SYS] 2025/10/11 - 15:18:12 | 任务进度轮询开始 
[SYS] 2025/10/11 - 15:18:12 | 任务进度轮询完成 
[GIN] 2025/10/11 - 15:18:17 | 202510111518174561170000YLsKemb | 204 |       40.25µs |             ::1 | OPTIONS /kling/v1/videos/image2video
[ERR] 2025/10/11 - 15:18:17 | 20251011151817457136000jR6q1YH4 | user 1 | 分组 default 下模型 kling-v1-6 无可用渠道（distributor） 
[GIN] 2025/10/11 - 15:18:17 | 20251011151817457136000jR6q1YH4 | 503 |    7.414916ms |             ::1 |    POST /kling/v1/videos/image2video
[GIN] 2025/10/11 - 15:18:23 | 20251011151823414439000XhrCHucz | 204 |      19.834µs |             ::1 | OPTIONS /kling/v1/videos/image2video
[ERR] 2025/10/11 - 15:18:23 | 20251011151823415382000u1pEi6ee | user 1 | 分组 default 下模型 kling-v1-6 无可用渠道（distributor） 
[GIN] 2025/10/11 - 15:18:23 | 20251011151823415382000u1pEi6ee | 503 |    8.326291ms |             ::1 |    POST /kling/v1/videos/image2video
[SYS] 2025/10/11 - 15:18:27 | 任务进度轮询开始 
[SYS] 2025/10/11 - 15:18:27 | 任务进度轮询完成 
[SYS] 2025/10/11 - 15:18:42 | syncing options from database 
[SYS] 2025/10/11 - 15:18:42 | 任务进度轮询开始 
[SYS] 2025/10/11 - 15:18:42 | syncing channels from database 
[SYS] 2025/10/11 - 15:18:42 | 任务进度轮询完成 
[SYS] 2025/10/11 - 15:18:42 | channels synced from database 
[SYS] 2025/10/11 - 15:18:57 | 任务进度轮询开始 
[SYS] 2025/10/11 - 15:18:57 | 任务进度轮询完成 
[SYS] 2025/10/11 - 15:19:12 | 任务进度轮询开始 
[SYS] 2025/10/11 - 15:19:12 | 任务进度轮询完成 
[SYS] 2025/10/11 - 15:19:27 | 任务进度轮询开始 
[SYS] 2025/10/11 - 15:19:27 | 任务进度轮询完成 
[SYS] 2025/10/11 - 15:19:42 | 正在更新数据看板数据... 
[SYS] 2025/10/11 - 15:19:42 | 保存数据看板数据成功，共保存0条数据 
[SYS] 2025/10/11 - 15:19:42 | syncing options from database 
[SYS] 2025/10/11 - 15:19:42 | syncing channels from database 
[SYS] 2025/10/11 - 15:19:42 | 任务进度轮询开始 
[SYS] 2025/10/11 - 15:19:42 | 任务进度轮询完成 
[SYS] 2025/10/11 - 15:19:42 | channels synced from database 
[SYS] 2025/10/11 - 15:19:57 | 任务进度轮询开始 
[SYS] 2025/10/11 - 15:19:57 | 任务进度轮询完成 
[SYS] 2025/10/11 - 15:20:12 | 任务进度轮询开始 
[SYS] 2025/10/11 - 15:20:12 | 任务进度轮询完成 
[SYS] 2025/10/11 - 15:20:27 | 任务进度轮询开始 
[SYS] 2025/10/11 - 15:20:27 | 任务进度轮询完成 
[SYS] 2025/10/11 - 15:20:42 | syncing options from database 
[SYS] 2025/10/11 - 15:20:42 | 任务进度轮询开始 
[SYS] 2025/10/11 - 15:20:42 | syncing channels from database 
[SYS] 2025/10/11 - 15:20:42 | 任务进度轮询完成 
[SYS] 2025/10/11 - 15:20:42 | channels synced from database 
[SYS] 2025/10/11 - 15:20:57 | 任务进度轮询开始 
[SYS] 2025/10/11 - 15:20:57 | 任务进度轮询完成 
[SYS] 2025/10/11 - 15:21:12 | 任务进度轮询开始 
[SYS] 2025/10/11 - 15:21:12 | 任务进度轮询完成 
[SYS] 2025/10/11 - 15:21:27 | 任务进度轮询开始 
[SYS] 2025/10/11 - 15:21:27 | 任务进度轮询完成 
[SYS] 2025/10/11 - 15:21:42 | syncing options from database 
[SYS] 2025/10/11 - 15:21:42 | 任务进度轮询开始 
[SYS] 2025/10/11 - 15:21:42 | syncing channels from database 
[SYS] 2025/10/11 - 15:21:42 | 任务进度轮询完成 
[SYS] 2025/10/11 - 15:21:42 | channels synced from database 
[SYS] 2025/10/11 - 15:21:57 | 任务进度轮询开始 
[SYS] 2025/10/11 - 15:21:57 | 任务进度轮询完成 
[SYS] 2025/10/11 - 15:22:12 | 任务进度轮询开始 
[SYS] 2025/10/11 - 15:22:12 | 任务进度轮询完成 
[SYS] 2025/10/11 - 15:22:27 | 任务进度轮询开始 
[SYS] 2025/10/11 - 15:22:27 | 任务进度轮询完成 
[SYS] 2025/10/11 - 15:22:42 | syncing options from database 
[SYS] 2025/10/11 - 15:22:42 | 任务进度轮询开始 
[SYS] 2025/10/11 - 15:22:42 | syncing channels from database 
[SYS] 2025/10/11 - 15:22:42 | 任务进度轮询完成 
[SYS] 2025/10/11 - 15:22:42 | channels synced from database 
[SYS] 2025/10/11 - 15:22:57 | 任务进度轮询开始 
[SYS] 2025/10/11 - 15:22:57 | 任务进度轮询完成 
[SYS] 2025/10/11 - 15:23:04 | channels synced from database 
[GIN] 2025/10/11 - 15:23:04 | 20251011152304319762000ewEHvhH2 | 200 |    5.857958ms |             ::1 |  DELETE /api/channel/3
[GIN] 2025/10/11 - 15:23:04 | 20251011152304328954000pDmoxhDT | 200 |    2.012292ms |             ::1 |     GET /api/channel/?p=1&page_size=10&id_sort=false&tag_mode=false
[SYS] 2025/10/11 - 15:23:12 | 任务进度轮询开始 
[SYS] 2025/10/11 - 15:23:12 | 任务进度轮询完成 
