[SYS] 2025/10/17 - 16:48:22 | initializing token encoders 
[SYS] 2025/10/17 - 16:48:22 | token encoders initialized 
[SYS] 2025/10/17 - 16:48:22 | SQL_DSN not set, using SQLite as database 
[SYS] 2025/10/17 - 16:48:22 | database migration started 
[SYS] 2025/10/17 - 16:48:22 | system is already initialized at: 2025-10-10 14:30:09 +0800 CST 
[SYS] 2025/10/17 - 16:48:22 | REDIS_CONN_STRING not set, Redis is not enabled 
[SYS] 2025/10/17 - 16:48:22 | New API v0.0.0 started 
[SYS] 2025/10/17 - 16:48:22 | running in debug mode 
[SYS] 2025/10/17 - 16:48:22 | 正在更新数据看板数据... 
[SYS] 2025/10/17 - 16:48:22 | 保存数据看板数据成功，共保存0条数据 
[SYS] 2025/10/17 - 16:48:37 | 任务进度轮询开始 
[INFO] 2025/10/17 - 16:48:37 | SYSTEM | Channel #8 pending video tasks: 8 
[ERR] 2025/10/17 - 16:48:37 | SYSTEM | Channel #8 failed to update video async tasks: video adaptor not found 
[SYS] 2025/10/17 - 16:48:37 | 任务进度轮询完成 
[SYS] 2025/10/17 - 16:48:52 | 任务进度轮询开始 
[INFO] 2025/10/17 - 16:48:52 | SYSTEM | Channel #8 pending video tasks: 8 
[ERR] 2025/10/17 - 16:48:52 | SYSTEM | Channel #8 failed to update video async tasks: video adaptor not found 
[SYS] 2025/10/17 - 16:48:52 | 任务进度轮询完成 
[SYS] 2025/10/17 - 16:49:07 | 任务进度轮询开始 
[INFO] 2025/10/17 - 16:49:07 | SYSTEM | Channel #8 pending video tasks: 8 
[ERR] 2025/10/17 - 16:49:07 | SYSTEM | Channel #8 failed to update video async tasks: video adaptor not found 
[SYS] 2025/10/17 - 16:49:07 | 任务进度轮询完成 
[SYS] 2025/10/17 - 16:49:22 | syncing options from database 
[SYS] 2025/10/17 - 16:49:22 | 任务进度轮询开始 
[INFO] 2025/10/17 - 16:49:22 | SYSTEM | Channel #8 pending video tasks: 8 
[ERR] 2025/10/17 - 16:49:22 | SYSTEM | Channel #8 failed to update video async tasks: video adaptor not found 
[SYS] 2025/10/17 - 16:49:22 | 任务进度轮询完成 
[SYS] 2025/10/17 - 16:49:37 | 任务进度轮询开始 
[INFO] 2025/10/17 - 16:49:37 | SYSTEM | Channel #8 pending video tasks: 8 
[ERR] 2025/10/17 - 16:49:37 | SYSTEM | Channel #8 failed to update video async tasks: video adaptor not found 
[SYS] 2025/10/17 - 16:49:37 | 任务进度轮询完成 
[SYS] 2025/10/17 - 16:49:52 | 任务进度轮询开始 
[INFO] 2025/10/17 - 16:49:52 | SYSTEM | Channel #8 pending video tasks: 8 
[ERR] 2025/10/17 - 16:49:52 | SYSTEM | Channel #8 failed to update video async tasks: video adaptor not found 
[SYS] 2025/10/17 - 16:49:52 | 任务进度轮询完成 
[SYS] 2025/10/17 - 16:50:07 | 任务进度轮询开始 
[INFO] 2025/10/17 - 16:50:07 | SYSTEM | Channel #8 pending video tasks: 8 
[ERR] 2025/10/17 - 16:50:07 | SYSTEM | Channel #8 failed to update video async tasks: video adaptor not found 
[SYS] 2025/10/17 - 16:50:07 | 任务进度轮询完成 
[GIN] 2025/10/17 - 16:50:10 | 20251017165010349544000JFL786Zj | 200 |    3.482542ms |             ::1 |     GET /v1/workflows/executions/chatcmpl-20251017162134490690000dnEzB8f2
[SYS] 2025/10/17 - 16:50:22 | syncing options from database 
[SYS] 2025/10/17 - 16:50:22 | 任务进度轮询开始 
[INFO] 2025/10/17 - 16:50:22 | SYSTEM | Channel #8 pending video tasks: 8 
[ERR] 2025/10/17 - 16:50:22 | SYSTEM | Channel #8 failed to update video async tasks: video adaptor not found 
[SYS] 2025/10/17 - 16:50:22 | 任务进度轮询完成 
[SYS] 2025/10/17 - 16:50:37 | 任务进度轮询开始 
[INFO] 2025/10/17 - 16:50:37 | SYSTEM | Channel #8 pending video tasks: 8 
[ERR] 2025/10/17 - 16:50:37 | SYSTEM | Channel #8 failed to update video async tasks: video adaptor not found 
[SYS] 2025/10/17 - 16:50:37 | 任务进度轮询完成 
[SYS] 2025/10/17 - 16:50:52 | 任务进度轮询开始 
[INFO] 2025/10/17 - 16:50:52 | SYSTEM | Channel #8 pending video tasks: 8 
[ERR] 2025/10/17 - 16:50:52 | SYSTEM | Channel #8 failed to update video async tasks: video adaptor not found 
[SYS] 2025/10/17 - 16:50:52 | 任务进度轮询完成 
[SYS] 2025/10/17 - 16:51:07 | 任务进度轮询开始 
[INFO] 2025/10/17 - 16:51:07 | SYSTEM | Channel #8 pending video tasks: 8 
[ERR] 2025/10/17 - 16:51:07 | SYSTEM | Channel #8 failed to update video async tasks: video adaptor not found 
[SYS] 2025/10/17 - 16:51:07 | 任务进度轮询完成 
[SYS] 2025/10/17 - 16:51:22 | syncing options from database 
[SYS] 2025/10/17 - 16:51:22 | 任务进度轮询开始 
[INFO] 2025/10/17 - 16:51:22 | SYSTEM | Channel #8 pending video tasks: 8 
[ERR] 2025/10/17 - 16:51:22 | SYSTEM | Channel #8 failed to update video async tasks: video adaptor not found 
[SYS] 2025/10/17 - 16:51:22 | 任务进度轮询完成 
[SYS] 2025/10/17 - 16:51:37 | 任务进度轮询开始 
[INFO] 2025/10/17 - 16:51:37 | SYSTEM | Channel #8 pending video tasks: 8 
[ERR] 2025/10/17 - 16:51:37 | SYSTEM | Channel #8 failed to update video async tasks: video adaptor not found 
[SYS] 2025/10/17 - 16:51:37 | 任务进度轮询完成 
[SYS] 2025/10/17 - 16:51:52 | 任务进度轮询开始 
[INFO] 2025/10/17 - 16:51:52 | SYSTEM | Channel #8 pending video tasks: 8 
[ERR] 2025/10/17 - 16:51:52 | SYSTEM | Channel #8 failed to update video async tasks: video adaptor not found 
[SYS] 2025/10/17 - 16:51:52 | 任务进度轮询完成 
[SYS] 2025/10/17 - 16:52:07 | 任务进度轮询开始 
[INFO] 2025/10/17 - 16:52:07 | SYSTEM | Channel #8 pending video tasks: 8 
[ERR] 2025/10/17 - 16:52:07 | SYSTEM | Channel #8 failed to update video async tasks: video adaptor not found 
[SYS] 2025/10/17 - 16:52:07 | 任务进度轮询完成 
[SYS] 2025/10/17 - 16:52:22 | syncing options from database 
[SYS] 2025/10/17 - 16:52:22 | 任务进度轮询开始 
[INFO] 2025/10/17 - 16:52:22 | SYSTEM | Channel #8 pending video tasks: 8 
[ERR] 2025/10/17 - 16:52:22 | SYSTEM | Channel #8 failed to update video async tasks: video adaptor not found 
[SYS] 2025/10/17 - 16:52:22 | 任务进度轮询完成 
[SYS] 2025/10/17 - 16:52:37 | 任务进度轮询开始 
[INFO] 2025/10/17 - 16:52:37 | SYSTEM | Channel #8 pending video tasks: 8 
[ERR] 2025/10/17 - 16:52:37 | SYSTEM | Channel #8 failed to update video async tasks: video adaptor not found 
[SYS] 2025/10/17 - 16:52:37 | 任务进度轮询完成 
[SYS] 2025/10/17 - 16:52:52 | 任务进度轮询开始 
[INFO] 2025/10/17 - 16:52:52 | SYSTEM | Channel #8 pending video tasks: 8 
[ERR] 2025/10/17 - 16:52:52 | SYSTEM | Channel #8 failed to update video async tasks: video adaptor not found 
[SYS] 2025/10/17 - 16:52:52 | 任务进度轮询完成 
[SYS] 2025/10/17 - 16:53:07 | 任务进度轮询开始 
[INFO] 2025/10/17 - 16:53:07 | SYSTEM | Channel #8 pending video tasks: 8 
[ERR] 2025/10/17 - 16:53:07 | SYSTEM | Channel #8 failed to update video async tasks: video adaptor not found 
[SYS] 2025/10/17 - 16:53:07 | 任务进度轮询完成 
[SYS] 2025/10/17 - 16:53:22 | 正在更新数据看板数据... 
[SYS] 2025/10/17 - 16:53:22 | 保存数据看板数据成功，共保存0条数据 
[SYS] 2025/10/17 - 16:53:22 | syncing options from database 
[SYS] 2025/10/17 - 16:53:22 | 任务进度轮询开始 
[INFO] 2025/10/17 - 16:53:22 | SYSTEM | Channel #8 pending video tasks: 8 
[ERR] 2025/10/17 - 16:53:22 | SYSTEM | Channel #8 failed to update video async tasks: video adaptor not found 
[SYS] 2025/10/17 - 16:53:22 | 任务进度轮询完成 
[SYS] 2025/10/17 - 16:53:37 | 任务进度轮询开始 
[INFO] 2025/10/17 - 16:53:37 | SYSTEM | Channel #8 pending video tasks: 8 
[ERR] 2025/10/17 - 16:53:37 | SYSTEM | Channel #8 failed to update video async tasks: video adaptor not found 
[SYS] 2025/10/17 - 16:53:37 | 任务进度轮询完成 
[SYS] 2025/10/17 - 16:53:52 | 任务进度轮询开始 
[INFO] 2025/10/17 - 16:53:52 | SYSTEM | Channel #8 pending video tasks: 8 
[ERR] 2025/10/17 - 16:53:52 | SYSTEM | Channel #8 failed to update video async tasks: video adaptor not found 
[SYS] 2025/10/17 - 16:53:52 | 任务进度轮询完成 
[SYS] 2025/10/17 - 16:54:07 | 任务进度轮询开始 
[INFO] 2025/10/17 - 16:54:07 | SYSTEM | Channel #8 pending video tasks: 8 
[ERR] 2025/10/17 - 16:54:07 | SYSTEM | Channel #8 failed to update video async tasks: video adaptor not found 
[SYS] 2025/10/17 - 16:54:07 | 任务进度轮询完成 
[SYS] 2025/10/17 - 16:54:22 | syncing options from database 
[SYS] 2025/10/17 - 16:54:22 | 任务进度轮询开始 
[INFO] 2025/10/17 - 16:54:22 | SYSTEM | Channel #8 pending video tasks: 8 
[ERR] 2025/10/17 - 16:54:22 | SYSTEM | Channel #8 failed to update video async tasks: video adaptor not found 
[SYS] 2025/10/17 - 16:54:22 | 任务进度轮询完成 
[SYS] 2025/10/17 - 16:54:37 | 任务进度轮询开始 
[INFO] 2025/10/17 - 16:54:37 | SYSTEM | Channel #8 pending video tasks: 8 
[ERR] 2025/10/17 - 16:54:37 | SYSTEM | Channel #8 failed to update video async tasks: video adaptor not found 
[SYS] 2025/10/17 - 16:54:37 | 任务进度轮询完成 
[SYS] 2025/10/17 - 16:54:52 | 任务进度轮询开始 
[INFO] 2025/10/17 - 16:54:52 | SYSTEM | Channel #8 pending video tasks: 8 
[ERR] 2025/10/17 - 16:54:52 | SYSTEM | Channel #8 failed to update video async tasks: video adaptor not found 
[SYS] 2025/10/17 - 16:54:52 | 任务进度轮询完成 
[SYS] 2025/10/17 - 16:55:07 | 任务进度轮询开始 
[INFO] 2025/10/17 - 16:55:07 | SYSTEM | Channel #8 pending video tasks: 8 
[ERR] 2025/10/17 - 16:55:07 | SYSTEM | Channel #8 failed to update video async tasks: video adaptor not found 
[SYS] 2025/10/17 - 16:55:07 | 任务进度轮询完成 
[SYS] 2025/10/17 - 16:55:22 | syncing options from database 
[SYS] 2025/10/17 - 16:55:22 | 任务进度轮询开始 
[INFO] 2025/10/17 - 16:55:22 | SYSTEM | Channel #8 pending video tasks: 8 
[ERR] 2025/10/17 - 16:55:22 | SYSTEM | Channel #8 failed to update video async tasks: video adaptor not found 
[SYS] 2025/10/17 - 16:55:22 | 任务进度轮询完成 
[SYS] 2025/10/17 - 16:55:37 | 任务进度轮询开始 
[INFO] 2025/10/17 - 16:55:37 | SYSTEM | Channel #8 pending video tasks: 8 
[ERR] 2025/10/17 - 16:55:37 | SYSTEM | Channel #8 failed to update video async tasks: video adaptor not found 
[SYS] 2025/10/17 - 16:55:37 | 任务进度轮询完成 
[SYS] 2025/10/17 - 16:55:52 | 任务进度轮询开始 
[INFO] 2025/10/17 - 16:55:52 | SYSTEM | Channel #8 pending video tasks: 8 
[ERR] 2025/10/17 - 16:55:52 | SYSTEM | Channel #8 failed to update video async tasks: video adaptor not found 
[SYS] 2025/10/17 - 16:55:52 | 任务进度轮询完成 
[SYS] 2025/10/17 - 16:56:07 | 任务进度轮询开始 
[INFO] 2025/10/17 - 16:56:07 | SYSTEM | Channel #8 pending video tasks: 8 
[ERR] 2025/10/17 - 16:56:07 | SYSTEM | Channel #8 failed to update video async tasks: video adaptor not found 
[SYS] 2025/10/17 - 16:56:07 | 任务进度轮询完成 
[SYS] 2025/10/17 - 16:56:22 | syncing options from database 
[SYS] 2025/10/17 - 16:56:22 | 任务进度轮询开始 
[INFO] 2025/10/17 - 16:56:22 | SYSTEM | Channel #8 pending video tasks: 8 
[ERR] 2025/10/17 - 16:56:22 | SYSTEM | Channel #8 failed to update video async tasks: video adaptor not found 
[SYS] 2025/10/17 - 16:56:22 | 任务进度轮询完成 
