[SYS] 2025/10/13 - 18:20:48 | initializing token encoders 
[SYS] 2025/10/13 - 18:20:48 | token encoders initialized 
[SYS] 2025/10/13 - 18:20:48 | SQL_DSN not set, using SQLite as database 
[SYS] 2025/10/13 - 18:20:48 | database migration started 
[SYS] 2025/10/13 - 18:20:48 | system is already initialized at: 2025-10-10 14:30:09 +0800 CST 
[SYS] 2025/10/13 - 18:20:48 | REDIS_CONN_STRING not set, Redis is not enabled 
[SYS] 2025/10/13 - 18:20:48 | New API v0.0.0 started 
[SYS] 2025/10/13 - 18:20:48 | running in debug mode 
[SYS] 2025/10/13 - 18:20:48 | memory cache enabled 
[SYS] 2025/10/13 - 18:20:48 | sync frequency: 60 seconds 
[SYS] 2025/10/13 - 18:20:48 | channels synced from database 
[SYS] 2025/10/13 - 18:20:48 | 正在更新数据看板数据... 
[SYS] 2025/10/13 - 18:20:48 | 保存数据看板数据成功，共保存0条数据 
[SYS] 2025/10/13 - 18:21:03 | 任务进度轮询开始 
[SYS] 2025/10/13 - 18:21:03 | 任务进度轮询完成 
[SYS] 2025/10/13 - 18:21:18 | 任务进度轮询开始 
[SYS] 2025/10/13 - 18:21:18 | 任务进度轮询完成 
[SYS] 2025/10/13 - 18:21:33 | 任务进度轮询开始 
[SYS] 2025/10/13 - 18:21:33 | 任务进度轮询完成 
[SYS] 2025/10/13 - 18:21:48 | syncing options from database 
[SYS] 2025/10/13 - 18:21:48 | syncing channels from database 
[SYS] 2025/10/13 - 18:21:48 | channels synced from database 
[SYS] 2025/10/13 - 18:21:48 | 任务进度轮询开始 
[SYS] 2025/10/13 - 18:21:48 | 任务进度轮询完成 
[SYS] 2025/10/13 - 18:22:03 | 任务进度轮询开始 
[SYS] 2025/10/13 - 18:22:03 | 任务进度轮询完成 
[SYS] 2025/10/13 - 18:22:18 | 任务进度轮询开始 
[SYS] 2025/10/13 - 18:22:18 | 任务进度轮询完成 
[SYS] 2025/10/13 - 18:22:33 | 任务进度轮询开始 
[SYS] 2025/10/13 - 18:22:33 | 任务进度轮询完成 
[SYS] 2025/10/13 - 18:22:48 | syncing options from database 
[SYS] 2025/10/13 - 18:22:48 | syncing channels from database 
[SYS] 2025/10/13 - 18:22:48 | channels synced from database 
[SYS] 2025/10/13 - 18:22:48 | 任务进度轮询开始 
[SYS] 2025/10/13 - 18:22:48 | 任务进度轮询完成 
[SYS] 2025/10/13 - 18:23:03 | 任务进度轮询开始 
[SYS] 2025/10/13 - 18:23:03 | 任务进度轮询完成 
[GIN] 2025/10/13 - 18:23:11 | 20251013182311307670008Kg9pJIO | 200 |     350.083µs |             ::1 |     GET /console/setting?tab=ratio
[GIN] 2025/10/13 - 18:23:11 | 20251013182311590180005f6KyH9q | 200 |      176.75µs |             ::1 |     GET /.well-known/appspecific/com.chrome.devtools.json
[GIN] 2025/10/13 - 18:23:11 | 20251013182311309915000tSYPcI7o | 200 |    1.172375ms |             ::1 |     GET /api/user/self
[GIN] 2025/10/13 - 18:23:11 | 20251013182311313470000ECXqwyC5 | 200 |     279.166µs |             ::1 |     GET /api/status
[GIN] 2025/10/13 - 18:23:11 | 20251013182311505026000xtrkWY4b | 200 |         738µs |             ::1 |     GET /api/option/
[GIN] 2025/10/13 - 18:23:11 | 20251013182311504948000nWDkWnFH | 200 |    3.600334ms |             ::1 |     GET /api/channel/models_enabled
[GIN] 2025/10/13 - 18:23:11 | 20251013182311533092000gAOTPsWJ | 200 |     585.042µs |             ::1 |     GET /api/user/self
[GIN] 2025/10/13 - 18:23:18 | 20251013182318180184000QWZbjvTl | 204 |      28.209µs |             ::1 | OPTIONS /kling/v1/videos/image2video
[ERR] 2025/10/13 - 18:23:18 | 20251013182318181154000ozWF0ML4 | user 1 | 分组 default 下模型 kling-v1 无可用渠道（distributor） 
[GIN] 2025/10/13 - 18:23:18 | 20251013182318181154000ozWF0ML4 | 503 |    7.957708ms |             ::1 |    POST /kling/v1/videos/image2video
[SYS] 2025/10/13 - 18:23:18 | 任务进度轮询开始 
[SYS] 2025/10/13 - 18:23:18 | 任务进度轮询完成 
[GIN] 2025/10/13 - 18:23:26 | 20251013182326653876000jfccZmGH | 204 |      14.125µs |             ::1 | OPTIONS /kling/v1/videos/image2video
[ERR] 2025/10/13 - 18:23:26 | 20251013182326654935000liyeNXYv | user 1 | 分组 default 下模型 kling-v1 无可用渠道（distributor） 
[GIN] 2025/10/13 - 18:23:26 | 20251013182326654935000liyeNXYv | 503 |    6.267917ms |             ::1 |    POST /kling/v1/videos/image2video
[GIN] 2025/10/13 - 18:23:30 | 20251013182330796792000A70SrL5D | 204 |      12.708µs |             ::1 | OPTIONS /kling/v1/videos/image2video
[ERR] 2025/10/13 - 18:23:30 | 20251013182330797982000JZPkOQ6O | user 1 | 分组 default 下模型 kling-v1 无可用渠道（distributor） 
[GIN] 2025/10/13 - 18:23:30 | 20251013182330797982000JZPkOQ6O | 503 |    8.377459ms |             ::1 |    POST /kling/v1/videos/image2video
[SYS] 2025/10/13 - 18:23:33 | 任务进度轮询开始 
[SYS] 2025/10/13 - 18:23:33 | 任务进度轮询完成 
[GIN] 2025/10/13 - 18:23:34 | 202510131823349521510002eStfvuu | 204 |      16.375µs |             ::1 | OPTIONS /kling/v1/videos/image2video
[ERR] 2025/10/13 - 18:23:34 | 20251013182334953937000tYxYnXPi | user 1 | 分组 default 下模型 kling-v1 无可用渠道（distributor） 
[GIN] 2025/10/13 - 18:23:34 | 20251013182334953937000tYxYnXPi | 503 |     6.94275ms |             ::1 |    POST /kling/v1/videos/image2video
[SYS] 2025/10/13 - 18:23:48 | syncing options from database 
[SYS] 2025/10/13 - 18:23:48 | syncing channels from database 
[SYS] 2025/10/13 - 18:23:48 | 任务进度轮询开始 
[SYS] 2025/10/13 - 18:23:48 | 任务进度轮询完成 
[SYS] 2025/10/13 - 18:23:48 | channels synced from database 
[GIN] 2025/10/13 - 18:23:55 | 20251013182355544893000I6P8jv5u | 204 |       8.709µs |             ::1 | OPTIONS /kling/v1/videos/image2video
[GIN] 2025/10/13 - 18:23:55 | 20251013182355545621000zdfj06xz | 400 |    4.837125ms |             ::1 |    POST /kling/v1/videos/image2video
[SYS] 2025/10/13 - 18:24:03 | 任务进度轮询开始 
[SYS] 2025/10/13 - 18:24:03 | 任务进度轮询完成 
[SYS] 2025/10/13 - 18:24:18 | 任务进度轮询开始 
[SYS] 2025/10/13 - 18:24:18 | 任务进度轮询完成 
[SYS] 2025/10/13 - 18:24:33 | 任务进度轮询开始 
[SYS] 2025/10/13 - 18:24:33 | 任务进度轮询完成 
[SYS] 2025/10/13 - 18:24:48 | syncing options from database 
[SYS] 2025/10/13 - 18:24:48 | syncing channels from database 
[SYS] 2025/10/13 - 18:24:48 | 任务进度轮询开始 
[SYS] 2025/10/13 - 18:24:48 | 任务进度轮询完成 
[SYS] 2025/10/13 - 18:24:48 | channels synced from database 
[SYS] 2025/10/13 - 18:25:03 | 任务进度轮询开始 
[SYS] 2025/10/13 - 18:25:03 | 任务进度轮询完成 
[SYS] 2025/10/13 - 18:25:18 | 任务进度轮询开始 
[SYS] 2025/10/13 - 18:25:18 | 任务进度轮询完成 
[SYS] 2025/10/13 - 18:25:33 | 任务进度轮询开始 
[SYS] 2025/10/13 - 18:25:33 | 任务进度轮询完成 
[SYS] 2025/10/13 - 18:25:48 | 正在更新数据看板数据... 
[SYS] 2025/10/13 - 18:25:48 | 保存数据看板数据成功，共保存0条数据 
[SYS] 2025/10/13 - 18:25:48 | syncing options from database 
[SYS] 2025/10/13 - 18:25:48 | syncing channels from database 
[SYS] 2025/10/13 - 18:25:48 | 任务进度轮询开始 
[SYS] 2025/10/13 - 18:25:48 | 任务进度轮询完成 
[SYS] 2025/10/13 - 18:25:48 | channels synced from database 
[SYS] 2025/10/13 - 18:26:03 | 任务进度轮询开始 
[SYS] 2025/10/13 - 18:26:03 | 任务进度轮询完成 
[SYS] 2025/10/13 - 18:26:18 | 任务进度轮询开始 
[SYS] 2025/10/13 - 18:26:18 | 任务进度轮询完成 
[SYS] 2025/10/13 - 18:26:33 | 任务进度轮询开始 
[SYS] 2025/10/13 - 18:26:33 | 任务进度轮询完成 
[SYS] 2025/10/13 - 18:26:48 | syncing options from database 
[SYS] 2025/10/13 - 18:26:48 | syncing channels from database 
[SYS] 2025/10/13 - 18:26:48 | 任务进度轮询开始 
[SYS] 2025/10/13 - 18:26:48 | 任务进度轮询完成 
[SYS] 2025/10/13 - 18:26:48 | channels synced from database 
[SYS] 2025/10/13 - 18:27:03 | 任务进度轮询开始 
[SYS] 2025/10/13 - 18:27:03 | 任务进度轮询完成 
[SYS] 2025/10/13 - 18:27:18 | 任务进度轮询开始 
[SYS] 2025/10/13 - 18:27:18 | 任务进度轮询完成 
[SYS] 2025/10/13 - 18:27:33 | 任务进度轮询开始 
[SYS] 2025/10/13 - 18:27:33 | 任务进度轮询完成 
[SYS] 2025/10/13 - 18:27:48 | syncing options from database 
[SYS] 2025/10/13 - 18:27:48 | syncing channels from database 
[SYS] 2025/10/13 - 18:27:48 | 任务进度轮询开始 
[SYS] 2025/10/13 - 18:27:48 | 任务进度轮询完成 
[SYS] 2025/10/13 - 18:27:48 | channels synced from database 
[SYS] 2025/10/13 - 18:28:03 | 任务进度轮询开始 
[SYS] 2025/10/13 - 18:28:03 | 任务进度轮询完成 
[SYS] 2025/10/13 - 18:28:18 | 任务进度轮询开始 
[SYS] 2025/10/13 - 18:28:18 | 任务进度轮询完成 
[SYS] 2025/10/13 - 18:28:33 | 任务进度轮询开始 
[SYS] 2025/10/13 - 18:28:33 | 任务进度轮询完成 
[SYS] 2025/10/13 - 18:28:48 | syncing options from database 
[SYS] 2025/10/13 - 18:28:48 | syncing channels from database 
[SYS] 2025/10/13 - 18:28:48 | 任务进度轮询开始 
[SYS] 2025/10/13 - 18:28:48 | 任务进度轮询完成 
[SYS] 2025/10/13 - 18:28:48 | channels synced from database 
[SYS] 2025/10/13 - 18:29:03 | 任务进度轮询开始 
[SYS] 2025/10/13 - 18:29:03 | 任务进度轮询完成 
[SYS] 2025/10/13 - 18:29:18 | 任务进度轮询开始 
[SYS] 2025/10/13 - 18:29:18 | 任务进度轮询完成 
[SYS] 2025/10/13 - 18:29:33 | 任务进度轮询开始 
[SYS] 2025/10/13 - 18:29:33 | 任务进度轮询完成 
[SYS] 2025/10/13 - 18:29:48 | syncing options from database 
[SYS] 2025/10/13 - 18:29:48 | syncing channels from database 
[SYS] 2025/10/13 - 18:29:48 | 任务进度轮询开始 
[SYS] 2025/10/13 - 18:29:48 | 任务进度轮询完成 
[SYS] 2025/10/13 - 18:29:48 | channels synced from database 
[SYS] 2025/10/13 - 18:30:03 | 任务进度轮询开始 
[SYS] 2025/10/13 - 18:30:03 | 任务进度轮询完成 
[SYS] 2025/10/13 - 18:30:18 | 任务进度轮询开始 
[SYS] 2025/10/13 - 18:30:18 | 任务进度轮询完成 
[SYS] 2025/10/13 - 18:30:33 | 任务进度轮询开始 
[SYS] 2025/10/13 - 18:30:33 | 任务进度轮询完成 
[SYS] 2025/10/13 - 18:30:48 | 正在更新数据看板数据... 
[SYS] 2025/10/13 - 18:30:48 | 保存数据看板数据成功，共保存0条数据 
[SYS] 2025/10/13 - 18:30:48 | syncing options from database 
[SYS] 2025/10/13 - 18:30:48 | syncing channels from database 
[SYS] 2025/10/13 - 18:30:48 | 任务进度轮询开始 
[SYS] 2025/10/13 - 18:30:48 | 任务进度轮询完成 
[SYS] 2025/10/13 - 18:30:48 | channels synced from database 
[SYS] 2025/10/13 - 18:31:03 | 任务进度轮询开始 
[SYS] 2025/10/13 - 18:31:03 | 任务进度轮询完成 
[SYS] 2025/10/13 - 18:31:18 | 任务进度轮询开始 
[SYS] 2025/10/13 - 18:31:18 | 任务进度轮询完成 
[SYS] 2025/10/13 - 18:31:33 | 任务进度轮询开始 
[SYS] 2025/10/13 - 18:31:33 | 任务进度轮询完成 
[SYS] 2025/10/13 - 18:34:42 | 任务进度轮询开始 
[SYS] 2025/10/13 - 18:34:42 | syncing channels from database 
[SYS] 2025/10/13 - 18:34:42 | syncing options from database 
[SYS] 2025/10/13 - 18:34:42 | 任务进度轮询完成 
[SYS] 2025/10/13 - 18:34:42 | channels synced from database 
[SYS] 2025/10/13 - 18:34:57 | 任务进度轮询开始 
[SYS] 2025/10/13 - 18:34:58 | 任务进度轮询完成 
[SYS] 2025/10/13 - 18:35:12 | 任务进度轮询开始 
[SYS] 2025/10/13 - 18:35:12 | 任务进度轮询完成 
[SYS] 2025/10/13 - 18:35:27 | 任务进度轮询开始 
[SYS] 2025/10/13 - 18:35:27 | 任务进度轮询完成 
[SYS] 2025/10/13 - 18:35:42 | syncing options from database 
[SYS] 2025/10/13 - 18:35:42 | syncing channels from database 
[SYS] 2025/10/13 - 18:35:42 | channels synced from database 
[SYS] 2025/10/13 - 18:35:42 | 任务进度轮询开始 
[SYS] 2025/10/13 - 18:35:42 | 任务进度轮询完成 
[SYS] 2025/10/13 - 18:35:57 | 任务进度轮询开始 
[SYS] 2025/10/13 - 18:35:57 | 任务进度轮询完成 
[SYS] 2025/10/13 - 18:36:12 | 任务进度轮询开始 
[SYS] 2025/10/13 - 18:36:12 | 任务进度轮询完成 
[SYS] 2025/10/13 - 18:36:27 | 任务进度轮询开始 
[SYS] 2025/10/13 - 18:36:28 | 任务进度轮询完成 
[SYS] 2025/10/13 - 18:36:42 | syncing options from database 
[SYS] 2025/10/13 - 18:36:42 | syncing channels from database 
[SYS] 2025/10/13 - 18:36:42 | channels synced from database 
[SYS] 2025/10/13 - 18:36:43 | 任务进度轮询开始 
[SYS] 2025/10/13 - 18:36:43 | 任务进度轮询完成 
[SYS] 2025/10/13 - 18:36:58 | 任务进度轮询开始 
[SYS] 2025/10/13 - 18:36:58 | 任务进度轮询完成 
[SYS] 2025/10/13 - 18:37:13 | 任务进度轮询开始 
[SYS] 2025/10/13 - 18:37:13 | 任务进度轮询完成 
