[SYS] 2025/09/29 - 16:25:08 | initializing token encoders 
[SYS] 2025/09/29 - 16:25:08 | token encoders initialized 
[SYS] 2025/09/29 - 16:25:08 | SQL_DSN not set, using SQLite as database 
[SYS] 2025/09/29 - 16:25:08 | database migration started 
[FATAL] 2025/09/29 - 16:25:08 | [failed to initialize database: failed to look up field base_url from DDL CREATE TABLE channels (
  id INTEGER PRIMARY KEY AUTOINCREMENT,
  type INTEGER DEFAULT 0,
  key TEXT NOT NULL,
  open_ai_organization TEXT,
  test_model TEXT,
  status INTEGER DEFAULT 1,
  name TEXT,
  weight INTEGER DEFAULT 0,
  created_time INTEGER,
  test_time INTEGER,
  response_time INTEGER,
  base_url TEXT DEFAULT '',
  other TEXT,
  balance REAL,
  balance_updated_time INTEGER,
  models TEXT,
  "group" VARCHAR(64) DEFAULT 'default',
  used_quota INTEGER DEFAULT 0,
  model_mapping TEXT,
  status_code_mapping VARCHAR(1024) DEFAULT '',
  priority INTEGER DEFAULT 0,
  auto_ban INTEGER DEFAULT 1,
  other_info TEXT,
  tag TEXT,
  setting TEXT,
  param_override TEXT,
  header_override TEXT,
  remark VARCHAR(255),
  channel_info TEXT,
  settings TEXT
)] 
