[SYS] 2025/09/28 - 15:12:10 | initializing token encoders 
[SYS] 2025/09/28 - 15:12:10 | token encoders initialized 
[SYS] 2025/09/28 - 15:12:10 | SQL_DSN not set, using SQLite as database 
[SYS] 2025/09/28 - 15:12:10 | database migration started 
[SYS] 2025/09/28 - 15:12:10 | system is already initialized at: 2025-09-23 14:26:35 +0800 CST 
[SYS] 2025/09/28 - 15:12:10 | REDIS_CONN_STRING not set, Redis is not enabled 
[SYS] 2025/09/28 - 15:12:10 | New API v0.0.0 started 
[SYS] 2025/09/28 - 15:12:10 | memory cache enabled 
[SYS] 2025/09/28 - 15:12:10 | sync frequency: 60 seconds 
[SYS] 2025/09/28 - 15:12:10 | channels synced from database 
[SYS] 2025/09/28 - 15:12:10 | 正在更新数据看板数据... 
[SYS] 2025/09/28 - 15:12:10 | 保存数据看板数据成功，共保存0条数据 
[SYS] 2025/09/28 - 15:12:25 | 任务进度轮询开始 
[SYS] 2025/09/28 - 15:12:25 | 任务进度轮询完成 
[INFO] 2025/09/28 - 15:12:29 | 2025092815122990437000GMBRooNK | 用户 1 额度充足且为无限额度令牌, 信任且不需要预扣费 
[ERR] 2025/09/28 - 15:12:29 | 2025092815122990437000GMBRooNK | relay error (channel #6, status code: 500): The requested API endpoint POST /v1/workflows/7520444303086125096/run_histories does not exist. Please verify the URL and try again. All available API paths are listed in the documentation: https://www.coze.cn/docs/developer_guides/api_overview 
[GIN] 2025/09/28 - 15:12:29 | 2025092815122990437000GMBRooNK | 500 |  233.858916ms |             ::1 |    POST /v1/chat/completions
[SYS] 2025/09/28 - 15:12:40 | 任务进度轮询开始 
[SYS] 2025/09/28 - 15:12:40 | 任务进度轮询完成 
[SYS] 2025/09/28 - 15:12:55 | 任务进度轮询开始 
[SYS] 2025/09/28 - 15:12:55 | 任务进度轮询完成 
[SYS] 2025/09/28 - 15:13:10 | syncing channels from database 
[SYS] 2025/09/28 - 15:13:10 | syncing options from database 
[SYS] 2025/09/28 - 15:13:10 | channels synced from database 
[SYS] 2025/09/28 - 15:13:10 | 任务进度轮询开始 
[SYS] 2025/09/28 - 15:13:10 | 任务进度轮询完成 
[SYS] 2025/09/28 - 15:13:25 | 任务进度轮询开始 
[SYS] 2025/09/28 - 15:13:25 | 任务进度轮询完成 
[SYS] 2025/09/28 - 15:13:40 | 任务进度轮询开始 
[SYS] 2025/09/28 - 15:13:40 | 任务进度轮询完成 
[INFO] 2025/09/28 - 15:13:46 | 20250928151346496587000zEiLFpQH | 用户 1 额度充足且为无限额度令牌, 信任且不需要预扣费 
[ERR] 2025/09/28 - 15:13:46 | 20250928151346496587000zEiLFpQH | relay error (channel #6, status code: 404): The requested API endpoint POST /v1/workflows/7549079559813087284/run_histories does not exist. Please verify the URL and try again. All available API paths are listed in the documentation: https://www.coze.cn/docs/developer_guides/api_overview 
[GIN] 2025/09/28 - 15:13:46 | 20250928151346496587000zEiLFpQH | 404 |  139.266208ms |             ::1 |    POST /v1/chat/completions
[SYS] 2025/09/28 - 15:13:55 | 任务进度轮询开始 
[SYS] 2025/09/28 - 15:13:55 | 任务进度轮询完成 
[SYS] 2025/09/28 - 15:14:10 | syncing options from database 
[SYS] 2025/09/28 - 15:14:10 | syncing channels from database 
[SYS] 2025/09/28 - 15:14:10 | channels synced from database 
[SYS] 2025/09/28 - 15:14:10 | 任务进度轮询开始 
[SYS] 2025/09/28 - 15:14:10 | 任务进度轮询完成 
[SYS] 2025/09/28 - 15:14:25 | 任务进度轮询开始 
[SYS] 2025/09/28 - 15:14:25 | 任务进度轮询完成 
[SYS] 2025/09/28 - 15:14:40 | 任务进度轮询开始 
[SYS] 2025/09/28 - 15:14:40 | 任务进度轮询完成 
[SYS] 2025/09/28 - 15:14:55 | 任务进度轮询开始 
[SYS] 2025/09/28 - 15:14:55 | 任务进度轮询完成 
[SYS] 2025/09/28 - 15:15:10 | syncing options from database 
[SYS] 2025/09/28 - 15:15:10 | syncing channels from database 
[SYS] 2025/09/28 - 15:15:10 | channels synced from database 
[SYS] 2025/09/28 - 15:15:10 | 任务进度轮询开始 
[SYS] 2025/09/28 - 15:15:10 | 任务进度轮询完成 
[SYS] 2025/09/28 - 15:15:25 | 任务进度轮询开始 
[SYS] 2025/09/28 - 15:15:25 | 任务进度轮询完成 
[SYS] 2025/09/28 - 15:15:40 | 任务进度轮询开始 
[SYS] 2025/09/28 - 15:15:40 | 任务进度轮询完成 
[SYS] 2025/09/28 - 15:15:55 | 任务进度轮询开始 
[SYS] 2025/09/28 - 15:15:55 | 任务进度轮询完成 
[SYS] 2025/09/28 - 15:16:10 | syncing options from database 
[SYS] 2025/09/28 - 15:16:10 | syncing channels from database 
[SYS] 2025/09/28 - 15:16:10 | channels synced from database 
[SYS] 2025/09/28 - 15:16:10 | 任务进度轮询开始 
[SYS] 2025/09/28 - 15:16:10 | 任务进度轮询完成 
[SYS] 2025/09/28 - 15:16:25 | 任务进度轮询开始 
[SYS] 2025/09/28 - 15:16:25 | 任务进度轮询完成 
[SYS] 2025/09/28 - 15:16:40 | 任务进度轮询开始 
[SYS] 2025/09/28 - 15:16:40 | 任务进度轮询完成 
[SYS] 2025/09/28 - 15:16:55 | 任务进度轮询开始 
[SYS] 2025/09/28 - 15:16:55 | 任务进度轮询完成 
[SYS] 2025/09/28 - 15:17:10 | 正在更新数据看板数据... 
[SYS] 2025/09/28 - 15:17:10 | 保存数据看板数据成功，共保存0条数据 
[SYS] 2025/09/28 - 15:17:10 | syncing options from database 
[SYS] 2025/09/28 - 15:17:10 | syncing channels from database 
[SYS] 2025/09/28 - 15:17:10 | channels synced from database 
[SYS] 2025/09/28 - 15:17:10 | 任务进度轮询开始 
[SYS] 2025/09/28 - 15:17:10 | 任务进度轮询完成 
[SYS] 2025/09/28 - 15:17:25 | 任务进度轮询开始 
[SYS] 2025/09/28 - 15:17:25 | 任务进度轮询完成 
[SYS] 2025/09/28 - 15:17:40 | 任务进度轮询开始 
[SYS] 2025/09/28 - 15:17:40 | 任务进度轮询完成 
[SYS] 2025/09/28 - 15:17:55 | 任务进度轮询开始 
[SYS] 2025/09/28 - 15:17:55 | 任务进度轮询完成 
[SYS] 2025/09/28 - 15:18:10 | syncing options from database 
[SYS] 2025/09/28 - 15:18:10 | syncing channels from database 
[SYS] 2025/09/28 - 15:18:10 | channels synced from database 
[SYS] 2025/09/28 - 15:18:10 | 任务进度轮询开始 
[SYS] 2025/09/28 - 15:18:10 | 任务进度轮询完成 
[SYS] 2025/09/28 - 15:18:25 | 任务进度轮询开始 
[SYS] 2025/09/28 - 15:18:25 | 任务进度轮询完成 
[SYS] 2025/09/28 - 15:18:40 | 任务进度轮询开始 
[SYS] 2025/09/28 - 15:18:40 | 任务进度轮询完成 
[SYS] 2025/09/28 - 15:18:55 | 任务进度轮询开始 
[SYS] 2025/09/28 - 15:18:55 | 任务进度轮询完成 
[SYS] 2025/09/28 - 15:19:10 | syncing options from database 
[SYS] 2025/09/28 - 15:19:10 | syncing channels from database 
[SYS] 2025/09/28 - 15:19:10 | channels synced from database 
[SYS] 2025/09/28 - 15:19:10 | 任务进度轮询开始 
[SYS] 2025/09/28 - 15:19:10 | 任务进度轮询完成 
[SYS] 2025/09/28 - 15:19:25 | 任务进度轮询开始 
[SYS] 2025/09/28 - 15:19:25 | 任务进度轮询完成 
[SYS] 2025/09/28 - 15:19:40 | 任务进度轮询开始 
[SYS] 2025/09/28 - 15:19:40 | 任务进度轮询完成 
[SYS] 2025/09/28 - 15:19:55 | 任务进度轮询开始 
[SYS] 2025/09/28 - 15:19:55 | 任务进度轮询完成 
[SYS] 2025/09/28 - 15:20:10 | syncing options from database 
[SYS] 2025/09/28 - 15:20:10 | syncing channels from database 
[SYS] 2025/09/28 - 15:20:10 | channels synced from database 
[SYS] 2025/09/28 - 15:20:10 | 任务进度轮询开始 
[SYS] 2025/09/28 - 15:20:10 | 任务进度轮询完成 
[SYS] 2025/09/28 - 15:20:25 | 任务进度轮询开始 
[SYS] 2025/09/28 - 15:20:25 | 任务进度轮询完成 
[SYS] 2025/09/28 - 15:20:40 | 任务进度轮询开始 
[SYS] 2025/09/28 - 15:20:40 | 任务进度轮询完成 
[SYS] 2025/09/28 - 15:20:55 | 任务进度轮询开始 
[SYS] 2025/09/28 - 15:20:55 | 任务进度轮询完成 
[SYS] 2025/09/28 - 15:21:10 | syncing options from database 
[SYS] 2025/09/28 - 15:21:10 | syncing channels from database 
[SYS] 2025/09/28 - 15:21:10 | channels synced from database 
[SYS] 2025/09/28 - 15:21:10 | 任务进度轮询开始 
[SYS] 2025/09/28 - 15:21:10 | 任务进度轮询完成 
[SYS] 2025/09/28 - 15:21:25 | 任务进度轮询开始 
[SYS] 2025/09/28 - 15:21:25 | 任务进度轮询完成 
[SYS] 2025/09/28 - 15:21:40 | 任务进度轮询开始 
[SYS] 2025/09/28 - 15:21:40 | 任务进度轮询完成 
[SYS] 2025/09/28 - 15:21:55 | 任务进度轮询开始 
[SYS] 2025/09/28 - 15:21:55 | 任务进度轮询完成 
[SYS] 2025/09/28 - 15:22:10 | 正在更新数据看板数据... 
[SYS] 2025/09/28 - 15:22:10 | 保存数据看板数据成功，共保存0条数据 
[SYS] 2025/09/28 - 15:22:10 | syncing options from database 
[SYS] 2025/09/28 - 15:22:10 | syncing channels from database 
[SYS] 2025/09/28 - 15:22:10 | channels synced from database 
[SYS] 2025/09/28 - 15:22:10 | 任务进度轮询开始 
[SYS] 2025/09/28 - 15:22:10 | 任务进度轮询完成 
[SYS] 2025/09/28 - 15:22:25 | 任务进度轮询开始 
[SYS] 2025/09/28 - 15:22:25 | 任务进度轮询完成 
[GIN] 2025/09/28 - 15:22:35 | 202509281522352893180008jcoK1dN | 200 |    5.380667ms |             ::1 |     GET /console/token
[GIN] 2025/09/28 - 15:22:35 | 20250928152235642476000WvT8SCyT | 401 |    5.033541ms |             ::1 |     GET /api/token/?p=1&size=10
[GIN] 2025/09/28 - 15:22:35 | 20250928152235642346000co7GYBp2 | 401 |    12.45825ms |             ::1 |     GET /api/user/self/groups
[GIN] 2025/09/28 - 15:22:35 | 202509281522356423650009AMVmJRq | 401 |   12.447084ms |             ::1 |     GET /api/user/models
[GIN] 2025/09/28 - 15:22:35 | 20250928152235642141000ceI2MZeB | 401 |   12.676167ms |             ::1 |     GET /api/user/self
[GIN] 2025/09/28 - 15:22:35 | 20250928152235641870000vBc4HfK5 | 200 |   13.055167ms |             ::1 |     GET /api/status
[GIN] 2025/09/28 - 15:22:35 | 20250928152235892365000wdqU4U3m | 200 |    1.605084ms |             ::1 |     GET /login?expired=true
[GIN] 2025/09/28 - 15:22:35 | 20250928152235897148000w3aygEXa | 200 |    1.692417ms |             ::1 |     GET /login?expired=true
[GIN] 2025/09/28 - 15:22:35 | 202509281522359044040009T9RkUuO | 401 |     569.958µs |             ::1 |     GET /api/user/self
[GIN] 2025/09/28 - 15:22:35 | 20250928152235902494000EnJctPss | 200 |       2.664ms |             ::1 |     GET /login?expired=true
[GIN] 2025/09/28 - 15:22:35 | 202509281522359006930006Upn2QKl | 200 |    4.613292ms |             ::1 |     GET /login?expired=true
[GIN] 2025/09/28 - 15:22:35 | 20250928152235903796000iFcnrbuj | 200 |    1.808334ms |             ::1 |     GET /login?expired=true
[GIN] 2025/09/28 - 15:22:35 | 2025092815223596164700005JQODeV | 200 |     296.125µs |             ::1 |     GET /api/status
[GIN] 2025/09/28 - 15:22:37 | 20250928152237453723000OcMWnIb2 | 200 |   99.985583ms |             ::1 |    POST /api/user/login?turnstile=
[GIN] 2025/09/28 - 15:22:37 | 20250928152237582643000xXJeq8ad | 200 |    1.230583ms |             ::1 |     GET /api/user/self
[GIN] 2025/09/28 - 15:22:37 | 20250928152237630423000E7VDsJe1 | 200 |     293.167µs |             ::1 |     GET /api/user/self
[GIN] 2025/09/28 - 15:22:37 | 20250928152237631439000v9PSf33a | 200 |    1.591583ms |             ::1 |     GET /api/data/?username=&start_timestamp=1758957757&end_timestamp=1759047757&default_time=hour
[GIN] 2025/09/28 - 15:22:37 | 20250928152237655402000rx1lFzUi | 200 |     800.167µs |             ::1 |     GET /api/uptime/status
[SYS] 2025/09/28 - 15:22:40 | 任务进度轮询开始 
[SYS] 2025/09/28 - 15:22:40 | 任务进度轮询完成 
