[SYS] 2025/11/13 - 15:05:07 | initializing token encoders 
[SYS] 2025/11/13 - 15:05:07 | token encoders initialized 
[SYS] 2025/11/13 - 15:05:07 | SQL_DSN not set, using SQLite as database 
[SYS] 2025/11/13 - 15:05:07 | database migration started 
[SYS] 2025/11/13 - 15:05:07 | system is already initialized at: 2025-09-23 14:26:35 +0800 CST 
[SYS] 2025/11/13 - 15:05:07 | REDIS_CONN_STRING not set, Redis is not enabled 
[SYS] 2025/11/13 - 15:05:07 | New API v0.0.0 started 
[SYS] 2025/11/13 - 15:05:07 | running in debug mode 
[SYS] 2025/11/13 - 15:05:07 | 正在更新数据看板数据... 
[SYS] 2025/11/13 - 15:05:07 | 保存数据看板数据成功，共保存0条数据 
[GIN] 2025/11/13 - 15:05:10 | 20251113150510796823000QJ3Rd5H4 | 200 |    3.793792ms |             ::1 |     GET /console/channel
[GIN] 2025/11/13 - 15:05:11 | 20251113150511152618000gqHYwxNG | 200 |     600.459µs |             ::1 |     GET /api/group/
[GIN] 2025/11/13 - 15:05:11 | 20251113150511152529000mDGyOOA5 | 200 |    2.109791ms |             ::1 |     GET /api/channel/models
[GIN] 2025/11/13 - 15:05:11 | 20251113150511154559000B61ZiVLq | 200 |     702.541µs |             ::1 |     GET /api/status
[GIN] 2025/11/13 - 15:05:11 | 202511131505111522430004YGK1iix | 200 |     3.47175ms |             ::1 |     GET /api/user/self
[GIN] 2025/11/13 - 15:05:11 | 20251113150511153189000jXoj7KFV | 200 |    2.768458ms |             ::1 |     GET /api/models
[GIN] 2025/11/13 - 15:05:11 | 20251113150511153106000bpl0CW96 | 200 |    4.737291ms |             ::1 |     GET /api/channel/?p=1&page_size=10&id_sort=false&tag_mode=false
[GIN] 2025/11/13 - 15:05:11 | 20251113150511420102000y5vbF3Gp | 200 |     897.208µs |             ::1 |     GET /api/user/self
[GIN] 2025/11/13 - 15:05:13 | 20251113150513282709000zNwrfvy2 | 200 |    1.016292ms |             ::1 |     GET /api/prefill_group/?type=model
[GIN] 2025/11/13 - 15:05:19 | 202511131505195624950002kiFYvDk | 200 |     992.875µs |             ::1 |     GET /api/channel/?p=1&page_size=10&id_sort=false&tag_mode=false&type=36
[SYS] 2025/11/13 - 15:05:22 | 任务进度轮询开始 
[SYS] 2025/11/13 - 15:05:22 | 任务进度轮询完成 
[GIN] 2025/11/13 - 15:05:30 | 20251113150530669034000H7oFQ27g | 200 |     447.958µs |             ::1 |     GET /console
[GIN] 2025/11/13 - 15:05:30 | 20251113150530735451000YaryX6oG | 200 |    2.174833ms |             ::1 |     GET /assets/react-components-BnylIsR_.js
[GIN] 2025/11/13 - 15:05:30 | 20251113150530735124000ROFIv9wy | 200 |    3.614875ms |             ::1 |     GET /assets/tools-DfDywZp9.js
[GIN] 2025/11/13 - 15:05:30 | 20251113150530742586000cv8VYAl2 | 200 |    4.723291ms |             ::1 |     GET /assets/i18n-bH1aaDdY.js
[GIN] 2025/11/13 - 15:05:30 | 20251113150530734778000gHgsWYwp | 200 |   15.233917ms |             ::1 |     GET /assets/react-core-D-iPSUlg.js
[GIN] 2025/11/13 - 15:05:30 | 20251113150530735668000c3nFm0UY | 200 |   22.998042ms |             ::1 |     GET /assets/index-C6TxzCs_.css
[GIN] 2025/11/13 - 15:05:30 | 20251113150530735549000cmRw0LOw | 200 |   24.173042ms |             ::1 |     GET /assets/semi-ui-yRXI6evF.css
[GIN] 2025/11/13 - 15:05:30 | 20251113150530744888000B4u2K7se | 200 |   57.622625ms |             ::1 |     GET /assets/semi-ui-C8lvzIot.js
[GIN] 2025/11/13 - 15:05:30 | 20251113150530731932000h0zJpjvx | 200 |  117.192917ms |             ::1 |     GET /assets/index-Dz7b1m9y.js
[GIN] 2025/11/13 - 15:05:30 | 20251113150530952736000GB189dWv | 200 |     600.875µs |             ::1 |     GET /assets/IllustrationConstruction-BfOYqVqj.js
[GIN] 2025/11/13 - 15:05:30 | 20251113150530962594000PFqePaGM | 200 |     616.917µs |             ::1 |     GET /api/status
[GIN] 2025/11/13 - 15:05:30 | 20251113150530962534000SA3o6n9T | 200 |    2.869375ms |             ::1 |     GET /api/user/self
[GIN] 2025/11/13 - 15:05:30 | 20251113150530965173000LkXXBczj | 200 |    5.783542ms |             ::1 |     GET /logo.png
[GIN] 2025/11/13 - 15:05:30 | 20251113150530978505000gRO7tVEV | 200 |     622.542µs |             ::1 |     GET /api/user/self
[GIN] 2025/11/13 - 15:05:31 | 20251113150530952303000pPPnQoTs | 200 |   67.884791ms |             ::1 |     GET /assets/index-CWhYnMww.js
[GIN] 2025/11/13 - 15:05:31 | 2025111315053155969000FXT2AXyb | 200 |      409.75µs |             ::1 |     GET /api/user/self
[GIN] 2025/11/13 - 15:05:31 | 2025111315053157087000sryLLqKl | 200 |     758.625µs |             ::1 |     GET /api/data/?username=&start_timestamp=1762931131&end_timestamp=1763021131&default_time=hour
[GIN] 2025/11/13 - 15:05:31 | 2025111315053197254000RJ1TONZk | 200 |     186.458µs |             ::1 |     GET /api/uptime/status
[GIN] 2025/11/13 - 15:05:33 | 2025111315053367340000LmrRIOOJ | 200 |     133.667µs |             ::1 |     GET /api/group/
[GIN] 2025/11/13 - 15:05:33 | 2025111315053367379000mtnUMkpW | 200 |     959.333µs |             ::1 |     GET /api/models
[GIN] 2025/11/13 - 15:05:33 | 2025111315053366993000UGWiSd3n | 200 |    1.550125ms |             ::1 |     GET /api/channel/models
[GIN] 2025/11/13 - 15:05:33 | 2025111315053367274000hKs3poQP | 200 |    2.911375ms |             ::1 |     GET /api/channel/?p=1&page_size=10&id_sort=false&tag_mode=false
[GIN] 2025/11/13 - 15:05:34 | 20251113150534182657000LI7imlPr | 200 |     757.084µs |             ::1 |     GET /api/prefill_group/?type=model
[SYS] 2025/11/13 - 15:05:37 | 任务进度轮询开始 
[SYS] 2025/11/13 - 15:05:37 | 任务进度轮询完成 
[SYS] 2025/11/13 - 15:05:52 | 任务进度轮询开始 
[SYS] 2025/11/13 - 15:05:52 | 任务进度轮询完成 
[SYS] 2025/11/13 - 15:06:07 | syncing options from database 
[SYS] 2025/11/13 - 15:06:07 | 任务进度轮询开始 
[SYS] 2025/11/13 - 15:06:07 | 任务进度轮询完成 
[SYS] 2025/11/13 - 15:06:22 | 任务进度轮询开始 
[SYS] 2025/11/13 - 15:06:22 | 任务进度轮询完成 
[SYS] 2025/11/13 - 15:06:37 | 任务进度轮询开始 
[SYS] 2025/11/13 - 15:06:37 | 任务进度轮询完成 
[SYS] 2025/11/13 - 15:06:52 | 任务进度轮询开始 
[SYS] 2025/11/13 - 15:06:52 | 任务进度轮询完成 
[SYS] 2025/11/13 - 15:07:07 | syncing options from database 
[SYS] 2025/11/13 - 15:07:07 | 任务进度轮询开始 
[SYS] 2025/11/13 - 15:07:07 | 任务进度轮询完成 
[SYS] 2025/11/13 - 15:07:22 | 任务进度轮询开始 
[SYS] 2025/11/13 - 15:07:22 | 任务进度轮询完成 
[SYS] 2025/11/13 - 15:07:37 | 任务进度轮询开始 
[SYS] 2025/11/13 - 15:07:37 | 任务进度轮询完成 
[SYS] 2025/11/13 - 15:07:52 | 任务进度轮询开始 
[SYS] 2025/11/13 - 15:07:52 | 任务进度轮询完成 
[SYS] 2025/11/13 - 15:08:07 | syncing options from database 
[SYS] 2025/11/13 - 15:08:07 | 任务进度轮询开始 
[SYS] 2025/11/13 - 15:08:07 | 任务进度轮询完成 
[SYS] 2025/11/13 - 15:08:22 | 任务进度轮询开始 
[SYS] 2025/11/13 - 15:08:22 | 任务进度轮询完成 
[SYS] 2025/11/13 - 15:08:37 | 任务进度轮询开始 
[SYS] 2025/11/13 - 15:08:37 | 任务进度轮询完成 
[SYS] 2025/11/13 - 15:08:52 | 任务进度轮询开始 
[SYS] 2025/11/13 - 15:08:52 | 任务进度轮询完成 
[SYS] 2025/11/13 - 15:09:07 | syncing options from database 
[SYS] 2025/11/13 - 15:09:07 | 任务进度轮询开始 
[SYS] 2025/11/13 - 15:09:07 | 任务进度轮询完成 
[SYS] 2025/11/13 - 15:09:22 | 任务进度轮询开始 
[SYS] 2025/11/13 - 15:09:22 | 任务进度轮询完成 
[SYS] 2025/11/13 - 15:09:37 | 任务进度轮询开始 
[SYS] 2025/11/13 - 15:09:37 | 任务进度轮询完成 
[SYS] 2025/11/13 - 15:09:52 | 任务进度轮询开始 
[SYS] 2025/11/13 - 15:09:52 | 任务进度轮询完成 
[SYS] 2025/11/13 - 15:10:07 | 正在更新数据看板数据... 
[SYS] 2025/11/13 - 15:10:07 | 保存数据看板数据成功，共保存0条数据 
[SYS] 2025/11/13 - 15:10:07 | syncing options from database 
[SYS] 2025/11/13 - 15:10:07 | 任务进度轮询开始 
[SYS] 2025/11/13 - 15:10:07 | 任务进度轮询完成 
[SYS] 2025/11/13 - 15:10:22 | 任务进度轮询开始 
[SYS] 2025/11/13 - 15:10:22 | 任务进度轮询完成 
[GIN] 2025/11/13 - 15:10:25 | 20251113151025474018000Etz8K9x7 | 200 |     330.625µs |             ::1 |     GET /console/channel
[GIN] 2025/11/13 - 15:10:25 | 20251113151025593264000noPj86eb | 200 |     555.542µs |             ::1 |     GET /api/group/
[GIN] 2025/11/13 - 15:10:25 | 202511131510255929760001qpsMMUt | 200 |    1.021542ms |             ::1 |     GET /api/user/self
[GIN] 2025/11/13 - 15:10:25 | 202511131510255933390006tjKgmFR | 200 |      939.75µs |             ::1 |     GET /api/models
[GIN] 2025/11/13 - 15:10:25 | 20251113151025593163000zMCENx8o | 200 |         2.8ms |             ::1 |     GET /api/channel/models
[GIN] 2025/11/13 - 15:10:25 | 20251113151025593406000nt2wHDwG | 200 |     3.15075ms |             ::1 |     GET /api/status
[GIN] 2025/11/13 - 15:10:25 | 202511131510255933310003P5GWvW5 | 200 |    4.258125ms |             ::1 |     GET /api/channel/?p=1&page_size=10&id_sort=false&tag_mode=false
[GIN] 2025/11/13 - 15:10:25 | 20251113151025635651000XayDiXEw | 200 |     561.583µs |             ::1 |     GET /api/user/self
[GIN] 2025/11/13 - 15:10:26 | 20251113151026884186000d1kodT7o | 200 |    6.736167ms |             ::1 |     GET /api/prefill_group/?type=model
[SYS] 2025/11/13 - 15:10:37 | 任务进度轮询开始 
[SYS] 2025/11/13 - 15:10:37 | 任务进度轮询完成 
[SYS] 2025/11/13 - 15:10:52 | 任务进度轮询开始 
[SYS] 2025/11/13 - 15:10:52 | 任务进度轮询完成 
[SYS] 2025/11/13 - 15:11:07 | 任务进度轮询开始 
[SYS] 2025/11/13 - 15:11:07 | syncing options from database 
[SYS] 2025/11/13 - 15:11:07 | 任务进度轮询完成 
