[SYS] 2025/10/30 - 10:54:31 | initializing token encoders 
[SYS] 2025/10/30 - 10:54:31 | token encoders initialized 
[SYS] 2025/10/30 - 10:54:31 | SQL_DSN not set, using SQLite as database 
[SYS] 2025/10/30 - 10:54:31 | database migration started 
[SYS] 2025/10/30 - 10:54:31 | system is already initialized at: 2025-09-23 14:26:35 +0800 CST 
[SYS] 2025/10/30 - 10:54:31 | REDIS_CONN_STRING not set, Redis is not enabled 
[SYS] 2025/10/30 - 10:54:31 | New API v0.0.0 started 
[SYS] 2025/10/30 - 10:54:31 | running in debug mode 
[SYS] 2025/10/30 - 10:54:31 | 正在更新数据看板数据... 
[SYS] 2025/10/30 - 10:54:31 | 保存数据看板数据成功，共保存0条数据 
[SYS] 2025/10/30 - 10:54:46 | 任务进度轮询开始 
[SYS] 2025/10/30 - 10:54:46 | 任务进度轮询完成 
[GIN] 2025/10/30 - 10:54:48 | 202510301054487239170002KkG93Jl | 200 |      45.292µs |             ::1 |     GET /api/status
[SYS] 2025/10/30 - 10:55:01 | 任务进度轮询开始 
[SYS] 2025/10/30 - 10:55:01 | 任务进度轮询完成 
[SYS] 2025/10/30 - 10:55:16 | 任务进度轮询开始 
[SYS] 2025/10/30 - 10:55:16 | 任务进度轮询完成 
[SYS] 2025/10/30 - 10:55:31 | syncing options from database 
[SYS] 2025/10/30 - 10:55:31 | 任务进度轮询开始 
[SYS] 2025/10/30 - 10:55:31 | 任务进度轮询完成 
[GIN] 2025/10/30 - 10:55:42 | 20251030105542686825000nAvzKMxB | 200 |     737.458µs |             ::1 |     GET /console/token
[GIN] 2025/10/30 - 10:55:42 | 20251030105542944103000cPTdGSSc | 200 |     378.542µs |             ::1 |     GET /api/status
[GIN] 2025/10/30 - 10:55:42 | 20251030105542943620000ECiVICDV | 200 |    1.113125ms |             ::1 |     GET /api/user/self
[GIN] 2025/10/30 - 10:55:42 | 20251030105542944033000AaV7KTL5 | 200 |    1.905375ms |             ::1 |     GET /api/user/self/groups
[GIN] 2025/10/30 - 10:55:42 | 20251030105542944120000eZKLnM3n | 200 |    3.298083ms |             ::1 |     GET /api/token/?p=1&size=10
[GIN] 2025/10/30 - 10:55:42 | 202510301055429439620008bs1Mone | 200 |    4.702625ms |             ::1 |     GET /api/user/models
[GIN] 2025/10/30 - 10:55:43 | 20251030105543193857000oATqD1qv | 200 |     519.917µs |             ::1 |     GET /api/user/self
[GIN] 2025/10/30 - 10:55:46 | 202510301055462793000Fi9izQJL | 200 |      434.75µs |             ::1 |     GET /api/user/self
[GIN] 2025/10/30 - 10:55:46 | 202510301055463860000uxki4g96 | 200 |     617.917µs |             ::1 |     GET /api/data/?username=&start_timestamp=1761706545&end_timestamp=1761796545&default_time=hour
[GIN] 2025/10/30 - 10:55:46 | 2025103010554623899000sL7lmRtW | 200 |     110.125µs |             ::1 |     GET /api/uptime/status
[SYS] 2025/10/30 - 10:55:46 | 任务进度轮询开始 
[SYS] 2025/10/30 - 10:55:46 | 任务进度轮询完成 
[GIN] 2025/10/30 - 10:55:47 | 20251030105547536891000kCY0iXaO | 200 |       686.5µs |             ::1 |     GET /api/token/?p=1&size=10
[GIN] 2025/10/30 - 10:55:47 | 20251030105547537630000d1qmoC3E | 200 |      397.75µs |             ::1 |     GET /api/user/self/groups
[GIN] 2025/10/30 - 10:55:47 | 20251030105547536707000TNs6Qqe2 | 200 |    3.425166ms |             ::1 |     GET /api/user/models
[GIN] 2025/10/30 - 10:55:48 | 202510301055483088040005fgqMXmh | 200 |     701.833µs |             ::1 |     GET /api/log/?p=1&page_size=10&type=0&username=&token_name=&model_name=&start_timestamp=1761753600&end_timestamp=1761796548&channel=&group=
[GIN] 2025/10/30 - 10:55:48 | 202510301055483223790008VFtUaAx | 200 |     462.667µs |             ::1 |     GET /api/log/stat?type=0&username=&token_name=&model_name=&start_timestamp=1761753600&end_timestamp=1761796548&channel=&group=
[GIN] 2025/10/30 - 10:55:49 | 20251030105549451873000EZUcCX63 | 200 |         326µs |             ::1 |     GET /api/user/self/groups
[GIN] 2025/10/30 - 10:55:49 | 20251030105549452875000shQ1FMyk | 200 |     486.041µs |             ::1 |     GET /api/token/?p=1&size=10
[GIN] 2025/10/30 - 10:55:49 | 2025103010554945022100055z6KVUD | 200 |    3.692375ms |             ::1 |     GET /api/user/models
[GIN] 2025/10/30 - 10:55:49 | 20251030105549815105000wr5uPhc9 | 200 |     386.166µs |             ::1 |     GET /api/data/?username=&start_timestamp=1761706549&end_timestamp=1761796549&default_time=hour
[GIN] 2025/10/30 - 10:55:49 | 20251030105549815063000ez75Btgl | 200 |     471.333µs |             ::1 |     GET /api/user/self
[GIN] 2025/10/30 - 10:55:49 | 20251030105549825541000IkKyBAlA | 200 |      96.625µs |             ::1 |     GET /api/uptime/status
[SYS] 2025/10/30 - 10:56:01 | 任务进度轮询开始 
[SYS] 2025/10/30 - 10:56:01 | 任务进度轮询完成 
[SYS] 2025/10/30 - 10:56:16 | 任务进度轮询开始 
[SYS] 2025/10/30 - 10:56:16 | 任务进度轮询完成 
[SYS] 2025/10/30 - 10:56:31 | syncing options from database 
[SYS] 2025/10/30 - 10:56:31 | 任务进度轮询开始 
[SYS] 2025/10/30 - 10:56:31 | 任务进度轮询完成 
[SYS] 2025/10/30 - 10:56:46 | 任务进度轮询开始 
[SYS] 2025/10/30 - 10:56:46 | 任务进度轮询完成 
[SYS] 2025/10/30 - 10:57:01 | 任务进度轮询开始 
[SYS] 2025/10/30 - 10:57:01 | 任务进度轮询完成 
[SYS] 2025/10/30 - 10:57:16 | 任务进度轮询开始 
[SYS] 2025/10/30 - 10:57:16 | 任务进度轮询完成 
[SYS] 2025/10/30 - 10:57:31 | syncing options from database 
[SYS] 2025/10/30 - 10:57:31 | 任务进度轮询开始 
[SYS] 2025/10/30 - 10:57:31 | 任务进度轮询完成 
[SYS] 2025/10/30 - 10:57:46 | 任务进度轮询开始 
[SYS] 2025/10/30 - 10:57:46 | 任务进度轮询完成 
[SYS] 2025/10/30 - 10:58:01 | 任务进度轮询开始 
[SYS] 2025/10/30 - 10:58:01 | 任务进度轮询完成 
[SYS] 2025/10/30 - 10:58:16 | 任务进度轮询开始 
[SYS] 2025/10/30 - 10:58:16 | 任务进度轮询完成 
[SYS] 2025/10/30 - 10:58:31 | syncing options from database 
[SYS] 2025/10/30 - 10:58:31 | 任务进度轮询开始 
[SYS] 2025/10/30 - 10:58:31 | 任务进度轮询完成 
[SYS] 2025/10/30 - 10:58:46 | 任务进度轮询开始 
[SYS] 2025/10/30 - 10:58:46 | 任务进度轮询完成 
[SYS] 2025/10/30 - 10:59:01 | 任务进度轮询开始 
[SYS] 2025/10/30 - 10:59:01 | 任务进度轮询完成 
[SYS] 2025/10/30 - 10:59:16 | 任务进度轮询开始 
[SYS] 2025/10/30 - 10:59:16 | 任务进度轮询完成 
[SYS] 2025/10/30 - 10:59:31 | 正在更新数据看板数据... 
[SYS] 2025/10/30 - 10:59:31 | 保存数据看板数据成功，共保存0条数据 
[SYS] 2025/10/30 - 10:59:31 | syncing options from database 
[SYS] 2025/10/30 - 10:59:31 | 任务进度轮询开始 
[SYS] 2025/10/30 - 10:59:31 | 任务进度轮询完成 
[SYS] 2025/10/30 - 10:59:46 | 任务进度轮询开始 
[SYS] 2025/10/30 - 10:59:46 | 任务进度轮询完成 
[SYS] 2025/10/30 - 11:00:01 | 任务进度轮询开始 
[SYS] 2025/10/30 - 11:00:01 | 任务进度轮询完成 
[SYS] 2025/10/30 - 11:00:16 | 任务进度轮询开始 
[SYS] 2025/10/30 - 11:00:16 | 任务进度轮询完成 
[SYS] 2025/10/30 - 11:00:31 | syncing options from database 
[SYS] 2025/10/30 - 11:00:31 | 任务进度轮询开始 
[SYS] 2025/10/30 - 11:00:31 | 任务进度轮询完成 
[SYS] 2025/10/30 - 11:00:46 | 任务进度轮询开始 
[SYS] 2025/10/30 - 11:00:46 | 任务进度轮询完成 
[SYS] 2025/10/30 - 11:01:01 | 任务进度轮询开始 
[SYS] 2025/10/30 - 11:01:01 | 任务进度轮询完成 
[SYS] 2025/10/30 - 11:01:16 | 任务进度轮询开始 
[SYS] 2025/10/30 - 11:01:16 | 任务进度轮询完成 
[SYS] 2025/10/30 - 11:01:31 | syncing options from database 
[SYS] 2025/10/30 - 11:01:31 | 任务进度轮询开始 
[SYS] 2025/10/30 - 11:01:31 | 任务进度轮询完成 
[SYS] 2025/10/30 - 11:01:46 | 任务进度轮询开始 
[SYS] 2025/10/30 - 11:01:46 | 任务进度轮询完成 
[SYS] 2025/10/30 - 11:02:01 | 任务进度轮询开始 
[SYS] 2025/10/30 - 11:02:01 | 任务进度轮询完成 
[SYS] 2025/10/30 - 11:02:16 | 任务进度轮询开始 
[SYS] 2025/10/30 - 11:02:16 | 任务进度轮询完成 
[SYS] 2025/10/30 - 11:02:31 | syncing options from database 
[SYS] 2025/10/30 - 11:02:31 | 任务进度轮询开始 
[SYS] 2025/10/30 - 11:02:31 | 任务进度轮询完成 
[SYS] 2025/10/30 - 11:02:46 | 任务进度轮询开始 
[SYS] 2025/10/30 - 11:02:46 | 任务进度轮询完成 
[SYS] 2025/10/30 - 11:03:01 | 任务进度轮询开始 
[SYS] 2025/10/30 - 11:03:01 | 任务进度轮询完成 
[SYS] 2025/10/30 - 11:03:16 | 任务进度轮询开始 
[SYS] 2025/10/30 - 11:03:16 | 任务进度轮询完成 
[SYS] 2025/10/30 - 11:03:31 | syncing options from database 
[SYS] 2025/10/30 - 11:03:31 | 任务进度轮询开始 
[SYS] 2025/10/30 - 11:03:31 | 任务进度轮询完成 
[SYS] 2025/10/30 - 11:03:46 | 任务进度轮询开始 
[SYS] 2025/10/30 - 11:03:46 | 任务进度轮询完成 
