[SYS] 2025/11/13 - 14:59:52 | initializing token encoders 
[SYS] 2025/11/13 - 14:59:52 | token encoders initialized 
[SYS] 2025/11/13 - 14:59:52 | SQL_DSN not set, using SQLite as database 
[SYS] 2025/11/13 - 14:59:52 | database migration started 
[SYS] 2025/11/13 - 14:59:52 | system is already initialized at: 2025-09-23 14:26:35 +0800 CST 
[SYS] 2025/11/13 - 14:59:52 | REDIS_CONN_STRING not set, Redis is not enabled 
[SYS] 2025/11/13 - 14:59:52 | New API v0.0.0 started 
[SYS] 2025/11/13 - 14:59:52 | running in debug mode 
[SYS] 2025/11/13 - 14:59:52 | 正在更新数据看板数据... 
[SYS] 2025/11/13 - 14:59:52 | 保存数据看板数据成功，共保存0条数据 
[GIN] 2025/11/13 - 14:59:58 | 20251113145958787747000W5RknI7f | 200 |     812.958µs |             ::1 |     GET /console/channel
[GIN] 2025/11/13 - 14:59:58 | 20251113145958901239000S35A6sZl | 200 |      1.1195ms |             ::1 |     GET /api/group/
[GIN] 2025/11/13 - 14:59:58 | 20251113145958901995000cMW7fMML | 200 |     404.125µs |             ::1 |     GET /api/status
[GIN] 2025/11/13 - 14:59:58 | 20251113145958900708000nKdq8pJp | 200 |    2.048875ms |             ::1 |     GET /api/channel/models
[GIN] 2025/11/13 - 14:59:58 | 20251113145958901941000IbZShphN | 200 |     948.834µs |             ::1 |     GET /api/models
[GIN] 2025/11/13 - 14:59:58 | 20251113145958900574000WIxq7N0P | 200 |    3.533417ms |             ::1 |     GET /api/user/self
[GIN] 2025/11/13 - 14:59:58 | 20251113145958901358000ryQEuLek | 200 |    3.463083ms |             ::1 |     GET /api/channel/?p=1&page_size=10&id_sort=false&tag_mode=false
[GIN] 2025/11/13 - 14:59:58 | 20251113145958969291000S9erXPh2 | 200 |     623.083µs |             ::1 |     GET /api/user/self
[GIN] 2025/11/13 - 15:00:00 | 20251113150000667196000f14s2An8 | 200 |     331.792µs |             ::1 |     GET /console/channel
[GIN] 2025/11/13 - 15:00:00 | 20251113150000688271000hxxaQs1b | 200 |    6.494875ms |             ::1 |     GET /assets/tools-DfDywZp9.js
[GIN] 2025/11/13 - 15:00:00 | 20251113150000688061000JnFRLbW5 | 200 |   17.125708ms |             ::1 |     GET /assets/react-core-D-iPSUlg.js
[GIN] 2025/11/13 - 15:00:00 | 202511131500007046630005kO0fR3K | 200 |    1.383208ms |             ::1 |     GET /assets/react-components-BnylIsR_.js
[GIN] 2025/11/13 - 15:00:00 | 20251113150000687748000irXOrO4d | 200 |   20.756209ms |             ::1 |     GET /assets/semi-ui-yRXI6evF.css
[GIN] 2025/11/13 - 15:00:00 | 20251113150000707562000Go7xJQCM | 200 |     3.16375ms |             ::1 |     GET /assets/i18n-bH1aaDdY.js
[GIN] 2025/11/13 - 15:00:00 | 20251113150000687930000juji65nE | 200 |   26.707333ms |             ::1 |     GET /assets/index-C6TxzCs_.css
[GIN] 2025/11/13 - 15:00:00 | 20251113150000688224000gVCfML1A | 200 |   63.300375ms |             ::1 |     GET /assets/semi-ui-C8lvzIot.js
[GIN] 2025/11/13 - 15:00:00 | 202511131500006873470002M4sCgOj | 200 |     118.687ms |             ::1 |     GET /assets/index-Dz7b1m9y.js
[GIN] 2025/11/13 - 15:00:00 | 20251113150000853848000llKZD5m0 | 200 |     271.583µs |             ::1 |     GET /api/status
[GIN] 2025/11/13 - 15:00:00 | 20251113150000854244000QNCJkMlW | 200 |     486.333µs |             ::1 |     GET /api/channel/models
[GIN] 2025/11/13 - 15:00:00 | 20251113150000855277000co50Jrhc | 200 |     124.167µs |             ::1 |     GET /api/group/
[GIN] 2025/11/13 - 15:00:00 | 20251113150000855789000LYZXJdV2 | 200 |     461.917µs |             ::1 |     GET /api/models
[GIN] 2025/11/13 - 15:00:00 | 202511131500008557510005GW7juSk | 200 |      909.75µs |             ::1 |     GET /api/user/self
[GIN] 2025/11/13 - 15:00:00 | 20251113150000854578000Zu6fXc2I | 200 |    8.748208ms |             ::1 |     GET /api/channel/?p=1&page_size=10&id_sort=false&tag_mode=false
[GIN] 2025/11/13 - 15:00:00 | 20251113150000856699000eCPRINL9 | 200 |   23.853875ms |             ::1 |     GET /logo.png
[GIN] 2025/11/13 - 15:00:00 | 202511131500008994080008C8oMfdY | 200 |     651.167µs |             ::1 |     GET /api/user/self
[GIN] 2025/11/13 - 15:00:00 | 20251113150000922751000m2lzijux | 200 |    2.873375ms |             ::1 |     GET /logo.png
[GIN] 2025/11/13 - 15:00:04 | 20251113150004147270005Zbw6tcV | 200 |     627.167µs |             ::1 |     GET /api/prefill_group/?type=model
[SYS] 2025/11/13 - 15:00:07 | 任务进度轮询开始 
[SYS] 2025/11/13 - 15:00:07 | 任务进度轮询完成 
[SYS] 2025/11/13 - 15:00:22 | 任务进度轮询开始 
[SYS] 2025/11/13 - 15:00:22 | 任务进度轮询完成 
[GIN] 2025/11/13 - 15:00:34 | 20251113150034146404000RIPnHD8W | 200 |     723.042µs |             ::1 |     GET /api/prefill_group/?type=model
[SYS] 2025/11/13 - 15:00:37 | 任务进度轮询开始 
[SYS] 2025/11/13 - 15:00:37 | 任务进度轮询完成 
[SYS] 2025/11/13 - 15:00:52 | syncing options from database 
[SYS] 2025/11/13 - 15:00:52 | 任务进度轮询开始 
[SYS] 2025/11/13 - 15:00:52 | 任务进度轮询完成 
[SYS] 2025/11/13 - 15:01:07 | 任务进度轮询开始 
[SYS] 2025/11/13 - 15:01:07 | 任务进度轮询完成 
[SYS] 2025/11/13 - 15:01:22 | 任务进度轮询开始 
[SYS] 2025/11/13 - 15:01:22 | 任务进度轮询完成 
[SYS] 2025/11/13 - 15:01:37 | 任务进度轮询开始 
[SYS] 2025/11/13 - 15:01:37 | 任务进度轮询完成 
[SYS] 2025/11/13 - 15:01:52 | syncing options from database 
[SYS] 2025/11/13 - 15:01:52 | 任务进度轮询开始 
[SYS] 2025/11/13 - 15:01:52 | 任务进度轮询完成 
[SYS] 2025/11/13 - 15:02:07 | 任务进度轮询开始 
[SYS] 2025/11/13 - 15:02:07 | 任务进度轮询完成 
[SYS] 2025/11/13 - 15:02:22 | 任务进度轮询开始 
[SYS] 2025/11/13 - 15:02:22 | 任务进度轮询完成 
[SYS] 2025/11/13 - 15:02:37 | 任务进度轮询开始 
[SYS] 2025/11/13 - 15:02:37 | 任务进度轮询完成 
[SYS] 2025/11/13 - 15:02:52 | syncing options from database 
[SYS] 2025/11/13 - 15:02:52 | 任务进度轮询开始 
[SYS] 2025/11/13 - 15:02:52 | 任务进度轮询完成 
[SYS] 2025/11/13 - 15:03:07 | 任务进度轮询开始 
[SYS] 2025/11/13 - 15:03:07 | 任务进度轮询完成 
[SYS] 2025/11/13 - 15:03:22 | 任务进度轮询开始 
[SYS] 2025/11/13 - 15:03:22 | 任务进度轮询完成 
[SYS] 2025/11/13 - 15:03:37 | 任务进度轮询开始 
[SYS] 2025/11/13 - 15:03:37 | 任务进度轮询完成 
[SYS] 2025/11/13 - 15:03:52 | 任务进度轮询开始 
[SYS] 2025/11/13 - 15:03:52 | syncing options from database 
[SYS] 2025/11/13 - 15:03:52 | 任务进度轮询完成 
[GIN] 2025/11/13 - 15:04:02 | 2025111315040263481700004rnVYby | 200 |         272µs |             ::1 |     GET /console/channel
[GIN] 2025/11/13 - 15:04:02 | 20251113150402664389000zZKcbxTC | 200 |     17.7455ms |             ::1 |     GET /assets/tools-DfDywZp9.js
[GIN] 2025/11/13 - 15:04:02 | 20251113150402678275000nu8ttJdc | 200 |    15.93775ms |             ::1 |     GET /assets/react-components-BnylIsR_.js
[GIN] 2025/11/13 - 15:04:02 | 20251113150402700951000JKrjHbbg | 200 |    5.159625ms |             ::1 |     GET /assets/i18n-bH1aaDdY.js
[GIN] 2025/11/13 - 15:04:02 | 20251113150402672511000HhlFcbYh | 200 |   33.337667ms |             ::1 |     GET /assets/index-C6TxzCs_.css
[GIN] 2025/11/13 - 15:04:02 | 20251113150402697383000oQVzoBFs | 200 |   18.740084ms |             ::1 |     GET /assets/react-core-D-iPSUlg.js
[GIN] 2025/11/13 - 15:04:02 | 20251113150402673227000q5IMr8N7 | 200 |   55.410417ms |             ::1 |     GET /assets/semi-ui-yRXI6evF.css
[GIN] 2025/11/13 - 15:04:02 | 20251113150402673708000U18spSYS | 200 |   114.18225ms |             ::1 |     GET /assets/semi-ui-C8lvzIot.js
[GIN] 2025/11/13 - 15:04:02 | 20251113150402672826000aPYekp4s | 200 |  178.742417ms |             ::1 |     GET /assets/index-Dz7b1m9y.js
[GIN] 2025/11/13 - 15:04:02 | 20251113150402915226000UehQkgZP | 200 |     271.125µs |             ::1 |     GET /api/group/
[GIN] 2025/11/13 - 15:04:02 | 20251113150402914951000XmrdD7x3 | 200 |      610.75µs |             ::1 |     GET /api/models
[GIN] 2025/11/13 - 15:04:02 | 20251113150402914965000n5B8TXHU | 200 |     851.375µs |             ::1 |     GET /api/user/self
[GIN] 2025/11/13 - 15:04:02 | 20251113150402914747000yKtim9ta | 200 |    1.032375ms |             ::1 |     GET /api/channel/models
[GIN] 2025/11/13 - 15:04:02 | 2025111315040291480200078I5Octn | 200 |    1.278834ms |             ::1 |     GET /api/status
[GIN] 2025/11/13 - 15:04:02 | 20251113150402914827000t4lq1hSF | 200 |    2.087166ms |             ::1 |     GET /api/channel/?p=1&page_size=10&id_sort=false&tag_mode=false
[GIN] 2025/11/13 - 15:04:03 | 20251113150402926369000S6h5koFA | 200 |  215.932792ms |             ::1 |     GET /logo.png
[GIN] 2025/11/13 - 15:04:03 | 20251113150403178868000NrvumU6m | 200 |    1.072167ms |             ::1 |     GET /api/user/self
[GIN] 2025/11/13 - 15:04:03 | 20251113150403206402000ljI5BfER | 200 |    7.822959ms |             ::1 |     GET /logo.png
[GIN] 2025/11/13 - 15:04:06 | 20251113150406354674000ggDZMD40 | 200 |     1.19175ms |             ::1 |     GET /api/prefill_group/?type=model
[SYS] 2025/11/13 - 15:04:07 | 任务进度轮询开始 
[SYS] 2025/11/13 - 15:04:07 | 任务进度轮询完成 
[SYS] 2025/11/13 - 15:04:22 | 任务进度轮询开始 
[SYS] 2025/11/13 - 15:04:22 | 任务进度轮询完成 
[SYS] 2025/11/13 - 15:04:37 | 任务进度轮询开始 
[SYS] 2025/11/13 - 15:04:37 | 任务进度轮询完成 
[SYS] 2025/11/13 - 15:04:52 | 正在更新数据看板数据... 
[SYS] 2025/11/13 - 15:04:52 | 保存数据看板数据成功，共保存0条数据 
[SYS] 2025/11/13 - 15:04:52 | 任务进度轮询开始 
[SYS] 2025/11/13 - 15:04:52 | syncing options from database 
[SYS] 2025/11/13 - 15:04:52 | 任务进度轮询完成 
