[SYS] 2025/10/30 - 10:43:23 | initializing token encoders 
[SYS] 2025/10/30 - 10:43:23 | token encoders initialized 
[SYS] 2025/10/30 - 10:43:23 | SQL_DSN not set, using SQLite as database 
[SYS] 2025/10/30 - 10:43:23 | database migration started 
[SYS] 2025/10/30 - 10:43:23 | system is not initialized and no root user exists 
[SYS] 2025/10/30 - 10:43:23 | REDIS_CONN_STRING not set, Redis is not enabled 
[SYS] 2025/10/30 - 10:43:23 | New API v0.0.0 started 
[SYS] 2025/10/30 - 10:43:23 | running in debug mode 
[SYS] 2025/10/30 - 10:43:23 | 正在更新数据看板数据... 
[SYS] 2025/10/30 - 10:43:23 | 保存数据看板数据成功，共保存0条数据 
[SYS] 2025/10/30 - 10:43:38 | 任务进度轮询开始 
[SYS] 2025/10/30 - 10:43:38 | 任务进度轮询完成 
[SYS] 2025/10/30 - 10:43:53 | 任务进度轮询开始 
[SYS] 2025/10/30 - 10:43:53 | 任务进度轮询完成 
[SYS] 2025/10/30 - 10:44:08 | 任务进度轮询开始 
[SYS] 2025/10/30 - 10:44:08 | 任务进度轮询完成 
[SYS] 2025/10/30 - 10:44:23 | syncing options from database 
[SYS] 2025/10/30 - 10:44:23 | 任务进度轮询开始 
[SYS] 2025/10/30 - 10:44:23 | 任务进度轮询完成 
[GIN] 2025/10/30 - 10:44:36 | 20251030104436451744000rJYeuJ0g | 200 |    2.928625ms |             ::1 |     GET /
[SYS] 2025/10/30 - 10:44:38 | 任务进度轮询开始 
[SYS] 2025/10/30 - 10:44:38 | 任务进度轮询完成 
[GIN] 2025/10/30 - 10:44:40 | 20251030104440935334000ehs1350z | 200 |     653.625µs |             ::1 |     GET /
[GIN] 2025/10/30 - 10:44:49 | 20251030104449508536000dPMiz2Ej | 200 |     828.458µs |             ::1 |     GET /api/status
[SYS] 2025/10/30 - 10:44:53 | 任务进度轮询开始 
[SYS] 2025/10/30 - 10:44:53 | 任务进度轮询完成 
[SYS] 2025/10/30 - 10:45:08 | 任务进度轮询开始 
[SYS] 2025/10/30 - 10:45:08 | 任务进度轮询完成 
[SYS] 2025/10/30 - 10:45:23 | syncing options from database 
[SYS] 2025/10/30 - 10:45:23 | 任务进度轮询开始 
[SYS] 2025/10/30 - 10:45:23 | 任务进度轮询完成 
[SYS] 2025/10/30 - 10:45:38 | 任务进度轮询开始 
[SYS] 2025/10/30 - 10:45:38 | 任务进度轮询完成 
[SYS] 2025/10/30 - 10:45:53 | 任务进度轮询开始 
[SYS] 2025/10/30 - 10:45:53 | 任务进度轮询完成 
[SYS] 2025/10/30 - 10:46:08 | 任务进度轮询开始 
[SYS] 2025/10/30 - 10:46:08 | 任务进度轮询完成 
[SYS] 2025/10/30 - 10:46:23 | syncing options from database 
[SYS] 2025/10/30 - 10:46:23 | 任务进度轮询开始 
[SYS] 2025/10/30 - 10:46:23 | 任务进度轮询完成 
[SYS] 2025/10/30 - 10:46:38 | 任务进度轮询开始 
[SYS] 2025/10/30 - 10:46:38 | 任务进度轮询完成 
[SYS] 2025/10/30 - 10:46:53 | 任务进度轮询开始 
[SYS] 2025/10/30 - 10:46:53 | 任务进度轮询完成 
[SYS] 2025/10/30 - 10:47:08 | 任务进度轮询开始 
[SYS] 2025/10/30 - 10:47:08 | 任务进度轮询完成 
[SYS] 2025/10/30 - 10:47:23 | syncing options from database 
[SYS] 2025/10/30 - 10:47:23 | 任务进度轮询开始 
[SYS] 2025/10/30 - 10:47:23 | 任务进度轮询完成 
[SYS] 2025/10/30 - 10:47:38 | 任务进度轮询开始 
[SYS] 2025/10/30 - 10:47:38 | 任务进度轮询完成 
[SYS] 2025/10/30 - 10:47:53 | 任务进度轮询开始 
[SYS] 2025/10/30 - 10:47:53 | 任务进度轮询完成 
[SYS] 2025/10/30 - 10:48:08 | 任务进度轮询开始 
[SYS] 2025/10/30 - 10:48:08 | 任务进度轮询完成 
[SYS] 2025/10/30 - 10:48:23 | 正在更新数据看板数据... 
[SYS] 2025/10/30 - 10:48:23 | 保存数据看板数据成功，共保存0条数据 
[SYS] 2025/10/30 - 10:48:23 | syncing options from database 
[SYS] 2025/10/30 - 10:48:23 | 任务进度轮询开始 
[SYS] 2025/10/30 - 10:48:23 | 任务进度轮询完成 
[GIN] 2025/10/30 - 10:48:36 | 20251030104836699313000PQPlN0S1 | 200 |    1.961958ms |             ::1 |     GET /console
[GIN] 2025/10/30 - 10:48:37 | 2025103010483716641000K62H6hVF | 200 |     430.542µs |             ::1 |     GET /api/status
[GIN] 2025/10/30 - 10:48:37 | 2025103010483716449000GiWO3Mhs | 200 |    3.862584ms |             ::1 |     GET /api/user/self
[GIN] 2025/10/30 - 10:48:37 | 202510301048373044660002yRxd1Jf | 200 |     437.958µs |             ::1 |     GET /api/user/self
[GIN] 2025/10/30 - 10:48:37 | 202510301048373054220001Eob5knx | 200 |     238.917µs |             ::1 |     GET /setup
[GIN] 2025/10/30 - 10:48:37 | 202510301048374082750003PsVAXTf | 200 |     165.625µs |             ::1 |     GET /api/status
[GIN] 2025/10/30 - 10:48:37 | 202510301048374082290006I0NgUrS | 200 |     935.833µs |             ::1 |     GET /api/setup
[SYS] 2025/10/30 - 10:48:38 | 任务进度轮询开始 
[SYS] 2025/10/30 - 10:48:38 | 任务进度轮询完成 
[GIN] 2025/10/30 - 10:48:48 | 20251030104848147688000R6OzCfrG | 200 |   75.423208ms |             ::1 |    POST /api/setup
[GIN] 2025/10/30 - 10:48:49 | 20251030104849736055000TlphDeGc | 200 |    2.798333ms |             ::1 |     GET /setup
[GIN] 2025/10/30 - 10:48:49 | 20251030104849840530000d7PgNLJm | 200 |     243.459µs |             ::1 |     GET /api/setup
[GIN] 2025/10/30 - 10:48:49 | 202510301048498406110004p4FZBkn | 200 |         258µs |             ::1 |     GET /api/status
[GIN] 2025/10/30 - 10:48:49 | 20251030104849866822000PI7RrLcx | 200 |     279.542µs |             ::1 |     GET /
[GIN] 2025/10/30 - 10:48:49 | 20251030104849908148000EBisarGm | 200 |     291.083µs |             ::1 |     GET /api/status
[SYS] 2025/10/30 - 10:48:53 | 任务进度轮询开始 
[SYS] 2025/10/30 - 10:48:53 | 任务进度轮询完成 
[GIN] 2025/10/30 - 10:48:59 | 2025103010485936475000x2YMOO0Y | 200 |     240.916µs |             ::1 |     GET /console
[GIN] 2025/10/30 - 10:48:59 | 2025103010485990181000th8iuucM | 200 |     171.375µs |             ::1 |     GET /api/status
[GIN] 2025/10/30 - 10:48:59 | 2025103010485990103000qK5qQO0V | 200 |      604.25µs |             ::1 |     GET /api/user/self
[GIN] 2025/10/30 - 10:48:59 | 20251030104859134704000CZvF7lSG | 200 |     576.916µs |             ::1 |     GET /api/user/self
[GIN] 2025/10/30 - 10:48:59 | 20251030104859135968000xeYDTv0b | 200 |         367µs |             ::1 |     GET /api/data/?username=&start_timestamp=1761706139&end_timestamp=1761796139&default_time=hour
[GIN] 2025/10/30 - 10:48:59 | 20251030104859164926000a5rzF8m2 | 200 |     145.459µs |             ::1 |     GET /api/uptime/status
[GIN] 2025/10/30 - 10:49:02 | 2025103010490286546000FicX1GXP | 200 |     483.042µs |             ::1 |     GET /api/user/self/groups
[GIN] 2025/10/30 - 10:49:02 | 2025103010490286490000478l4xS5 | 200 |     695.333µs |             ::1 |     GET /api/user/models
[GIN] 2025/10/30 - 10:49:02 | 2025103010490286622000qsYmo5hn | 200 |     931.917µs |             ::1 |     GET /api/token/?p=1&size=10
[SYS] 2025/10/30 - 10:49:08 | 任务进度轮询开始 
[SYS] 2025/10/30 - 10:49:08 | 任务进度轮询完成 
[SYS] 2025/10/30 - 10:49:23 | syncing options from database 
[SYS] 2025/10/30 - 10:49:23 | 任务进度轮询开始 
[SYS] 2025/10/30 - 10:49:23 | 任务进度轮询完成 
[SYS] 2025/10/30 - 10:49:38 | 任务进度轮询开始 
[SYS] 2025/10/30 - 10:49:38 | 任务进度轮询完成 
[SYS] 2025/10/30 - 10:49:53 | 任务进度轮询开始 
[SYS] 2025/10/30 - 10:49:53 | 任务进度轮询完成 
[SYS] 2025/10/30 - 10:50:08 | 任务进度轮询开始 
[SYS] 2025/10/30 - 10:50:08 | 任务进度轮询完成 
[SYS] 2025/10/30 - 10:50:23 | syncing options from database 
[SYS] 2025/10/30 - 10:50:23 | 任务进度轮询开始 
[SYS] 2025/10/30 - 10:50:23 | 任务进度轮询完成 
[SYS] 2025/10/30 - 10:50:38 | 任务进度轮询开始 
[SYS] 2025/10/30 - 10:50:38 | 任务进度轮询完成 
[SYS] 2025/10/30 - 10:50:53 | 任务进度轮询开始 
[SYS] 2025/10/30 - 10:50:53 | 任务进度轮询完成 
[SYS] 2025/10/30 - 10:51:08 | 任务进度轮询开始 
[SYS] 2025/10/30 - 10:51:08 | 任务进度轮询完成 
[SYS] 2025/10/30 - 10:51:23 | syncing options from database 
[SYS] 2025/10/30 - 10:51:23 | 任务进度轮询开始 
[SYS] 2025/10/30 - 10:51:23 | 任务进度轮询完成 
[SYS] 2025/10/30 - 10:51:38 | 任务进度轮询开始 
[SYS] 2025/10/30 - 10:51:38 | 任务进度轮询完成 
[SYS] 2025/10/30 - 10:51:53 | 任务进度轮询开始 
[SYS] 2025/10/30 - 10:51:53 | 任务进度轮询完成 
[SYS] 2025/10/30 - 10:52:08 | 任务进度轮询开始 
[SYS] 2025/10/30 - 10:52:08 | 任务进度轮询完成 
[SYS] 2025/10/30 - 10:52:23 | syncing options from database 
[SYS] 2025/10/30 - 10:52:23 | 任务进度轮询开始 
[SYS] 2025/10/30 - 10:52:23 | 任务进度轮询完成 
[SYS] 2025/10/30 - 10:52:38 | 任务进度轮询开始 
[SYS] 2025/10/30 - 10:52:38 | 任务进度轮询完成 
[SYS] 2025/10/30 - 10:52:53 | 任务进度轮询开始 
[SYS] 2025/10/30 - 10:52:53 | 任务进度轮询完成 
[SYS] 2025/10/30 - 10:53:08 | 任务进度轮询开始 
[SYS] 2025/10/30 - 10:53:08 | 任务进度轮询完成 
[SYS] 2025/10/30 - 10:53:23 | 正在更新数据看板数据... 
[SYS] 2025/10/30 - 10:53:23 | 保存数据看板数据成功，共保存0条数据 
[SYS] 2025/10/30 - 10:53:23 | syncing options from database 
[SYS] 2025/10/30 - 10:53:23 | 任务进度轮询开始 
[SYS] 2025/10/30 - 10:53:23 | 任务进度轮询完成 
[SYS] 2025/10/30 - 10:53:38 | 任务进度轮询开始 
[SYS] 2025/10/30 - 10:53:38 | 任务进度轮询完成 
[SYS] 2025/10/30 - 10:53:53 | 任务进度轮询开始 
[SYS] 2025/10/30 - 10:53:53 | 任务进度轮询完成 
[SYS] 2025/10/30 - 10:54:08 | 任务进度轮询开始 
[SYS] 2025/10/30 - 10:54:08 | 任务进度轮询完成 
