[SYS] 2025/10/30 - 10:12:02 | initializing token encoders 
[SYS] 2025/10/30 - 10:12:02 | token encoders initialized 
[SYS] 2025/10/30 - 10:12:02 | SQL_DSN not set, using SQLite as database 
[SYS] 2025/10/30 - 10:12:02 | database migration started 
[SYS] 2025/10/30 - 10:12:02 | system is not initialized and no root user exists 
[SYS] 2025/10/30 - 10:12:02 | REDIS_CONN_STRING not set, Redis is not enabled 
[SYS] 2025/10/30 - 10:12:02 | New API v0.0.0 started 
[SYS] 2025/10/30 - 10:12:02 | running in debug mode 
[SYS] 2025/10/30 - 10:12:02 | 正在更新数据看板数据... 
[SYS] 2025/10/30 - 10:12:02 | 保存数据看板数据成功，共保存0条数据 
[SYS] 2025/10/30 - 10:12:17 | 任务进度轮询开始 
[SYS] 2025/10/30 - 10:12:17 | 任务进度轮询完成 
[SYS] 2025/10/30 - 10:12:32 | 任务进度轮询开始 
[SYS] 2025/10/30 - 10:12:32 | 任务进度轮询完成 
[SYS] 2025/10/30 - 10:12:47 | 任务进度轮询开始 
[SYS] 2025/10/30 - 10:12:47 | 任务进度轮询完成 
[GIN] 2025/10/30 - 10:12:53 | 20251030101253209992000lCsIA82a | 200 |      49.042µs |             ::1 |     GET /api/status
[SYS] 2025/10/30 - 10:13:02 | syncing options from database 
[SYS] 2025/10/30 - 10:13:02 | 任务进度轮询开始 
[SYS] 2025/10/30 - 10:13:02 | 任务进度轮询完成 
[SYS] 2025/10/30 - 10:13:17 | 任务进度轮询开始 
[SYS] 2025/10/30 - 10:13:17 | 任务进度轮询完成 
[SYS] 2025/10/30 - 10:13:32 | 任务进度轮询开始 
[SYS] 2025/10/30 - 10:13:32 | 任务进度轮询完成 
[SYS] 2025/10/30 - 10:13:47 | 任务进度轮询开始 
[SYS] 2025/10/30 - 10:13:47 | 任务进度轮询完成 
[SYS] 2025/10/30 - 10:14:02 | syncing options from database 
[SYS] 2025/10/30 - 10:14:02 | 任务进度轮询开始 
[SYS] 2025/10/30 - 10:14:02 | 任务进度轮询完成 
[SYS] 2025/10/30 - 10:14:17 | 任务进度轮询开始 
[SYS] 2025/10/30 - 10:14:17 | 任务进度轮询完成 
[SYS] 2025/10/30 - 10:14:32 | 任务进度轮询开始 
[SYS] 2025/10/30 - 10:14:32 | 任务进度轮询完成 
[SYS] 2025/10/30 - 10:14:47 | 任务进度轮询开始 
[SYS] 2025/10/30 - 10:14:47 | 任务进度轮询完成 
[SYS] 2025/10/30 - 10:15:02 | syncing options from database 
[SYS] 2025/10/30 - 10:15:02 | 任务进度轮询开始 
[SYS] 2025/10/30 - 10:15:02 | 任务进度轮询完成 
[SYS] 2025/10/30 - 10:15:17 | 任务进度轮询开始 
[SYS] 2025/10/30 - 10:15:17 | 任务进度轮询完成 
[SYS] 2025/10/30 - 10:15:32 | 任务进度轮询开始 
[SYS] 2025/10/30 - 10:15:32 | 任务进度轮询完成 
[SYS] 2025/10/30 - 10:15:47 | 任务进度轮询开始 
[SYS] 2025/10/30 - 10:15:47 | 任务进度轮询完成 
[SYS] 2025/10/30 - 10:16:02 | syncing options from database 
[SYS] 2025/10/30 - 10:16:02 | 任务进度轮询开始 
[SYS] 2025/10/30 - 10:16:02 | 任务进度轮询完成 
[SYS] 2025/10/30 - 10:16:17 | 任务进度轮询开始 
[SYS] 2025/10/30 - 10:16:17 | 任务进度轮询完成 
[SYS] 2025/10/30 - 10:16:32 | 任务进度轮询开始 
[SYS] 2025/10/30 - 10:16:32 | 任务进度轮询完成 
[GIN] 2025/10/30 - 10:16:42 | 2025103010164264103000039iL8iFY | 200 |     774.083µs |             ::1 |     GET /console
[GIN] 2025/10/30 - 10:16:43 | 2025103010164326063000mVy7Zuul | 200 |     328.458µs |             ::1 |     GET /api/status
[GIN] 2025/10/30 - 10:16:43 | 2025103010164325975000g3ZNGKhl | 200 |      990.25µs |             ::1 |     GET /api/user/self
[GIN] 2025/10/30 - 10:16:43 | 20251030101643295151000QAvjRK0Q | 200 |      931.75µs |             ::1 |     GET /api/user/self
[GIN] 2025/10/30 - 10:16:43 | 20251030101643296281000W7dXU5tv | 200 |      336.75µs |             ::1 |     GET /setup
[GIN] 2025/10/30 - 10:16:43 | 20251030101643416551000qCCQPcL8 | 200 |     265.833µs |             ::1 |     GET /api/status
[GIN] 2025/10/30 - 10:16:43 | 20251030101643417405000g80VVTpF | 200 |         569µs |             ::1 |     GET /api/setup
[SYS] 2025/10/30 - 10:16:47 | 任务进度轮询开始 
[SYS] 2025/10/30 - 10:16:47 | 任务进度轮询完成 
[SYS] 2025/10/30 - 10:17:02 | 正在更新数据看板数据... 
[SYS] 2025/10/30 - 10:17:02 | 保存数据看板数据成功，共保存0条数据 
[SYS] 2025/10/30 - 10:17:02 | syncing options from database 
[SYS] 2025/10/30 - 10:17:02 | 任务进度轮询开始 
[SYS] 2025/10/30 - 10:17:02 | 任务进度轮询完成 
[SYS] 2025/10/30 - 10:17:17 | 任务进度轮询开始 
[SYS] 2025/10/30 - 10:17:17 | 任务进度轮询完成 
[SYS] 2025/10/30 - 10:17:32 | 任务进度轮询开始 
[SYS] 2025/10/30 - 10:17:32 | 任务进度轮询完成 
