[SYS] 2025/11/05 - 11:49:29 | initializing token encoders 
[SYS] 2025/11/05 - 11:49:29 | token encoders initialized 
[SYS] 2025/11/05 - 11:49:29 | SQL_DSN not set, using SQLite as database 
[SYS] 2025/11/05 - 11:49:29 | database migration started 
[SYS] 2025/11/05 - 11:49:29 | system is already initialized at: 2025-09-23 14:26:35 +0800 CST 
[SYS] 2025/11/05 - 11:49:29 | REDIS_CONN_STRING not set, Redis is not enabled 
[SYS] 2025/11/05 - 11:49:29 | New API v0.0.0 started 
[SYS] 2025/11/05 - 11:49:29 | running in debug mode 
[SYS] 2025/11/05 - 11:49:29 | 正在更新数据看板数据... 
[SYS] 2025/11/05 - 11:49:29 | 保存数据看板数据成功，共保存0条数据 
[GIN] 2025/11/05 - 11:49:32 | 20251105114932238408000Kf48SZ4I | 200 |    2.254083ms |             ::1 |     GET /console
[GIN] 2025/11/05 - 11:49:32 | 2025110511493255180900049umrvg4 | 200 |     1.08475ms |             ::1 |     GET /api/status
[GIN] 2025/11/05 - 11:49:32 | 20251105114932551734000DShJ79Ka | 200 |    2.025083ms |             ::1 |     GET /api/user/self
[GIN] 2025/11/05 - 11:49:32 | 202511051149328529270003ocQaz4V | 200 |     557.833µs |             ::1 |     GET /api/user/self
[GIN] 2025/11/05 - 11:49:32 | 20251105114932908444000r7qggE89 | 200 |     608.125µs |             ::1 |     GET /api/user/self
[GIN] 2025/11/05 - 11:49:32 | 20251105114932909674000gz7lyTMk | 200 |     834.875µs |             ::1 |     GET /api/data/?username=&start_timestamp=1762228172&end_timestamp=1762318172&default_time=hour
[GIN] 2025/11/05 - 11:49:32 | 20251105114932953265000BJwOKmM7 | 200 |     627.667µs |             ::1 |     GET /api/uptime/status
[GIN] 2025/11/05 - 11:49:32 | 20251105114932935059000UDcsXfEU | 200 |   44.100208ms |             ::1 |     GET /logo.png
[GIN] 2025/11/05 - 11:49:37 | 20251105114937629977000F8A7LT3B | 200 |    1.215833ms |             ::1 |     GET /api/log/?p=1&page_size=10&type=0&username=&token_name=&model_name=&start_timestamp=1762272000&end_timestamp=1762318177&channel=&group=
[GIN] 2025/11/05 - 11:49:37 | 20251105114937643668000n13PHTcK | 200 |     465.042µs |             ::1 |     GET /api/log/stat?type=0&username=&token_name=&model_name=&start_timestamp=1762272000&end_timestamp=1762318177&channel=&group=
[GIN] 2025/11/05 - 11:49:39 | 202511051149391820000fAVmmkwM | 200 |     563.667µs |             ::1 |     GET /api/mj/?p=1&page_size=10&channel_id=&mj_id=&start_timestamp=1759722578000&end_timestamp=1762318178000
[GIN] 2025/11/05 - 11:49:40 | 20251105114940311063000hjy8Otg7 | 200 |     509.416µs |             ::1 |     GET /api/task/?p=1&page_size=10&channel_id=&task_id=&start_timestamp=1762272000&end_timestamp=1762318180
[GIN] 2025/11/05 - 11:49:41 | 20251105114941435621000F45zaMMR | 200 |     496.458µs |             ::1 |     GET /api/log/?p=1&page_size=10&type=0&username=&token_name=&model_name=&start_timestamp=1762272000&end_timestamp=1762318181&channel=&group=
[GIN] 2025/11/05 - 11:49:41 | 20251105114941443197000y3SaJkpT | 200 |     397.917µs |             ::1 |     GET /api/log/stat?type=0&username=&token_name=&model_name=&start_timestamp=1762272000&end_timestamp=1762318181&channel=&group=
[GIN] 2025/11/05 - 11:49:41 | 20251105114941910566000nbbOIc3D | 200 |    1.840709ms |             ::1 |     GET /cover-4.webp
[GIN] 2025/11/05 - 11:49:41 | 202511051149419125320001YF0Te1k | 200 |       459.5µs |             ::1 |     GET /api/user/aff
[GIN] 2025/11/05 - 11:49:41 | 202511051149419128100004rKip700 | 200 |     228.125µs |             ::1 |     GET /api/user/topup/info
[GIN] 2025/11/05 - 11:49:41 | 202511051149419160390007IsyYGs1 | 200 |         489µs |             ::1 |    POST /api/user/amount
[GIN] 2025/11/05 - 11:49:43 | 20251105114943854312000OZ2hmUFB | 200 |      136.25µs |             ::1 |     GET /api/group/
[GIN] 2025/11/05 - 11:49:43 | 20251105114943854225000swxbo0KW | 200 |      868.75µs |             ::1 |     GET /api/channel/models
[GIN] 2025/11/05 - 11:49:43 | 20251105114943855058000EkP4Jhkb | 200 |     605.875µs |             ::1 |     GET /api/models
[GIN] 2025/11/05 - 11:49:43 | 20251105114943855221000npKOeoJr | 200 |     2.05725ms |             ::1 |     GET /api/channel/?p=1&page_size=10&id_sort=false&tag_mode=false
[SYS] 2025/11/05 - 11:49:44 | 任务进度轮询开始 
[SYS] 2025/11/05 - 11:49:44 | 任务进度轮询完成 
[GIN] 2025/11/05 - 11:49:58 | 202511051149589748200056doWKqW | 200 |     502.834µs |             ::1 |     GET /api/task/?p=1&page_size=10&channel_id=&task_id=&start_timestamp=1762272000&end_timestamp=1762318198
[SYS] 2025/11/05 - 11:49:59 | 任务进度轮询开始 
[SYS] 2025/11/05 - 11:49:59 | 任务进度轮询完成 
[SYS] 2025/11/05 - 11:50:14 | 任务进度轮询开始 
[SYS] 2025/11/05 - 11:50:14 | 任务进度轮询完成 
[GIN] 2025/11/05 - 11:50:29 | 2025110511502935662000GVtHU9DQ | 200 |     119.084µs |             ::1 |     GET /api/group/
[GIN] 2025/11/05 - 11:50:29 | 2025110511502935964000i4vli3IG | 200 |    1.522125ms |             ::1 |     GET /api/models
[GIN] 2025/11/05 - 11:50:29 | 2025110511502935614000q9plyUvF | 200 |    2.655041ms |             ::1 |     GET /api/channel/models
[GIN] 2025/11/05 - 11:50:29 | 2025110511502935660000zvsODExO | 200 |    4.169417ms |             ::1 |     GET /api/channel/?p=1&page_size=10&id_sort=false&tag_mode=false
[SYS] 2025/11/05 - 11:50:29 | syncing options from database 
[SYS] 2025/11/05 - 11:50:29 | 任务进度轮询开始 
[SYS] 2025/11/05 - 11:50:29 | 任务进度轮询完成 
[GIN] 2025/11/05 - 11:50:32 | 202511051150328301710002dsr2PVo | 200 |     117.084µs |             ::1 |     GET /api/group/
[GIN] 2025/11/05 - 11:50:32 | 20251105115032830121000OudBHtJc | 200 |     799.917µs |             ::1 |     GET /api/channel/models
[GIN] 2025/11/05 - 11:50:32 | 20251105115032830779000njGUiOSY | 200 |     607.625µs |             ::1 |     GET /api/channel/6
[GIN] 2025/11/05 - 11:50:32 | 20251105115032855034000z3pyv9br | 200 |     384.542µs |             ::1 |     GET /api/prefill_group/?type=model
[SYS] 2025/11/05 - 11:50:44 | 任务进度轮询开始 
[SYS] 2025/11/05 - 11:50:44 | 任务进度轮询完成 
[SYS] 2025/11/05 - 11:50:59 | 任务进度轮询开始 
[SYS] 2025/11/05 - 11:50:59 | 任务进度轮询完成 
[SYS] 2025/11/05 - 11:51:14 | 任务进度轮询开始 
[SYS] 2025/11/05 - 11:51:14 | 任务进度轮询完成 
[SYS] 2025/11/05 - 11:51:29 | syncing options from database 
[SYS] 2025/11/05 - 11:51:29 | 任务进度轮询开始 
[SYS] 2025/11/05 - 11:51:29 | 任务进度轮询完成 
[SYS] 2025/11/05 - 11:51:44 | 任务进度轮询开始 
[SYS] 2025/11/05 - 11:51:44 | 任务进度轮询完成 
[SYS] 2025/11/05 - 11:51:59 | 任务进度轮询开始 
[SYS] 2025/11/05 - 11:51:59 | 任务进度轮询完成 
[SYS] 2025/11/05 - 11:52:14 | 任务进度轮询开始 
[SYS] 2025/11/05 - 11:52:14 | 任务进度轮询完成 
[SYS] 2025/11/05 - 11:52:29 | syncing options from database 
[SYS] 2025/11/05 - 11:52:29 | 任务进度轮询开始 
[SYS] 2025/11/05 - 11:52:29 | 任务进度轮询完成 
[SYS] 2025/11/05 - 11:52:44 | 任务进度轮询开始 
[SYS] 2025/11/05 - 11:52:44 | 任务进度轮询完成 
[SYS] 2025/11/05 - 11:52:59 | 任务进度轮询开始 
[SYS] 2025/11/05 - 11:52:59 | 任务进度轮询完成 
[SYS] 2025/11/05 - 11:53:14 | 任务进度轮询开始 
[SYS] 2025/11/05 - 11:53:14 | 任务进度轮询完成 
[SYS] 2025/11/05 - 11:53:29 | syncing options from database 
[SYS] 2025/11/05 - 11:53:29 | 任务进度轮询开始 
[SYS] 2025/11/05 - 11:53:29 | 任务进度轮询完成 
[SYS] 2025/11/05 - 11:53:44 | 任务进度轮询开始 
[SYS] 2025/11/05 - 11:53:44 | 任务进度轮询完成 
[SYS] 2025/11/05 - 11:53:59 | 任务进度轮询开始 
[SYS] 2025/11/05 - 11:53:59 | 任务进度轮询完成 
[SYS] 2025/11/05 - 11:54:14 | 任务进度轮询开始 
[SYS] 2025/11/05 - 11:54:14 | 任务进度轮询完成 
[SYS] 2025/11/05 - 11:54:29 | 正在更新数据看板数据... 
[SYS] 2025/11/05 - 11:54:29 | 保存数据看板数据成功，共保存0条数据 
[SYS] 2025/11/05 - 11:54:29 | syncing options from database 
[SYS] 2025/11/05 - 11:54:29 | 任务进度轮询开始 
[SYS] 2025/11/05 - 11:54:29 | 任务进度轮询完成 
[SYS] 2025/11/05 - 11:54:44 | 任务进度轮询开始 
[SYS] 2025/11/05 - 11:54:44 | 任务进度轮询完成 
[SYS] 2025/11/05 - 11:54:59 | 任务进度轮询开始 
[SYS] 2025/11/05 - 11:54:59 | 任务进度轮询完成 
[SYS] 2025/11/05 - 11:55:14 | 任务进度轮询开始 
[SYS] 2025/11/05 - 11:55:14 | 任务进度轮询完成 
[SYS] 2025/11/05 - 11:55:29 | syncing options from database 
[SYS] 2025/11/05 - 11:55:29 | 任务进度轮询开始 
[SYS] 2025/11/05 - 11:55:29 | 任务进度轮询完成 
[SYS] 2025/11/05 - 11:55:44 | 任务进度轮询开始 
[SYS] 2025/11/05 - 11:55:44 | 任务进度轮询完成 
[SYS] 2025/11/05 - 11:55:59 | 任务进度轮询开始 
[SYS] 2025/11/05 - 11:55:59 | 任务进度轮询完成 
[SYS] 2025/11/05 - 11:56:14 | 任务进度轮询开始 
[SYS] 2025/11/05 - 11:56:14 | 任务进度轮询完成 
[SYS] 2025/11/05 - 11:56:29 | syncing options from database 
[SYS] 2025/11/05 - 11:56:29 | 任务进度轮询开始 
[SYS] 2025/11/05 - 11:56:29 | 任务进度轮询完成 
[SYS] 2025/11/05 - 11:56:44 | 任务进度轮询开始 
[SYS] 2025/11/05 - 11:56:44 | 任务进度轮询完成 
[SYS] 2025/11/05 - 11:56:59 | 任务进度轮询开始 
[SYS] 2025/11/05 - 11:56:59 | 任务进度轮询完成 
[SYS] 2025/11/05 - 11:57:14 | 任务进度轮询开始 
[SYS] 2025/11/05 - 11:57:14 | 任务进度轮询完成 
[SYS] 2025/11/05 - 11:57:29 | syncing options from database 
[SYS] 2025/11/05 - 11:57:29 | 任务进度轮询开始 
[SYS] 2025/11/05 - 11:57:29 | 任务进度轮询完成 
[SYS] 2025/11/05 - 11:57:44 | 任务进度轮询开始 
[SYS] 2025/11/05 - 11:57:44 | 任务进度轮询完成 
[SYS] 2025/11/05 - 11:57:59 | 任务进度轮询开始 
[SYS] 2025/11/05 - 11:57:59 | 任务进度轮询完成 
[SYS] 2025/11/05 - 11:58:14 | 任务进度轮询开始 
[SYS] 2025/11/05 - 11:58:14 | 任务进度轮询完成 
[SYS] 2025/11/05 - 11:58:29 | syncing options from database 
[SYS] 2025/11/05 - 11:58:29 | 任务进度轮询开始 
[SYS] 2025/11/05 - 11:58:29 | 任务进度轮询完成 
[SYS] 2025/11/05 - 11:58:44 | 任务进度轮询开始 
[SYS] 2025/11/05 - 11:58:44 | 任务进度轮询完成 
[SYS] 2025/11/05 - 11:58:59 | 任务进度轮询开始 
[SYS] 2025/11/05 - 11:58:59 | 任务进度轮询完成 
[SYS] 2025/11/05 - 11:59:14 | 任务进度轮询开始 
[SYS] 2025/11/05 - 11:59:14 | 任务进度轮询完成 
[SYS] 2025/11/05 - 11:59:29 | 正在更新数据看板数据... 
[SYS] 2025/11/05 - 11:59:29 | 保存数据看板数据成功，共保存0条数据 
[SYS] 2025/11/05 - 11:59:29 | syncing options from database 
[SYS] 2025/11/05 - 11:59:29 | 任务进度轮询开始 
[SYS] 2025/11/05 - 11:59:29 | 任务进度轮询完成 
[SYS] 2025/11/05 - 11:59:44 | 任务进度轮询开始 
[SYS] 2025/11/05 - 11:59:44 | 任务进度轮询完成 
[SYS] 2025/11/05 - 11:59:59 | 任务进度轮询开始 
[SYS] 2025/11/05 - 11:59:59 | 任务进度轮询完成 
[SYS] 2025/11/05 - 12:00:14 | 任务进度轮询开始 
[SYS] 2025/11/05 - 12:00:14 | 任务进度轮询完成 
[SYS] 2025/11/05 - 12:00:29 | syncing options from database 
[SYS] 2025/11/05 - 12:00:29 | 任务进度轮询开始 
[SYS] 2025/11/05 - 12:00:29 | 任务进度轮询完成 
[SYS] 2025/11/05 - 12:00:44 | 任务进度轮询开始 
[SYS] 2025/11/05 - 12:00:44 | 任务进度轮询完成 
[SYS] 2025/11/05 - 12:00:59 | 任务进度轮询开始 
[SYS] 2025/11/05 - 12:00:59 | 任务进度轮询完成 
[SYS] 2025/11/05 - 12:01:14 | 任务进度轮询开始 
[SYS] 2025/11/05 - 12:01:14 | 任务进度轮询完成 
[SYS] 2025/11/05 - 12:01:29 | syncing options from database 
[SYS] 2025/11/05 - 12:01:29 | 任务进度轮询开始 
[SYS] 2025/11/05 - 12:01:29 | 任务进度轮询完成 
[SYS] 2025/11/05 - 12:01:44 | 任务进度轮询开始 
[SYS] 2025/11/05 - 12:01:44 | 任务进度轮询完成 
[SYS] 2025/11/05 - 12:01:59 | 任务进度轮询开始 
[SYS] 2025/11/05 - 12:01:59 | 任务进度轮询完成 
[SYS] 2025/11/05 - 12:02:14 | 任务进度轮询开始 
[SYS] 2025/11/05 - 12:02:14 | 任务进度轮询完成 
[SYS] 2025/11/05 - 12:02:29 | syncing options from database 
[SYS] 2025/11/05 - 12:02:29 | 任务进度轮询开始 
[SYS] 2025/11/05 - 12:02:29 | 任务进度轮询完成 
[SYS] 2025/11/05 - 12:02:44 | 任务进度轮询开始 
[SYS] 2025/11/05 - 12:02:44 | 任务进度轮询完成 
[SYS] 2025/11/05 - 12:02:59 | 任务进度轮询开始 
[SYS] 2025/11/05 - 12:02:59 | 任务进度轮询完成 
[SYS] 2025/11/05 - 12:03:14 | 任务进度轮询开始 
[SYS] 2025/11/05 - 12:03:14 | 任务进度轮询完成 
[SYS] 2025/11/05 - 12:03:29 | syncing options from database 
[SYS] 2025/11/05 - 12:03:29 | 任务进度轮询开始 
[SYS] 2025/11/05 - 12:03:29 | 任务进度轮询完成 
[SYS] 2025/11/05 - 12:03:44 | 任务进度轮询开始 
[SYS] 2025/11/05 - 12:03:44 | 任务进度轮询完成 
[SYS] 2025/11/05 - 12:03:59 | 任务进度轮询开始 
[SYS] 2025/11/05 - 12:03:59 | 任务进度轮询完成 
[SYS] 2025/11/05 - 12:04:14 | 任务进度轮询开始 
[SYS] 2025/11/05 - 12:04:14 | 任务进度轮询完成 
[SYS] 2025/11/05 - 12:04:29 | 正在更新数据看板数据... 
[SYS] 2025/11/05 - 12:04:29 | 保存数据看板数据成功，共保存0条数据 
[SYS] 2025/11/05 - 12:04:29 | syncing options from database 
[SYS] 2025/11/05 - 12:04:29 | 任务进度轮询开始 
[SYS] 2025/11/05 - 12:04:29 | 任务进度轮询完成 
[SYS] 2025/11/05 - 12:04:44 | 任务进度轮询开始 
[SYS] 2025/11/05 - 12:04:44 | 任务进度轮询完成 
[SYS] 2025/11/05 - 12:04:59 | 任务进度轮询开始 
[SYS] 2025/11/05 - 12:04:59 | 任务进度轮询完成 
[SYS] 2025/11/05 - 12:05:14 | 任务进度轮询开始 
[SYS] 2025/11/05 - 12:05:14 | 任务进度轮询完成 
[SYS] 2025/11/05 - 12:05:29 | syncing options from database 
[SYS] 2025/11/05 - 12:05:29 | 任务进度轮询开始 
[SYS] 2025/11/05 - 12:05:29 | 任务进度轮询完成 
[SYS] 2025/11/05 - 12:05:44 | 任务进度轮询开始 
[SYS] 2025/11/05 - 12:05:44 | 任务进度轮询完成 
[SYS] 2025/11/05 - 12:05:59 | 任务进度轮询开始 
[SYS] 2025/11/05 - 12:05:59 | 任务进度轮询完成 
[SYS] 2025/11/05 - 12:06:14 | 任务进度轮询开始 
[SYS] 2025/11/05 - 12:06:14 | 任务进度轮询完成 
[SYS] 2025/11/05 - 12:06:29 | syncing options from database 
[SYS] 2025/11/05 - 12:06:29 | 任务进度轮询开始 
[SYS] 2025/11/05 - 12:06:29 | 任务进度轮询完成 
[SYS] 2025/11/05 - 12:06:44 | 任务进度轮询开始 
[SYS] 2025/11/05 - 12:06:44 | 任务进度轮询完成 
[SYS] 2025/11/05 - 12:06:59 | 任务进度轮询开始 
[SYS] 2025/11/05 - 12:06:59 | 任务进度轮询完成 
[SYS] 2025/11/05 - 12:07:14 | 任务进度轮询开始 
[SYS] 2025/11/05 - 12:07:14 | 任务进度轮询完成 
[SYS] 2025/11/05 - 12:07:29 | syncing options from database 
[SYS] 2025/11/05 - 12:07:29 | 任务进度轮询开始 
[SYS] 2025/11/05 - 12:07:29 | 任务进度轮询完成 
[SYS] 2025/11/05 - 12:07:44 | 任务进度轮询开始 
[SYS] 2025/11/05 - 12:07:44 | 任务进度轮询完成 
[SYS] 2025/11/05 - 12:07:59 | 任务进度轮询开始 
[SYS] 2025/11/05 - 12:07:59 | 任务进度轮询完成 
[SYS] 2025/11/05 - 12:08:14 | 任务进度轮询开始 
[SYS] 2025/11/05 - 12:08:14 | 任务进度轮询完成 
[SYS] 2025/11/05 - 12:08:29 | syncing options from database 
[SYS] 2025/11/05 - 12:08:29 | 任务进度轮询开始 
[SYS] 2025/11/05 - 12:08:29 | 任务进度轮询完成 
[SYS] 2025/11/05 - 12:08:44 | 任务进度轮询开始 
[SYS] 2025/11/05 - 12:08:44 | 任务进度轮询完成 
[SYS] 2025/11/05 - 12:08:59 | 任务进度轮询开始 
[SYS] 2025/11/05 - 12:08:59 | 任务进度轮询完成 
[SYS] 2025/11/05 - 12:09:14 | 任务进度轮询开始 
[SYS] 2025/11/05 - 12:09:14 | 任务进度轮询完成 
[SYS] 2025/11/05 - 12:09:29 | 正在更新数据看板数据... 
[SYS] 2025/11/05 - 12:09:29 | 保存数据看板数据成功，共保存0条数据 
[SYS] 2025/11/05 - 12:09:29 | syncing options from database 
[SYS] 2025/11/05 - 12:09:29 | 任务进度轮询开始 
[SYS] 2025/11/05 - 12:09:29 | 任务进度轮询完成 
[SYS] 2025/11/05 - 12:09:44 | 任务进度轮询开始 
[SYS] 2025/11/05 - 12:09:44 | 任务进度轮询完成 
[SYS] 2025/11/05 - 12:09:59 | 任务进度轮询开始 
[SYS] 2025/11/05 - 12:09:59 | 任务进度轮询完成 
[SYS] 2025/11/05 - 12:10:14 | 任务进度轮询开始 
[SYS] 2025/11/05 - 12:10:14 | 任务进度轮询完成 
[SYS] 2025/11/05 - 12:10:29 | syncing options from database 
[SYS] 2025/11/05 - 12:10:29 | 任务进度轮询开始 
[SYS] 2025/11/05 - 12:10:29 | 任务进度轮询完成 
[SYS] 2025/11/05 - 12:10:44 | 任务进度轮询开始 
[SYS] 2025/11/05 - 12:10:44 | 任务进度轮询完成 
[SYS] 2025/11/05 - 12:10:59 | 任务进度轮询开始 
[SYS] 2025/11/05 - 12:10:59 | 任务进度轮询完成 
[SYS] 2025/11/05 - 12:11:14 | 任务进度轮询开始 
[SYS] 2025/11/05 - 12:11:14 | 任务进度轮询完成 
[SYS] 2025/11/05 - 12:11:29 | syncing options from database 
[SYS] 2025/11/05 - 12:11:29 | 任务进度轮询开始 
[SYS] 2025/11/05 - 12:11:29 | 任务进度轮询完成 
[SYS] 2025/11/05 - 12:11:44 | 任务进度轮询开始 
[SYS] 2025/11/05 - 12:11:44 | 任务进度轮询完成 
[SYS] 2025/11/05 - 12:11:59 | 任务进度轮询开始 
[SYS] 2025/11/05 - 12:11:59 | 任务进度轮询完成 
[SYS] 2025/11/05 - 12:12:14 | 任务进度轮询开始 
[SYS] 2025/11/05 - 12:12:14 | 任务进度轮询完成 
[SYS] 2025/11/05 - 12:12:29 | syncing options from database 
[SYS] 2025/11/05 - 12:12:29 | 任务进度轮询开始 
[SYS] 2025/11/05 - 12:12:29 | 任务进度轮询完成 
[SYS] 2025/11/05 - 12:12:44 | 任务进度轮询开始 
[SYS] 2025/11/05 - 12:12:44 | 任务进度轮询完成 
[SYS] 2025/11/05 - 12:12:59 | 任务进度轮询开始 
[SYS] 2025/11/05 - 12:12:59 | 任务进度轮询完成 
[SYS] 2025/11/05 - 12:13:14 | 任务进度轮询开始 
[SYS] 2025/11/05 - 12:13:14 | 任务进度轮询完成 
[SYS] 2025/11/05 - 12:13:29 | syncing options from database 
[SYS] 2025/11/05 - 12:13:29 | 任务进度轮询开始 
[SYS] 2025/11/05 - 12:13:29 | 任务进度轮询完成 
[SYS] 2025/11/05 - 12:13:44 | 任务进度轮询开始 
[SYS] 2025/11/05 - 12:13:44 | 任务进度轮询完成 
[SYS] 2025/11/05 - 12:13:59 | 任务进度轮询开始 
[SYS] 2025/11/05 - 12:13:59 | 任务进度轮询完成 
[SYS] 2025/11/05 - 12:14:14 | 任务进度轮询开始 
[SYS] 2025/11/05 - 12:14:14 | 任务进度轮询完成 
[SYS] 2025/11/05 - 12:14:29 | 正在更新数据看板数据... 
[SYS] 2025/11/05 - 12:14:29 | 保存数据看板数据成功，共保存0条数据 
[SYS] 2025/11/05 - 12:14:29 | syncing options from database 
[SYS] 2025/11/05 - 12:14:29 | 任务进度轮询开始 
[SYS] 2025/11/05 - 12:14:29 | 任务进度轮询完成 
[SYS] 2025/11/05 - 12:14:44 | 任务进度轮询开始 
[SYS] 2025/11/05 - 12:14:44 | 任务进度轮询完成 
[SYS] 2025/11/05 - 12:14:59 | 任务进度轮询开始 
[SYS] 2025/11/05 - 12:14:59 | 任务进度轮询完成 
[SYS] 2025/11/05 - 12:15:14 | 任务进度轮询开始 
[SYS] 2025/11/05 - 12:15:14 | 任务进度轮询完成 
[SYS] 2025/11/05 - 12:15:29 | syncing options from database 
[SYS] 2025/11/05 - 12:15:29 | 任务进度轮询开始 
[SYS] 2025/11/05 - 12:15:29 | 任务进度轮询完成 
[SYS] 2025/11/05 - 12:15:44 | 任务进度轮询开始 
[SYS] 2025/11/05 - 12:15:44 | 任务进度轮询完成 
[SYS] 2025/11/05 - 12:15:59 | 任务进度轮询开始 
[SYS] 2025/11/05 - 12:15:59 | 任务进度轮询完成 
[SYS] 2025/11/05 - 12:16:14 | 任务进度轮询开始 
[SYS] 2025/11/05 - 12:16:14 | 任务进度轮询完成 
[SYS] 2025/11/05 - 12:16:29 | syncing options from database 
[SYS] 2025/11/05 - 12:16:29 | 任务进度轮询开始 
[SYS] 2025/11/05 - 12:16:29 | 任务进度轮询完成 
[SYS] 2025/11/05 - 12:16:44 | 任务进度轮询开始 
[SYS] 2025/11/05 - 12:16:44 | 任务进度轮询完成 
[SYS] 2025/11/05 - 12:16:59 | 任务进度轮询开始 
[SYS] 2025/11/05 - 12:16:59 | 任务进度轮询完成 
[SYS] 2025/11/05 - 12:17:14 | 任务进度轮询开始 
[SYS] 2025/11/05 - 12:17:14 | 任务进度轮询完成 
[SYS] 2025/11/05 - 12:17:29 | syncing options from database 
[SYS] 2025/11/05 - 12:17:29 | 任务进度轮询开始 
[SYS] 2025/11/05 - 12:17:29 | 任务进度轮询完成 
[SYS] 2025/11/05 - 12:17:44 | 任务进度轮询开始 
[SYS] 2025/11/05 - 12:17:44 | 任务进度轮询完成 
[SYS] 2025/11/05 - 12:17:59 | 任务进度轮询开始 
[SYS] 2025/11/05 - 12:17:59 | 任务进度轮询完成 
[SYS] 2025/11/05 - 12:18:14 | 任务进度轮询开始 
[SYS] 2025/11/05 - 12:18:14 | 任务进度轮询完成 
[SYS] 2025/11/05 - 12:18:29 | syncing options from database 
[SYS] 2025/11/05 - 12:18:29 | 任务进度轮询开始 
[SYS] 2025/11/05 - 12:18:29 | 任务进度轮询完成 
[SYS] 2025/11/05 - 12:18:44 | 任务进度轮询开始 
[SYS] 2025/11/05 - 12:18:44 | 任务进度轮询完成 
[SYS] 2025/11/05 - 12:18:59 | 任务进度轮询开始 
[SYS] 2025/11/05 - 12:18:59 | 任务进度轮询完成 
[SYS] 2025/11/05 - 12:19:14 | 任务进度轮询开始 
[SYS] 2025/11/05 - 12:19:14 | 任务进度轮询完成 
[SYS] 2025/11/05 - 12:19:29 | 正在更新数据看板数据... 
[SYS] 2025/11/05 - 12:19:29 | 保存数据看板数据成功，共保存0条数据 
[SYS] 2025/11/05 - 12:19:29 | syncing options from database 
[SYS] 2025/11/05 - 12:19:29 | 任务进度轮询开始 
[SYS] 2025/11/05 - 12:19:29 | 任务进度轮询完成 
[SYS] 2025/11/05 - 12:19:44 | 任务进度轮询开始 
[SYS] 2025/11/05 - 12:19:44 | 任务进度轮询完成 
[SYS] 2025/11/05 - 12:19:59 | 任务进度轮询开始 
[SYS] 2025/11/05 - 12:19:59 | 任务进度轮询完成 
[SYS] 2025/11/05 - 12:20:14 | 任务进度轮询开始 
[SYS] 2025/11/05 - 12:20:14 | 任务进度轮询完成 
[SYS] 2025/11/05 - 12:20:29 | syncing options from database 
[SYS] 2025/11/05 - 12:20:29 | 任务进度轮询开始 
[SYS] 2025/11/05 - 12:20:29 | 任务进度轮询完成 
[SYS] 2025/11/05 - 12:20:44 | 任务进度轮询开始 
[SYS] 2025/11/05 - 12:20:44 | 任务进度轮询完成 
[SYS] 2025/11/05 - 12:20:59 | 任务进度轮询开始 
[SYS] 2025/11/05 - 12:20:59 | 任务进度轮询完成 
[SYS] 2025/11/05 - 12:21:14 | 任务进度轮询开始 
[SYS] 2025/11/05 - 12:21:14 | 任务进度轮询完成 
[SYS] 2025/11/05 - 12:21:29 | syncing options from database 
[SYS] 2025/11/05 - 12:21:29 | 任务进度轮询开始 
[SYS] 2025/11/05 - 12:21:29 | 任务进度轮询完成 
[SYS] 2025/11/05 - 12:21:44 | 任务进度轮询开始 
[SYS] 2025/11/05 - 12:21:44 | 任务进度轮询完成 
[SYS] 2025/11/05 - 12:21:59 | 任务进度轮询开始 
[SYS] 2025/11/05 - 12:21:59 | 任务进度轮询完成 
[SYS] 2025/11/05 - 12:22:14 | 任务进度轮询开始 
[SYS] 2025/11/05 - 12:22:14 | 任务进度轮询完成 
[SYS] 2025/11/05 - 12:22:29 | syncing options from database 
[SYS] 2025/11/05 - 12:22:29 | 任务进度轮询开始 
[SYS] 2025/11/05 - 12:22:29 | 任务进度轮询完成 
[SYS] 2025/11/05 - 12:22:44 | 任务进度轮询开始 
[SYS] 2025/11/05 - 12:22:44 | 任务进度轮询完成 
[SYS] 2025/11/05 - 12:22:59 | 任务进度轮询开始 
[SYS] 2025/11/05 - 12:22:59 | 任务进度轮询完成 
[SYS] 2025/11/05 - 12:23:14 | 任务进度轮询开始 
[SYS] 2025/11/05 - 12:23:14 | 任务进度轮询完成 
[SYS] 2025/11/05 - 12:23:29 | syncing options from database 
[SYS] 2025/11/05 - 12:23:29 | 任务进度轮询开始 
[SYS] 2025/11/05 - 12:23:29 | 任务进度轮询完成 
[SYS] 2025/11/05 - 12:23:44 | 任务进度轮询开始 
[SYS] 2025/11/05 - 12:23:44 | 任务进度轮询完成 
[SYS] 2025/11/05 - 12:23:59 | 任务进度轮询开始 
[SYS] 2025/11/05 - 12:23:59 | 任务进度轮询完成 
[SYS] 2025/11/05 - 12:24:14 | 任务进度轮询开始 
[SYS] 2025/11/05 - 12:24:14 | 任务进度轮询完成 
[SYS] 2025/11/05 - 12:24:29 | 正在更新数据看板数据... 
[SYS] 2025/11/05 - 12:24:29 | 保存数据看板数据成功，共保存0条数据 
[SYS] 2025/11/05 - 12:24:29 | syncing options from database 
[SYS] 2025/11/05 - 12:24:29 | 任务进度轮询开始 
[SYS] 2025/11/05 - 12:24:29 | 任务进度轮询完成 
[SYS] 2025/11/05 - 12:24:44 | 任务进度轮询开始 
[SYS] 2025/11/05 - 12:24:44 | 任务进度轮询完成 
[SYS] 2025/11/05 - 12:24:59 | 任务进度轮询开始 
[SYS] 2025/11/05 - 12:24:59 | 任务进度轮询完成 
[SYS] 2025/11/05 - 12:25:14 | 任务进度轮询开始 
[SYS] 2025/11/05 - 12:25:14 | 任务进度轮询完成 
[SYS] 2025/11/05 - 12:25:29 | syncing options from database 
[SYS] 2025/11/05 - 12:25:29 | 任务进度轮询开始 
[SYS] 2025/11/05 - 12:25:29 | 任务进度轮询完成 
[SYS] 2025/11/05 - 12:25:44 | 任务进度轮询开始 
[SYS] 2025/11/05 - 12:25:44 | 任务进度轮询完成 
[SYS] 2025/11/05 - 12:25:59 | 任务进度轮询开始 
[SYS] 2025/11/05 - 12:25:59 | 任务进度轮询完成 
[SYS] 2025/11/05 - 12:26:14 | 任务进度轮询开始 
[SYS] 2025/11/05 - 12:26:14 | 任务进度轮询完成 
[SYS] 2025/11/05 - 12:26:29 | syncing options from database 
[SYS] 2025/11/05 - 12:26:29 | 任务进度轮询开始 
[SYS] 2025/11/05 - 12:26:29 | 任务进度轮询完成 
[SYS] 2025/11/05 - 12:26:44 | 任务进度轮询开始 
[SYS] 2025/11/05 - 12:26:44 | 任务进度轮询完成 
[SYS] 2025/11/05 - 12:26:59 | 任务进度轮询开始 
[SYS] 2025/11/05 - 12:26:59 | 任务进度轮询完成 
[SYS] 2025/11/05 - 12:27:14 | 任务进度轮询开始 
[SYS] 2025/11/05 - 12:27:14 | 任务进度轮询完成 
[SYS] 2025/11/05 - 12:27:29 | syncing options from database 
[SYS] 2025/11/05 - 12:27:29 | 任务进度轮询开始 
[SYS] 2025/11/05 - 12:27:29 | 任务进度轮询完成 
[SYS] 2025/11/05 - 12:27:44 | 任务进度轮询开始 
[SYS] 2025/11/05 - 12:27:44 | 任务进度轮询完成 
[SYS] 2025/11/05 - 12:27:59 | 任务进度轮询开始 
[SYS] 2025/11/05 - 12:27:59 | 任务进度轮询完成 
[SYS] 2025/11/05 - 12:28:14 | 任务进度轮询开始 
[SYS] 2025/11/05 - 12:28:14 | 任务进度轮询完成 
[SYS] 2025/11/05 - 12:28:29 | syncing options from database 
[SYS] 2025/11/05 - 12:28:29 | 任务进度轮询开始 
[SYS] 2025/11/05 - 12:28:29 | 任务进度轮询完成 
[SYS] 2025/11/05 - 12:28:44 | 任务进度轮询开始 
[SYS] 2025/11/05 - 12:28:44 | 任务进度轮询完成 
[SYS] 2025/11/05 - 12:28:59 | 任务进度轮询开始 
[SYS] 2025/11/05 - 12:28:59 | 任务进度轮询完成 
[SYS] 2025/11/05 - 12:29:14 | 任务进度轮询开始 
[SYS] 2025/11/05 - 12:29:14 | 任务进度轮询完成 
[SYS] 2025/11/05 - 12:29:29 | 正在更新数据看板数据... 
[SYS] 2025/11/05 - 12:29:29 | 保存数据看板数据成功，共保存0条数据 
[SYS] 2025/11/05 - 12:29:29 | syncing options from database 
[SYS] 2025/11/05 - 12:29:29 | 任务进度轮询开始 
[SYS] 2025/11/05 - 12:29:29 | 任务进度轮询完成 
[SYS] 2025/11/05 - 12:29:44 | 任务进度轮询开始 
[SYS] 2025/11/05 - 12:29:44 | 任务进度轮询完成 
[SYS] 2025/11/05 - 12:29:59 | 任务进度轮询开始 
[SYS] 2025/11/05 - 12:29:59 | 任务进度轮询完成 
[SYS] 2025/11/05 - 12:30:14 | 任务进度轮询开始 
[SYS] 2025/11/05 - 12:30:14 | 任务进度轮询完成 
[SYS] 2025/11/05 - 12:30:29 | syncing options from database 
[SYS] 2025/11/05 - 12:30:29 | 任务进度轮询开始 
[SYS] 2025/11/05 - 12:30:29 | 任务进度轮询完成 
[SYS] 2025/11/05 - 12:30:44 | 任务进度轮询开始 
[SYS] 2025/11/05 - 12:30:44 | 任务进度轮询完成 
[SYS] 2025/11/05 - 12:30:59 | 任务进度轮询开始 
[SYS] 2025/11/05 - 12:30:59 | 任务进度轮询完成 
[SYS] 2025/11/05 - 12:31:14 | 任务进度轮询开始 
[SYS] 2025/11/05 - 12:31:14 | 任务进度轮询完成 
[SYS] 2025/11/05 - 12:31:29 | syncing options from database 
[SYS] 2025/11/05 - 12:31:29 | 任务进度轮询开始 
[SYS] 2025/11/05 - 12:31:29 | 任务进度轮询完成 
[SYS] 2025/11/05 - 12:31:44 | 任务进度轮询开始 
[SYS] 2025/11/05 - 12:31:44 | 任务进度轮询完成 
[SYS] 2025/11/05 - 12:31:59 | 任务进度轮询开始 
[SYS] 2025/11/05 - 12:31:59 | 任务进度轮询完成 
[SYS] 2025/11/05 - 12:32:14 | 任务进度轮询开始 
[SYS] 2025/11/05 - 12:32:14 | 任务进度轮询完成 
[SYS] 2025/11/05 - 12:32:29 | syncing options from database 
[SYS] 2025/11/05 - 12:32:29 | 任务进度轮询开始 
[SYS] 2025/11/05 - 12:32:29 | 任务进度轮询完成 
[SYS] 2025/11/05 - 12:32:44 | 任务进度轮询开始 
[SYS] 2025/11/05 - 12:32:44 | 任务进度轮询完成 
[SYS] 2025/11/05 - 12:32:59 | 任务进度轮询开始 
[SYS] 2025/11/05 - 12:32:59 | 任务进度轮询完成 
[SYS] 2025/11/05 - 12:33:14 | 任务进度轮询开始 
[SYS] 2025/11/05 - 12:33:14 | 任务进度轮询完成 
[SYS] 2025/11/05 - 12:33:29 | syncing options from database 
[SYS] 2025/11/05 - 12:33:29 | 任务进度轮询开始 
[SYS] 2025/11/05 - 12:33:29 | 任务进度轮询完成 
[SYS] 2025/11/05 - 12:33:44 | 任务进度轮询开始 
[SYS] 2025/11/05 - 12:33:44 | 任务进度轮询完成 
[SYS] 2025/11/05 - 12:33:59 | 任务进度轮询开始 
[SYS] 2025/11/05 - 12:33:59 | 任务进度轮询完成 
[SYS] 2025/11/05 - 12:34:14 | 任务进度轮询开始 
[SYS] 2025/11/05 - 12:34:14 | 任务进度轮询完成 
[SYS] 2025/11/05 - 12:34:29 | 正在更新数据看板数据... 
[SYS] 2025/11/05 - 12:34:29 | 保存数据看板数据成功，共保存0条数据 
[SYS] 2025/11/05 - 12:34:29 | syncing options from database 
[SYS] 2025/11/05 - 12:34:29 | 任务进度轮询开始 
[SYS] 2025/11/05 - 12:34:29 | 任务进度轮询完成 
[SYS] 2025/11/05 - 12:34:44 | 任务进度轮询开始 
[SYS] 2025/11/05 - 12:34:44 | 任务进度轮询完成 
[SYS] 2025/11/05 - 12:34:59 | 任务进度轮询开始 
[SYS] 2025/11/05 - 12:34:59 | 任务进度轮询完成 
[SYS] 2025/11/05 - 12:35:14 | 任务进度轮询开始 
[SYS] 2025/11/05 - 12:35:14 | 任务进度轮询完成 
[SYS] 2025/11/05 - 12:35:29 | syncing options from database 
[SYS] 2025/11/05 - 12:35:29 | 任务进度轮询开始 
[SYS] 2025/11/05 - 12:35:29 | 任务进度轮询完成 
[SYS] 2025/11/05 - 12:35:44 | 任务进度轮询开始 
[SYS] 2025/11/05 - 12:35:44 | 任务进度轮询完成 
[SYS] 2025/11/05 - 12:35:59 | 任务进度轮询开始 
[SYS] 2025/11/05 - 12:35:59 | 任务进度轮询完成 
[SYS] 2025/11/05 - 12:36:14 | 任务进度轮询开始 
[SYS] 2025/11/05 - 12:36:14 | 任务进度轮询完成 
[SYS] 2025/11/05 - 12:36:29 | syncing options from database 
[SYS] 2025/11/05 - 12:36:29 | 任务进度轮询开始 
[SYS] 2025/11/05 - 12:36:29 | 任务进度轮询完成 
[SYS] 2025/11/05 - 12:36:44 | 任务进度轮询开始 
[SYS] 2025/11/05 - 12:36:44 | 任务进度轮询完成 
[SYS] 2025/11/05 - 12:36:59 | 任务进度轮询开始 
[SYS] 2025/11/05 - 12:36:59 | 任务进度轮询完成 
[SYS] 2025/11/05 - 12:37:14 | 任务进度轮询开始 
[SYS] 2025/11/05 - 12:37:14 | 任务进度轮询完成 
[SYS] 2025/11/05 - 12:37:29 | syncing options from database 
[SYS] 2025/11/05 - 12:37:29 | 任务进度轮询开始 
[SYS] 2025/11/05 - 12:37:29 | 任务进度轮询完成 
[SYS] 2025/11/05 - 12:37:44 | 任务进度轮询开始 
[SYS] 2025/11/05 - 12:37:44 | 任务进度轮询完成 
[SYS] 2025/11/05 - 12:37:59 | 任务进度轮询开始 
[SYS] 2025/11/05 - 12:37:59 | 任务进度轮询完成 
[SYS] 2025/11/05 - 12:38:14 | 任务进度轮询开始 
[SYS] 2025/11/05 - 12:38:14 | 任务进度轮询完成 
[SYS] 2025/11/05 - 12:38:29 | syncing options from database 
[SYS] 2025/11/05 - 12:38:29 | 任务进度轮询开始 
[SYS] 2025/11/05 - 12:38:29 | 任务进度轮询完成 
[SYS] 2025/11/05 - 12:38:44 | 任务进度轮询开始 
[SYS] 2025/11/05 - 12:38:44 | 任务进度轮询完成 
[SYS] 2025/11/05 - 12:38:59 | 任务进度轮询开始 
[SYS] 2025/11/05 - 12:38:59 | 任务进度轮询完成 
[SYS] 2025/11/05 - 12:39:14 | 任务进度轮询开始 
[SYS] 2025/11/05 - 12:39:14 | 任务进度轮询完成 
[SYS] 2025/11/05 - 12:39:29 | 正在更新数据看板数据... 
[SYS] 2025/11/05 - 12:39:29 | 保存数据看板数据成功，共保存0条数据 
[SYS] 2025/11/05 - 12:39:29 | syncing options from database 
[SYS] 2025/11/05 - 12:39:29 | 任务进度轮询开始 
[SYS] 2025/11/05 - 12:39:29 | 任务进度轮询完成 
[SYS] 2025/11/05 - 12:39:44 | 任务进度轮询开始 
[SYS] 2025/11/05 - 12:39:44 | 任务进度轮询完成 
[SYS] 2025/11/05 - 12:39:59 | 任务进度轮询开始 
[SYS] 2025/11/05 - 12:39:59 | 任务进度轮询完成 
[SYS] 2025/11/05 - 12:40:14 | 任务进度轮询开始 
[SYS] 2025/11/05 - 12:40:14 | 任务进度轮询完成 
[SYS] 2025/11/05 - 12:40:29 | syncing options from database 
[SYS] 2025/11/05 - 12:40:29 | 任务进度轮询开始 
[SYS] 2025/11/05 - 12:40:29 | 任务进度轮询完成 
[SYS] 2025/11/05 - 12:40:44 | 任务进度轮询开始 
[SYS] 2025/11/05 - 12:40:44 | 任务进度轮询完成 
[SYS] 2025/11/05 - 12:40:59 | 任务进度轮询开始 
[SYS] 2025/11/05 - 12:40:59 | 任务进度轮询完成 
[SYS] 2025/11/05 - 12:41:14 | 任务进度轮询开始 
[SYS] 2025/11/05 - 12:41:14 | 任务进度轮询完成 
[SYS] 2025/11/05 - 12:41:29 | syncing options from database 
[SYS] 2025/11/05 - 12:41:29 | 任务进度轮询开始 
[SYS] 2025/11/05 - 12:41:29 | 任务进度轮询完成 
[SYS] 2025/11/05 - 12:41:44 | 任务进度轮询开始 
[SYS] 2025/11/05 - 12:41:44 | 任务进度轮询完成 
[SYS] 2025/11/05 - 12:41:59 | 任务进度轮询开始 
[SYS] 2025/11/05 - 12:41:59 | 任务进度轮询完成 
[SYS] 2025/11/05 - 12:42:14 | 任务进度轮询开始 
[SYS] 2025/11/05 - 12:42:14 | 任务进度轮询完成 
[SYS] 2025/11/05 - 12:42:29 | syncing options from database 
[SYS] 2025/11/05 - 12:42:29 | 任务进度轮询开始 
[SYS] 2025/11/05 - 12:42:29 | 任务进度轮询完成 
[SYS] 2025/11/05 - 12:42:44 | 任务进度轮询开始 
[SYS] 2025/11/05 - 12:42:44 | 任务进度轮询完成 
[SYS] 2025/11/05 - 12:42:59 | 任务进度轮询开始 
[SYS] 2025/11/05 - 12:42:59 | 任务进度轮询完成 
[SYS] 2025/11/05 - 12:43:14 | 任务进度轮询开始 
[SYS] 2025/11/05 - 12:43:14 | 任务进度轮询完成 
[SYS] 2025/11/05 - 12:43:29 | syncing options from database 
[SYS] 2025/11/05 - 12:43:29 | 任务进度轮询开始 
[SYS] 2025/11/05 - 12:43:29 | 任务进度轮询完成 
[SYS] 2025/11/05 - 12:43:44 | 任务进度轮询开始 
[SYS] 2025/11/05 - 12:43:44 | 任务进度轮询完成 
[SYS] 2025/11/05 - 12:43:59 | 任务进度轮询开始 
[SYS] 2025/11/05 - 12:43:59 | 任务进度轮询完成 
[SYS] 2025/11/05 - 12:44:14 | 任务进度轮询开始 
[SYS] 2025/11/05 - 12:44:14 | 任务进度轮询完成 
[SYS] 2025/11/05 - 12:44:29 | 正在更新数据看板数据... 
[SYS] 2025/11/05 - 12:44:29 | 保存数据看板数据成功，共保存0条数据 
[SYS] 2025/11/05 - 12:44:29 | syncing options from database 
[SYS] 2025/11/05 - 12:44:29 | 任务进度轮询开始 
[SYS] 2025/11/05 - 12:44:29 | 任务进度轮询完成 
[SYS] 2025/11/05 - 12:44:44 | 任务进度轮询开始 
[SYS] 2025/11/05 - 12:44:44 | 任务进度轮询完成 
[SYS] 2025/11/05 - 12:44:59 | 任务进度轮询开始 
[SYS] 2025/11/05 - 12:44:59 | 任务进度轮询完成 
[SYS] 2025/11/05 - 12:45:14 | 任务进度轮询开始 
[SYS] 2025/11/05 - 12:45:14 | 任务进度轮询完成 
[SYS] 2025/11/05 - 12:45:29 | syncing options from database 
[SYS] 2025/11/05 - 12:45:29 | 任务进度轮询开始 
[SYS] 2025/11/05 - 12:45:29 | 任务进度轮询完成 
[SYS] 2025/11/05 - 12:45:44 | 任务进度轮询开始 
[SYS] 2025/11/05 - 12:45:44 | 任务进度轮询完成 
[SYS] 2025/11/05 - 12:45:59 | 任务进度轮询开始 
[SYS] 2025/11/05 - 12:45:59 | 任务进度轮询完成 
[SYS] 2025/11/05 - 12:46:14 | 任务进度轮询开始 
[SYS] 2025/11/05 - 12:46:14 | 任务进度轮询完成 
[SYS] 2025/11/05 - 12:46:29 | syncing options from database 
[SYS] 2025/11/05 - 12:46:29 | 任务进度轮询开始 
[SYS] 2025/11/05 - 12:46:29 | 任务进度轮询完成 
[SYS] 2025/11/05 - 12:46:44 | 任务进度轮询开始 
[SYS] 2025/11/05 - 12:46:44 | 任务进度轮询完成 
[SYS] 2025/11/05 - 12:46:59 | 任务进度轮询开始 
[SYS] 2025/11/05 - 12:46:59 | 任务进度轮询完成 
[SYS] 2025/11/05 - 12:47:14 | 任务进度轮询开始 
[SYS] 2025/11/05 - 12:47:14 | 任务进度轮询完成 
[SYS] 2025/11/05 - 12:47:29 | syncing options from database 
[SYS] 2025/11/05 - 12:47:29 | 任务进度轮询开始 
[SYS] 2025/11/05 - 12:47:29 | 任务进度轮询完成 
[SYS] 2025/11/05 - 12:47:44 | 任务进度轮询开始 
[SYS] 2025/11/05 - 12:47:44 | 任务进度轮询完成 
[SYS] 2025/11/05 - 12:47:59 | 任务进度轮询开始 
[SYS] 2025/11/05 - 12:47:59 | 任务进度轮询完成 
[SYS] 2025/11/05 - 12:48:14 | 任务进度轮询开始 
[SYS] 2025/11/05 - 12:48:14 | 任务进度轮询完成 
[SYS] 2025/11/05 - 12:48:29 | syncing options from database 
[SYS] 2025/11/05 - 12:48:29 | 任务进度轮询开始 
[SYS] 2025/11/05 - 12:48:29 | 任务进度轮询完成 
[SYS] 2025/11/05 - 12:48:44 | 任务进度轮询开始 
[SYS] 2025/11/05 - 12:48:44 | 任务进度轮询完成 
[SYS] 2025/11/05 - 12:48:59 | 任务进度轮询开始 
[SYS] 2025/11/05 - 12:48:59 | 任务进度轮询完成 
[SYS] 2025/11/05 - 12:49:14 | 任务进度轮询开始 
[SYS] 2025/11/05 - 12:49:14 | 任务进度轮询完成 
[SYS] 2025/11/05 - 12:49:29 | 正在更新数据看板数据... 
[SYS] 2025/11/05 - 12:49:29 | 保存数据看板数据成功，共保存0条数据 
[SYS] 2025/11/05 - 12:49:29 | syncing options from database 
[SYS] 2025/11/05 - 12:49:29 | 任务进度轮询开始 
[SYS] 2025/11/05 - 12:49:29 | 任务进度轮询完成 
[SYS] 2025/11/05 - 12:49:44 | 任务进度轮询开始 
[SYS] 2025/11/05 - 12:49:44 | 任务进度轮询完成 
[SYS] 2025/11/05 - 12:49:59 | 任务进度轮询开始 
[SYS] 2025/11/05 - 12:49:59 | 任务进度轮询完成 
[SYS] 2025/11/05 - 12:50:14 | 任务进度轮询开始 
[SYS] 2025/11/05 - 12:50:14 | 任务进度轮询完成 
[SYS] 2025/11/05 - 12:50:29 | syncing options from database 
[SYS] 2025/11/05 - 12:50:29 | 任务进度轮询开始 
[SYS] 2025/11/05 - 12:50:29 | 任务进度轮询完成 
[SYS] 2025/11/05 - 12:50:44 | 任务进度轮询开始 
[SYS] 2025/11/05 - 12:50:44 | 任务进度轮询完成 
[SYS] 2025/11/05 - 12:50:59 | 任务进度轮询开始 
[SYS] 2025/11/05 - 12:50:59 | 任务进度轮询完成 
[SYS] 2025/11/05 - 12:51:14 | 任务进度轮询开始 
[SYS] 2025/11/05 - 12:51:14 | 任务进度轮询完成 
[SYS] 2025/11/05 - 12:51:29 | syncing options from database 
[SYS] 2025/11/05 - 12:51:29 | 任务进度轮询开始 
[SYS] 2025/11/05 - 12:51:29 | 任务进度轮询完成 
[SYS] 2025/11/05 - 12:51:44 | 任务进度轮询开始 
[SYS] 2025/11/05 - 12:51:44 | 任务进度轮询完成 
[SYS] 2025/11/05 - 12:51:59 | 任务进度轮询开始 
[SYS] 2025/11/05 - 12:51:59 | 任务进度轮询完成 
[SYS] 2025/11/05 - 12:52:14 | 任务进度轮询开始 
[SYS] 2025/11/05 - 12:52:14 | 任务进度轮询完成 
[SYS] 2025/11/05 - 12:52:29 | syncing options from database 
[SYS] 2025/11/05 - 12:52:29 | 任务进度轮询开始 
[SYS] 2025/11/05 - 12:52:29 | 任务进度轮询完成 
[SYS] 2025/11/05 - 12:52:44 | 任务进度轮询开始 
[SYS] 2025/11/05 - 12:52:44 | 任务进度轮询完成 
[SYS] 2025/11/05 - 12:52:59 | 任务进度轮询开始 
[SYS] 2025/11/05 - 12:52:59 | 任务进度轮询完成 
[SYS] 2025/11/05 - 12:53:14 | 任务进度轮询开始 
[SYS] 2025/11/05 - 12:53:14 | 任务进度轮询完成 
[SYS] 2025/11/05 - 12:53:29 | syncing options from database 
[SYS] 2025/11/05 - 12:53:29 | 任务进度轮询开始 
[SYS] 2025/11/05 - 12:53:29 | 任务进度轮询完成 
[SYS] 2025/11/05 - 12:53:44 | 任务进度轮询开始 
[SYS] 2025/11/05 - 12:53:44 | 任务进度轮询完成 
[SYS] 2025/11/05 - 12:53:59 | 任务进度轮询开始 
[SYS] 2025/11/05 - 12:53:59 | 任务进度轮询完成 
[SYS] 2025/11/05 - 12:54:14 | 任务进度轮询开始 
[SYS] 2025/11/05 - 12:54:14 | 任务进度轮询完成 
[SYS] 2025/11/05 - 12:54:29 | 正在更新数据看板数据... 
[SYS] 2025/11/05 - 12:54:29 | 保存数据看板数据成功，共保存0条数据 
[SYS] 2025/11/05 - 12:54:29 | syncing options from database 
[SYS] 2025/11/05 - 12:54:29 | 任务进度轮询开始 
[SYS] 2025/11/05 - 12:54:29 | 任务进度轮询完成 
[SYS] 2025/11/05 - 12:54:44 | 任务进度轮询开始 
[SYS] 2025/11/05 - 12:54:44 | 任务进度轮询完成 
[SYS] 2025/11/05 - 12:54:59 | 任务进度轮询开始 
[SYS] 2025/11/05 - 12:54:59 | 任务进度轮询完成 
[SYS] 2025/11/05 - 12:55:14 | 任务进度轮询开始 
[SYS] 2025/11/05 - 12:55:14 | 任务进度轮询完成 
[SYS] 2025/11/05 - 12:55:29 | syncing options from database 
[SYS] 2025/11/05 - 12:55:29 | 任务进度轮询开始 
[SYS] 2025/11/05 - 12:55:29 | 任务进度轮询完成 
[SYS] 2025/11/05 - 12:55:44 | 任务进度轮询开始 
[SYS] 2025/11/05 - 12:55:44 | 任务进度轮询完成 
[SYS] 2025/11/05 - 12:55:59 | 任务进度轮询开始 
[SYS] 2025/11/05 - 12:55:59 | 任务进度轮询完成 
[SYS] 2025/11/05 - 12:56:14 | 任务进度轮询开始 
[SYS] 2025/11/05 - 12:56:14 | 任务进度轮询完成 
[SYS] 2025/11/05 - 12:56:29 | syncing options from database 
[SYS] 2025/11/05 - 12:56:29 | 任务进度轮询开始 
[SYS] 2025/11/05 - 12:56:29 | 任务进度轮询完成 
[SYS] 2025/11/05 - 12:56:44 | 任务进度轮询开始 
[SYS] 2025/11/05 - 12:56:44 | 任务进度轮询完成 
[SYS] 2025/11/05 - 12:56:59 | 任务进度轮询开始 
[SYS] 2025/11/05 - 12:56:59 | 任务进度轮询完成 
[SYS] 2025/11/05 - 12:57:14 | 任务进度轮询开始 
[SYS] 2025/11/05 - 12:57:14 | 任务进度轮询完成 
[SYS] 2025/11/05 - 12:57:29 | syncing options from database 
[SYS] 2025/11/05 - 12:57:29 | 任务进度轮询开始 
[SYS] 2025/11/05 - 12:57:29 | 任务进度轮询完成 
[SYS] 2025/11/05 - 12:57:44 | 任务进度轮询开始 
[SYS] 2025/11/05 - 12:57:44 | 任务进度轮询完成 
[SYS] 2025/11/05 - 12:57:59 | 任务进度轮询开始 
[SYS] 2025/11/05 - 12:57:59 | 任务进度轮询完成 
[SYS] 2025/11/05 - 12:58:14 | 任务进度轮询开始 
[SYS] 2025/11/05 - 12:58:15 | 任务进度轮询完成 
[SYS] 2025/11/05 - 12:58:29 | syncing options from database 
[SYS] 2025/11/05 - 12:58:30 | 任务进度轮询开始 
[SYS] 2025/11/05 - 12:58:30 | 任务进度轮询完成 
[SYS] 2025/11/05 - 12:58:45 | 任务进度轮询开始 
[SYS] 2025/11/05 - 12:58:45 | 任务进度轮询完成 
[SYS] 2025/11/05 - 12:59:00 | 任务进度轮询开始 
[SYS] 2025/11/05 - 12:59:00 | 任务进度轮询完成 
[SYS] 2025/11/05 - 12:59:15 | 任务进度轮询开始 
[SYS] 2025/11/05 - 12:59:15 | 任务进度轮询完成 
[SYS] 2025/11/05 - 12:59:29 | 正在更新数据看板数据... 
[SYS] 2025/11/05 - 12:59:29 | 保存数据看板数据成功，共保存0条数据 
[SYS] 2025/11/05 - 12:59:29 | syncing options from database 
[SYS] 2025/11/05 - 12:59:30 | 任务进度轮询开始 
[SYS] 2025/11/05 - 12:59:30 | 任务进度轮询完成 
[SYS] 2025/11/05 - 12:59:45 | 任务进度轮询开始 
[SYS] 2025/11/05 - 12:59:45 | 任务进度轮询完成 
[SYS] 2025/11/05 - 13:00:00 | 任务进度轮询开始 
[SYS] 2025/11/05 - 13:00:00 | 任务进度轮询完成 
[SYS] 2025/11/05 - 13:00:15 | 任务进度轮询开始 
[SYS] 2025/11/05 - 13:00:15 | 任务进度轮询完成 
[SYS] 2025/11/05 - 13:00:29 | syncing options from database 
[SYS] 2025/11/05 - 13:00:30 | 任务进度轮询开始 
[SYS] 2025/11/05 - 13:00:30 | 任务进度轮询完成 
[SYS] 2025/11/05 - 13:00:45 | 任务进度轮询开始 
[SYS] 2025/11/05 - 13:00:45 | 任务进度轮询完成 
[SYS] 2025/11/05 - 13:01:00 | 任务进度轮询开始 
[SYS] 2025/11/05 - 13:01:00 | 任务进度轮询完成 
[SYS] 2025/11/05 - 13:01:15 | 任务进度轮询开始 
[SYS] 2025/11/05 - 13:01:15 | 任务进度轮询完成 
[SYS] 2025/11/05 - 13:01:29 | syncing options from database 
[SYS] 2025/11/05 - 13:01:30 | 任务进度轮询开始 
[SYS] 2025/11/05 - 13:01:30 | 任务进度轮询完成 
[SYS] 2025/11/05 - 13:01:45 | 任务进度轮询开始 
[SYS] 2025/11/05 - 13:01:45 | 任务进度轮询完成 
[SYS] 2025/11/05 - 13:02:00 | 任务进度轮询开始 
[SYS] 2025/11/05 - 13:02:00 | 任务进度轮询完成 
[SYS] 2025/11/05 - 13:02:15 | 任务进度轮询开始 
[SYS] 2025/11/05 - 13:02:15 | 任务进度轮询完成 
[SYS] 2025/11/05 - 13:02:29 | syncing options from database 
[SYS] 2025/11/05 - 13:02:30 | 任务进度轮询开始 
[SYS] 2025/11/05 - 13:02:30 | 任务进度轮询完成 
[SYS] 2025/11/05 - 13:02:45 | 任务进度轮询开始 
[SYS] 2025/11/05 - 13:02:45 | 任务进度轮询完成 
[SYS] 2025/11/05 - 13:03:00 | 任务进度轮询开始 
[SYS] 2025/11/05 - 13:03:00 | 任务进度轮询完成 
[SYS] 2025/11/05 - 13:03:15 | 任务进度轮询开始 
[SYS] 2025/11/05 - 13:03:15 | 任务进度轮询完成 
[SYS] 2025/11/05 - 13:03:29 | syncing options from database 
[SYS] 2025/11/05 - 13:03:30 | 任务进度轮询开始 
[SYS] 2025/11/05 - 13:03:30 | 任务进度轮询完成 
[SYS] 2025/11/05 - 13:03:45 | 任务进度轮询开始 
[SYS] 2025/11/05 - 13:03:45 | 任务进度轮询完成 
[SYS] 2025/11/05 - 13:04:00 | 任务进度轮询开始 
[SYS] 2025/11/05 - 13:04:00 | 任务进度轮询完成 
[SYS] 2025/11/05 - 13:04:15 | 任务进度轮询开始 
[SYS] 2025/11/05 - 13:04:15 | 任务进度轮询完成 
[SYS] 2025/11/05 - 13:04:29 | 正在更新数据看板数据... 
[SYS] 2025/11/05 - 13:04:29 | 保存数据看板数据成功，共保存0条数据 
[SYS] 2025/11/05 - 13:04:29 | syncing options from database 
[SYS] 2025/11/05 - 13:04:30 | 任务进度轮询开始 
[SYS] 2025/11/05 - 13:04:30 | 任务进度轮询完成 
[SYS] 2025/11/05 - 13:04:45 | 任务进度轮询开始 
[SYS] 2025/11/05 - 13:04:45 | 任务进度轮询完成 
[SYS] 2025/11/05 - 13:05:00 | 任务进度轮询开始 
[SYS] 2025/11/05 - 13:05:00 | 任务进度轮询完成 
[SYS] 2025/11/05 - 13:05:15 | 任务进度轮询开始 
[SYS] 2025/11/05 - 13:05:15 | 任务进度轮询完成 
[SYS] 2025/11/05 - 13:05:29 | syncing options from database 
[SYS] 2025/11/05 - 13:05:30 | 任务进度轮询开始 
[SYS] 2025/11/05 - 13:05:30 | 任务进度轮询完成 
[SYS] 2025/11/05 - 13:05:45 | 任务进度轮询开始 
[SYS] 2025/11/05 - 13:05:45 | 任务进度轮询完成 
[SYS] 2025/11/05 - 13:06:00 | 任务进度轮询开始 
[SYS] 2025/11/05 - 13:06:00 | 任务进度轮询完成 
[SYS] 2025/11/05 - 13:06:15 | 任务进度轮询开始 
[SYS] 2025/11/05 - 13:06:15 | 任务进度轮询完成 
[SYS] 2025/11/05 - 13:06:29 | syncing options from database 
[SYS] 2025/11/05 - 13:06:30 | 任务进度轮询开始 
[SYS] 2025/11/05 - 13:06:30 | 任务进度轮询完成 
[SYS] 2025/11/05 - 13:06:45 | 任务进度轮询开始 
[SYS] 2025/11/05 - 13:06:45 | 任务进度轮询完成 
[SYS] 2025/11/05 - 13:07:00 | 任务进度轮询开始 
[SYS] 2025/11/05 - 13:07:00 | 任务进度轮询完成 
[SYS] 2025/11/05 - 13:07:15 | 任务进度轮询开始 
[SYS] 2025/11/05 - 13:07:15 | 任务进度轮询完成 
[SYS] 2025/11/05 - 13:07:29 | syncing options from database 
[SYS] 2025/11/05 - 13:07:30 | 任务进度轮询开始 
[SYS] 2025/11/05 - 13:07:30 | 任务进度轮询完成 
[SYS] 2025/11/05 - 13:07:45 | 任务进度轮询开始 
[SYS] 2025/11/05 - 13:07:45 | 任务进度轮询完成 
[SYS] 2025/11/05 - 13:08:00 | 任务进度轮询开始 
[SYS] 2025/11/05 - 13:08:00 | 任务进度轮询完成 
[SYS] 2025/11/05 - 13:08:15 | 任务进度轮询开始 
[SYS] 2025/11/05 - 13:08:15 | 任务进度轮询完成 
[SYS] 2025/11/05 - 13:08:29 | syncing options from database 
[SYS] 2025/11/05 - 13:08:30 | 任务进度轮询开始 
[SYS] 2025/11/05 - 13:08:30 | 任务进度轮询完成 
[SYS] 2025/11/05 - 13:08:45 | 任务进度轮询开始 
[SYS] 2025/11/05 - 13:08:45 | 任务进度轮询完成 
[SYS] 2025/11/05 - 13:09:00 | 任务进度轮询开始 
[SYS] 2025/11/05 - 13:09:00 | 任务进度轮询完成 
[SYS] 2025/11/05 - 13:09:15 | 任务进度轮询开始 
[SYS] 2025/11/05 - 13:09:15 | 任务进度轮询完成 
[SYS] 2025/11/05 - 13:09:29 | 正在更新数据看板数据... 
[SYS] 2025/11/05 - 13:09:29 | 保存数据看板数据成功，共保存0条数据 
[SYS] 2025/11/05 - 13:09:29 | syncing options from database 
[SYS] 2025/11/05 - 13:09:30 | 任务进度轮询开始 
[SYS] 2025/11/05 - 13:09:30 | 任务进度轮询完成 
[SYS] 2025/11/05 - 13:09:45 | 任务进度轮询开始 
[SYS] 2025/11/05 - 13:09:45 | 任务进度轮询完成 
[SYS] 2025/11/05 - 13:10:00 | 任务进度轮询开始 
[SYS] 2025/11/05 - 13:10:00 | 任务进度轮询完成 
[SYS] 2025/11/05 - 13:10:15 | 任务进度轮询开始 
[SYS] 2025/11/05 - 13:10:15 | 任务进度轮询完成 
[SYS] 2025/11/05 - 13:10:29 | syncing options from database 
[SYS] 2025/11/05 - 13:10:30 | 任务进度轮询开始 
[SYS] 2025/11/05 - 13:10:30 | 任务进度轮询完成 
[SYS] 2025/11/05 - 13:10:45 | 任务进度轮询开始 
[SYS] 2025/11/05 - 13:10:45 | 任务进度轮询完成 
[SYS] 2025/11/05 - 13:11:00 | 任务进度轮询开始 
[SYS] 2025/11/05 - 13:11:00 | 任务进度轮询完成 
[SYS] 2025/11/05 - 13:11:15 | 任务进度轮询开始 
[SYS] 2025/11/05 - 13:11:15 | 任务进度轮询完成 
[SYS] 2025/11/05 - 13:11:29 | syncing options from database 
[SYS] 2025/11/05 - 13:11:30 | 任务进度轮询开始 
[SYS] 2025/11/05 - 13:11:30 | 任务进度轮询完成 
[SYS] 2025/11/05 - 13:11:45 | 任务进度轮询开始 
[SYS] 2025/11/05 - 13:11:45 | 任务进度轮询完成 
[SYS] 2025/11/05 - 13:12:00 | 任务进度轮询开始 
[SYS] 2025/11/05 - 13:12:00 | 任务进度轮询完成 
[SYS] 2025/11/05 - 13:12:15 | 任务进度轮询开始 
[SYS] 2025/11/05 - 13:12:15 | 任务进度轮询完成 
[SYS] 2025/11/05 - 13:12:29 | syncing options from database 
[SYS] 2025/11/05 - 13:12:30 | 任务进度轮询开始 
[SYS] 2025/11/05 - 13:12:30 | 任务进度轮询完成 
[SYS] 2025/11/05 - 13:12:45 | 任务进度轮询开始 
[SYS] 2025/11/05 - 13:12:45 | 任务进度轮询完成 
[SYS] 2025/11/05 - 13:13:00 | 任务进度轮询开始 
[SYS] 2025/11/05 - 13:13:00 | 任务进度轮询完成 
[SYS] 2025/11/05 - 13:13:15 | 任务进度轮询开始 
[SYS] 2025/11/05 - 13:13:15 | 任务进度轮询完成 
[SYS] 2025/11/05 - 13:13:29 | syncing options from database 
[SYS] 2025/11/05 - 13:13:30 | 任务进度轮询开始 
[SYS] 2025/11/05 - 13:13:30 | 任务进度轮询完成 
[SYS] 2025/11/05 - 13:13:45 | 任务进度轮询开始 
[SYS] 2025/11/05 - 13:13:45 | 任务进度轮询完成 
[SYS] 2025/11/05 - 13:14:00 | 任务进度轮询开始 
[SYS] 2025/11/05 - 13:14:00 | 任务进度轮询完成 
[SYS] 2025/11/05 - 13:14:15 | 任务进度轮询开始 
[SYS] 2025/11/05 - 13:14:15 | 任务进度轮询完成 
[SYS] 2025/11/05 - 13:14:29 | 正在更新数据看板数据... 
[SYS] 2025/11/05 - 13:14:29 | 保存数据看板数据成功，共保存0条数据 
[SYS] 2025/11/05 - 13:14:29 | syncing options from database 
[SYS] 2025/11/05 - 13:14:30 | 任务进度轮询开始 
[SYS] 2025/11/05 - 13:14:30 | 任务进度轮询完成 
[SYS] 2025/11/05 - 13:14:45 | 任务进度轮询开始 
[SYS] 2025/11/05 - 13:14:45 | 任务进度轮询完成 
[SYS] 2025/11/05 - 13:15:00 | 任务进度轮询开始 
[SYS] 2025/11/05 - 13:15:00 | 任务进度轮询完成 
[SYS] 2025/11/05 - 13:15:15 | 任务进度轮询开始 
[SYS] 2025/11/05 - 13:15:15 | 任务进度轮询完成 
[SYS] 2025/11/05 - 13:15:29 | syncing options from database 
[SYS] 2025/11/05 - 13:15:30 | 任务进度轮询开始 
[SYS] 2025/11/05 - 13:15:30 | 任务进度轮询完成 
[SYS] 2025/11/05 - 13:15:45 | 任务进度轮询开始 
[SYS] 2025/11/05 - 13:15:45 | 任务进度轮询完成 
[SYS] 2025/11/05 - 13:16:00 | 任务进度轮询开始 
[SYS] 2025/11/05 - 13:16:00 | 任务进度轮询完成 
[SYS] 2025/11/05 - 13:16:15 | 任务进度轮询开始 
[SYS] 2025/11/05 - 13:16:15 | 任务进度轮询完成 
[SYS] 2025/11/05 - 13:16:29 | syncing options from database 
[SYS] 2025/11/05 - 13:16:30 | 任务进度轮询开始 
[SYS] 2025/11/05 - 13:16:30 | 任务进度轮询完成 
[SYS] 2025/11/05 - 13:16:45 | 任务进度轮询开始 
[SYS] 2025/11/05 - 13:16:45 | 任务进度轮询完成 
[SYS] 2025/11/05 - 13:17:00 | 任务进度轮询开始 
[SYS] 2025/11/05 - 13:17:00 | 任务进度轮询完成 
[SYS] 2025/11/05 - 13:17:15 | 任务进度轮询开始 
[SYS] 2025/11/05 - 13:17:15 | 任务进度轮询完成 
[SYS] 2025/11/05 - 13:17:29 | syncing options from database 
[SYS] 2025/11/05 - 13:17:30 | 任务进度轮询开始 
[SYS] 2025/11/05 - 13:17:30 | 任务进度轮询完成 
[SYS] 2025/11/05 - 13:17:45 | 任务进度轮询开始 
[SYS] 2025/11/05 - 13:17:45 | 任务进度轮询完成 
[SYS] 2025/11/05 - 13:18:00 | 任务进度轮询开始 
[SYS] 2025/11/05 - 13:18:00 | 任务进度轮询完成 
[SYS] 2025/11/05 - 13:18:15 | 任务进度轮询开始 
[SYS] 2025/11/05 - 13:18:15 | 任务进度轮询完成 
[SYS] 2025/11/05 - 13:18:29 | syncing options from database 
[SYS] 2025/11/05 - 13:18:30 | 任务进度轮询开始 
[SYS] 2025/11/05 - 13:18:30 | 任务进度轮询完成 
[SYS] 2025/11/05 - 13:18:45 | 任务进度轮询开始 
[SYS] 2025/11/05 - 13:18:45 | 任务进度轮询完成 
[SYS] 2025/11/05 - 13:19:00 | 任务进度轮询开始 
[SYS] 2025/11/05 - 13:19:00 | 任务进度轮询完成 
[SYS] 2025/11/05 - 13:19:15 | 任务进度轮询开始 
[SYS] 2025/11/05 - 13:19:15 | 任务进度轮询完成 
[SYS] 2025/11/05 - 13:19:29 | 正在更新数据看板数据... 
[SYS] 2025/11/05 - 13:19:29 | 保存数据看板数据成功，共保存0条数据 
[SYS] 2025/11/05 - 13:19:29 | syncing options from database 
[SYS] 2025/11/05 - 13:19:30 | 任务进度轮询开始 
[SYS] 2025/11/05 - 13:19:30 | 任务进度轮询完成 
[SYS] 2025/11/05 - 13:19:45 | 任务进度轮询开始 
[SYS] 2025/11/05 - 13:19:45 | 任务进度轮询完成 
[SYS] 2025/11/05 - 13:20:00 | 任务进度轮询开始 
[SYS] 2025/11/05 - 13:20:00 | 任务进度轮询完成 
[SYS] 2025/11/05 - 13:20:15 | 任务进度轮询开始 
[SYS] 2025/11/05 - 13:20:15 | 任务进度轮询完成 
[SYS] 2025/11/05 - 13:20:29 | syncing options from database 
[SYS] 2025/11/05 - 13:20:30 | 任务进度轮询开始 
[SYS] 2025/11/05 - 13:20:30 | 任务进度轮询完成 
[SYS] 2025/11/05 - 13:20:45 | 任务进度轮询开始 
[SYS] 2025/11/05 - 13:20:45 | 任务进度轮询完成 
[SYS] 2025/11/05 - 13:21:00 | 任务进度轮询开始 
[SYS] 2025/11/05 - 13:21:00 | 任务进度轮询完成 
[SYS] 2025/11/05 - 13:21:15 | 任务进度轮询开始 
[SYS] 2025/11/05 - 13:21:15 | 任务进度轮询完成 
[SYS] 2025/11/05 - 13:21:29 | syncing options from database 
[SYS] 2025/11/05 - 13:21:30 | 任务进度轮询开始 
[SYS] 2025/11/05 - 13:21:30 | 任务进度轮询完成 
[SYS] 2025/11/05 - 13:21:45 | 任务进度轮询开始 
[SYS] 2025/11/05 - 13:21:45 | 任务进度轮询完成 
[SYS] 2025/11/05 - 13:22:00 | 任务进度轮询开始 
[SYS] 2025/11/05 - 13:22:00 | 任务进度轮询完成 
[SYS] 2025/11/05 - 13:22:15 | 任务进度轮询开始 
[SYS] 2025/11/05 - 13:22:15 | 任务进度轮询完成 
[SYS] 2025/11/05 - 13:22:29 | syncing options from database 
[SYS] 2025/11/05 - 13:22:30 | 任务进度轮询开始 
[SYS] 2025/11/05 - 13:22:30 | 任务进度轮询完成 
[SYS] 2025/11/05 - 13:22:45 | 任务进度轮询开始 
[SYS] 2025/11/05 - 13:22:45 | 任务进度轮询完成 
[SYS] 2025/11/05 - 13:23:00 | 任务进度轮询开始 
[SYS] 2025/11/05 - 13:23:00 | 任务进度轮询完成 
[SYS] 2025/11/05 - 13:23:15 | 任务进度轮询开始 
[SYS] 2025/11/05 - 13:23:15 | 任务进度轮询完成 
[SYS] 2025/11/05 - 13:23:29 | syncing options from database 
[SYS] 2025/11/05 - 13:23:30 | 任务进度轮询开始 
[SYS] 2025/11/05 - 13:23:30 | 任务进度轮询完成 
[SYS] 2025/11/05 - 13:23:45 | 任务进度轮询开始 
[SYS] 2025/11/05 - 13:23:45 | 任务进度轮询完成 
[SYS] 2025/11/05 - 13:24:00 | 任务进度轮询开始 
[SYS] 2025/11/05 - 13:24:00 | 任务进度轮询完成 
[SYS] 2025/11/05 - 13:24:15 | 任务进度轮询开始 
[SYS] 2025/11/05 - 13:24:15 | 任务进度轮询完成 
[SYS] 2025/11/05 - 13:24:29 | 正在更新数据看板数据... 
[SYS] 2025/11/05 - 13:24:29 | 保存数据看板数据成功，共保存0条数据 
[SYS] 2025/11/05 - 13:24:29 | syncing options from database 
[SYS] 2025/11/05 - 13:24:30 | 任务进度轮询开始 
[SYS] 2025/11/05 - 13:24:30 | 任务进度轮询完成 
[SYS] 2025/11/05 - 13:24:45 | 任务进度轮询开始 
[SYS] 2025/11/05 - 13:24:45 | 任务进度轮询完成 
[SYS] 2025/11/05 - 13:25:00 | 任务进度轮询开始 
[SYS] 2025/11/05 - 13:25:00 | 任务进度轮询完成 
[SYS] 2025/11/05 - 13:25:15 | 任务进度轮询开始 
[SYS] 2025/11/05 - 13:25:15 | 任务进度轮询完成 
[SYS] 2025/11/05 - 13:25:29 | syncing options from database 
[SYS] 2025/11/05 - 13:25:30 | 任务进度轮询开始 
[SYS] 2025/11/05 - 13:25:30 | 任务进度轮询完成 
[SYS] 2025/11/05 - 13:25:45 | 任务进度轮询开始 
[SYS] 2025/11/05 - 13:25:45 | 任务进度轮询完成 
[SYS] 2025/11/05 - 13:26:00 | 任务进度轮询开始 
[SYS] 2025/11/05 - 13:26:00 | 任务进度轮询完成 
[SYS] 2025/11/05 - 13:26:15 | 任务进度轮询开始 
[SYS] 2025/11/05 - 13:26:15 | 任务进度轮询完成 
[SYS] 2025/11/05 - 13:26:29 | syncing options from database 
[SYS] 2025/11/05 - 13:26:30 | 任务进度轮询开始 
[SYS] 2025/11/05 - 13:26:30 | 任务进度轮询完成 
[SYS] 2025/11/05 - 13:26:45 | 任务进度轮询开始 
[SYS] 2025/11/05 - 13:26:45 | 任务进度轮询完成 
[SYS] 2025/11/05 - 13:27:00 | 任务进度轮询开始 
[SYS] 2025/11/05 - 13:27:00 | 任务进度轮询完成 
[SYS] 2025/11/05 - 13:27:15 | 任务进度轮询开始 
[SYS] 2025/11/05 - 13:27:15 | 任务进度轮询完成 
[SYS] 2025/11/05 - 13:27:29 | syncing options from database 
[SYS] 2025/11/05 - 13:27:30 | 任务进度轮询开始 
[SYS] 2025/11/05 - 13:27:30 | 任务进度轮询完成 
[SYS] 2025/11/05 - 13:27:45 | 任务进度轮询开始 
[SYS] 2025/11/05 - 13:27:45 | 任务进度轮询完成 
[SYS] 2025/11/05 - 13:28:00 | 任务进度轮询开始 
[SYS] 2025/11/05 - 13:28:00 | 任务进度轮询完成 
[SYS] 2025/11/05 - 13:28:15 | 任务进度轮询开始 
[SYS] 2025/11/05 - 13:28:15 | 任务进度轮询完成 
[SYS] 2025/11/05 - 13:28:29 | syncing options from database 
[SYS] 2025/11/05 - 13:28:30 | 任务进度轮询开始 
[SYS] 2025/11/05 - 13:28:30 | 任务进度轮询完成 
[SYS] 2025/11/05 - 13:28:45 | 任务进度轮询开始 
[SYS] 2025/11/05 - 13:28:45 | 任务进度轮询完成 
[SYS] 2025/11/05 - 13:29:00 | 任务进度轮询开始 
[SYS] 2025/11/05 - 13:29:00 | 任务进度轮询完成 
[SYS] 2025/11/05 - 13:29:15 | 任务进度轮询开始 
[SYS] 2025/11/05 - 13:29:15 | 任务进度轮询完成 
[SYS] 2025/11/05 - 13:29:29 | 正在更新数据看板数据... 
[SYS] 2025/11/05 - 13:29:29 | 保存数据看板数据成功，共保存0条数据 
[SYS] 2025/11/05 - 13:29:29 | syncing options from database 
[SYS] 2025/11/05 - 13:29:30 | 任务进度轮询开始 
[SYS] 2025/11/05 - 13:29:30 | 任务进度轮询完成 
[SYS] 2025/11/05 - 13:29:45 | 任务进度轮询开始 
[SYS] 2025/11/05 - 13:29:45 | 任务进度轮询完成 
[SYS] 2025/11/05 - 13:30:00 | 任务进度轮询开始 
[SYS] 2025/11/05 - 13:30:00 | 任务进度轮询完成 
[SYS] 2025/11/05 - 13:30:15 | 任务进度轮询开始 
[SYS] 2025/11/05 - 13:30:15 | 任务进度轮询完成 
[SYS] 2025/11/05 - 13:30:29 | syncing options from database 
[SYS] 2025/11/05 - 13:30:30 | 任务进度轮询开始 
[SYS] 2025/11/05 - 13:30:30 | 任务进度轮询完成 
[SYS] 2025/11/05 - 13:30:45 | 任务进度轮询开始 
[SYS] 2025/11/05 - 13:30:45 | 任务进度轮询完成 
[SYS] 2025/11/05 - 13:31:00 | 任务进度轮询开始 
[SYS] 2025/11/05 - 13:31:00 | 任务进度轮询完成 
[SYS] 2025/11/05 - 13:31:15 | 任务进度轮询开始 
[SYS] 2025/11/05 - 13:31:15 | 任务进度轮询完成 
[SYS] 2025/11/05 - 13:31:29 | syncing options from database 
[SYS] 2025/11/05 - 13:31:30 | 任务进度轮询开始 
[SYS] 2025/11/05 - 13:31:30 | 任务进度轮询完成 
[SYS] 2025/11/05 - 13:31:45 | 任务进度轮询开始 
[SYS] 2025/11/05 - 13:31:45 | 任务进度轮询完成 
[SYS] 2025/11/05 - 13:32:00 | 任务进度轮询开始 
[SYS] 2025/11/05 - 13:32:00 | 任务进度轮询完成 
[SYS] 2025/11/05 - 13:32:15 | 任务进度轮询开始 
[SYS] 2025/11/05 - 13:32:15 | 任务进度轮询完成 
[SYS] 2025/11/05 - 13:32:29 | syncing options from database 
[SYS] 2025/11/05 - 13:32:30 | 任务进度轮询开始 
[SYS] 2025/11/05 - 13:32:30 | 任务进度轮询完成 
[SYS] 2025/11/05 - 13:32:45 | 任务进度轮询开始 
[SYS] 2025/11/05 - 13:32:45 | 任务进度轮询完成 
[SYS] 2025/11/05 - 13:33:00 | 任务进度轮询开始 
[SYS] 2025/11/05 - 13:33:00 | 任务进度轮询完成 
[SYS] 2025/11/05 - 13:33:15 | 任务进度轮询开始 
[SYS] 2025/11/05 - 13:33:15 | 任务进度轮询完成 
[SYS] 2025/11/05 - 13:33:29 | syncing options from database 
[SYS] 2025/11/05 - 13:33:30 | 任务进度轮询开始 
[SYS] 2025/11/05 - 13:33:30 | 任务进度轮询完成 
[SYS] 2025/11/05 - 13:33:45 | 任务进度轮询开始 
[SYS] 2025/11/05 - 13:33:45 | 任务进度轮询完成 
[SYS] 2025/11/05 - 13:34:00 | 任务进度轮询开始 
[SYS] 2025/11/05 - 13:34:00 | 任务进度轮询完成 
[SYS] 2025/11/05 - 13:34:15 | 任务进度轮询开始 
[SYS] 2025/11/05 - 13:34:15 | 任务进度轮询完成 
[SYS] 2025/11/05 - 13:34:29 | 正在更新数据看板数据... 
[SYS] 2025/11/05 - 13:34:29 | 保存数据看板数据成功，共保存0条数据 
[SYS] 2025/11/05 - 13:34:29 | syncing options from database 
[SYS] 2025/11/05 - 13:34:30 | 任务进度轮询开始 
[SYS] 2025/11/05 - 13:34:30 | 任务进度轮询完成 
[GIN] 2025/11/05 - 13:34:33 | 20251105133433283354000cbmyiHJ1 | 200 |     973.583µs |             ::1 |     GET /api/log/?p=1&page_size=10&type=0&username=&token_name=&model_name=&start_timestamp=1762272000&end_timestamp=1762324473&channel=&group=
[GIN] 2025/11/05 - 13:34:33 | 20251105133433294561000HawtsmiP | 200 |     859.125µs |             ::1 |     GET /api/log/stat?type=0&username=&token_name=&model_name=&start_timestamp=1762272000&end_timestamp=1762324473&channel=&group=
[SYS] 2025/11/05 - 13:34:45 | 任务进度轮询开始 
[SYS] 2025/11/05 - 13:34:45 | 任务进度轮询完成 
[SYS] 2025/11/05 - 13:35:00 | 任务进度轮询开始 
[SYS] 2025/11/05 - 13:35:00 | 任务进度轮询完成 
[SYS] 2025/11/05 - 13:35:15 | 任务进度轮询开始 
[SYS] 2025/11/05 - 13:35:15 | 任务进度轮询完成 
[SYS] 2025/11/05 - 13:35:29 | syncing options from database 
[SYS] 2025/11/05 - 13:35:30 | 任务进度轮询开始 
[SYS] 2025/11/05 - 13:35:30 | 任务进度轮询完成 
[SYS] 2025/11/05 - 13:35:45 | 任务进度轮询开始 
[SYS] 2025/11/05 - 13:35:45 | 任务进度轮询完成 
[SYS] 2025/11/05 - 13:36:00 | 任务进度轮询开始 
[SYS] 2025/11/05 - 13:36:00 | 任务进度轮询完成 
[SYS] 2025/11/05 - 13:36:15 | 任务进度轮询开始 
[SYS] 2025/11/05 - 13:36:15 | 任务进度轮询完成 
[SYS] 2025/11/05 - 13:36:29 | syncing options from database 
[SYS] 2025/11/05 - 13:36:30 | 任务进度轮询开始 
[SYS] 2025/11/05 - 13:36:30 | 任务进度轮询完成 
[SYS] 2025/11/05 - 13:36:45 | 任务进度轮询开始 
[SYS] 2025/11/05 - 13:36:45 | 任务进度轮询完成 
[SYS] 2025/11/05 - 13:37:00 | 任务进度轮询开始 
[SYS] 2025/11/05 - 13:37:00 | 任务进度轮询完成 
[SYS] 2025/11/05 - 13:37:15 | 任务进度轮询开始 
[SYS] 2025/11/05 - 13:37:15 | 任务进度轮询完成 
[SYS] 2025/11/05 - 13:37:29 | syncing options from database 
[SYS] 2025/11/05 - 13:37:30 | 任务进度轮询开始 
[SYS] 2025/11/05 - 13:37:30 | 任务进度轮询完成 
[SYS] 2025/11/05 - 13:37:45 | 任务进度轮询开始 
[SYS] 2025/11/05 - 13:37:45 | 任务进度轮询完成 
[SYS] 2025/11/05 - 13:38:00 | 任务进度轮询开始 
[SYS] 2025/11/05 - 13:38:00 | 任务进度轮询完成 
[SYS] 2025/11/05 - 13:38:15 | 任务进度轮询开始 
[SYS] 2025/11/05 - 13:38:15 | 任务进度轮询完成 
[SYS] 2025/11/05 - 13:38:29 | syncing options from database 
[SYS] 2025/11/05 - 13:38:30 | 任务进度轮询开始 
[SYS] 2025/11/05 - 13:38:30 | 任务进度轮询完成 
[SYS] 2025/11/05 - 13:38:45 | 任务进度轮询开始 
[SYS] 2025/11/05 - 13:38:45 | 任务进度轮询完成 
[SYS] 2025/11/05 - 13:39:00 | 任务进度轮询开始 
[SYS] 2025/11/05 - 13:39:00 | 任务进度轮询完成 
[SYS] 2025/11/05 - 13:39:15 | 任务进度轮询开始 
[SYS] 2025/11/05 - 13:39:15 | 任务进度轮询完成 
[SYS] 2025/11/05 - 13:39:29 | 正在更新数据看板数据... 
[SYS] 2025/11/05 - 13:39:29 | 保存数据看板数据成功，共保存0条数据 
[SYS] 2025/11/05 - 13:39:29 | syncing options from database 
[SYS] 2025/11/05 - 13:39:30 | 任务进度轮询开始 
[SYS] 2025/11/05 - 13:39:30 | 任务进度轮询完成 
[SYS] 2025/11/05 - 13:39:45 | 任务进度轮询开始 
[SYS] 2025/11/05 - 13:39:45 | 任务进度轮询完成 
[SYS] 2025/11/05 - 13:40:00 | 任务进度轮询开始 
[SYS] 2025/11/05 - 13:40:00 | 任务进度轮询完成 
[SYS] 2025/11/05 - 13:40:15 | 任务进度轮询开始 
[SYS] 2025/11/05 - 13:40:15 | 任务进度轮询完成 
[SYS] 2025/11/05 - 13:40:29 | syncing options from database 
[SYS] 2025/11/05 - 13:40:30 | 任务进度轮询开始 
[SYS] 2025/11/05 - 13:40:30 | 任务进度轮询完成 
[SYS] 2025/11/05 - 13:40:45 | 任务进度轮询开始 
[SYS] 2025/11/05 - 13:40:45 | 任务进度轮询完成 
[GIN] 2025/11/05 - 13:40:56 | 20251105134056669868000G4SBp06W | 204 |      28.542µs |             ::1 | OPTIONS /v1/models
[GIN] 2025/11/05 - 13:40:56 | 20251105134056670357000vzU4Dr1h | 200 |    4.303208ms |             ::1 |     GET /v1/models
[SYS] 2025/11/05 - 13:41:00 | 任务进度轮询开始 
[SYS] 2025/11/05 - 13:41:00 | 任务进度轮询完成 
[SYS] 2025/11/05 - 13:41:15 | 任务进度轮询开始 
[SYS] 2025/11/05 - 13:41:15 | 任务进度轮询完成 
[SYS] 2025/11/05 - 13:41:29 | syncing options from database 
[SYS] 2025/11/05 - 13:41:30 | 任务进度轮询开始 
[SYS] 2025/11/05 - 13:41:30 | 任务进度轮询完成 
[SYS] 2025/11/05 - 13:41:45 | 任务进度轮询开始 
[SYS] 2025/11/05 - 13:41:45 | 任务进度轮询完成 
[SYS] 2025/11/05 - 13:42:00 | 任务进度轮询开始 
[SYS] 2025/11/05 - 13:42:00 | 任务进度轮询完成 
[SYS] 2025/11/05 - 13:42:15 | 任务进度轮询开始 
[SYS] 2025/11/05 - 13:42:15 | 任务进度轮询完成 
[SYS] 2025/11/05 - 13:42:29 | syncing options from database 
[SYS] 2025/11/05 - 13:42:30 | 任务进度轮询开始 
[SYS] 2025/11/05 - 13:42:30 | 任务进度轮询完成 
[SYS] 2025/11/05 - 13:42:45 | 任务进度轮询开始 
[SYS] 2025/11/05 - 13:42:45 | 任务进度轮询完成 
[SYS] 2025/11/05 - 13:43:00 | 任务进度轮询开始 
[SYS] 2025/11/05 - 13:43:00 | 任务进度轮询完成 
[SYS] 2025/11/05 - 13:43:15 | 任务进度轮询开始 
[SYS] 2025/11/05 - 13:43:15 | 任务进度轮询完成 
[SYS] 2025/11/05 - 13:43:29 | syncing options from database 
[SYS] 2025/11/05 - 13:43:30 | 任务进度轮询开始 
[SYS] 2025/11/05 - 13:43:30 | 任务进度轮询完成 
[SYS] 2025/11/05 - 13:43:45 | 任务进度轮询开始 
[SYS] 2025/11/05 - 13:43:45 | 任务进度轮询完成 
[SYS] 2025/11/05 - 13:44:00 | 任务进度轮询开始 
[SYS] 2025/11/05 - 13:44:00 | 任务进度轮询完成 
[SYS] 2025/11/05 - 13:44:15 | 任务进度轮询开始 
[SYS] 2025/11/05 - 13:44:15 | 任务进度轮询完成 
[SYS] 2025/11/05 - 13:44:29 | 正在更新数据看板数据... 
[SYS] 2025/11/05 - 13:44:29 | 保存数据看板数据成功，共保存0条数据 
[SYS] 2025/11/05 - 13:44:29 | syncing options from database 
[SYS] 2025/11/05 - 13:44:30 | 任务进度轮询开始 
[SYS] 2025/11/05 - 13:44:30 | 任务进度轮询完成 
[SYS] 2025/11/05 - 13:44:45 | 任务进度轮询开始 
[SYS] 2025/11/05 - 13:44:45 | 任务进度轮询完成 
[SYS] 2025/11/05 - 13:45:00 | 任务进度轮询开始 
[SYS] 2025/11/05 - 13:45:00 | 任务进度轮询完成 
[SYS] 2025/11/05 - 13:45:15 | 任务进度轮询开始 
[SYS] 2025/11/05 - 13:45:15 | 任务进度轮询完成 
[SYS] 2025/11/05 - 13:45:29 | syncing options from database 
[SYS] 2025/11/05 - 13:45:30 | 任务进度轮询开始 
[SYS] 2025/11/05 - 13:45:30 | 任务进度轮询完成 
[SYS] 2025/11/05 - 13:45:45 | 任务进度轮询开始 
[SYS] 2025/11/05 - 13:45:45 | 任务进度轮询完成 
[SYS] 2025/11/05 - 13:46:00 | 任务进度轮询开始 
[SYS] 2025/11/05 - 13:46:00 | 任务进度轮询完成 
[SYS] 2025/11/05 - 13:46:15 | 任务进度轮询开始 
[SYS] 2025/11/05 - 13:46:15 | 任务进度轮询完成 
[SYS] 2025/11/05 - 13:46:29 | syncing options from database 
[SYS] 2025/11/05 - 13:46:30 | 任务进度轮询开始 
[SYS] 2025/11/05 - 13:46:30 | 任务进度轮询完成 
[SYS] 2025/11/05 - 13:46:45 | 任务进度轮询开始 
[SYS] 2025/11/05 - 13:46:45 | 任务进度轮询完成 
[SYS] 2025/11/05 - 13:47:00 | 任务进度轮询开始 
[SYS] 2025/11/05 - 13:47:00 | 任务进度轮询完成 
[SYS] 2025/11/05 - 13:47:15 | 任务进度轮询开始 
[SYS] 2025/11/05 - 13:47:15 | 任务进度轮询完成 
[SYS] 2025/11/05 - 13:47:29 | syncing options from database 
[SYS] 2025/11/05 - 13:47:30 | 任务进度轮询开始 
[SYS] 2025/11/05 - 13:47:30 | 任务进度轮询完成 
[SYS] 2025/11/05 - 13:47:45 | 任务进度轮询开始 
[SYS] 2025/11/05 - 13:47:45 | 任务进度轮询完成 
[SYS] 2025/11/05 - 13:48:00 | 任务进度轮询开始 
[SYS] 2025/11/05 - 13:48:00 | 任务进度轮询完成 
[SYS] 2025/11/05 - 13:48:15 | 任务进度轮询开始 
[SYS] 2025/11/05 - 13:48:15 | 任务进度轮询完成 
[SYS] 2025/11/05 - 13:48:29 | syncing options from database 
[SYS] 2025/11/05 - 13:48:30 | 任务进度轮询开始 
[SYS] 2025/11/05 - 13:48:30 | 任务进度轮询完成 
[SYS] 2025/11/05 - 13:48:45 | 任务进度轮询开始 
[SYS] 2025/11/05 - 13:48:45 | 任务进度轮询完成 
[SYS] 2025/11/05 - 13:49:00 | 任务进度轮询开始 
[SYS] 2025/11/05 - 13:49:00 | 任务进度轮询完成 
[SYS] 2025/11/05 - 13:49:15 | 任务进度轮询开始 
[SYS] 2025/11/05 - 13:49:15 | 任务进度轮询完成 
[SYS] 2025/11/05 - 13:49:29 | 正在更新数据看板数据... 
[SYS] 2025/11/05 - 13:49:29 | 保存数据看板数据成功，共保存0条数据 
[SYS] 2025/11/05 - 13:49:29 | syncing options from database 
[SYS] 2025/11/05 - 13:49:30 | 任务进度轮询开始 
[SYS] 2025/11/05 - 13:49:30 | 任务进度轮询完成 
[SYS] 2025/11/05 - 13:49:45 | 任务进度轮询开始 
[SYS] 2025/11/05 - 13:49:45 | 任务进度轮询完成 
[SYS] 2025/11/05 - 13:50:00 | 任务进度轮询开始 
[SYS] 2025/11/05 - 13:50:00 | 任务进度轮询完成 
[SYS] 2025/11/05 - 13:50:15 | 任务进度轮询开始 
[SYS] 2025/11/05 - 13:50:15 | 任务进度轮询完成 
[SYS] 2025/11/05 - 13:50:29 | syncing options from database 
[SYS] 2025/11/05 - 13:50:30 | 任务进度轮询开始 
[SYS] 2025/11/05 - 13:50:30 | 任务进度轮询完成 
[SYS] 2025/11/05 - 13:50:45 | 任务进度轮询开始 
[SYS] 2025/11/05 - 13:50:45 | 任务进度轮询完成 
[SYS] 2025/11/05 - 13:51:00 | 任务进度轮询开始 
[SYS] 2025/11/05 - 13:51:00 | 任务进度轮询完成 
[SYS] 2025/11/05 - 13:51:15 | 任务进度轮询开始 
[SYS] 2025/11/05 - 13:51:15 | 任务进度轮询完成 
[SYS] 2025/11/05 - 13:51:29 | syncing options from database 
[SYS] 2025/11/05 - 13:51:30 | 任务进度轮询开始 
[SYS] 2025/11/05 - 13:51:30 | 任务进度轮询完成 
[SYS] 2025/11/05 - 13:51:45 | 任务进度轮询开始 
[SYS] 2025/11/05 - 13:51:45 | 任务进度轮询完成 
[SYS] 2025/11/05 - 13:52:00 | 任务进度轮询开始 
[SYS] 2025/11/05 - 13:52:00 | 任务进度轮询完成 
[SYS] 2025/11/05 - 13:52:15 | 任务进度轮询开始 
[SYS] 2025/11/05 - 13:52:15 | 任务进度轮询完成 
[SYS] 2025/11/05 - 13:52:29 | syncing options from database 
[SYS] 2025/11/05 - 13:52:30 | 任务进度轮询开始 
[SYS] 2025/11/05 - 13:52:30 | 任务进度轮询完成 
[GIN] 2025/11/05 - 13:52:37 | 20251105135237211162000HEcFiqP0 | 200 |     318.833µs |             ::1 |     GET /api/group/
[GIN] 2025/11/05 - 13:52:37 | 20251105135237211308000yIwZjFje | 200 |    1.259416ms |             ::1 |     GET /api/models
[GIN] 2025/11/05 - 13:52:37 | 20251105135237210887000QuCRC7ne | 200 |     1.86025ms |             ::1 |     GET /api/channel/models
[GIN] 2025/11/05 - 13:52:37 | 202511051352372111330004ApEUS4Q | 200 |    5.223833ms |             ::1 |     GET /api/channel/?p=1&page_size=10&id_sort=false&tag_mode=false
[GIN] 2025/11/05 - 13:52:38 | 20251105135238686180000WHO0ZiiN | 200 |     148.625µs |             ::1 |     GET /api/group/
[GIN] 2025/11/05 - 13:52:38 | 20251105135238686127000YFJku9f9 | 200 |     797.834µs |             ::1 |     GET /api/channel/models
[GIN] 2025/11/05 - 13:52:38 | 20251105135238687513000Dknsfvqi | 200 |    2.844167ms |             ::1 |     GET /api/channel/1
[GIN] 2025/11/05 - 13:52:38 | 20251105135238707094000XIzTVCPK | 200 |     852.625µs |             ::1 |     GET /api/prefill_group/?type=model
[SYS] 2025/11/05 - 13:52:45 | 任务进度轮询开始 
[SYS] 2025/11/05 - 13:52:45 | 任务进度轮询完成 
[SYS] 2025/11/05 - 13:53:00 | 任务进度轮询开始 
[SYS] 2025/11/05 - 13:53:00 | 任务进度轮询完成 
[GIN] 2025/11/05 - 13:53:04 | 20251105135304489834000PT33RrbV | 200 |    1.412166ms |             ::1 |     GET /api/channel/1
[GIN] 2025/11/05 - 13:53:04 | 202511051353045004440006W4VEJIC | 200 |     619.125µs |             ::1 |     GET /api/prefill_group/?type=model
[SYS] 2025/11/05 - 13:53:15 | 任务进度轮询开始 
[SYS] 2025/11/05 - 13:53:15 | 任务进度轮询完成 
[SYS] 2025/11/05 - 13:53:29 | syncing options from database 
[SYS] 2025/11/05 - 13:53:30 | 任务进度轮询开始 
[SYS] 2025/11/05 - 13:53:30 | 任务进度轮询完成 
[GIN] 2025/11/05 - 13:53:37 | 20251105135337235391000CQC4N0KY | 200 |     196.667µs |             ::1 |     GET /api/group/
[GIN] 2025/11/05 - 13:53:37 | 20251105135337235354000dMwZ0PNo | 200 |     830.292µs |             ::1 |     GET /api/channel/models
[GIN] 2025/11/05 - 13:53:37 | 20251105135337235557000WMi7EZmI | 200 |    1.405375ms |             ::1 |     GET /api/channel/4
[GIN] 2025/11/05 - 13:53:37 | 20251105135337250356000oQPejkZz | 200 |     575.458µs |             ::1 |     GET /api/prefill_group/?type=model
[SYS] 2025/11/05 - 13:53:45 | 任务进度轮询开始 
[SYS] 2025/11/05 - 13:53:45 | 任务进度轮询完成 
[SYS] 2025/11/05 - 13:54:00 | 任务进度轮询开始 
[SYS] 2025/11/05 - 13:54:00 | 任务进度轮询完成 
[SYS] 2025/11/05 - 13:54:15 | 任务进度轮询开始 
[SYS] 2025/11/05 - 13:54:15 | 任务进度轮询完成 
[SYS] 2025/11/05 - 13:54:29 | 正在更新数据看板数据... 
[SYS] 2025/11/05 - 13:54:29 | 保存数据看板数据成功，共保存0条数据 
[SYS] 2025/11/05 - 13:54:29 | syncing options from database 
[SYS] 2025/11/05 - 13:54:30 | 任务进度轮询开始 
[SYS] 2025/11/05 - 13:54:30 | 任务进度轮询完成 
[SYS] 2025/11/05 - 13:54:45 | 任务进度轮询开始 
[SYS] 2025/11/05 - 13:54:45 | 任务进度轮询完成 
[SYS] 2025/11/05 - 13:55:00 | 任务进度轮询开始 
[SYS] 2025/11/05 - 13:55:00 | 任务进度轮询完成 
[SYS] 2025/11/05 - 13:55:15 | 任务进度轮询开始 
[SYS] 2025/11/05 - 13:55:15 | 任务进度轮询完成 
[SYS] 2025/11/05 - 13:55:29 | syncing options from database 
[SYS] 2025/11/05 - 13:55:30 | 任务进度轮询开始 
[SYS] 2025/11/05 - 13:55:30 | 任务进度轮询完成 
[SYS] 2025/11/05 - 13:55:45 | 任务进度轮询开始 
[SYS] 2025/11/05 - 13:55:45 | 任务进度轮询完成 
[SYS] 2025/11/05 - 13:56:00 | 任务进度轮询开始 
[SYS] 2025/11/05 - 13:56:00 | 任务进度轮询完成 
[SYS] 2025/11/05 - 13:56:15 | 任务进度轮询开始 
[SYS] 2025/11/05 - 13:56:15 | 任务进度轮询完成 
[SYS] 2025/11/05 - 13:56:29 | syncing options from database 
[SYS] 2025/11/05 - 13:56:30 | 任务进度轮询开始 
[SYS] 2025/11/05 - 13:56:30 | 任务进度轮询完成 
[GIN] 2025/11/05 - 13:56:39 | 20251105135639755927000YWWB0Lic | 200 |         517µs |             ::1 |     GET /api/group/
[GIN] 2025/11/05 - 13:56:39 | 20251105135639755832000ov1AneJI | 200 |     1.45675ms |             ::1 |     GET /api/channel/models
[GIN] 2025/11/05 - 13:56:39 | 20251105135639757429000Q4IQPC4Q | 200 |     1.01975ms |             ::1 |     GET /api/channel/2
[GIN] 2025/11/05 - 13:56:39 | 202511051356397705290000xmz9J1L | 200 |     587.625µs |             ::1 |     GET /api/prefill_group/?type=model
[GIN] 2025/11/05 - 13:56:43 | 20251105135643625576000DcEJwgBY | 200 |    2.206375ms |             ::1 |     GET /console/channel
[GIN] 2025/11/05 - 13:56:43 | 20251105135643660269000ukJsu10K | 200 |    7.439042ms |             ::1 |     GET /assets/react-components-BnylIsR_.js
[GIN] 2025/11/05 - 13:56:43 | 20251105135643668331000k86I2xXt | 200 |    8.558625ms |             ::1 |     GET /assets/tools-DfDywZp9.js
[GIN] 2025/11/05 - 13:56:43 | 20251105135643660765000ZFLq2l8a | 200 |   22.582166ms |             ::1 |     GET /assets/react-core-D-iPSUlg.js
[GIN] 2025/11/05 - 13:56:43 | 20251105135643678134000iNqVyhjn | 200 |    8.292666ms |             ::1 |     GET /assets/i18n-bH1aaDdY.js
[GIN] 2025/11/05 - 13:56:43 | 202511051356436610000002YuwRVLj | 200 |    43.02325ms |             ::1 |     GET /assets/semi-ui-yRXI6evF.css
[GIN] 2025/11/05 - 13:56:43 | 20251105135643660850000ivACrKio | 200 |   45.871667ms |             ::1 |     GET /assets/index-C6TxzCs_.css
[GIN] 2025/11/05 - 13:56:43 | 20251105135643660192000TAgLmY59 | 200 |  112.374875ms |             ::1 |     GET /assets/semi-ui-C8lvzIot.js
[GIN] 2025/11/05 - 13:56:43 | 202511051356436580020000PEEV3h8 | 200 |  196.441459ms |             ::1 |     GET /assets/index-sGynoyqR.js
[GIN] 2025/11/05 - 13:56:43 | 20251105135643973975000htZxQ8a9 | 200 |         670µs |             ::1 |     GET /api/group/
[GIN] 2025/11/05 - 13:56:43 | 20251105135643973975000K8OcHAz8 | 200 |    1.250791ms |             ::1 |     GET /api/channel/models
[GIN] 2025/11/05 - 13:56:43 | 20251105135643974172000shf5yUKy | 200 |    1.794792ms |             ::1 |     GET /api/user/self
[GIN] 2025/11/05 - 13:56:43 | 20251105135643975928000Rdje2IaK | 200 |     537.583µs |             ::1 |     GET /api/models
[GIN] 2025/11/05 - 13:56:43 | 20251105135643976431000JdqWJPe7 | 200 |     658.333µs |             ::1 |     GET /api/status
[GIN] 2025/11/05 - 13:56:43 | 20251105135643975685000fgMeZIrJ | 200 |    1.690375ms |             ::1 |     GET /api/channel/?p=1&page_size=10&id_sort=false&tag_mode=false
[GIN] 2025/11/05 - 13:56:44 | 20251105135643981300000JHb0xXGo | 200 |  283.209792ms |             ::1 |     GET /logo.png
[GIN] 2025/11/05 - 13:56:44 | 20251105135644267565000jdxTFMYD | 200 |     340.625µs |             ::1 |     GET /api/user/self
[GIN] 2025/11/05 - 13:56:44 | 202511051356442995170002Ij4XOEP | 200 |   21.384709ms |             ::1 |     GET /logo.png
[SYS] 2025/11/05 - 13:56:45 | 任务进度轮询开始 
[SYS] 2025/11/05 - 13:56:45 | 任务进度轮询完成 
[GIN] 2025/11/05 - 13:56:45 | 20251105135645644783000xZFTcEEP | 200 |     205.958µs |             ::1 |     GET /api/group/
[GIN] 2025/11/05 - 13:56:45 | 20251105135645644721000sSIAxHby | 200 |     878.916µs |             ::1 |     GET /api/channel/models
[GIN] 2025/11/05 - 13:56:45 | 20251105135645645502000dNm8HJn6 | 200 |     512.375µs |             ::1 |     GET /api/channel/3
[GIN] 2025/11/05 - 13:56:45 | 20251105135645660574000QU661MQL | 200 |     386.417µs |             ::1 |     GET /api/prefill_group/?type=model
[SYS] 2025/11/05 - 13:57:00 | 任务进度轮询开始 
[SYS] 2025/11/05 - 13:57:00 | 任务进度轮询完成 
[SYS] 2025/11/05 - 13:57:15 | 任务进度轮询开始 
[SYS] 2025/11/05 - 13:57:15 | 任务进度轮询完成 
[SYS] 2025/11/05 - 13:57:29 | syncing options from database 
[SYS] 2025/11/05 - 13:57:30 | 任务进度轮询开始 
[SYS] 2025/11/05 - 13:57:30 | 任务进度轮询完成 
