[SYS] 2025/10/20 - 15:25:29 | initializing token encoders 
[SYS] 2025/10/20 - 15:25:29 | token encoders initialized 
[SYS] 2025/10/20 - 15:25:29 | SQL_DSN not set, using SQLite as database 
[SYS] 2025/10/20 - 15:25:29 | database migration started 
[SYS] 2025/10/20 - 15:25:29 | system is already initialized at: 2025-10-10 14:30:09 +0800 CST 
[SYS] 2025/10/20 - 15:25:29 | REDIS_CONN_STRING not set, Redis is not enabled 
[SYS] 2025/10/20 - 15:25:29 | New API v0.0.0 started 
[SYS] 2025/10/20 - 15:25:29 | running in debug mode 
[SYS] 2025/10/20 - 15:25:29 | 正在更新数据看板数据... 
[SYS] 2025/10/20 - 15:25:29 | 保存数据看板数据成功，共保存0条数据 
[SYS] 2025/10/20 - 15:25:44 | 任务进度轮询开始 
[INFO] 2025/10/20 - 15:25:44 | SYSTEM | Channel #8 pending video tasks: 21 
[ERR] 2025/10/20 - 15:25:44 | SYSTEM | Channel #8 failed to update video async tasks: video adaptor not found 
[SYS] 2025/10/20 - 15:25:44 | 任务进度轮询完成 
[SYS] 2025/10/20 - 15:25:59 | 任务进度轮询开始 
[INFO] 2025/10/20 - 15:25:59 | SYSTEM | Channel #8 pending video tasks: 21 
[ERR] 2025/10/20 - 15:25:59 | SYSTEM | Channel #8 failed to update video async tasks: video adaptor not found 
[SYS] 2025/10/20 - 15:25:59 | 任务进度轮询完成 
[SYS] 2025/10/20 - 15:26:14 | 任务进度轮询开始 
[INFO] 2025/10/20 - 15:26:14 | SYSTEM | Channel #8 pending video tasks: 21 
[ERR] 2025/10/20 - 15:26:14 | SYSTEM | Channel #8 failed to update video async tasks: video adaptor not found 
[SYS] 2025/10/20 - 15:26:14 | 任务进度轮询完成 
[SYS] 2025/10/20 - 15:26:29 | syncing options from database 
[SYS] 2025/10/20 - 15:26:29 | 任务进度轮询开始 
[INFO] 2025/10/20 - 15:26:29 | SYSTEM | Channel #8 pending video tasks: 21 
[ERR] 2025/10/20 - 15:26:29 | SYSTEM | Channel #8 failed to update video async tasks: video adaptor not found 
[SYS] 2025/10/20 - 15:26:29 | 任务进度轮询完成 
[SYS] 2025/10/20 - 15:26:44 | 任务进度轮询开始 
[INFO] 2025/10/20 - 15:26:44 | SYSTEM | Channel #8 pending video tasks: 21 
[ERR] 2025/10/20 - 15:26:44 | SYSTEM | Channel #8 failed to update video async tasks: video adaptor not found 
[SYS] 2025/10/20 - 15:26:44 | 任务进度轮询完成 
[SYS] 2025/10/20 - 15:26:59 | 任务进度轮询开始 
[INFO] 2025/10/20 - 15:26:59 | SYSTEM | Channel #8 pending video tasks: 21 
[ERR] 2025/10/20 - 15:26:59 | SYSTEM | Channel #8 failed to update video async tasks: video adaptor not found 
[SYS] 2025/10/20 - 15:26:59 | 任务进度轮询完成 
[SYS] 2025/10/20 - 15:27:14 | 任务进度轮询开始 
[INFO] 2025/10/20 - 15:27:14 | SYSTEM | Channel #8 pending video tasks: 21 
[ERR] 2025/10/20 - 15:27:14 | SYSTEM | Channel #8 failed to update video async tasks: video adaptor not found 
[SYS] 2025/10/20 - 15:27:14 | 任务进度轮询完成 
[SYS] 2025/10/20 - 15:27:29 | syncing options from database 
[SYS] 2025/10/20 - 15:27:29 | 任务进度轮询开始 
[INFO] 2025/10/20 - 15:27:29 | SYSTEM | Channel #8 pending video tasks: 21 
[ERR] 2025/10/20 - 15:27:29 | SYSTEM | Channel #8 failed to update video async tasks: video adaptor not found 
[SYS] 2025/10/20 - 15:27:29 | 任务进度轮询完成 
[SYS] 2025/10/20 - 15:27:44 | 任务进度轮询开始 
[INFO] 2025/10/20 - 15:27:44 | SYSTEM | Channel #8 pending video tasks: 21 
[ERR] 2025/10/20 - 15:27:44 | SYSTEM | Channel #8 failed to update video async tasks: video adaptor not found 
[SYS] 2025/10/20 - 15:27:44 | 任务进度轮询完成 
[SYS] 2025/10/20 - 15:27:59 | 任务进度轮询开始 
[INFO] 2025/10/20 - 15:27:59 | SYSTEM | Channel #8 pending video tasks: 21 
[ERR] 2025/10/20 - 15:27:59 | SYSTEM | Channel #8 failed to update video async tasks: video adaptor not found 
[SYS] 2025/10/20 - 15:27:59 | 任务进度轮询完成 
[SYS] 2025/10/20 - 15:28:14 | 任务进度轮询开始 
[INFO] 2025/10/20 - 15:28:14 | SYSTEM | Channel #8 pending video tasks: 21 
[ERR] 2025/10/20 - 15:28:14 | SYSTEM | Channel #8 failed to update video async tasks: video adaptor not found 
[SYS] 2025/10/20 - 15:28:14 | 任务进度轮询完成 
[SYS] 2025/10/20 - 15:28:29 | syncing options from database 
[SYS] 2025/10/20 - 15:28:29 | 任务进度轮询开始 
[INFO] 2025/10/20 - 15:28:29 | SYSTEM | Channel #8 pending video tasks: 21 
[ERR] 2025/10/20 - 15:28:29 | SYSTEM | Channel #8 failed to update video async tasks: video adaptor not found 
[SYS] 2025/10/20 - 15:28:29 | 任务进度轮询完成 
[SYS] 2025/10/20 - 15:28:44 | 任务进度轮询开始 
[INFO] 2025/10/20 - 15:28:44 | SYSTEM | Channel #8 pending video tasks: 21 
[ERR] 2025/10/20 - 15:28:44 | SYSTEM | Channel #8 failed to update video async tasks: video adaptor not found 
[SYS] 2025/10/20 - 15:28:44 | 任务进度轮询完成 
[SYS] 2025/10/20 - 15:28:59 | 任务进度轮询开始 
[INFO] 2025/10/20 - 15:28:59 | SYSTEM | Channel #8 pending video tasks: 21 
[ERR] 2025/10/20 - 15:28:59 | SYSTEM | Channel #8 failed to update video async tasks: video adaptor not found 
[SYS] 2025/10/20 - 15:28:59 | 任务进度轮询完成 
[SYS] 2025/10/20 - 15:29:14 | 任务进度轮询开始 
[INFO] 2025/10/20 - 15:29:14 | SYSTEM | Channel #8 pending video tasks: 21 
[ERR] 2025/10/20 - 15:29:14 | SYSTEM | Channel #8 failed to update video async tasks: video adaptor not found 
[SYS] 2025/10/20 - 15:29:14 | 任务进度轮询完成 
[SYS] 2025/10/20 - 15:29:29 | syncing options from database 
[SYS] 2025/10/20 - 15:29:29 | 任务进度轮询开始 
[INFO] 2025/10/20 - 15:29:29 | SYSTEM | Channel #8 pending video tasks: 21 
[ERR] 2025/10/20 - 15:29:29 | SYSTEM | Channel #8 failed to update video async tasks: video adaptor not found 
[SYS] 2025/10/20 - 15:29:29 | 任务进度轮询完成 
[SYS] 2025/10/20 - 15:29:44 | 任务进度轮询开始 
[INFO] 2025/10/20 - 15:29:44 | SYSTEM | Channel #8 pending video tasks: 21 
[ERR] 2025/10/20 - 15:29:44 | SYSTEM | Channel #8 failed to update video async tasks: video adaptor not found 
[SYS] 2025/10/20 - 15:29:44 | 任务进度轮询完成 
[SYS] 2025/10/20 - 15:29:59 | 任务进度轮询开始 
[INFO] 2025/10/20 - 15:29:59 | SYSTEM | Channel #8 pending video tasks: 21 
[ERR] 2025/10/20 - 15:29:59 | SYSTEM | Channel #8 failed to update video async tasks: video adaptor not found 
[SYS] 2025/10/20 - 15:29:59 | 任务进度轮询完成 
[SYS] 2025/10/20 - 15:30:14 | 任务进度轮询开始 
[INFO] 2025/10/20 - 15:30:14 | SYSTEM | Channel #8 pending video tasks: 21 
[ERR] 2025/10/20 - 15:30:14 | SYSTEM | Channel #8 failed to update video async tasks: video adaptor not found 
[SYS] 2025/10/20 - 15:30:14 | 任务进度轮询完成 
[SYS] 2025/10/20 - 15:30:29 | 正在更新数据看板数据... 
[SYS] 2025/10/20 - 15:30:29 | 保存数据看板数据成功，共保存0条数据 
[SYS] 2025/10/20 - 15:30:29 | syncing options from database 
[SYS] 2025/10/20 - 15:30:29 | 任务进度轮询开始 
[INFO] 2025/10/20 - 15:30:29 | SYSTEM | Channel #8 pending video tasks: 21 
[ERR] 2025/10/20 - 15:30:29 | SYSTEM | Channel #8 failed to update video async tasks: video adaptor not found 
[SYS] 2025/10/20 - 15:30:29 | 任务进度轮询完成 
[SYS] 2025/10/20 - 15:30:44 | 任务进度轮询开始 
[INFO] 2025/10/20 - 15:30:44 | SYSTEM | Channel #8 pending video tasks: 21 
[ERR] 2025/10/20 - 15:30:44 | SYSTEM | Channel #8 failed to update video async tasks: video adaptor not found 
[SYS] 2025/10/20 - 15:30:44 | 任务进度轮询完成 
[SYS] 2025/10/20 - 15:30:59 | 任务进度轮询开始 
[INFO] 2025/10/20 - 15:30:59 | SYSTEM | Channel #8 pending video tasks: 21 
[ERR] 2025/10/20 - 15:30:59 | SYSTEM | Channel #8 failed to update video async tasks: video adaptor not found 
[SYS] 2025/10/20 - 15:30:59 | 任务进度轮询完成 
[SYS] 2025/10/20 - 15:31:14 | 任务进度轮询开始 
[INFO] 2025/10/20 - 15:31:14 | SYSTEM | Channel #8 pending video tasks: 21 
[ERR] 2025/10/20 - 15:31:14 | SYSTEM | Channel #8 failed to update video async tasks: video adaptor not found 
[SYS] 2025/10/20 - 15:31:14 | 任务进度轮询完成 
[SYS] 2025/10/20 - 15:31:29 | syncing options from database 
[SYS] 2025/10/20 - 15:31:29 | 任务进度轮询开始 
[INFO] 2025/10/20 - 15:31:29 | SYSTEM | Channel #8 pending video tasks: 21 
[ERR] 2025/10/20 - 15:31:29 | SYSTEM | Channel #8 failed to update video async tasks: video adaptor not found 
[SYS] 2025/10/20 - 15:31:29 | 任务进度轮询完成 
[SYS] 2025/10/20 - 15:31:44 | 任务进度轮询开始 
[INFO] 2025/10/20 - 15:31:44 | SYSTEM | Channel #8 pending video tasks: 21 
[ERR] 2025/10/20 - 15:31:44 | SYSTEM | Channel #8 failed to update video async tasks: video adaptor not found 
[SYS] 2025/10/20 - 15:31:44 | 任务进度轮询完成 
[SYS] 2025/10/20 - 15:31:59 | 任务进度轮询开始 
[INFO] 2025/10/20 - 15:31:59 | SYSTEM | Channel #8 pending video tasks: 21 
[ERR] 2025/10/20 - 15:31:59 | SYSTEM | Channel #8 failed to update video async tasks: video adaptor not found 
[SYS] 2025/10/20 - 15:31:59 | 任务进度轮询完成 
[SYS] 2025/10/20 - 15:32:14 | 任务进度轮询开始 
[INFO] 2025/10/20 - 15:32:14 | SYSTEM | Channel #8 pending video tasks: 21 
[ERR] 2025/10/20 - 15:32:14 | SYSTEM | Channel #8 failed to update video async tasks: video adaptor not found 
[SYS] 2025/10/20 - 15:32:14 | 任务进度轮询完成 
[SYS] 2025/10/20 - 15:32:29 | syncing options from database 
[SYS] 2025/10/20 - 15:32:29 | 任务进度轮询开始 
[INFO] 2025/10/20 - 15:32:29 | SYSTEM | Channel #8 pending video tasks: 21 
[ERR] 2025/10/20 - 15:32:29 | SYSTEM | Channel #8 failed to update video async tasks: video adaptor not found 
[SYS] 2025/10/20 - 15:32:29 | 任务进度轮询完成 
[SYS] 2025/10/20 - 15:32:44 | 任务进度轮询开始 
[INFO] 2025/10/20 - 15:32:44 | SYSTEM | Channel #8 pending video tasks: 21 
[ERR] 2025/10/20 - 15:32:44 | SYSTEM | Channel #8 failed to update video async tasks: video adaptor not found 
[SYS] 2025/10/20 - 15:32:44 | 任务进度轮询完成 
[SYS] 2025/10/20 - 15:32:59 | 任务进度轮询开始 
[INFO] 2025/10/20 - 15:32:59 | SYSTEM | Channel #8 pending video tasks: 21 
[ERR] 2025/10/20 - 15:32:59 | SYSTEM | Channel #8 failed to update video async tasks: video adaptor not found 
[SYS] 2025/10/20 - 15:32:59 | 任务进度轮询完成 
[INFO] 2025/10/20 - 15:33:08 | 20251020153308867970000jId9kXU0 | 用户 1 额度充足且为无限额度令牌, 信任且不需要预扣费 
[SYS] 2025/10/20 - 15:33:08 | [Async] Detected async workflow request: model=coze-workflow-async, stream=false 
[DEBUG] 2025/10/20 - 15:33:08 | 20251020153308867970000jId9kXU0 | text request body: null 
[SYS] 2025/10/20 - 15:33:08 | DoRequest called with OriginModelName: coze-workflow-async 
[SYS] 2025/10/20 - 15:33:08 | [Async] Processing async workflow request in DoRequest 
[SYS] 2025/10/20 - 15:33:08 | [Async] Created task chatcmpl-20251020153308867970000jId9kXU0 for workflow 7549076385299333172 
[SYS] 2025/10/20 - 15:33:08 | [Async] Response already sent, skipping DoResponse 
[ERR] 2025/10/20 - 15:33:08 | 20251020153308867970000jId9kXU0 | total tokens is 0, cannot consume quota, userId 1, channelId 8, tokenId 1, model coze-workflow-async， pre-consumed quota 0 
[SYS] 2025/10/20 - 15:33:08 | [Async] Starting background execution for task chatcmpl-20251020153308867970000jId9kXU0 
[INFO] 2025/10/20 - 15:33:08 | 20251020153308867970000jId9kXU0 | Skipping log for async workflow - log will be created when task completes 
[GIN] 2025/10/20 - 15:33:08 | 20251020153308867970000jId9kXU0 | 200 |    7.428333ms |             ::1 |    POST /v1/chat/completions
[SYS] 2025/10/20 - 15:33:08 | [透传模式] 发送给Coze的工作流请求: {"workflow_id":"7549076385299333172","parameters":{"input":"智能手机"}} 
[SYS] 2025/10/20 - 15:33:08 | [Async] 使用 Coze 原生异步 API: is_async=true 
[SYS] 2025/10/20 - 15:33:08 | [OAuth Debug] 缓存未命中，开始生成新 token 
[SYS] 2025/10/20 - 15:33:08 | [OAuth Debug] JWT 签名成功 (前50字符): eyJhbGciOiJSUzI1NiIsImtpZCI6Im9rQ0UzWE95TXZDeDlwNU... 
[SYS] 2025/10/20 - 15:33:08 | [OAuth Debug] 向 https://api.coze.cn/api/permission/oauth2/token 发送 token 交换请求 
[SYS] 2025/10/20 - 15:33:09 | [OAuth Debug] Token 交换响应状态: 200, 响应体: {"access_token":"czs_qpAwShviZ6rbBDG2aIX9cIbbLlYSAYsSd7a7hZNKL3IQzwvhFPPq5ICF9GNpTS2dC","expires_in":1760946489,"token_type":"Bearer"} 
[SYS] 2025/10/20 - 15:33:09 | [OAuth Debug] Access token 获取成功 (前20字符): czs_qpAwShviZ6rbBDG2... 
[SYS] 2025/10/20 - 15:33:09 | [Async] Initial response: {"msg":"","debug_url":"https://www.coze.cn/work_flow?execute_id=7563203714263121929&space_id=7549033030220857353&workflow_id=7549076385299333172&execute_mode=2","execute_id":"7563203714263121929","detail":{"logid":"2025102015330919A6F5363084C7041AB1"},"code":0} 
[SYS] 2025/10/20 - 15:33:09 | [Async] Got Coze execute_id: , starting polling... 
[SYS] 2025/10/20 - 15:33:09 | [Async] Polling URL: https://api.coze.cn/v1/workflow/runs/ 
[GIN] 2025/10/20 - 15:33:09 | 20251020153309455625000AIoRibqy | 200 |       1.668ms |             ::1 |     GET /v1/workflows/executions/chatcmpl-20251020153308867970000jId9kXU0
[SYS] 2025/10/20 - 15:33:14 | [OAuth Debug] 缓存未命中，开始生成新 token 
[SYS] 2025/10/20 - 15:33:14 | [OAuth Debug] JWT 签名成功 (前50字符): eyJhbGciOiJSUzI1NiIsImtpZCI6Im9rQ0UzWE95TXZDeDlwNU... 
[SYS] 2025/10/20 - 15:33:14 | [OAuth Debug] 向 https://api.coze.cn/api/permission/oauth2/token 发送 token 交换请求 
[SYS] 2025/10/20 - 15:33:14 | [OAuth Debug] Token 交换响应状态: 200, 响应体: {"access_token":"czs_qYrPm9qEQvzdGh0RIrogxJVfrwtoMQpz5rW46zHZynTxdeAemgIEFOjc28Dx6d6bM","expires_in":1760946494,"token_type":"Bearer"} 
[SYS] 2025/10/20 - 15:33:14 | [OAuth Debug] Access token 获取成功 (前20字符): czs_qYrPm9qEQvzdGh0R... 
[SYS] 2025/10/20 - 15:33:14 | 任务进度轮询开始 
[INFO] 2025/10/20 - 15:33:14 | SYSTEM | Channel #8 pending video tasks: 22 
[ERR] 2025/10/20 - 15:33:14 | SYSTEM | Channel #8 failed to update video async tasks: video adaptor not found 
[SYS] 2025/10/20 - 15:33:14 | 任务进度轮询完成 
[GIN] 2025/10/20 - 15:33:15 | 20251020153315949135000ZCpvRtrn | 200 |     392.541µs |             ::1 |     GET /console/task
[GIN] 2025/10/20 - 15:33:16 | 202510201533162653050002AlwB5Xm | 200 |     374.959µs |             ::1 |     GET /api/status
[GIN] 2025/10/20 - 15:33:16 | 20251020153316265268000yMVifanz | 200 |     830.917µs |             ::1 |     GET /api/user/self
[GIN] 2025/10/20 - 15:33:16 | 20251020153316265310000HLBmlKm3 | 200 |    2.472959ms |             ::1 |     GET /api/task/?p=1&page_size=10&channel_id=&task_id=&start_timestamp=1760889600&end_timestamp=1760949196
[GIN] 2025/10/20 - 15:33:16 | 20251020153316523104000PMAAF0Ud | 200 |     751.667µs |             ::1 |     GET /api/user/self
[SYS] 2025/10/20 - 15:33:29 | syncing options from database 
[SYS] 2025/10/20 - 15:33:29 | 任务进度轮询开始 
[INFO] 2025/10/20 - 15:33:29 | SYSTEM | Channel #8 pending video tasks: 22 
[ERR] 2025/10/20 - 15:33:29 | SYSTEM | Channel #8 failed to update video async tasks: video adaptor not found 
[SYS] 2025/10/20 - 15:33:29 | 任务进度轮询完成 
[GIN] 2025/10/20 - 15:33:39 | 20251020153339892172000oPDRZYSE | 200 |    2.050875ms |             ::1 |     GET /v1/workflows/executions/chatcmpl-20251020153308867970000jId9kXU0
[GIN] 2025/10/20 - 15:33:44 | 20251020153344381083000itZZwWRZ | 200 |    2.320083ms |             ::1 |     GET /api/log/?p=1&page_size=10&type=0&username=&token_name=&model_name=&start_timestamp=1760889600&end_timestamp=1760949224&channel=&group=
[GIN] 2025/10/20 - 15:33:44 | 202510201533444164330007zi3lZeG | 200 |     542.167µs |             ::1 |     GET /api/log/stat?type=0&username=&token_name=&model_name=&start_timestamp=1760889600&end_timestamp=1760949224&channel=&group=
[SYS] 2025/10/20 - 15:33:44 | 任务进度轮询开始 
[INFO] 2025/10/20 - 15:33:44 | SYSTEM | Channel #8 pending video tasks: 22 
[ERR] 2025/10/20 - 15:33:44 | SYSTEM | Channel #8 failed to update video async tasks: video adaptor not found 
[SYS] 2025/10/20 - 15:33:44 | 任务进度轮询完成 
[SYS] 2025/10/20 - 15:33:59 | 任务进度轮询开始 
[INFO] 2025/10/20 - 15:33:59 | SYSTEM | Channel #8 pending video tasks: 22 
[ERR] 2025/10/20 - 15:33:59 | SYSTEM | Channel #8 failed to update video async tasks: video adaptor not found 
[SYS] 2025/10/20 - 15:33:59 | 任务进度轮询完成 
[SYS] 2025/10/20 - 15:34:14 | 任务进度轮询开始 
[INFO] 2025/10/20 - 15:34:14 | SYSTEM | Channel #8 pending video tasks: 22 
[ERR] 2025/10/20 - 15:34:14 | SYSTEM | Channel #8 failed to update video async tasks: video adaptor not found 
[SYS] 2025/10/20 - 15:34:14 | 任务进度轮询完成 
[SYS] 2025/10/20 - 15:34:29 | syncing options from database 
[SYS] 2025/10/20 - 15:34:29 | 任务进度轮询开始 
[INFO] 2025/10/20 - 15:34:29 | SYSTEM | Channel #8 pending video tasks: 22 
[ERR] 2025/10/20 - 15:34:29 | SYSTEM | Channel #8 failed to update video async tasks: video adaptor not found 
[SYS] 2025/10/20 - 15:34:29 | 任务进度轮询完成 
[SYS] 2025/10/20 - 15:34:44 | 任务进度轮询开始 
[INFO] 2025/10/20 - 15:34:44 | SYSTEM | Channel #8 pending video tasks: 22 
[ERR] 2025/10/20 - 15:34:44 | SYSTEM | Channel #8 failed to update video async tasks: video adaptor not found 
[SYS] 2025/10/20 - 15:34:44 | 任务进度轮询完成 
[SYS] 2025/10/20 - 15:34:59 | 任务进度轮询开始 
[INFO] 2025/10/20 - 15:34:59 | SYSTEM | Channel #8 pending video tasks: 22 
[ERR] 2025/10/20 - 15:34:59 | SYSTEM | Channel #8 failed to update video async tasks: video adaptor not found 
[SYS] 2025/10/20 - 15:34:59 | 任务进度轮询完成 
[SYS] 2025/10/20 - 15:35:14 | 任务进度轮询开始 
[INFO] 2025/10/20 - 15:35:14 | SYSTEM | Channel #8 pending video tasks: 22 
[ERR] 2025/10/20 - 15:35:14 | SYSTEM | Channel #8 failed to update video async tasks: video adaptor not found 
[SYS] 2025/10/20 - 15:35:14 | 任务进度轮询完成 
[SYS] 2025/10/20 - 15:35:29 | 正在更新数据看板数据... 
[SYS] 2025/10/20 - 15:35:29 | 保存数据看板数据成功，共保存0条数据 
[SYS] 2025/10/20 - 15:35:29 | syncing options from database 
[SYS] 2025/10/20 - 15:35:29 | 任务进度轮询开始 
[INFO] 2025/10/20 - 15:35:29 | SYSTEM | Channel #8 pending video tasks: 22 
[ERR] 2025/10/20 - 15:35:29 | SYSTEM | Channel #8 failed to update video async tasks: video adaptor not found 
[SYS] 2025/10/20 - 15:35:29 | 任务进度轮询完成 
[SYS] 2025/10/20 - 15:35:44 | 任务进度轮询开始 
[INFO] 2025/10/20 - 15:35:44 | SYSTEM | Channel #8 pending video tasks: 22 
[ERR] 2025/10/20 - 15:35:44 | SYSTEM | Channel #8 failed to update video async tasks: video adaptor not found 
[SYS] 2025/10/20 - 15:35:44 | 任务进度轮询完成 
[SYS] 2025/10/20 - 15:35:59 | 任务进度轮询开始 
[INFO] 2025/10/20 - 15:35:59 | SYSTEM | Channel #8 pending video tasks: 22 
[ERR] 2025/10/20 - 15:35:59 | SYSTEM | Channel #8 failed to update video async tasks: video adaptor not found 
[SYS] 2025/10/20 - 15:35:59 | 任务进度轮询完成 
[SYS] 2025/10/20 - 15:36:14 | 任务进度轮询开始 
[INFO] 2025/10/20 - 15:36:14 | SYSTEM | Channel #8 pending video tasks: 22 
[ERR] 2025/10/20 - 15:36:14 | SYSTEM | Channel #8 failed to update video async tasks: video adaptor not found 
[SYS] 2025/10/20 - 15:36:14 | 任务进度轮询完成 
[SYS] 2025/10/20 - 15:36:29 | syncing options from database 
[SYS] 2025/10/20 - 15:36:29 | 任务进度轮询开始 
[INFO] 2025/10/20 - 15:36:29 | SYSTEM | Channel #8 pending video tasks: 22 
[ERR] 2025/10/20 - 15:36:29 | SYSTEM | Channel #8 failed to update video async tasks: video adaptor not found 
[SYS] 2025/10/20 - 15:36:29 | 任务进度轮询完成 
[SYS] 2025/10/20 - 15:36:44 | 任务进度轮询开始 
[INFO] 2025/10/20 - 15:36:44 | SYSTEM | Channel #8 pending video tasks: 22 
[ERR] 2025/10/20 - 15:36:44 | SYSTEM | Channel #8 failed to update video async tasks: video adaptor not found 
[SYS] 2025/10/20 - 15:36:44 | 任务进度轮询完成 
[SYS] 2025/10/20 - 15:36:59 | 任务进度轮询开始 
[INFO] 2025/10/20 - 15:36:59 | SYSTEM | Channel #8 pending video tasks: 22 
[ERR] 2025/10/20 - 15:36:59 | SYSTEM | Channel #8 failed to update video async tasks: video adaptor not found 
[SYS] 2025/10/20 - 15:36:59 | 任务进度轮询完成 
[SYS] 2025/10/20 - 15:37:14 | 任务进度轮询开始 
[INFO] 2025/10/20 - 15:37:14 | SYSTEM | Channel #8 pending video tasks: 22 
[ERR] 2025/10/20 - 15:37:14 | SYSTEM | Channel #8 failed to update video async tasks: video adaptor not found 
[SYS] 2025/10/20 - 15:37:14 | 任务进度轮询完成 
[SYS] 2025/10/20 - 15:37:29 | syncing options from database 
[SYS] 2025/10/20 - 15:37:29 | 任务进度轮询开始 
[INFO] 2025/10/20 - 15:37:29 | SYSTEM | Channel #8 pending video tasks: 22 
[ERR] 2025/10/20 - 15:37:29 | SYSTEM | Channel #8 failed to update video async tasks: video adaptor not found 
[SYS] 2025/10/20 - 15:37:29 | 任务进度轮询完成 
[SYS] 2025/10/20 - 15:37:44 | 任务进度轮询开始 
[INFO] 2025/10/20 - 15:37:44 | SYSTEM | Channel #8 pending video tasks: 22 
[ERR] 2025/10/20 - 15:37:44 | SYSTEM | Channel #8 failed to update video async tasks: video adaptor not found 
[SYS] 2025/10/20 - 15:37:44 | 任务进度轮询完成 
[SYS] 2025/10/20 - 15:37:59 | 任务进度轮询开始 
[INFO] 2025/10/20 - 15:37:59 | SYSTEM | Channel #8 pending video tasks: 22 
[ERR] 2025/10/20 - 15:37:59 | SYSTEM | Channel #8 failed to update video async tasks: video adaptor not found 
[SYS] 2025/10/20 - 15:37:59 | 任务进度轮询完成 
[SYS] 2025/10/20 - 15:38:14 | 任务进度轮询开始 
[INFO] 2025/10/20 - 15:38:14 | SYSTEM | Channel #8 pending video tasks: 22 
[ERR] 2025/10/20 - 15:38:14 | SYSTEM | Channel #8 failed to update video async tasks: video adaptor not found 
[SYS] 2025/10/20 - 15:38:14 | 任务进度轮询完成 
[SYS] 2025/10/20 - 15:38:29 | syncing options from database 
[SYS] 2025/10/20 - 15:38:29 | 任务进度轮询开始 
[INFO] 2025/10/20 - 15:38:29 | SYSTEM | Channel #8 pending video tasks: 22 
[ERR] 2025/10/20 - 15:38:29 | SYSTEM | Channel #8 failed to update video async tasks: video adaptor not found 
[SYS] 2025/10/20 - 15:38:29 | 任务进度轮询完成 
[SYS] 2025/10/20 - 15:38:44 | 任务进度轮询开始 
[INFO] 2025/10/20 - 15:38:44 | SYSTEM | Channel #8 pending video tasks: 22 
[ERR] 2025/10/20 - 15:38:44 | SYSTEM | Channel #8 failed to update video async tasks: video adaptor not found 
[SYS] 2025/10/20 - 15:38:44 | 任务进度轮询完成 
[SYS] 2025/10/20 - 15:38:59 | 任务进度轮询开始 
[INFO] 2025/10/20 - 15:38:59 | SYSTEM | Channel #8 pending video tasks: 22 
[ERR] 2025/10/20 - 15:38:59 | SYSTEM | Channel #8 failed to update video async tasks: video adaptor not found 
[SYS] 2025/10/20 - 15:38:59 | 任务进度轮询完成 
[SYS] 2025/10/20 - 15:39:14 | 任务进度轮询开始 
[INFO] 2025/10/20 - 15:39:14 | SYSTEM | Channel #8 pending video tasks: 22 
[ERR] 2025/10/20 - 15:39:14 | SYSTEM | Channel #8 failed to update video async tasks: video adaptor not found 
[SYS] 2025/10/20 - 15:39:14 | 任务进度轮询完成 
[SYS] 2025/10/20 - 15:39:29 | syncing options from database 
[SYS] 2025/10/20 - 15:39:29 | 任务进度轮询开始 
[INFO] 2025/10/20 - 15:39:29 | SYSTEM | Channel #8 pending video tasks: 22 
[ERR] 2025/10/20 - 15:39:29 | SYSTEM | Channel #8 failed to update video async tasks: video adaptor not found 
[SYS] 2025/10/20 - 15:39:29 | 任务进度轮询完成 
[SYS] 2025/10/20 - 15:39:44 | 任务进度轮询开始 
[INFO] 2025/10/20 - 15:39:44 | SYSTEM | Channel #8 pending video tasks: 22 
[ERR] 2025/10/20 - 15:39:44 | SYSTEM | Channel #8 failed to update video async tasks: video adaptor not found 
[SYS] 2025/10/20 - 15:39:44 | 任务进度轮询完成 
[SYS] 2025/10/20 - 15:39:59 | 任务进度轮询开始 
[INFO] 2025/10/20 - 15:39:59 | SYSTEM | Channel #8 pending video tasks: 22 
[ERR] 2025/10/20 - 15:39:59 | SYSTEM | Channel #8 failed to update video async tasks: video adaptor not found 
[SYS] 2025/10/20 - 15:39:59 | 任务进度轮询完成 
[SYS] 2025/10/20 - 15:40:14 | 任务进度轮询开始 
[INFO] 2025/10/20 - 15:40:14 | SYSTEM | Channel #8 pending video tasks: 22 
[ERR] 2025/10/20 - 15:40:14 | SYSTEM | Channel #8 failed to update video async tasks: video adaptor not found 
[SYS] 2025/10/20 - 15:40:14 | 任务进度轮询完成 
[SYS] 2025/10/20 - 15:40:29 | 正在更新数据看板数据... 
[SYS] 2025/10/20 - 15:40:29 | 保存数据看板数据成功，共保存0条数据 
[SYS] 2025/10/20 - 15:40:29 | syncing options from database 
[SYS] 2025/10/20 - 15:40:29 | 任务进度轮询开始 
[INFO] 2025/10/20 - 15:40:29 | SYSTEM | Channel #8 pending video tasks: 22 
[ERR] 2025/10/20 - 15:40:29 | SYSTEM | Channel #8 failed to update video async tasks: video adaptor not found 
[SYS] 2025/10/20 - 15:40:29 | 任务进度轮询完成 
[SYS] 2025/10/20 - 15:40:44 | 任务进度轮询开始 
[INFO] 2025/10/20 - 15:40:44 | SYSTEM | Channel #8 pending video tasks: 22 
[ERR] 2025/10/20 - 15:40:44 | SYSTEM | Channel #8 failed to update video async tasks: video adaptor not found 
[SYS] 2025/10/20 - 15:40:44 | 任务进度轮询完成 
[GIN] 2025/10/20 - 15:40:57 | 20251020154057836779000S8zKNpDT | 200 |    1.895125ms |             ::1 |     GET /api/task/?p=1&page_size=10&channel_id=&task_id=&start_timestamp=1760889600&end_timestamp=1760949657
[SYS] 2025/10/20 - 15:40:59 | 任务进度轮询开始 
[INFO] 2025/10/20 - 15:40:59 | SYSTEM | Channel #8 pending video tasks: 22 
[ERR] 2025/10/20 - 15:40:59 | SYSTEM | Channel #8 failed to update video async tasks: video adaptor not found 
[SYS] 2025/10/20 - 15:40:59 | 任务进度轮询完成 
[SYS] 2025/10/20 - 15:41:14 | 任务进度轮询开始 
[INFO] 2025/10/20 - 15:41:14 | SYSTEM | Channel #8 pending video tasks: 22 
[ERR] 2025/10/20 - 15:41:14 | SYSTEM | Channel #8 failed to update video async tasks: video adaptor not found 
[SYS] 2025/10/20 - 15:41:14 | 任务进度轮询完成 
[SYS] 2025/10/20 - 15:41:29 | syncing options from database 
[SYS] 2025/10/20 - 15:41:29 | 任务进度轮询开始 
[INFO] 2025/10/20 - 15:41:29 | SYSTEM | Channel #8 pending video tasks: 22 
[ERR] 2025/10/20 - 15:41:29 | SYSTEM | Channel #8 failed to update video async tasks: video adaptor not found 
[SYS] 2025/10/20 - 15:41:29 | 任务进度轮询完成 
[SYS] 2025/10/20 - 15:41:44 | 任务进度轮询开始 
[INFO] 2025/10/20 - 15:41:44 | SYSTEM | Channel #8 pending video tasks: 22 
[ERR] 2025/10/20 - 15:41:44 | SYSTEM | Channel #8 failed to update video async tasks: video adaptor not found 
[SYS] 2025/10/20 - 15:41:44 | 任务进度轮询完成 
[SYS] 2025/10/20 - 15:41:59 | 任务进度轮询开始 
[INFO] 2025/10/20 - 15:41:59 | SYSTEM | Channel #8 pending video tasks: 22 
[ERR] 2025/10/20 - 15:41:59 | SYSTEM | Channel #8 failed to update video async tasks: video adaptor not found 
[SYS] 2025/10/20 - 15:41:59 | 任务进度轮询完成 
[SYS] 2025/10/20 - 15:42:14 | 任务进度轮询开始 
[INFO] 2025/10/20 - 15:42:14 | SYSTEM | Channel #8 pending video tasks: 22 
[ERR] 2025/10/20 - 15:42:14 | SYSTEM | Channel #8 failed to update video async tasks: video adaptor not found 
[SYS] 2025/10/20 - 15:42:14 | 任务进度轮询完成 
[SYS] 2025/10/20 - 15:42:29 | syncing options from database 
[SYS] 2025/10/20 - 15:42:29 | 任务进度轮询开始 
[INFO] 2025/10/20 - 15:42:29 | SYSTEM | Channel #8 pending video tasks: 22 
[ERR] 2025/10/20 - 15:42:29 | SYSTEM | Channel #8 failed to update video async tasks: video adaptor not found 
[SYS] 2025/10/20 - 15:42:29 | 任务进度轮询完成 
[SYS] 2025/10/20 - 15:42:44 | 任务进度轮询开始 
[INFO] 2025/10/20 - 15:42:44 | SYSTEM | Channel #8 pending video tasks: 22 
[ERR] 2025/10/20 - 15:42:44 | SYSTEM | Channel #8 failed to update video async tasks: video adaptor not found 
[SYS] 2025/10/20 - 15:42:44 | 任务进度轮询完成 
[SYS] 2025/10/20 - 15:42:59 | 任务进度轮询开始 
[INFO] 2025/10/20 - 15:42:59 | SYSTEM | Channel #8 pending video tasks: 22 
[ERR] 2025/10/20 - 15:42:59 | SYSTEM | Channel #8 failed to update video async tasks: video adaptor not found 
[SYS] 2025/10/20 - 15:42:59 | 任务进度轮询完成 
[SYS] 2025/10/20 - 15:43:14 | 任务进度轮询开始 
[INFO] 2025/10/20 - 15:43:14 | SYSTEM | Channel #8 pending video tasks: 22 
[ERR] 2025/10/20 - 15:43:14 | SYSTEM | Channel #8 failed to update video async tasks: video adaptor not found 
[SYS] 2025/10/20 - 15:43:14 | 任务进度轮询完成 
[SYS] 2025/10/20 - 15:43:29 | syncing options from database 
[SYS] 2025/10/20 - 15:43:29 | 任务进度轮询开始 
[INFO] 2025/10/20 - 15:43:29 | SYSTEM | Channel #8 pending video tasks: 22 
[ERR] 2025/10/20 - 15:43:29 | SYSTEM | Channel #8 failed to update video async tasks: video adaptor not found 
[SYS] 2025/10/20 - 15:43:29 | 任务进度轮询完成 
[SYS] 2025/10/20 - 15:43:44 | 任务进度轮询开始 
[INFO] 2025/10/20 - 15:43:44 | SYSTEM | Channel #8 pending video tasks: 22 
[ERR] 2025/10/20 - 15:43:44 | SYSTEM | Channel #8 failed to update video async tasks: video adaptor not found 
[SYS] 2025/10/20 - 15:43:44 | 任务进度轮询完成 
[SYS] 2025/10/20 - 15:43:59 | 任务进度轮询开始 
[INFO] 2025/10/20 - 15:43:59 | SYSTEM | Channel #8 pending video tasks: 22 
[ERR] 2025/10/20 - 15:43:59 | SYSTEM | Channel #8 failed to update video async tasks: video adaptor not found 
[SYS] 2025/10/20 - 15:43:59 | 任务进度轮询完成 
[SYS] 2025/10/20 - 15:44:14 | 任务进度轮询开始 
[INFO] 2025/10/20 - 15:44:14 | SYSTEM | Channel #8 pending video tasks: 22 
[ERR] 2025/10/20 - 15:44:14 | SYSTEM | Channel #8 failed to update video async tasks: video adaptor not found 
[SYS] 2025/10/20 - 15:44:14 | 任务进度轮询完成 
[SYS] 2025/10/20 - 15:44:29 | syncing options from database 
[SYS] 2025/10/20 - 15:44:29 | 任务进度轮询开始 
[INFO] 2025/10/20 - 15:44:29 | SYSTEM | Channel #8 pending video tasks: 22 
[ERR] 2025/10/20 - 15:44:29 | SYSTEM | Channel #8 failed to update video async tasks: video adaptor not found 
[SYS] 2025/10/20 - 15:44:29 | 任务进度轮询完成 
[SYS] 2025/10/20 - 15:44:44 | 任务进度轮询开始 
[INFO] 2025/10/20 - 15:44:44 | SYSTEM | Channel #8 pending video tasks: 22 
[ERR] 2025/10/20 - 15:44:44 | SYSTEM | Channel #8 failed to update video async tasks: video adaptor not found 
[SYS] 2025/10/20 - 15:44:44 | 任务进度轮询完成 
[SYS] 2025/10/20 - 15:44:59 | 任务进度轮询开始 
[INFO] 2025/10/20 - 15:44:59 | SYSTEM | Channel #8 pending video tasks: 22 
[ERR] 2025/10/20 - 15:44:59 | SYSTEM | Channel #8 failed to update video async tasks: video adaptor not found 
[SYS] 2025/10/20 - 15:44:59 | 任务进度轮询完成 
[SYS] 2025/10/20 - 15:45:14 | 任务进度轮询开始 
[INFO] 2025/10/20 - 15:45:14 | SYSTEM | Channel #8 pending video tasks: 22 
[ERR] 2025/10/20 - 15:45:14 | SYSTEM | Channel #8 failed to update video async tasks: video adaptor not found 
[SYS] 2025/10/20 - 15:45:14 | 任务进度轮询完成 
[SYS] 2025/10/20 - 15:45:29 | 正在更新数据看板数据... 
[SYS] 2025/10/20 - 15:45:29 | 保存数据看板数据成功，共保存0条数据 
[SYS] 2025/10/20 - 15:45:29 | syncing options from database 
[SYS] 2025/10/20 - 15:45:29 | 任务进度轮询开始 
[INFO] 2025/10/20 - 15:45:29 | SYSTEM | Channel #8 pending video tasks: 22 
[ERR] 2025/10/20 - 15:45:29 | SYSTEM | Channel #8 failed to update video async tasks: video adaptor not found 
[SYS] 2025/10/20 - 15:45:29 | 任务进度轮询完成 
[SYS] 2025/10/20 - 15:45:44 | 任务进度轮询开始 
[INFO] 2025/10/20 - 15:45:44 | SYSTEM | Channel #8 pending video tasks: 22 
[ERR] 2025/10/20 - 15:45:44 | SYSTEM | Channel #8 failed to update video async tasks: video adaptor not found 
[SYS] 2025/10/20 - 15:45:44 | 任务进度轮询完成 
[SYS] 2025/10/20 - 15:45:59 | 任务进度轮询开始 
[INFO] 2025/10/20 - 15:45:59 | SYSTEM | Channel #8 pending video tasks: 22 
[ERR] 2025/10/20 - 15:45:59 | SYSTEM | Channel #8 failed to update video async tasks: video adaptor not found 
[SYS] 2025/10/20 - 15:45:59 | 任务进度轮询完成 
