[SYS] 2025/11/05 - 14:09:48 | initializing token encoders 
[SYS] 2025/11/05 - 14:09:48 | token encoders initialized 
[SYS] 2025/11/05 - 14:09:48 | SQL_DSN not set, using SQLite as database 
[SYS] 2025/11/05 - 14:09:48 | database migration started 
[SYS] 2025/11/05 - 14:09:48 | system is already initialized at: 2025-09-23 14:26:35 +0800 CST 
[SYS] 2025/11/05 - 14:09:48 | REDIS_CONN_STRING not set, Redis is not enabled 
[SYS] 2025/11/05 - 14:09:48 | New API v0.0.0 started 
[SYS] 2025/11/05 - 14:09:48 | running in debug mode 
[SYS] 2025/11/05 - 14:09:48 | 正在更新数据看板数据... 
[SYS] 2025/11/05 - 14:09:48 | 保存数据看板数据成功，共保存0条数据 
[GIN] 2025/11/05 - 14:09:50 | 20251105140950755461000j8LZ0SjI | 200 |    1.499375ms |             ::1 |     GET /console
[GIN] 2025/11/05 - 14:09:51 | 2025110514095130374000UYv57H7j | 200 |      393.25µs |             ::1 |     GET /api/status
[GIN] 2025/11/05 - 14:09:51 | 2025110514095130306000Zzer5zsE | 200 |    2.142666ms |             ::1 |     GET /api/user/self
[GIN] 2025/11/05 - 14:09:51 | 20251105140951290018000tNbYFdB9 | 200 |     416.625µs |             ::1 |     GET /api/user/self
[GIN] 2025/11/05 - 14:09:51 | 20251105140951328553000T9qkIlPV | 200 |     634.792µs |             ::1 |     GET /api/user/self
[GIN] 2025/11/05 - 14:09:51 | 20251105140951329566000KD8iF9h4 | 200 |     783.416µs |             ::1 |     GET /api/data/?username=&start_timestamp=1762236591&end_timestamp=1762326591&default_time=hour
[GIN] 2025/11/05 - 14:09:51 | 20251105140951366096000s1ArWMH1 | 200 |     143.125µs |             ::1 |     GET /api/uptime/status
[GIN] 2025/11/05 - 14:09:53 | 202511051409537771700000ehMhwsV | 200 |     469.875µs |             ::1 |     GET /api/group/
[GIN] 2025/11/05 - 14:09:53 | 20251105140953777707000Vwy6JfgV | 200 |    1.066459ms |             ::1 |     GET /api/models
[GIN] 2025/11/05 - 14:09:53 | 20251105140953777106000MgMS5ZBj | 200 |    1.922708ms |             ::1 |     GET /api/channel/models
[GIN] 2025/11/05 - 14:09:53 | 20251105140953777710000NJ0V7RkA | 200 |    4.056292ms |             ::1 |     GET /api/channel/?p=1&page_size=10&id_sort=false&tag_mode=false
[GIN] 2025/11/05 - 14:09:54 | 20251105140954815036000mjcuuZtx | 200 |     118.875µs |             ::1 |     GET /api/group/
[GIN] 2025/11/05 - 14:09:54 | 20251105140954815195000cqVFrQ7F | 200 |     607.125µs |             ::1 |     GET /api/channel/1
[GIN] 2025/11/05 - 14:09:54 | 202511051409548150010005rfy7YQS | 200 |       807.5µs |             ::1 |     GET /api/channel/models
[GIN] 2025/11/05 - 14:09:54 | 20251105140954836007000RXK7UWrw | 200 |     618.916µs |             ::1 |     GET /api/prefill_group/?type=model
[SYS] 2025/11/05 - 14:10:03 | 任务进度轮询开始 
[SYS] 2025/11/05 - 14:10:03 | 任务进度轮询完成 
[SYS] 2025/11/05 - 14:10:18 | 任务进度轮询开始 
[SYS] 2025/11/05 - 14:10:18 | 任务进度轮询完成 
[SYS] 2025/11/05 - 14:10:33 | 任务进度轮询开始 
[SYS] 2025/11/05 - 14:10:33 | 任务进度轮询完成 
[SYS] 2025/11/05 - 14:10:48 | syncing options from database 
[SYS] 2025/11/05 - 14:10:48 | 任务进度轮询开始 
[SYS] 2025/11/05 - 14:10:48 | 任务进度轮询完成 
[SYS] 2025/11/05 - 14:11:03 | 任务进度轮询开始 
[SYS] 2025/11/05 - 14:11:03 | 任务进度轮询完成 
[SYS] 2025/11/05 - 14:11:18 | 任务进度轮询开始 
[SYS] 2025/11/05 - 14:11:18 | 任务进度轮询完成 
[SYS] 2025/11/05 - 14:11:33 | 任务进度轮询开始 
[SYS] 2025/11/05 - 14:11:33 | 任务进度轮询完成 
[GIN] 2025/11/05 - 14:11:36 | 20251105141136927440000WVLL2Mry | 200 |     322.208µs |             ::1 |     GET /console/channel
[GIN] 2025/11/05 - 14:11:37 | 20251105141137107275000DgGsuh2k | 200 |       636.5µs |             ::1 |     GET /api/user/self
[GIN] 2025/11/05 - 14:11:37 | 20251105141137107850000AuvdMfGS | 200 |     231.833µs |             ::1 |     GET /api/status
[GIN] 2025/11/05 - 14:11:37 | 20251105141137107565000Ft5Oe0sz | 200 |     782.916µs |             ::1 |     GET /api/group/
[GIN] 2025/11/05 - 14:11:37 | 20251105141137107326000ohei4Ub3 | 200 |    1.030167ms |             ::1 |     GET /api/channel/models
[GIN] 2025/11/05 - 14:11:37 | 20251105141137107999000ltlvbhWV | 200 |     620.916µs |             ::1 |     GET /api/models
[GIN] 2025/11/05 - 14:11:37 | 202511051411371075890001CTrmlcG | 200 |     1.76875ms |             ::1 |     GET /api/channel/?p=1&page_size=10&id_sort=false&tag_mode=false
[GIN] 2025/11/05 - 14:11:37 | 202511051411371420340005l8cL1I3 | 200 |     489.209µs |             ::1 |     GET /api/user/self
[GIN] 2025/11/05 - 14:11:38 | 20251105141138189782000oPk4ytpY | 200 |     187.583µs |             ::1 |     GET /api/group/
[GIN] 2025/11/05 - 14:11:38 | 20251105141138189838000iXGg8PjU | 200 |    1.221041ms |             ::1 |     GET /api/channel/4
[GIN] 2025/11/05 - 14:11:38 | 20251105141138189743000MGcX134r | 200 |    1.672708ms |             ::1 |     GET /api/channel/models
[GIN] 2025/11/05 - 14:11:38 | 20251105141138210072000xl0FDHOu | 200 |     741.625µs |             ::1 |     GET /api/prefill_group/?type=model
[SYS] 2025/11/05 - 14:11:48 | syncing options from database 
[SYS] 2025/11/05 - 14:11:48 | 任务进度轮询开始 
[SYS] 2025/11/05 - 14:11:48 | 任务进度轮询完成 
[SYS] 2025/11/05 - 14:12:03 | 任务进度轮询开始 
[SYS] 2025/11/05 - 14:12:03 | 任务进度轮询完成 
[SYS] 2025/11/05 - 14:12:18 | 任务进度轮询开始 
[SYS] 2025/11/05 - 14:12:18 | 任务进度轮询完成 
[SYS] 2025/11/05 - 14:12:33 | 任务进度轮询开始 
[SYS] 2025/11/05 - 14:12:33 | 任务进度轮询完成 
[SYS] 2025/11/05 - 14:12:48 | syncing options from database 
[SYS] 2025/11/05 - 14:12:48 | 任务进度轮询开始 
[SYS] 2025/11/05 - 14:12:48 | 任务进度轮询完成 
[SYS] 2025/11/05 - 14:13:03 | 任务进度轮询开始 
[SYS] 2025/11/05 - 14:13:03 | 任务进度轮询完成 
