[SYS] 2025/10/20 - 18:21:52 | initializing token encoders 
[SYS] 2025/10/20 - 18:21:52 | token encoders initialized 
[SYS] 2025/10/20 - 18:21:52 | SQL_DSN not set, using SQLite as database 
[SYS] 2025/10/20 - 18:21:52 | database migration started 
[SYS] 2025/10/20 - 18:21:52 | system is already initialized at: 2025-10-10 14:30:09 +0800 CST 
[SYS] 2025/10/20 - 18:21:52 | REDIS_CONN_STRING not set, Redis is not enabled 
[SYS] 2025/10/20 - 18:21:52 | New API v0.0.0 started 
[SYS] 2025/10/20 - 18:21:52 | running in debug mode 
[SYS] 2025/10/20 - 18:21:52 | 正在更新数据看板数据... 
[SYS] 2025/10/20 - 18:21:52 | 保存数据看板数据成功，共保存0条数据 
[SYS] 2025/10/20 - 18:22:00 | [Async Query] 查询 Coze 异步结果: workflow_id=7549079559813087284, execute_id=7563246324050034697 
[SYS] 2025/10/20 - 18:22:00 | [Async Query] Coze 响应: {"code":4100,"msg":"access_token require prefix Bearer in the authorization header","detail":{"logid":"20251020182201E5AEE51762502507EF22"}} 
[GIN] 2025/10/20 - 18:22:00 | 20251020182200881797000fuErdBnH | 500 |  102.694917ms |             ::1 |     GET /v1/workflows/executions/7563246324050034697
[SYS] 2025/10/20 - 18:22:07 | 任务进度轮询开始 
[INFO] 2025/10/20 - 18:22:07 | SYSTEM | Channel #8 pending video tasks: 35 
[ERR] 2025/10/20 - 18:22:07 | SYSTEM | Channel #8 failed to update video async tasks: video adaptor not found 
[SYS] 2025/10/20 - 18:22:07 | 任务进度轮询完成 
[SYS] 2025/10/20 - 18:22:22 | 任务进度轮询开始 
[INFO] 2025/10/20 - 18:22:22 | SYSTEM | Channel #8 pending video tasks: 35 
[ERR] 2025/10/20 - 18:22:22 | SYSTEM | Channel #8 failed to update video async tasks: video adaptor not found 
[SYS] 2025/10/20 - 18:22:22 | 任务进度轮询完成 
[SYS] 2025/10/20 - 18:22:37 | 任务进度轮询开始 
[INFO] 2025/10/20 - 18:22:37 | SYSTEM | Channel #8 pending video tasks: 35 
[ERR] 2025/10/20 - 18:22:37 | SYSTEM | Channel #8 failed to update video async tasks: video adaptor not found 
[SYS] 2025/10/20 - 18:22:37 | 任务进度轮询完成 
[SYS] 2025/10/20 - 18:22:52 | syncing options from database 
[SYS] 2025/10/20 - 18:22:52 | 任务进度轮询开始 
[INFO] 2025/10/20 - 18:22:52 | SYSTEM | Channel #8 pending video tasks: 35 
[ERR] 2025/10/20 - 18:22:52 | SYSTEM | Channel #8 failed to update video async tasks: video adaptor not found 
[SYS] 2025/10/20 - 18:22:52 | 任务进度轮询完成 
[SYS] 2025/10/20 - 18:23:00 | [Async Query] 查询 Coze 异步结果: workflow_id=7549079559813087284, execute_id=7563246324050034697 
[SYS] 2025/10/20 - 18:23:00 | [Async Query] Coze 响应: {"msg":"access_token require prefix Bearer in the authorization header","detail":{"logid":"202510201823012209E5940D7D41129AC9"},"code":4100} 
[GIN] 2025/10/20 - 18:23:00 | 20251020182300854661000dLMiGr4u | 500 |   72.652042ms |             ::1 |     GET /v1/workflows/executions/7563246324050034697
[SYS] 2025/10/20 - 18:23:07 | 任务进度轮询开始 
[INFO] 2025/10/20 - 18:23:07 | SYSTEM | Channel #8 pending video tasks: 35 
[ERR] 2025/10/20 - 18:23:07 | SYSTEM | Channel #8 failed to update video async tasks: video adaptor not found 
[SYS] 2025/10/20 - 18:23:07 | 任务进度轮询完成 
[SYS] 2025/10/20 - 18:23:22 | 任务进度轮询开始 
[INFO] 2025/10/20 - 18:23:22 | SYSTEM | Channel #8 pending video tasks: 35 
[ERR] 2025/10/20 - 18:23:22 | SYSTEM | Channel #8 failed to update video async tasks: video adaptor not found 
[SYS] 2025/10/20 - 18:23:22 | 任务进度轮询完成 
[SYS] 2025/10/20 - 18:23:31 | [Async Query] 查询 Coze 异步结果: workflow_id=7549079559813087284, execute_id=7563246324050034697 
[SYS] 2025/10/20 - 18:23:31 | [Async Query] Coze 响应: {"code":4100,"msg":"access_token require prefix Bearer in the authorization header","detail":{"logid":"20251020182331D70482FAF280CE07FB53"}} 
[GIN] 2025/10/20 - 18:23:31 | 20251020182331116840000oLyr3f2H | 500 |   71.378792ms |             ::1 |     GET /v1/workflows/executions/7563246324050034697
[SYS] 2025/10/20 - 18:23:37 | 任务进度轮询开始 
[INFO] 2025/10/20 - 18:23:37 | SYSTEM | Channel #8 pending video tasks: 35 
[ERR] 2025/10/20 - 18:23:37 | SYSTEM | Channel #8 failed to update video async tasks: video adaptor not found 
[SYS] 2025/10/20 - 18:23:37 | 任务进度轮询完成 
[SYS] 2025/10/20 - 18:23:52 | syncing options from database 
[SYS] 2025/10/20 - 18:23:52 | 任务进度轮询开始 
[INFO] 2025/10/20 - 18:23:52 | SYSTEM | Channel #8 pending video tasks: 35 
[ERR] 2025/10/20 - 18:23:52 | SYSTEM | Channel #8 failed to update video async tasks: video adaptor not found 
[SYS] 2025/10/20 - 18:23:52 | 任务进度轮询完成 
[SYS] 2025/10/20 - 18:24:07 | 任务进度轮询开始 
[INFO] 2025/10/20 - 18:24:07 | SYSTEM | Channel #8 pending video tasks: 35 
[ERR] 2025/10/20 - 18:24:07 | SYSTEM | Channel #8 failed to update video async tasks: video adaptor not found 
[SYS] 2025/10/20 - 18:24:07 | 任务进度轮询完成 
[SYS] 2025/10/20 - 18:24:22 | 任务进度轮询开始 
[INFO] 2025/10/20 - 18:24:22 | SYSTEM | Channel #8 pending video tasks: 35 
[ERR] 2025/10/20 - 18:24:22 | SYSTEM | Channel #8 failed to update video async tasks: video adaptor not found 
[SYS] 2025/10/20 - 18:24:22 | 任务进度轮询完成 
[SYS] 2025/10/20 - 18:24:37 | 任务进度轮询开始 
[INFO] 2025/10/20 - 18:24:37 | SYSTEM | Channel #8 pending video tasks: 35 
[ERR] 2025/10/20 - 18:24:37 | SYSTEM | Channel #8 failed to update video async tasks: video adaptor not found 
[SYS] 2025/10/20 - 18:24:37 | 任务进度轮询完成 
[SYS] 2025/10/20 - 18:24:52 | syncing options from database 
[SYS] 2025/10/20 - 18:24:52 | 任务进度轮询开始 
[INFO] 2025/10/20 - 18:24:52 | SYSTEM | Channel #8 pending video tasks: 35 
[ERR] 2025/10/20 - 18:24:52 | SYSTEM | Channel #8 failed to update video async tasks: video adaptor not found 
[SYS] 2025/10/20 - 18:24:52 | 任务进度轮询完成 
[SYS] 2025/10/20 - 18:25:07 | 任务进度轮询开始 
[INFO] 2025/10/20 - 18:25:07 | SYSTEM | Channel #8 pending video tasks: 35 
[ERR] 2025/10/20 - 18:25:07 | SYSTEM | Channel #8 failed to update video async tasks: video adaptor not found 
[SYS] 2025/10/20 - 18:25:07 | 任务进度轮询完成 
[SYS] 2025/10/20 - 18:25:22 | 任务进度轮询开始 
[INFO] 2025/10/20 - 18:25:22 | SYSTEM | Channel #8 pending video tasks: 35 
[ERR] 2025/10/20 - 18:25:22 | SYSTEM | Channel #8 failed to update video async tasks: video adaptor not found 
[SYS] 2025/10/20 - 18:25:22 | 任务进度轮询完成 
[SYS] 2025/10/20 - 18:25:37 | 任务进度轮询开始 
[INFO] 2025/10/20 - 18:25:37 | SYSTEM | Channel #8 pending video tasks: 35 
[ERR] 2025/10/20 - 18:25:37 | SYSTEM | Channel #8 failed to update video async tasks: video adaptor not found 
[SYS] 2025/10/20 - 18:25:37 | 任务进度轮询完成 
[GIN] 2025/10/20 - 18:25:48 | 20251020182548314228000YRLraTaA | 200 |     272.125µs |             ::1 |     GET /console/task
[GIN] 2025/10/20 - 18:25:48 | 20251020182548426914000FPqL1Di5 | 200 |     296.959µs |             ::1 |     GET /api/status
[GIN] 2025/10/20 - 18:25:48 | 2025102018254842684900052CNEU8b | 200 |     807.625µs |             ::1 |     GET /api/user/self
[GIN] 2025/10/20 - 18:25:48 | 20251020182548426910000UltvqVCI | 200 |    1.310291ms |             ::1 |     GET /api/task/?p=1&page_size=10&channel_id=&task_id=&start_timestamp=1760889600&end_timestamp=1760959548
[SYS] 2025/10/20 - 18:25:52 | syncing options from database 
[SYS] 2025/10/20 - 18:25:52 | 任务进度轮询开始 
[INFO] 2025/10/20 - 18:25:52 | SYSTEM | Channel #8 pending video tasks: 35 
[ERR] 2025/10/20 - 18:25:52 | SYSTEM | Channel #8 failed to update video async tasks: video adaptor not found 
[SYS] 2025/10/20 - 18:25:52 | 任务进度轮询完成 
[INFO] 2025/10/20 - 18:25:55 | 2025102018255592017000x492Rcgg | 用户 1 额度充足且为无限额度令牌, 信任且不需要预扣费 
[SYS] 2025/10/20 - 18:25:55 | [Async] Detected async workflow request: model=coze-workflow-async, stream=false 
[DEBUG] 2025/10/20 - 18:25:55 | 2025102018255592017000x492Rcgg | text request body: null 
[SYS] 2025/10/20 - 18:25:55 | DoRequest called with OriginModelName: coze-workflow-async 
[SYS] 2025/10/20 - 18:25:55 | [Async] Processing async workflow request in DoRequest 
[SYS] 2025/10/20 - 18:25:55 | [Async] 调用 Coze 官方异步接口: workflow_id=7549079559813087284 
[SYS] 2025/10/20 - 18:25:55 | [Async] 请求体: {"workflow_id":"7549079559813087284","parameters":{"input":"爱情让人成长"},"is_async":true} 
[SYS] 2025/10/20 - 18:25:55 | [OAuth Debug] 缓存未命中，开始生成新 token 
[SYS] 2025/10/20 - 18:25:55 | [OAuth Debug] JWT 签名成功 (前50字符): eyJhbGciOiJSUzI1NiIsImtpZCI6Im9rQ0UzWE95TXZDeDlwNU... 
[SYS] 2025/10/20 - 18:25:55 | [OAuth Debug] 向 https://api.coze.cn/api/permission/oauth2/token 发送 token 交换请求 
[SYS] 2025/10/20 - 18:25:55 | [OAuth Debug] Token 交换响应状态: 200, 响应体: {"access_token":"czs_lLR3tXoR6qZZcmuMiT7DzJhi7znj8e6hV5x9611meGYDibZlSyg8ObvFZkOMJMDQ3","expires_in":1760956855,"token_type":"Bearer"} 
[SYS] 2025/10/20 - 18:25:55 | [OAuth Debug] Access token 获取成功 (前20字符): czs_lLR3tXoR6qZZcmuM... 
[SYS] 2025/10/20 - 18:25:55 | [Async] Coze 响应: {"detail":{"logid":"202510201825556EC142672F7F53052F71"},"code":0,"msg":"","debug_url":"https://www.coze.cn/work_flow?execute_id=7563248237575241762&space_id=7549033030220857353&workflow_id=7549079559813087284&execute_mode=2","execute_id":"7563248237575241762"} 
[SYS] 2025/10/20 - 18:25:55 | [Async] 任务提交成功: execute_id=7563248237575241762, debug_url=https://www.coze.cn/work_flow?execute_id=7563248237575241762&space_id=7549033030220857353&workflow_id=7549079559813087284&execute_mode=2 
[SYS] 2025/10/20 - 18:25:55 | [Async] Response already sent, skipping DoResponse 
[ERR] 2025/10/20 - 18:25:55 | 2025102018255592017000x492Rcgg | total tokens is 0, cannot consume quota, userId 1, channelId 8, tokenId 1, model coze-workflow-async， pre-consumed quota 0 
[INFO] 2025/10/20 - 18:25:55 | 2025102018255592017000x492Rcgg | Skipping log for async workflow - log will be created when task completes 
[GIN] 2025/10/20 - 18:25:55 | 2025102018255592017000x492Rcgg | 200 |  330.122584ms |             ::1 |    POST /v1/chat/completions
[SYS] 2025/10/20 - 18:25:55 | [Async Query] 查询 Coze 异步结果: workflow_id=7549079559813087284, execute_id=7563248237575241762 
[SYS] 2025/10/20 - 18:25:55 | [Async Query] Coze 响应: {"detail":{"logid":"2025102018255620D3B98E0A7CC80AD201"},"code":4100,"msg":"access_token require prefix Bearer in the authorization header"} 
[GIN] 2025/10/20 - 18:25:55 | 20251020182555829223000KF4ZilkM | 500 |   75.413541ms |             ::1 |     GET /v1/workflows/executions/7563248237575241762
[SYS] 2025/10/20 - 18:26:07 | 任务进度轮询开始 
[INFO] 2025/10/20 - 18:26:07 | SYSTEM | Channel #8 pending video tasks: 36 
[ERR] 2025/10/20 - 18:26:07 | SYSTEM | Channel #8 failed to update video async tasks: video adaptor not found 
[SYS] 2025/10/20 - 18:26:07 | 任务进度轮询完成 
[SYS] 2025/10/20 - 18:26:22 | 任务进度轮询开始 
[INFO] 2025/10/20 - 18:26:22 | SYSTEM | Channel #8 pending video tasks: 36 
[ERR] 2025/10/20 - 18:26:22 | SYSTEM | Channel #8 failed to update video async tasks: video adaptor not found 
[SYS] 2025/10/20 - 18:26:22 | 任务进度轮询完成 
[SYS] 2025/10/20 - 18:26:37 | 任务进度轮询开始 
[INFO] 2025/10/20 - 18:26:37 | SYSTEM | Channel #8 pending video tasks: 36 
[ERR] 2025/10/20 - 18:26:37 | SYSTEM | Channel #8 failed to update video async tasks: video adaptor not found 
[SYS] 2025/10/20 - 18:26:37 | 任务进度轮询完成 
[SYS] 2025/10/20 - 18:26:52 | 正在更新数据看板数据... 
[SYS] 2025/10/20 - 18:26:52 | 保存数据看板数据成功，共保存0条数据 
[SYS] 2025/10/20 - 18:26:52 | syncing options from database 
[SYS] 2025/10/20 - 18:26:52 | 任务进度轮询开始 
[INFO] 2025/10/20 - 18:26:52 | SYSTEM | Channel #8 pending video tasks: 36 
[ERR] 2025/10/20 - 18:26:52 | SYSTEM | Channel #8 failed to update video async tasks: video adaptor not found 
[SYS] 2025/10/20 - 18:26:52 | 任务进度轮询完成 
[SYS] 2025/10/20 - 18:27:07 | 任务进度轮询开始 
[INFO] 2025/10/20 - 18:27:07 | SYSTEM | Channel #8 pending video tasks: 36 
[ERR] 2025/10/20 - 18:27:07 | SYSTEM | Channel #8 failed to update video async tasks: video adaptor not found 
[SYS] 2025/10/20 - 18:27:07 | 任务进度轮询完成 
[SYS] 2025/10/20 - 18:27:22 | 任务进度轮询开始 
[INFO] 2025/10/20 - 18:27:22 | SYSTEM | Channel #8 pending video tasks: 36 
[ERR] 2025/10/20 - 18:27:22 | SYSTEM | Channel #8 failed to update video async tasks: video adaptor not found 
[SYS] 2025/10/20 - 18:27:22 | 任务进度轮询完成 
[SYS] 2025/10/20 - 18:27:37 | 任务进度轮询开始 
[INFO] 2025/10/20 - 18:27:37 | SYSTEM | Channel #8 pending video tasks: 36 
[ERR] 2025/10/20 - 18:27:37 | SYSTEM | Channel #8 failed to update video async tasks: video adaptor not found 
[SYS] 2025/10/20 - 18:27:37 | 任务进度轮询完成 
