[SYS] 2025/11/04 - 18:16:35 | initializing token encoders 
[SYS] 2025/11/04 - 18:16:35 | token encoders initialized 
[SYS] 2025/11/04 - 18:16:35 | SQL_DSN not set, using SQLite as database 
[SYS] 2025/11/04 - 18:16:35 | database migration started 
[SYS] 2025/11/04 - 18:16:35 | system is already initialized at: 2025-09-23 14:26:35 +0800 CST 
[SYS] 2025/11/04 - 18:16:35 | REDIS_CONN_STRING not set, Redis is not enabled 
[SYS] 2025/11/04 - 18:16:35 | New API v0.0.0 started 
[SYS] 2025/11/04 - 18:16:35 | running in debug mode 
[SYS] 2025/11/04 - 18:16:35 | 正在更新数据看板数据... 
[SYS] 2025/11/04 - 18:16:35 | 保存数据看板数据成功，共保存0条数据 
[SYS] 2025/11/04 - 18:16:50 | 任务进度轮询开始 
[SYS] 2025/11/04 - 18:16:50 | 任务进度轮询完成 
[SYS] 2025/11/04 - 18:17:05 | 任务进度轮询开始 
[SYS] 2025/11/04 - 18:17:05 | 任务进度轮询完成 
[SYS] 2025/11/04 - 18:17:20 | 任务进度轮询开始 
[SYS] 2025/11/04 - 18:17:20 | 任务进度轮询完成 
[SYS] 2025/11/04 - 18:17:35 | syncing options from database 
[SYS] 2025/11/04 - 18:17:35 | 任务进度轮询开始 
[SYS] 2025/11/04 - 18:17:35 | 任务进度轮询完成 
[SYS] 2025/11/04 - 18:17:50 | 任务进度轮询开始 
[SYS] 2025/11/04 - 18:17:50 | 任务进度轮询完成 
[GIN] 2025/11/04 - 18:18:01 | 202511041818014041310002VVU0nKz | 200 |     557.917µs |             ::1 |     GET /console/channel
[GIN] 2025/11/04 - 18:18:01 | 20251104181801425305000QjlNsByy | 200 |     136.333µs |             ::1 |     GET /.well-known/appspecific/com.chrome.devtools.json
[GIN] 2025/11/04 - 18:18:01 | 20251104181801434912000E45tOuQl | 200 |    5.355792ms |             ::1 |     GET /assets/react-components-BnylIsR_.js
[GIN] 2025/11/04 - 18:18:01 | 20251104181801444389000tm6pibx0 | 200 |    6.481833ms |             ::1 |     GET /assets/i18n-bH1aaDdY.js
[GIN] 2025/11/04 - 18:18:01 | 20251104181801452138000v2ofPnY2 | 200 |    6.348708ms |             ::1 |     GET /assets/tools-DfDywZp9.js
[GIN] 2025/11/04 - 18:18:01 | 202511041818014340880002kq5K0FJ | 200 |    30.50675ms |             ::1 |     GET /assets/react-core-D-iPSUlg.js
[GIN] 2025/11/04 - 18:18:01 | 202511041818014322240008pH3SLio | 200 |   38.951584ms |             ::1 |     GET /assets/semi-ui-yRXI6evF.css
[GIN] 2025/11/04 - 18:18:01 | 20251104181801432964000UXMUWDKA | 200 |    41.25875ms |             ::1 |     GET /assets/index-C6TxzCs_.css
[GIN] 2025/11/04 - 18:18:01 | 202511041818014347960006MuXM7dR | 200 |   98.763416ms |             ::1 |     GET /assets/semi-ui-C8lvzIot.js
[GIN] 2025/11/04 - 18:18:01 | 20251104181801429791000XeSKkEKx | 200 |  182.077875ms |             ::1 |     GET /assets/index-Dz7b1m9y.js
[GIN] 2025/11/04 - 18:18:01 | 20251104181801737790000SWXNZKZj | 200 |    1.083833ms |             ::1 |     GET /api/user/self
[GIN] 2025/11/04 - 18:18:01 | 20251104181801739897000QAlFUpQi | 200 |     594.917µs |             ::1 |     GET /api/group/
[GIN] 2025/11/04 - 18:18:01 | 20251104181801739889000smg8B8kQ | 200 |    1.468542ms |             ::1 |     GET /api/channel/models
[GIN] 2025/11/04 - 18:18:01 | 20251104181801740396000fLflGbLo | 200 |      1.0385ms |             ::1 |     GET /api/models
[GIN] 2025/11/04 - 18:18:01 | 20251104181801740498000fln8tkZn | 200 |    1.317542ms |             ::1 |     GET /api/status
[GIN] 2025/11/04 - 18:18:01 | 20251104181801740105000LsfzzFdm | 200 |    3.613167ms |             ::1 |     GET /api/channel/?p=1&page_size=10&id_sort=false&tag_mode=false
[GIN] 2025/11/04 - 18:18:01 | 20251104181801744115000i4acZem7 | 200 |   146.70925ms |             ::1 |     GET /logo.png
[GIN] 2025/11/04 - 18:18:01 | 20251104181801912349000iSzO3jEk | 200 |     2.72225ms |             ::1 |     GET /api/user/self
[GIN] 2025/11/04 - 18:18:02 | 20251104181801999206000j8Cll3O9 | 200 |       7.291ms |             ::1 |     GET /logo.png
[GIN] 2025/11/04 - 18:18:03 | 20251104181803374461000hGZ5KRiF | 200 |     250.541µs |             ::1 |     GET /api/group/
[GIN] 2025/11/04 - 18:18:03 | 20251104181803374540000JNJVyslT | 200 |      751.75µs |             ::1 |     GET /api/channel/1
[GIN] 2025/11/04 - 18:18:03 | 20251104181803374363000DOkDpP8U | 200 |     997.417µs |             ::1 |     GET /api/channel/models
[GIN] 2025/11/04 - 18:18:03 | 20251104181803398982000cOqjrAJ4 | 200 |      570.25µs |             ::1 |     GET /api/prefill_group/?type=model
[SYS] 2025/11/04 - 18:18:05 | 任务进度轮询开始 
[SYS] 2025/11/04 - 18:18:05 | 任务进度轮询完成 
[SYS] 2025/11/04 - 18:18:20 | 任务进度轮询开始 
[SYS] 2025/11/04 - 18:18:20 | 任务进度轮询完成 
[SYS] 2025/11/04 - 18:18:35 | syncing options from database 
[SYS] 2025/11/04 - 18:18:35 | 任务进度轮询开始 
[SYS] 2025/11/04 - 18:18:35 | 任务进度轮询完成 
[SYS] 2025/11/04 - 18:18:50 | 任务进度轮询开始 
[SYS] 2025/11/04 - 18:18:50 | 任务进度轮询完成 
[SYS] 2025/11/04 - 18:19:05 | 任务进度轮询开始 
[SYS] 2025/11/04 - 18:19:05 | 任务进度轮询完成 
[SYS] 2025/11/04 - 18:19:20 | 任务进度轮询开始 
[SYS] 2025/11/04 - 18:19:20 | 任务进度轮询完成 
[SYS] 2025/11/04 - 18:19:35 | syncing options from database 
[SYS] 2025/11/04 - 18:19:35 | 任务进度轮询开始 
[SYS] 2025/11/04 - 18:19:35 | 任务进度轮询完成 
[SYS] 2025/11/04 - 18:19:50 | 任务进度轮询开始 
[SYS] 2025/11/04 - 18:19:50 | 任务进度轮询完成 
[SYS] 2025/11/04 - 18:20:05 | 任务进度轮询开始 
[SYS] 2025/11/04 - 18:20:05 | 任务进度轮询完成 
[SYS] 2025/11/04 - 18:20:20 | 任务进度轮询开始 
[SYS] 2025/11/04 - 18:20:20 | 任务进度轮询完成 
[SYS] 2025/11/04 - 18:20:35 | syncing options from database 
[SYS] 2025/11/04 - 18:20:35 | 任务进度轮询开始 
[SYS] 2025/11/04 - 18:20:35 | 任务进度轮询完成 
[SYS] 2025/11/04 - 18:20:50 | 任务进度轮询开始 
[SYS] 2025/11/04 - 18:20:50 | 任务进度轮询完成 
[SYS] 2025/11/04 - 18:21:05 | 任务进度轮询开始 
[SYS] 2025/11/04 - 18:21:05 | 任务进度轮询完成 
[SYS] 2025/11/04 - 18:21:20 | 任务进度轮询开始 
[SYS] 2025/11/04 - 18:21:20 | 任务进度轮询完成 
[SYS] 2025/11/04 - 18:21:35 | 正在更新数据看板数据... 
[SYS] 2025/11/04 - 18:21:35 | 保存数据看板数据成功，共保存0条数据 
[SYS] 2025/11/04 - 18:21:35 | syncing options from database 
[SYS] 2025/11/04 - 18:21:35 | 任务进度轮询开始 
[SYS] 2025/11/04 - 18:21:35 | 任务进度轮询完成 
[SYS] 2025/11/04 - 18:21:50 | 任务进度轮询开始 
[SYS] 2025/11/04 - 18:21:50 | 任务进度轮询完成 
[SYS] 2025/11/04 - 18:22:05 | 任务进度轮询开始 
[SYS] 2025/11/04 - 18:22:05 | 任务进度轮询完成 
[SYS] 2025/11/04 - 18:22:20 | 任务进度轮询开始 
[SYS] 2025/11/04 - 18:22:20 | 任务进度轮询完成 
[SYS] 2025/11/04 - 18:22:35 | syncing options from database 
[SYS] 2025/11/04 - 18:22:35 | 任务进度轮询开始 
[SYS] 2025/11/04 - 18:22:35 | 任务进度轮询完成 
[SYS] 2025/11/04 - 18:22:50 | 任务进度轮询开始 
[SYS] 2025/11/04 - 18:22:50 | 任务进度轮询完成 
[SYS] 2025/11/04 - 18:23:05 | 任务进度轮询开始 
[SYS] 2025/11/04 - 18:23:05 | 任务进度轮询完成 
[SYS] 2025/11/04 - 18:23:20 | 任务进度轮询开始 
[SYS] 2025/11/04 - 18:23:20 | 任务进度轮询完成 
[SYS] 2025/11/04 - 18:23:35 | syncing options from database 
[SYS] 2025/11/04 - 18:23:35 | 任务进度轮询开始 
[SYS] 2025/11/04 - 18:23:35 | 任务进度轮询完成 
[SYS] 2025/11/04 - 18:23:50 | 任务进度轮询开始 
[SYS] 2025/11/04 - 18:23:50 | 任务进度轮询完成 
[SYS] 2025/11/04 - 18:24:05 | 任务进度轮询开始 
[SYS] 2025/11/04 - 18:24:05 | 任务进度轮询完成 
[SYS] 2025/11/04 - 18:24:20 | 任务进度轮询开始 
[SYS] 2025/11/04 - 18:24:20 | 任务进度轮询完成 
[SYS] 2025/11/04 - 18:24:35 | syncing options from database 
[SYS] 2025/11/04 - 18:24:35 | 任务进度轮询开始 
[SYS] 2025/11/04 - 18:24:35 | 任务进度轮询完成 
[SYS] 2025/11/04 - 18:24:50 | 任务进度轮询开始 
[SYS] 2025/11/04 - 18:24:50 | 任务进度轮询完成 
[SYS] 2025/11/04 - 18:25:05 | 任务进度轮询开始 
[SYS] 2025/11/04 - 18:25:05 | 任务进度轮询完成 
[SYS] 2025/11/04 - 18:25:20 | 任务进度轮询开始 
[SYS] 2025/11/04 - 18:25:20 | 任务进度轮询完成 
[SYS] 2025/11/04 - 18:25:35 | syncing options from database 
[SYS] 2025/11/04 - 18:25:35 | 任务进度轮询开始 
[SYS] 2025/11/04 - 18:25:35 | 任务进度轮询完成 
[SYS] 2025/11/04 - 18:25:50 | 任务进度轮询开始 
[SYS] 2025/11/04 - 18:25:50 | 任务进度轮询完成 
[SYS] 2025/11/04 - 18:26:05 | 任务进度轮询开始 
[SYS] 2025/11/04 - 18:26:05 | 任务进度轮询完成 
[SYS] 2025/11/04 - 18:26:20 | 任务进度轮询开始 
[SYS] 2025/11/04 - 18:26:20 | 任务进度轮询完成 
[SYS] 2025/11/04 - 18:26:35 | 正在更新数据看板数据... 
[SYS] 2025/11/04 - 18:26:35 | 保存数据看板数据成功，共保存0条数据 
[SYS] 2025/11/04 - 18:26:35 | syncing options from database 
[SYS] 2025/11/04 - 18:26:35 | 任务进度轮询开始 
[SYS] 2025/11/04 - 18:26:35 | 任务进度轮询完成 
[SYS] 2025/11/04 - 18:26:50 | 任务进度轮询开始 
[SYS] 2025/11/04 - 18:26:50 | 任务进度轮询完成 
[SYS] 2025/11/04 - 18:27:05 | 任务进度轮询开始 
[SYS] 2025/11/04 - 18:27:05 | 任务进度轮询完成 
[SYS] 2025/11/04 - 18:27:20 | 任务进度轮询开始 
[SYS] 2025/11/04 - 18:27:20 | 任务进度轮询完成 
[SYS] 2025/11/04 - 18:27:35 | syncing options from database 
[SYS] 2025/11/04 - 18:27:35 | 任务进度轮询开始 
[SYS] 2025/11/04 - 18:27:35 | 任务进度轮询完成 
[SYS] 2025/11/04 - 18:27:50 | 任务进度轮询开始 
[SYS] 2025/11/04 - 18:27:50 | 任务进度轮询完成 
[SYS] 2025/11/04 - 18:28:05 | 任务进度轮询开始 
[SYS] 2025/11/04 - 18:28:05 | 任务进度轮询完成 
[SYS] 2025/11/04 - 18:28:20 | 任务进度轮询开始 
[SYS] 2025/11/04 - 18:28:20 | 任务进度轮询完成 
[SYS] 2025/11/04 - 18:28:35 | syncing options from database 
[SYS] 2025/11/04 - 18:28:35 | 任务进度轮询开始 
[SYS] 2025/11/04 - 18:28:35 | 任务进度轮询完成 
[SYS] 2025/11/04 - 18:28:50 | 任务进度轮询开始 
[SYS] 2025/11/04 - 18:28:50 | 任务进度轮询完成 
[SYS] 2025/11/04 - 18:29:05 | 任务进度轮询开始 
[SYS] 2025/11/04 - 18:29:05 | 任务进度轮询完成 
[SYS] 2025/11/04 - 18:29:20 | 任务进度轮询开始 
[SYS] 2025/11/04 - 18:29:20 | 任务进度轮询完成 
[SYS] 2025/11/04 - 18:29:35 | syncing options from database 
[SYS] 2025/11/04 - 18:29:35 | 任务进度轮询开始 
[SYS] 2025/11/04 - 18:29:35 | 任务进度轮询完成 
[SYS] 2025/11/04 - 18:29:50 | 任务进度轮询开始 
[SYS] 2025/11/04 - 18:29:50 | 任务进度轮询完成 
[SYS] 2025/11/04 - 18:30:05 | 任务进度轮询开始 
[SYS] 2025/11/04 - 18:30:05 | 任务进度轮询完成 
[SYS] 2025/11/04 - 18:30:20 | 任务进度轮询开始 
[SYS] 2025/11/04 - 18:30:20 | 任务进度轮询完成 
[SYS] 2025/11/04 - 18:30:35 | syncing options from database 
[SYS] 2025/11/04 - 18:30:35 | 任务进度轮询开始 
[SYS] 2025/11/04 - 18:30:35 | 任务进度轮询完成 
[SYS] 2025/11/04 - 18:30:50 | 任务进度轮询开始 
[SYS] 2025/11/04 - 18:30:50 | 任务进度轮询完成 
[SYS] 2025/11/04 - 18:31:05 | 任务进度轮询开始 
[SYS] 2025/11/04 - 18:31:05 | 任务进度轮询完成 
[SYS] 2025/11/04 - 18:48:38 | 任务进度轮询开始 
[SYS] 2025/11/04 - 18:48:38 | 任务进度轮询完成 
[SYS] 2025/11/04 - 18:48:53 | 正在更新数据看板数据... 
[SYS] 2025/11/04 - 18:48:53 | 保存数据看板数据成功，共保存0条数据 
[SYS] 2025/11/04 - 18:48:53 | syncing options from database 
[SYS] 2025/11/04 - 18:48:53 | 任务进度轮询开始 
[SYS] 2025/11/04 - 18:48:53 | 任务进度轮询完成 
[SYS] 2025/11/04 - 18:49:08 | 任务进度轮询开始 
[SYS] 2025/11/04 - 18:49:08 | 任务进度轮询完成 
[SYS] 2025/11/04 - 18:49:23 | 任务进度轮询开始 
[SYS] 2025/11/04 - 18:49:23 | 任务进度轮询完成 
[SYS] 2025/11/04 - 18:49:38 | 任务进度轮询开始 
[SYS] 2025/11/04 - 18:49:38 | 任务进度轮询完成 
[SYS] 2025/11/04 - 18:49:53 | syncing options from database 
[SYS] 2025/11/04 - 18:49:53 | 任务进度轮询开始 
[SYS] 2025/11/04 - 18:49:53 | 任务进度轮询完成 
[SYS] 2025/11/04 - 18:50:08 | 任务进度轮询开始 
[SYS] 2025/11/04 - 18:50:08 | 任务进度轮询完成 
[SYS] 2025/11/04 - 18:50:23 | 任务进度轮询开始 
[SYS] 2025/11/04 - 18:50:23 | 任务进度轮询完成 
[SYS] 2025/11/04 - 18:50:38 | 任务进度轮询开始 
[SYS] 2025/11/04 - 18:50:38 | 任务进度轮询完成 
[SYS] 2025/11/04 - 18:50:53 | syncing options from database 
[SYS] 2025/11/04 - 18:50:53 | 任务进度轮询开始 
[SYS] 2025/11/04 - 18:50:53 | 任务进度轮询完成 
[SYS] 2025/11/04 - 18:51:08 | 任务进度轮询开始 
[SYS] 2025/11/04 - 18:51:08 | 任务进度轮询完成 
[SYS] 2025/11/04 - 18:51:23 | 任务进度轮询开始 
[SYS] 2025/11/04 - 18:51:23 | 任务进度轮询完成 
[SYS] 2025/11/04 - 19:07:10 | 任务进度轮询开始 
[SYS] 2025/11/04 - 19:07:10 | 任务进度轮询完成 
[SYS] 2025/11/04 - 19:07:24 | syncing options from database 
[SYS] 2025/11/04 - 19:07:25 | 任务进度轮询开始 
[SYS] 2025/11/04 - 19:07:25 | 任务进度轮询完成 
[SYS] 2025/11/04 - 19:07:40 | 任务进度轮询开始 
[SYS] 2025/11/04 - 19:07:40 | 任务进度轮询完成 
[SYS] 2025/11/04 - 19:07:55 | 任务进度轮询开始 
[SYS] 2025/11/04 - 19:07:55 | 任务进度轮询完成 
[SYS] 2025/11/04 - 19:08:10 | 任务进度轮询开始 
[SYS] 2025/11/04 - 19:08:10 | 任务进度轮询完成 
[SYS] 2025/11/04 - 19:23:21 | syncing options from database 
[SYS] 2025/11/04 - 19:23:22 | 任务进度轮询开始 
[SYS] 2025/11/04 - 19:23:22 | 任务进度轮询完成 
[SYS] 2025/11/04 - 19:23:37 | 任务进度轮询开始 
[SYS] 2025/11/04 - 19:23:37 | 任务进度轮询完成 
[SYS] 2025/11/04 - 19:23:52 | 任务进度轮询开始 
[SYS] 2025/11/04 - 19:23:52 | 任务进度轮询完成 
[SYS] 2025/11/04 - 19:40:32 | 任务进度轮询开始 
[SYS] 2025/11/04 - 19:40:32 | 任务进度轮询完成 
[SYS] 2025/11/04 - 19:40:47 | 正在更新数据看板数据... 
[SYS] 2025/11/04 - 19:40:47 | 保存数据看板数据成功，共保存0条数据 
[SYS] 2025/11/04 - 19:40:47 | syncing options from database 
[SYS] 2025/11/04 - 19:40:47 | 任务进度轮询开始 
[SYS] 2025/11/04 - 19:40:47 | 任务进度轮询完成 
[SYS] 2025/11/04 - 19:41:02 | 任务进度轮询开始 
[SYS] 2025/11/04 - 19:41:02 | 任务进度轮询完成 
[SYS] 2025/11/04 - 19:58:27 | 任务进度轮询开始 
[SYS] 2025/11/04 - 19:58:27 | 任务进度轮询完成 
[SYS] 2025/11/04 - 19:58:42 | 任务进度轮询开始 
[SYS] 2025/11/04 - 19:58:42 | 任务进度轮询完成 
[SYS] 2025/11/04 - 19:58:56 | syncing options from database 
[SYS] 2025/11/04 - 19:58:57 | 任务进度轮询开始 
[SYS] 2025/11/04 - 19:58:57 | 任务进度轮询完成 
[SYS] 2025/11/04 - 19:59:12 | 任务进度轮询开始 
[SYS] 2025/11/04 - 19:59:12 | 任务进度轮询完成 
[SYS] 2025/11/04 - 20:14:43 | 任务进度轮询开始 
[SYS] 2025/11/04 - 20:14:43 | 任务进度轮询完成 
[SYS] 2025/11/04 - 20:14:58 | 任务进度轮询开始 
[SYS] 2025/11/04 - 20:14:58 | 任务进度轮询完成 
[SYS] 2025/11/04 - 20:15:12 | syncing options from database 
[SYS] 2025/11/04 - 20:15:13 | 任务进度轮询开始 
[SYS] 2025/11/04 - 20:15:13 | 任务进度轮询完成 
[SYS] 2025/11/04 - 20:30:28 | 任务进度轮询开始 
[SYS] 2025/11/04 - 20:30:28 | 任务进度轮询完成 
[SYS] 2025/11/04 - 20:30:43 | 任务进度轮询开始 
[SYS] 2025/11/04 - 20:30:43 | 任务进度轮询完成 
[SYS] 2025/11/04 - 20:30:58 | 任务进度轮询开始 
[SYS] 2025/11/04 - 20:30:58 | 任务进度轮询完成 
[SYS] 2025/11/04 - 20:32:15 | syncing options from database 
[SYS] 2025/11/04 - 20:32:16 | 任务进度轮询开始 
[SYS] 2025/11/04 - 20:32:16 | 任务进度轮询完成 
[SYS] 2025/11/04 - 20:32:31 | 任务进度轮询开始 
[SYS] 2025/11/04 - 20:32:31 | 任务进度轮询完成 
[SYS] 2025/11/04 - 20:32:46 | 任务进度轮询开始 
[SYS] 2025/11/04 - 20:32:46 | 任务进度轮询完成 
[SYS] 2025/11/04 - 20:50:01 | 任务进度轮询开始 
[SYS] 2025/11/04 - 20:50:01 | 任务进度轮询完成 
[SYS] 2025/11/04 - 20:50:15 | syncing options from database 
[SYS] 2025/11/04 - 20:50:16 | 任务进度轮询开始 
[SYS] 2025/11/04 - 20:50:16 | 任务进度轮询完成 
[SYS] 2025/11/04 - 20:50:31 | 任务进度轮询开始 
[SYS] 2025/11/04 - 20:50:31 | 任务进度轮询完成 
[SYS] 2025/11/04 - 20:50:46 | 任务进度轮询开始 
[SYS] 2025/11/04 - 20:50:46 | 任务进度轮询完成 
[SYS] 2025/11/04 - 20:51:01 | 任务进度轮询开始 
[SYS] 2025/11/04 - 20:51:01 | 任务进度轮询完成 
[SYS] 2025/11/04 - 21:07:07 | 正在更新数据看板数据... 
[SYS] 2025/11/04 - 21:07:07 | 保存数据看板数据成功，共保存0条数据 
[SYS] 2025/11/04 - 21:07:07 | syncing options from database 
[SYS] 2025/11/04 - 21:07:08 | 任务进度轮询开始 
[SYS] 2025/11/04 - 21:07:08 | 任务进度轮询完成 
[SYS] 2025/11/04 - 21:07:23 | 任务进度轮询开始 
[SYS] 2025/11/04 - 21:07:23 | 任务进度轮询完成 
[SYS] 2025/11/04 - 21:07:38 | 任务进度轮询开始 
[SYS] 2025/11/04 - 21:07:38 | 任务进度轮询完成 
[SYS] 2025/11/04 - 21:07:53 | 任务进度轮询开始 
[SYS] 2025/11/04 - 21:07:53 | 任务进度轮询完成 
[SYS] 2025/11/04 - 21:24:06 | syncing options from database 
[SYS] 2025/11/04 - 21:24:07 | 任务进度轮询开始 
[SYS] 2025/11/04 - 21:24:07 | 任务进度轮询完成 
[SYS] 2025/11/04 - 21:24:22 | 任务进度轮询开始 
[SYS] 2025/11/04 - 21:24:22 | 任务进度轮询完成 
[SYS] 2025/11/04 - 21:24:37 | 任务进度轮询开始 
[SYS] 2025/11/04 - 21:24:37 | 任务进度轮询完成 
[SYS] 2025/11/04 - 21:33:21 | 任务进度轮询开始 
[SYS] 2025/11/04 - 21:33:21 | 任务进度轮询完成 
[SYS] 2025/11/04 - 21:33:35 | syncing options from database 
[SYS] 2025/11/04 - 21:33:36 | 任务进度轮询开始 
[SYS] 2025/11/04 - 21:33:36 | 任务进度轮询完成 
[SYS] 2025/11/04 - 21:33:51 | 任务进度轮询开始 
[SYS] 2025/11/04 - 21:33:51 | 任务进度轮询完成 
[SYS] 2025/11/04 - 21:34:06 | 任务进度轮询开始 
[SYS] 2025/11/04 - 21:34:06 | 任务进度轮询完成 
[SYS] 2025/11/04 - 21:34:21 | 任务进度轮询开始 
[SYS] 2025/11/04 - 21:34:21 | 任务进度轮询完成 
[SYS] 2025/11/04 - 21:34:35 | syncing options from database 
[SYS] 2025/11/04 - 21:34:36 | 任务进度轮询开始 
[SYS] 2025/11/04 - 21:34:36 | 任务进度轮询完成 
[SYS] 2025/11/04 - 21:34:51 | 任务进度轮询开始 
[SYS] 2025/11/04 - 21:34:51 | 任务进度轮询完成 
[SYS] 2025/11/04 - 21:35:06 | 任务进度轮询开始 
[SYS] 2025/11/04 - 21:35:06 | 任务进度轮询完成 
[SYS] 2025/11/04 - 21:35:21 | 任务进度轮询开始 
[SYS] 2025/11/04 - 21:35:21 | 任务进度轮询完成 
[SYS] 2025/11/04 - 21:35:35 | syncing options from database 
[SYS] 2025/11/04 - 21:35:36 | 任务进度轮询开始 
[SYS] 2025/11/04 - 21:35:36 | 任务进度轮询完成 
[SYS] 2025/11/04 - 21:35:51 | 任务进度轮询开始 
[SYS] 2025/11/04 - 21:35:51 | 任务进度轮询完成 
[SYS] 2025/11/04 - 21:36:06 | 任务进度轮询开始 
[SYS] 2025/11/04 - 21:36:06 | 任务进度轮询完成 
[SYS] 2025/11/04 - 21:36:21 | 任务进度轮询开始 
[SYS] 2025/11/04 - 21:36:21 | 任务进度轮询完成 
[SYS] 2025/11/04 - 21:36:35 | 正在更新数据看板数据... 
[SYS] 2025/11/04 - 21:36:35 | 保存数据看板数据成功，共保存0条数据 
[SYS] 2025/11/04 - 21:36:35 | syncing options from database 
[SYS] 2025/11/04 - 21:36:36 | 任务进度轮询开始 
[SYS] 2025/11/04 - 21:36:36 | 任务进度轮询完成 
[SYS] 2025/11/04 - 21:36:51 | 任务进度轮询开始 
[SYS] 2025/11/04 - 21:36:51 | 任务进度轮询完成 
[SYS] 2025/11/04 - 21:37:06 | 任务进度轮询开始 
[SYS] 2025/11/04 - 21:37:06 | 任务进度轮询完成 
[SYS] 2025/11/04 - 21:37:21 | 任务进度轮询开始 
[SYS] 2025/11/04 - 21:37:21 | 任务进度轮询完成 
[SYS] 2025/11/04 - 21:37:35 | syncing options from database 
[SYS] 2025/11/04 - 21:37:36 | 任务进度轮询开始 
[SYS] 2025/11/04 - 21:37:36 | 任务进度轮询完成 
[SYS] 2025/11/04 - 21:37:51 | 任务进度轮询开始 
[SYS] 2025/11/04 - 21:37:51 | 任务进度轮询完成 
[SYS] 2025/11/04 - 21:38:06 | 任务进度轮询开始 
[SYS] 2025/11/04 - 21:38:06 | 任务进度轮询完成 
[SYS] 2025/11/04 - 21:38:21 | 任务进度轮询开始 
[SYS] 2025/11/04 - 21:38:21 | 任务进度轮询完成 
[SYS] 2025/11/04 - 21:38:35 | syncing options from database 
[SYS] 2025/11/04 - 21:38:36 | 任务进度轮询开始 
[SYS] 2025/11/04 - 21:38:36 | 任务进度轮询完成 
[SYS] 2025/11/04 - 21:38:51 | 任务进度轮询开始 
[SYS] 2025/11/04 - 21:38:51 | 任务进度轮询完成 
[SYS] 2025/11/04 - 21:54:18 | 任务进度轮询开始 
[SYS] 2025/11/04 - 21:54:18 | 任务进度轮询完成 
[SYS] 2025/11/04 - 21:54:33 | 任务进度轮询开始 
[SYS] 2025/11/04 - 21:54:33 | 任务进度轮询完成 
[SYS] 2025/11/04 - 21:54:47 | syncing options from database 
[SYS] 2025/11/04 - 21:54:48 | 任务进度轮询开始 
[SYS] 2025/11/04 - 21:54:48 | 任务进度轮询完成 
[SYS] 2025/11/04 - 22:11:55 | 任务进度轮询开始 
[SYS] 2025/11/04 - 22:11:55 | 任务进度轮询完成 
[SYS] 2025/11/04 - 22:12:10 | 任务进度轮询开始 
[SYS] 2025/11/04 - 22:12:10 | 任务进度轮询完成 
[SYS] 2025/11/04 - 22:12:25 | 任务进度轮询开始 
[SYS] 2025/11/04 - 22:12:25 | 任务进度轮询完成 
[SYS] 2025/11/04 - 22:29:46 | syncing options from database 
[SYS] 2025/11/04 - 22:29:47 | 任务进度轮询开始 
[SYS] 2025/11/04 - 22:29:47 | 任务进度轮询完成 
[SYS] 2025/11/04 - 22:30:02 | 任务进度轮询开始 
[SYS] 2025/11/04 - 22:30:02 | 任务进度轮询完成 
[SYS] 2025/11/04 - 22:30:17 | 任务进度轮询开始 
[SYS] 2025/11/04 - 22:30:17 | 任务进度轮询完成 
[SYS] 2025/11/04 - 22:34:12 | 任务进度轮询开始 
[SYS] 2025/11/04 - 22:34:12 | 任务进度轮询完成 
[SYS] 2025/11/04 - 22:34:25 | 正在更新数据看板数据... 
[SYS] 2025/11/04 - 22:34:25 | 保存数据看板数据成功，共保存0条数据 
[SYS] 2025/11/04 - 22:34:25 | syncing options from database 
[SYS] 2025/11/04 - 22:34:27 | 任务进度轮询开始 
[SYS] 2025/11/04 - 22:34:27 | 任务进度轮询完成 
[SYS] 2025/11/04 - 22:34:42 | 任务进度轮询开始 
[SYS] 2025/11/04 - 22:34:42 | 任务进度轮询完成 
[SYS] 2025/11/04 - 22:34:57 | 任务进度轮询开始 
[SYS] 2025/11/04 - 22:34:57 | 任务进度轮询完成 
[SYS] 2025/11/04 - 22:51:23 | 任务进度轮询开始 
[SYS] 2025/11/04 - 22:51:23 | 任务进度轮询完成 
[SYS] 2025/11/04 - 22:51:37 | syncing options from database 
[SYS] 2025/11/04 - 22:51:38 | 任务进度轮询开始 
[SYS] 2025/11/04 - 22:51:38 | 任务进度轮询完成 
[SYS] 2025/11/04 - 22:51:53 | 任务进度轮询开始 
[SYS] 2025/11/04 - 22:51:53 | 任务进度轮询完成 
[SYS] 2025/11/04 - 22:52:08 | 任务进度轮询开始 
[SYS] 2025/11/04 - 22:52:08 | 任务进度轮询完成 
[SYS] 2025/11/04 - 23:08:01 | 任务进度轮询开始 
[SYS] 2025/11/04 - 23:08:01 | 任务进度轮询完成 
[SYS] 2025/11/04 - 23:08:15 | syncing options from database 
[SYS] 2025/11/04 - 23:08:16 | 任务进度轮询开始 
[SYS] 2025/11/04 - 23:08:16 | 任务进度轮询完成 
[SYS] 2025/11/04 - 23:08:31 | 任务进度轮询开始 
[SYS] 2025/11/04 - 23:08:31 | 任务进度轮询完成 
[SYS] 2025/11/04 - 23:24:58 | 任务进度轮询开始 
[SYS] 2025/11/04 - 23:24:58 | 任务进度轮询完成 
[SYS] 2025/11/04 - 23:25:13 | 任务进度轮询开始 
[SYS] 2025/11/04 - 23:25:13 | 任务进度轮询完成 
[SYS] 2025/11/04 - 23:25:26 | syncing options from database 
[SYS] 2025/11/04 - 23:25:28 | 任务进度轮询开始 
[SYS] 2025/11/04 - 23:25:28 | 任务进度轮询完成 
[SYS] 2025/11/04 - 23:25:43 | 任务进度轮询开始 
[SYS] 2025/11/04 - 23:25:43 | 任务进度轮询完成 
[SYS] 2025/11/04 - 23:35:23 | 任务进度轮询开始 
[SYS] 2025/11/04 - 23:35:23 | 任务进度轮询完成 
[SYS] 2025/11/04 - 23:35:38 | 任务进度轮询开始 
[SYS] 2025/11/04 - 23:35:38 | 任务进度轮询完成 
[SYS] 2025/11/04 - 23:35:51 | syncing options from database 
[SYS] 2025/11/04 - 23:35:53 | 任务进度轮询开始 
[SYS] 2025/11/04 - 23:35:53 | 任务进度轮询完成 
[SYS] 2025/11/04 - 23:51:16 | 任务进度轮询开始 
[SYS] 2025/11/04 - 23:51:16 | 任务进度轮询完成 
[SYS] 2025/11/04 - 23:51:31 | 任务进度轮询开始 
[SYS] 2025/11/04 - 23:51:31 | 任务进度轮询完成 
[SYS] 2025/11/04 - 23:51:46 | 任务进度轮询开始 
[SYS] 2025/11/04 - 23:51:46 | 任务进度轮询完成 
[SYS] 2025/11/04 - 23:51:59 | 正在更新数据看板数据... 
[SYS] 2025/11/04 - 23:51:59 | 保存数据看板数据成功，共保存0条数据 
[SYS] 2025/11/04 - 23:51:59 | syncing options from database 
[SYS] 2025/11/04 - 23:52:01 | 任务进度轮询开始 
[SYS] 2025/11/04 - 23:52:01 | 任务进度轮询完成 
[SYS] 2025/11/05 - 00:00:02 | 任务进度轮询开始 
[SYS] 2025/11/05 - 00:00:02 | 任务进度轮询完成 
[SYS] 2025/11/05 - 00:00:17 | 任务进度轮询开始 
[SYS] 2025/11/05 - 00:00:17 | 任务进度轮询完成 
[SYS] 2025/11/05 - 00:00:32 | 任务进度轮询开始 
[SYS] 2025/11/05 - 00:00:32 | 任务进度轮询完成 
[SYS] 2025/11/05 - 00:00:46 | syncing options from database 
[SYS] 2025/11/05 - 00:17:33 | 任务进度轮询开始 
[SYS] 2025/11/05 - 00:17:33 | 任务进度轮询完成 
[SYS] 2025/11/05 - 00:17:48 | 任务进度轮询开始 
[SYS] 2025/11/05 - 00:17:48 | 任务进度轮询完成 
[SYS] 2025/11/05 - 00:18:03 | 任务进度轮询开始 
[SYS] 2025/11/05 - 00:18:03 | 任务进度轮询完成 
[SYS] 2025/11/05 - 00:18:18 | 任务进度轮询开始 
[SYS] 2025/11/05 - 00:18:18 | 任务进度轮询完成 
[SYS] 2025/11/05 - 00:35:19 | syncing options from database 
[SYS] 2025/11/05 - 00:35:21 | 任务进度轮询开始 
[SYS] 2025/11/05 - 00:35:21 | 任务进度轮询完成 
[SYS] 2025/11/05 - 00:35:36 | 任务进度轮询开始 
[SYS] 2025/11/05 - 00:35:36 | 任务进度轮询完成 
[SYS] 2025/11/05 - 00:35:51 | 任务进度轮询开始 
[SYS] 2025/11/05 - 00:35:51 | 任务进度轮询完成 
[SYS] 2025/11/05 - 00:52:51 | 任务进度轮询开始 
[SYS] 2025/11/05 - 00:52:51 | 任务进度轮询完成 
[SYS] 2025/11/05 - 00:53:04 | syncing options from database 
[SYS] 2025/11/05 - 00:53:06 | 任务进度轮询开始 
[SYS] 2025/11/05 - 00:53:06 | 任务进度轮询完成 
[SYS] 2025/11/05 - 00:53:21 | 任务进度轮询开始 
[SYS] 2025/11/05 - 00:53:21 | 任务进度轮询完成 
[SYS] 2025/11/05 - 00:53:36 | 任务进度轮询开始 
[SYS] 2025/11/05 - 00:53:36 | 任务进度轮询完成 
[SYS] 2025/11/05 - 01:10:09 | 任务进度轮询开始 
[SYS] 2025/11/05 - 01:10:09 | 任务进度轮询完成 
[SYS] 2025/11/05 - 01:10:22 | syncing options from database 
[SYS] 2025/11/05 - 01:10:24 | 任务进度轮询开始 
[SYS] 2025/11/05 - 01:10:24 | 任务进度轮询完成 
[SYS] 2025/11/05 - 01:10:39 | 任务进度轮询开始 
[SYS] 2025/11/05 - 01:10:39 | 任务进度轮询完成 
[SYS] 2025/11/05 - 01:10:54 | 任务进度轮询开始 
[SYS] 2025/11/05 - 01:10:54 | 任务进度轮询完成 
[SYS] 2025/11/05 - 01:26:43 | 任务进度轮询开始 
[SYS] 2025/11/05 - 01:26:43 | 任务进度轮询完成 
[SYS] 2025/11/05 - 01:26:56 | 正在更新数据看板数据... 
[SYS] 2025/11/05 - 01:26:56 | 保存数据看板数据成功，共保存0条数据 
[SYS] 2025/11/05 - 01:26:56 | syncing options from database 
[SYS] 2025/11/05 - 01:26:58 | 任务进度轮询开始 
[SYS] 2025/11/05 - 01:26:58 | 任务进度轮询完成 
[SYS] 2025/11/05 - 01:27:13 | 任务进度轮询开始 
[SYS] 2025/11/05 - 01:27:13 | 任务进度轮询完成 
[SYS] 2025/11/05 - 01:42:42 | 任务进度轮询开始 
[SYS] 2025/11/05 - 01:42:42 | 任务进度轮询完成 
[SYS] 2025/11/05 - 01:42:57 | 任务进度轮询开始 
[SYS] 2025/11/05 - 01:42:57 | 任务进度轮询完成 
[SYS] 2025/11/05 - 01:43:10 | syncing options from database 
[SYS] 2025/11/05 - 01:43:12 | 任务进度轮询开始 
[SYS] 2025/11/05 - 01:43:12 | 任务进度轮询完成 
[SYS] 2025/11/05 - 01:58:25 | 任务进度轮询开始 
[SYS] 2025/11/05 - 01:58:25 | 任务进度轮询完成 
[SYS] 2025/11/05 - 01:58:40 | 任务进度轮询开始 
[SYS] 2025/11/05 - 01:58:40 | 任务进度轮询完成 
[SYS] 2025/11/05 - 01:58:55 | 任务进度轮询开始 
[SYS] 2025/11/05 - 01:58:55 | 任务进度轮询完成 
[SYS] 2025/11/05 - 01:59:07 | syncing options from database 
[SYS] 2025/11/05 - 01:59:10 | 任务进度轮询开始 
[SYS] 2025/11/05 - 01:59:10 | 任务进度轮询完成 
[SYS] 2025/11/05 - 01:59:24 | 任务进度轮询开始 
[SYS] 2025/11/05 - 01:59:24 | 任务进度轮询完成 
[SYS] 2025/11/05 - 01:59:39 | 任务进度轮询开始 
[SYS] 2025/11/05 - 01:59:39 | 任务进度轮询完成 
[SYS] 2025/11/05 - 01:59:54 | 任务进度轮询开始 
[SYS] 2025/11/05 - 01:59:54 | 任务进度轮询完成 
[SYS] 2025/11/05 - 02:00:07 | syncing options from database 
[SYS] 2025/11/05 - 02:00:09 | 任务进度轮询开始 
[SYS] 2025/11/05 - 02:00:09 | 任务进度轮询完成 
[SYS] 2025/11/05 - 02:00:24 | 任务进度轮询开始 
[SYS] 2025/11/05 - 02:00:24 | 任务进度轮询完成 
[SYS] 2025/11/05 - 02:00:39 | 任务进度轮询开始 
[SYS] 2025/11/05 - 02:00:39 | 任务进度轮询完成 
[SYS] 2025/11/05 - 02:00:54 | 任务进度轮询开始 
[SYS] 2025/11/05 - 02:00:54 | 任务进度轮询完成 
[SYS] 2025/11/05 - 02:01:07 | syncing options from database 
[SYS] 2025/11/05 - 02:01:09 | 任务进度轮询开始 
[SYS] 2025/11/05 - 02:01:09 | 任务进度轮询完成 
[SYS] 2025/11/05 - 02:01:24 | 任务进度轮询开始 
[SYS] 2025/11/05 - 02:01:24 | 任务进度轮询完成 
[SYS] 2025/11/05 - 02:16:10 | 任务进度轮询开始 
[SYS] 2025/11/05 - 02:16:10 | 任务进度轮询完成 
[SYS] 2025/11/05 - 02:16:25 | 任务进度轮询开始 
[SYS] 2025/11/05 - 02:16:25 | 任务进度轮询完成 
[SYS] 2025/11/05 - 02:16:38 | 正在更新数据看板数据... 
[SYS] 2025/11/05 - 02:16:38 | 保存数据看板数据成功，共保存0条数据 
[SYS] 2025/11/05 - 02:16:38 | syncing options from database 
[SYS] 2025/11/05 - 02:16:40 | 任务进度轮询开始 
[SYS] 2025/11/05 - 02:16:40 | 任务进度轮询完成 
[SYS] 2025/11/05 - 02:16:55 | 任务进度轮询开始 
[SYS] 2025/11/05 - 02:16:55 | 任务进度轮询完成 
[SYS] 2025/11/05 - 02:32:51 | 任务进度轮询开始 
[SYS] 2025/11/05 - 02:32:51 | 任务进度轮询完成 
[SYS] 2025/11/05 - 02:33:06 | 任务进度轮询开始 
[SYS] 2025/11/05 - 02:33:06 | 任务进度轮询完成 
[SYS] 2025/11/05 - 02:33:19 | syncing options from database 
[SYS] 2025/11/05 - 02:33:21 | 任务进度轮询开始 
[SYS] 2025/11/05 - 02:33:21 | 任务进度轮询完成 
[SYS] 2025/11/05 - 02:48:45 | 任务进度轮询开始 
[SYS] 2025/11/05 - 02:48:45 | 任务进度轮询完成 
[SYS] 2025/11/05 - 02:49:00 | 任务进度轮询开始 
[SYS] 2025/11/05 - 02:49:00 | 任务进度轮询完成 
[SYS] 2025/11/05 - 02:49:15 | 任务进度轮询开始 
[SYS] 2025/11/05 - 02:49:15 | 任务进度轮询完成 
[SYS] 2025/11/05 - 02:49:28 | syncing options from database 
[SYS] 2025/11/05 - 02:49:30 | 任务进度轮询开始 
[SYS] 2025/11/05 - 02:49:30 | 任务进度轮询完成 
[SYS] 2025/11/05 - 03:07:08 | 任务进度轮询开始 
[SYS] 2025/11/05 - 03:07:08 | 任务进度轮询完成 
[SYS] 2025/11/05 - 03:07:23 | 任务进度轮询开始 
[SYS] 2025/11/05 - 03:07:23 | 任务进度轮询完成 
[SYS] 2025/11/05 - 03:07:38 | 任务进度轮询开始 
[SYS] 2025/11/05 - 03:07:38 | 任务进度轮询完成 
[SYS] 2025/11/05 - 03:07:51 | syncing options from database 
[SYS] 2025/11/05 - 03:07:53 | 任务进度轮询开始 
[SYS] 2025/11/05 - 03:07:53 | 任务进度轮询完成 
[SYS] 2025/11/05 - 03:24:08 | 任务进度轮询开始 
[SYS] 2025/11/05 - 03:24:08 | 任务进度轮询完成 
[SYS] 2025/11/05 - 03:24:23 | 任务进度轮询开始 
[SYS] 2025/11/05 - 03:24:23 | 任务进度轮询完成 
[SYS] 2025/11/05 - 03:24:38 | 任务进度轮询开始 
[SYS] 2025/11/05 - 03:24:38 | 任务进度轮询完成 
[SYS] 2025/11/05 - 03:41:27 | syncing options from database 
[SYS] 2025/11/05 - 03:41:29 | 任务进度轮询开始 
[SYS] 2025/11/05 - 03:41:29 | 任务进度轮询完成 
[SYS] 2025/11/05 - 03:41:44 | 任务进度轮询开始 
[SYS] 2025/11/05 - 03:41:44 | 任务进度轮询完成 
[SYS] 2025/11/05 - 03:41:59 | 任务进度轮询开始 
[SYS] 2025/11/05 - 03:41:59 | 任务进度轮询完成 
[SYS] 2025/11/05 - 03:57:56 | 任务进度轮询开始 
[SYS] 2025/11/05 - 03:57:56 | 任务进度轮询完成 
[SYS] 2025/11/05 - 03:58:09 | 正在更新数据看板数据... 
[SYS] 2025/11/05 - 03:58:09 | 保存数据看板数据成功，共保存0条数据 
[SYS] 2025/11/05 - 03:58:09 | syncing options from database 
[SYS] 2025/11/05 - 03:58:11 | 任务进度轮询开始 
[SYS] 2025/11/05 - 03:58:11 | 任务进度轮询完成 
[SYS] 2025/11/05 - 03:58:26 | 任务进度轮询开始 
[SYS] 2025/11/05 - 03:58:26 | 任务进度轮询完成 
[SYS] 2025/11/05 - 04:15:25 | 任务进度轮询开始 
[SYS] 2025/11/05 - 04:15:25 | 任务进度轮询完成 
[SYS] 2025/11/05 - 04:15:40 | 任务进度轮询开始 
[SYS] 2025/11/05 - 04:15:40 | 任务进度轮询完成 
[SYS] 2025/11/05 - 04:15:53 | syncing options from database 
[SYS] 2025/11/05 - 04:15:55 | 任务进度轮询开始 
[SYS] 2025/11/05 - 04:15:55 | 任务进度轮询完成 
[SYS] 2025/11/05 - 04:16:10 | 任务进度轮询开始 
[SYS] 2025/11/05 - 04:16:10 | 任务进度轮询完成 
[SYS] 2025/11/05 - 04:25:38 | 任务进度轮询开始 
[SYS] 2025/11/05 - 04:25:38 | 任务进度轮询完成 
[SYS] 2025/11/05 - 04:25:53 | 任务进度轮询开始 
[SYS] 2025/11/05 - 04:25:53 | 任务进度轮询完成 
[SYS] 2025/11/05 - 04:26:06 | syncing options from database 
[SYS] 2025/11/05 - 04:26:08 | 任务进度轮询开始 
[SYS] 2025/11/05 - 04:26:08 | 任务进度轮询完成 
[SYS] 2025/11/05 - 04:43:35 | 任务进度轮询开始 
[SYS] 2025/11/05 - 04:43:35 | 任务进度轮询完成 
[SYS] 2025/11/05 - 04:43:50 | 任务进度轮询开始 
[SYS] 2025/11/05 - 04:43:50 | 任务进度轮询完成 
[SYS] 2025/11/05 - 04:44:05 | 任务进度轮询开始 
[SYS] 2025/11/05 - 04:44:05 | 任务进度轮询完成 
[SYS] 2025/11/05 - 04:44:18 | syncing options from database 
[SYS] 2025/11/05 - 04:44:20 | 任务进度轮询开始 
[SYS] 2025/11/05 - 04:44:20 | 任务进度轮询完成 
[SYS] 2025/11/05 - 04:44:35 | 任务进度轮询开始 
[SYS] 2025/11/05 - 04:44:35 | 任务进度轮询完成 
[SYS] 2025/11/05 - 04:44:50 | 任务进度轮询开始 
[SYS] 2025/11/05 - 04:44:50 | 任务进度轮询完成 
[SYS] 2025/11/05 - 04:45:05 | 任务进度轮询开始 
[SYS] 2025/11/05 - 04:45:05 | 任务进度轮询完成 
[SYS] 2025/11/05 - 05:01:19 | syncing options from database 
[SYS] 2025/11/05 - 05:01:21 | 任务进度轮询开始 
[SYS] 2025/11/05 - 05:01:21 | 任务进度轮询完成 
[SYS] 2025/11/05 - 05:01:36 | 任务进度轮询开始 
[SYS] 2025/11/05 - 05:01:36 | 任务进度轮询完成 
[SYS] 2025/11/05 - 05:01:51 | 任务进度轮询开始 
[SYS] 2025/11/05 - 05:01:51 | 任务进度轮询完成 
[SYS] 2025/11/05 - 05:02:06 | 任务进度轮询开始 
[SYS] 2025/11/05 - 05:02:06 | 任务进度轮询完成 
[SYS] 2025/11/05 - 05:19:11 | 正在更新数据看板数据... 
[SYS] 2025/11/05 - 05:19:11 | 保存数据看板数据成功，共保存0条数据 
[SYS] 2025/11/05 - 05:19:11 | syncing options from database 
[SYS] 2025/11/05 - 05:19:13 | 任务进度轮询开始 
[SYS] 2025/11/05 - 05:19:13 | 任务进度轮询完成 
[SYS] 2025/11/05 - 05:19:28 | 任务进度轮询开始 
[SYS] 2025/11/05 - 05:19:28 | 任务进度轮询完成 
[SYS] 2025/11/05 - 05:19:43 | 任务进度轮询开始 
[SYS] 2025/11/05 - 05:19:43 | 任务进度轮询完成 
[SYS] 2025/11/05 - 05:35:25 | 任务进度轮询开始 
[SYS] 2025/11/05 - 05:35:25 | 任务进度轮询完成 
[SYS] 2025/11/05 - 05:35:38 | syncing options from database 
[SYS] 2025/11/05 - 05:35:40 | 任务进度轮询开始 
[SYS] 2025/11/05 - 05:35:40 | 任务进度轮询完成 
[SYS] 2025/11/05 - 05:35:55 | 任务进度轮询开始 
[SYS] 2025/11/05 - 05:35:55 | 任务进度轮询完成 
[SYS] 2025/11/05 - 05:51:10 | 任务进度轮询开始 
[SYS] 2025/11/05 - 05:51:10 | 任务进度轮询完成 
[SYS] 2025/11/05 - 05:51:25 | 任务进度轮询开始 
[SYS] 2025/11/05 - 05:51:25 | 任务进度轮询完成 
[SYS] 2025/11/05 - 05:51:38 | syncing options from database 
[SYS] 2025/11/05 - 05:51:40 | 任务进度轮询开始 
[SYS] 2025/11/05 - 05:51:40 | 任务进度轮询完成 
[SYS] 2025/11/05 - 05:51:55 | 任务进度轮询开始 
[SYS] 2025/11/05 - 05:51:55 | 任务进度轮询完成 
[SYS] 2025/11/05 - 05:52:10 | 任务进度轮询开始 
[SYS] 2025/11/05 - 05:52:10 | 任务进度轮询完成 
[SYS] 2025/11/05 - 06:07:51 | 任务进度轮询开始 
[SYS] 2025/11/05 - 06:07:51 | 任务进度轮询完成 
[SYS] 2025/11/05 - 06:08:03 | syncing options from database 
[SYS] 2025/11/05 - 06:08:06 | 任务进度轮询开始 
[SYS] 2025/11/05 - 06:08:06 | 任务进度轮询完成 
[SYS] 2025/11/05 - 06:08:21 | 任务进度轮询开始 
[SYS] 2025/11/05 - 06:08:21 | 任务进度轮询完成 
[SYS] 2025/11/05 - 06:08:36 | 任务进度轮询开始 
[SYS] 2025/11/05 - 06:08:36 | 任务进度轮询完成 
[SYS] 2025/11/05 - 06:08:51 | 任务进度轮询开始 
[SYS] 2025/11/05 - 06:08:51 | 任务进度轮询完成 
[SYS] 2025/11/05 - 06:26:12 | syncing options from database 
[SYS] 2025/11/05 - 06:26:15 | 任务进度轮询开始 
[SYS] 2025/11/05 - 06:26:15 | 任务进度轮询完成 
[SYS] 2025/11/05 - 06:26:30 | 任务进度轮询开始 
[SYS] 2025/11/05 - 06:26:30 | 任务进度轮询完成 
[SYS] 2025/11/05 - 06:26:45 | 任务进度轮询开始 
[SYS] 2025/11/05 - 06:26:45 | 任务进度轮询完成 
[SYS] 2025/11/05 - 06:42:54 | 任务进度轮询开始 
[SYS] 2025/11/05 - 06:42:54 | 任务进度轮询完成 
[SYS] 2025/11/05 - 06:43:06 | 正在更新数据看板数据... 
[SYS] 2025/11/05 - 06:43:06 | 保存数据看板数据成功，共保存0条数据 
[SYS] 2025/11/05 - 06:43:06 | syncing options from database 
[SYS] 2025/11/05 - 06:43:09 | 任务进度轮询开始 
[SYS] 2025/11/05 - 06:43:09 | 任务进度轮询完成 
[SYS] 2025/11/05 - 06:43:24 | 任务进度轮询开始 
[SYS] 2025/11/05 - 06:43:24 | 任务进度轮询完成 
[SYS] 2025/11/05 - 06:58:49 | 任务进度轮询开始 
[SYS] 2025/11/05 - 06:58:49 | 任务进度轮询完成 
[SYS] 2025/11/05 - 06:59:04 | 任务进度轮询开始 
[SYS] 2025/11/05 - 06:59:04 | 任务进度轮询完成 
[SYS] 2025/11/05 - 06:59:17 | syncing options from database 
[SYS] 2025/11/05 - 06:59:19 | 任务进度轮询开始 
[SYS] 2025/11/05 - 06:59:19 | 任务进度轮询完成 
[SYS] 2025/11/05 - 06:59:34 | 任务进度轮询开始 
[SYS] 2025/11/05 - 06:59:34 | 任务进度轮询完成 
[SYS] 2025/11/05 - 07:15:00 | 任务进度轮询开始 
[SYS] 2025/11/05 - 07:15:00 | 任务进度轮询完成 
[SYS] 2025/11/05 - 07:15:15 | 任务进度轮询开始 
[SYS] 2025/11/05 - 07:15:15 | 任务进度轮询完成 
[SYS] 2025/11/05 - 07:15:28 | syncing options from database 
[SYS] 2025/11/05 - 07:15:30 | 任务进度轮询开始 
[SYS] 2025/11/05 - 07:15:30 | 任务进度轮询完成 
[SYS] 2025/11/05 - 07:27:08 | 任务进度轮询开始 
[SYS] 2025/11/05 - 07:27:08 | 任务进度轮询完成 
[SYS] 2025/11/05 - 07:27:23 | 任务进度轮询开始 
[SYS] 2025/11/05 - 07:27:23 | 任务进度轮询完成 
[SYS] 2025/11/05 - 07:27:38 | 任务进度轮询开始 
[SYS] 2025/11/05 - 07:27:38 | 任务进度轮询完成 
[SYS] 2025/11/05 - 07:44:05 | syncing options from database 
[SYS] 2025/11/05 - 07:44:07 | 任务进度轮询开始 
[SYS] 2025/11/05 - 07:44:07 | 任务进度轮询完成 
[SYS] 2025/11/05 - 07:44:22 | 任务进度轮询开始 
[SYS] 2025/11/05 - 07:44:22 | 任务进度轮询完成 
[SYS] 2025/11/05 - 07:44:37 | 任务进度轮询开始 
[SYS] 2025/11/05 - 07:44:37 | 任务进度轮询完成 
[SYS] 2025/11/05 - 07:56:22 | 任务进度轮询开始 
[SYS] 2025/11/05 - 07:56:22 | 任务进度轮询完成 
[SYS] 2025/11/05 - 07:56:34 | syncing options from database 
[SYS] 2025/11/05 - 07:56:37 | 任务进度轮询开始 
[SYS] 2025/11/05 - 07:56:37 | 任务进度轮询完成 
[SYS] 2025/11/05 - 07:56:52 | 任务进度轮询开始 
[SYS] 2025/11/05 - 07:56:52 | 任务进度轮询完成 
[SYS] 2025/11/05 - 07:57:07 | 任务进度轮询开始 
[SYS] 2025/11/05 - 07:57:07 | 任务进度轮询完成 
[SYS] 2025/11/05 - 08:00:15 | 任务进度轮询开始 
[SYS] 2025/11/05 - 08:00:15 | 任务进度轮询完成 
[SYS] 2025/11/05 - 08:00:27 | 正在更新数据看板数据... 
[SYS] 2025/11/05 - 08:00:27 | 保存数据看板数据成功，共保存0条数据 
[SYS] 2025/11/05 - 08:00:27 | syncing options from database 
[SYS] 2025/11/05 - 08:00:30 | 任务进度轮询开始 
[SYS] 2025/11/05 - 08:00:30 | 任务进度轮询完成 
[SYS] 2025/11/05 - 08:00:45 | 任务进度轮询开始 
[SYS] 2025/11/05 - 08:00:45 | 任务进度轮询完成 
[SYS] 2025/11/05 - 08:17:05 | 任务进度轮询开始 
[SYS] 2025/11/05 - 08:17:05 | 任务进度轮询完成 
[SYS] 2025/11/05 - 08:17:20 | 任务进度轮询开始 
[SYS] 2025/11/05 - 08:17:20 | 任务进度轮询完成 
[SYS] 2025/11/05 - 08:17:33 | syncing options from database 
[SYS] 2025/11/05 - 08:17:35 | 任务进度轮询开始 
[SYS] 2025/11/05 - 08:17:35 | 任务进度轮询完成 
[SYS] 2025/11/05 - 08:28:04 | 任务进度轮询开始 
[SYS] 2025/11/05 - 08:28:04 | 任务进度轮询完成 
[SYS] 2025/11/05 - 08:28:19 | 任务进度轮询开始 
[SYS] 2025/11/05 - 08:28:19 | 任务进度轮询完成 
[SYS] 2025/11/05 - 08:28:34 | 任务进度轮询开始 
[SYS] 2025/11/05 - 08:28:34 | 任务进度轮询完成 
[SYS] 2025/11/05 - 08:28:46 | syncing options from database 
[SYS] 2025/11/05 - 08:28:49 | 任务进度轮询开始 
[SYS] 2025/11/05 - 08:28:49 | 任务进度轮询完成 
[SYS] 2025/11/05 - 08:46:16 | 任务进度轮询开始 
[SYS] 2025/11/05 - 08:46:16 | 任务进度轮询完成 
[SYS] 2025/11/05 - 08:46:31 | 任务进度轮询开始 
[SYS] 2025/11/05 - 08:46:31 | 任务进度轮询完成 
[SYS] 2025/11/05 - 08:46:46 | 任务进度轮询开始 
[SYS] 2025/11/05 - 08:46:46 | 任务进度轮询完成 
[SYS] 2025/11/05 - 09:02:12 | syncing options from database 
[SYS] 2025/11/05 - 09:02:15 | 任务进度轮询开始 
[SYS] 2025/11/05 - 09:02:15 | 任务进度轮询完成 
[SYS] 2025/11/05 - 09:02:30 | 任务进度轮询开始 
[SYS] 2025/11/05 - 09:02:30 | 任务进度轮询完成 
[SYS] 2025/11/05 - 09:02:45 | 任务进度轮询开始 
[SYS] 2025/11/05 - 09:02:45 | 任务进度轮询完成 
[SYS] 2025/11/05 - 09:09:03 | 任务进度轮询开始 
[SYS] 2025/11/05 - 09:09:03 | 任务进度轮询完成 
[SYS] 2025/11/05 - 09:09:16 | syncing options from database 
[SYS] 2025/11/05 - 09:09:18 | 任务进度轮询开始 
[SYS] 2025/11/05 - 09:09:18 | 任务进度轮询完成 
[SYS] 2025/11/05 - 09:09:33 | 任务进度轮询开始 
[SYS] 2025/11/05 - 09:09:33 | 任务进度轮询完成 
[SYS] 2025/11/05 - 09:09:48 | 任务进度轮询开始 
[SYS] 2025/11/05 - 09:09:48 | 任务进度轮询完成 
[SYS] 2025/11/05 - 09:10:03 | 任务进度轮询开始 
[SYS] 2025/11/05 - 09:10:03 | 任务进度轮询完成 
[SYS] 2025/11/05 - 09:10:15 | 正在更新数据看板数据... 
[SYS] 2025/11/05 - 09:10:15 | 保存数据看板数据成功，共保存0条数据 
[SYS] 2025/11/05 - 09:10:16 | syncing options from database 
[SYS] 2025/11/05 - 09:10:18 | 任务进度轮询开始 
[SYS] 2025/11/05 - 09:10:18 | 任务进度轮询完成 
[SYS] 2025/11/05 - 09:10:33 | 任务进度轮询开始 
[SYS] 2025/11/05 - 09:10:33 | 任务进度轮询完成 
[SYS] 2025/11/05 - 09:10:48 | 任务进度轮询开始 
[SYS] 2025/11/05 - 09:10:48 | 任务进度轮询完成 
[SYS] 2025/11/05 - 09:11:03 | 任务进度轮询开始 
[SYS] 2025/11/05 - 09:11:03 | 任务进度轮询完成 
[SYS] 2025/11/05 - 09:11:16 | syncing options from database 
[SYS] 2025/11/05 - 09:11:18 | 任务进度轮询开始 
[SYS] 2025/11/05 - 09:11:18 | 任务进度轮询完成 
[SYS] 2025/11/05 - 09:11:33 | 任务进度轮询开始 
[SYS] 2025/11/05 - 09:11:33 | 任务进度轮询完成 
[SYS] 2025/11/05 - 09:11:48 | 任务进度轮询开始 
[SYS] 2025/11/05 - 09:11:48 | 任务进度轮询完成 
[SYS] 2025/11/05 - 09:12:03 | 任务进度轮询开始 
[SYS] 2025/11/05 - 09:12:03 | 任务进度轮询完成 
[SYS] 2025/11/05 - 09:12:16 | syncing options from database 
[SYS] 2025/11/05 - 09:12:18 | 任务进度轮询开始 
[SYS] 2025/11/05 - 09:12:18 | 任务进度轮询完成 
[SYS] 2025/11/05 - 09:12:33 | 任务进度轮询开始 
[SYS] 2025/11/05 - 09:12:33 | 任务进度轮询完成 
[SYS] 2025/11/05 - 09:12:48 | 任务进度轮询开始 
[SYS] 2025/11/05 - 09:12:48 | 任务进度轮询完成 
[SYS] 2025/11/05 - 09:13:03 | 任务进度轮询开始 
[SYS] 2025/11/05 - 09:13:03 | 任务进度轮询完成 
[SYS] 2025/11/05 - 09:13:16 | syncing options from database 
[SYS] 2025/11/05 - 09:13:18 | 任务进度轮询开始 
[SYS] 2025/11/05 - 09:13:18 | 任务进度轮询完成 
[SYS] 2025/11/05 - 09:13:33 | 任务进度轮询开始 
[SYS] 2025/11/05 - 09:13:33 | 任务进度轮询完成 
[SYS] 2025/11/05 - 09:13:48 | 任务进度轮询开始 
[SYS] 2025/11/05 - 09:13:48 | 任务进度轮询完成 
[SYS] 2025/11/05 - 09:14:03 | 任务进度轮询开始 
[SYS] 2025/11/05 - 09:14:03 | 任务进度轮询完成 
[SYS] 2025/11/05 - 09:14:16 | syncing options from database 
[SYS] 2025/11/05 - 09:14:18 | 任务进度轮询开始 
[SYS] 2025/11/05 - 09:14:18 | 任务进度轮询完成 
[SYS] 2025/11/05 - 09:14:33 | 任务进度轮询开始 
[SYS] 2025/11/05 - 09:14:33 | 任务进度轮询完成 
[SYS] 2025/11/05 - 09:14:48 | 任务进度轮询开始 
[SYS] 2025/11/05 - 09:14:48 | 任务进度轮询完成 
[SYS] 2025/11/05 - 09:15:03 | 任务进度轮询开始 
[SYS] 2025/11/05 - 09:15:03 | 任务进度轮询完成 
[SYS] 2025/11/05 - 09:15:15 | 正在更新数据看板数据... 
[SYS] 2025/11/05 - 09:15:15 | 保存数据看板数据成功，共保存0条数据 
[SYS] 2025/11/05 - 09:15:16 | syncing options from database 
[SYS] 2025/11/05 - 09:15:18 | 任务进度轮询开始 
[SYS] 2025/11/05 - 09:15:18 | 任务进度轮询完成 
[SYS] 2025/11/05 - 09:15:33 | 任务进度轮询开始 
[SYS] 2025/11/05 - 09:15:33 | 任务进度轮询完成 
[SYS] 2025/11/05 - 09:15:48 | 任务进度轮询开始 
[SYS] 2025/11/05 - 09:15:48 | 任务进度轮询完成 
[SYS] 2025/11/05 - 09:16:03 | 任务进度轮询开始 
[SYS] 2025/11/05 - 09:16:03 | 任务进度轮询完成 
[SYS] 2025/11/05 - 09:16:16 | syncing options from database 
[SYS] 2025/11/05 - 09:16:18 | 任务进度轮询开始 
[SYS] 2025/11/05 - 09:16:18 | 任务进度轮询完成 
[SYS] 2025/11/05 - 09:16:33 | 任务进度轮询开始 
[SYS] 2025/11/05 - 09:16:33 | 任务进度轮询完成 
[SYS] 2025/11/05 - 09:16:48 | 任务进度轮询开始 
[SYS] 2025/11/05 - 09:16:48 | 任务进度轮询完成 
[SYS] 2025/11/05 - 09:17:03 | 任务进度轮询开始 
[SYS] 2025/11/05 - 09:17:03 | 任务进度轮询完成 
[SYS] 2025/11/05 - 09:17:16 | syncing options from database 
[SYS] 2025/11/05 - 09:17:18 | 任务进度轮询开始 
[SYS] 2025/11/05 - 09:17:18 | 任务进度轮询完成 
[SYS] 2025/11/05 - 09:17:33 | 任务进度轮询开始 
[SYS] 2025/11/05 - 09:17:33 | 任务进度轮询完成 
[SYS] 2025/11/05 - 09:17:48 | 任务进度轮询开始 
[SYS] 2025/11/05 - 09:17:48 | 任务进度轮询完成 
[SYS] 2025/11/05 - 09:18:03 | 任务进度轮询开始 
[SYS] 2025/11/05 - 09:18:03 | 任务进度轮询完成 
[SYS] 2025/11/05 - 09:18:16 | syncing options from database 
[SYS] 2025/11/05 - 09:18:18 | 任务进度轮询开始 
[SYS] 2025/11/05 - 09:18:18 | 任务进度轮询完成 
[SYS] 2025/11/05 - 09:18:33 | 任务进度轮询开始 
[SYS] 2025/11/05 - 09:18:33 | 任务进度轮询完成 
[SYS] 2025/11/05 - 09:18:48 | 任务进度轮询开始 
[SYS] 2025/11/05 - 09:18:48 | 任务进度轮询完成 
[SYS] 2025/11/05 - 09:19:03 | 任务进度轮询开始 
[SYS] 2025/11/05 - 09:19:03 | 任务进度轮询完成 
[SYS] 2025/11/05 - 09:19:16 | syncing options from database 
[SYS] 2025/11/05 - 09:19:18 | 任务进度轮询开始 
[SYS] 2025/11/05 - 09:19:18 | 任务进度轮询完成 
[SYS] 2025/11/05 - 09:19:33 | 任务进度轮询开始 
[SYS] 2025/11/05 - 09:19:33 | 任务进度轮询完成 
[SYS] 2025/11/05 - 09:19:48 | 任务进度轮询开始 
[SYS] 2025/11/05 - 09:19:48 | 任务进度轮询完成 
[SYS] 2025/11/05 - 09:20:03 | 任务进度轮询开始 
[SYS] 2025/11/05 - 09:20:03 | 任务进度轮询完成 
[SYS] 2025/11/05 - 09:20:15 | 正在更新数据看板数据... 
[SYS] 2025/11/05 - 09:20:15 | 保存数据看板数据成功，共保存0条数据 
[SYS] 2025/11/05 - 09:20:16 | syncing options from database 
[SYS] 2025/11/05 - 09:20:18 | 任务进度轮询开始 
[SYS] 2025/11/05 - 09:20:18 | 任务进度轮询完成 
[SYS] 2025/11/05 - 09:20:33 | 任务进度轮询开始 
[SYS] 2025/11/05 - 09:20:33 | 任务进度轮询完成 
[SYS] 2025/11/05 - 09:20:48 | 任务进度轮询开始 
[SYS] 2025/11/05 - 09:20:48 | 任务进度轮询完成 
[SYS] 2025/11/05 - 09:21:03 | 任务进度轮询开始 
[SYS] 2025/11/05 - 09:21:03 | 任务进度轮询完成 
[SYS] 2025/11/05 - 09:21:16 | syncing options from database 
[SYS] 2025/11/05 - 09:21:18 | 任务进度轮询开始 
[SYS] 2025/11/05 - 09:21:18 | 任务进度轮询完成 
[SYS] 2025/11/05 - 09:21:33 | 任务进度轮询开始 
[SYS] 2025/11/05 - 09:21:33 | 任务进度轮询完成 
[SYS] 2025/11/05 - 09:21:48 | 任务进度轮询开始 
[SYS] 2025/11/05 - 09:21:48 | 任务进度轮询完成 
[SYS] 2025/11/05 - 09:22:03 | 任务进度轮询开始 
[SYS] 2025/11/05 - 09:22:03 | 任务进度轮询完成 
[SYS] 2025/11/05 - 09:22:16 | syncing options from database 
[SYS] 2025/11/05 - 09:22:18 | 任务进度轮询开始 
[SYS] 2025/11/05 - 09:22:18 | 任务进度轮询完成 
[SYS] 2025/11/05 - 09:22:33 | 任务进度轮询开始 
[SYS] 2025/11/05 - 09:22:33 | 任务进度轮询完成 
[SYS] 2025/11/05 - 09:22:48 | 任务进度轮询开始 
[SYS] 2025/11/05 - 09:22:48 | 任务进度轮询完成 
[SYS] 2025/11/05 - 09:23:03 | 任务进度轮询开始 
[SYS] 2025/11/05 - 09:23:03 | 任务进度轮询完成 
[SYS] 2025/11/05 - 09:23:16 | syncing options from database 
[SYS] 2025/11/05 - 09:23:18 | 任务进度轮询开始 
[SYS] 2025/11/05 - 09:23:18 | 任务进度轮询完成 
[SYS] 2025/11/05 - 09:23:33 | 任务进度轮询开始 
[SYS] 2025/11/05 - 09:23:33 | 任务进度轮询完成 
[SYS] 2025/11/05 - 09:23:48 | 任务进度轮询开始 
[SYS] 2025/11/05 - 09:23:48 | 任务进度轮询完成 
[SYS] 2025/11/05 - 09:24:03 | 任务进度轮询开始 
[SYS] 2025/11/05 - 09:24:03 | 任务进度轮询完成 
[SYS] 2025/11/05 - 09:24:16 | syncing options from database 
[SYS] 2025/11/05 - 09:24:18 | 任务进度轮询开始 
[SYS] 2025/11/05 - 09:24:18 | 任务进度轮询完成 
[SYS] 2025/11/05 - 09:24:33 | 任务进度轮询开始 
[SYS] 2025/11/05 - 09:24:33 | 任务进度轮询完成 
[SYS] 2025/11/05 - 09:24:48 | 任务进度轮询开始 
[SYS] 2025/11/05 - 09:24:48 | 任务进度轮询完成 
[SYS] 2025/11/05 - 09:25:03 | 任务进度轮询开始 
[SYS] 2025/11/05 - 09:25:03 | 任务进度轮询完成 
[SYS] 2025/11/05 - 09:25:15 | 正在更新数据看板数据... 
[SYS] 2025/11/05 - 09:25:15 | 保存数据看板数据成功，共保存0条数据 
[SYS] 2025/11/05 - 09:25:16 | syncing options from database 
[SYS] 2025/11/05 - 09:25:18 | 任务进度轮询开始 
[SYS] 2025/11/05 - 09:25:18 | 任务进度轮询完成 
[SYS] 2025/11/05 - 09:25:33 | 任务进度轮询开始 
[SYS] 2025/11/05 - 09:25:33 | 任务进度轮询完成 
[SYS] 2025/11/05 - 09:25:48 | 任务进度轮询开始 
[SYS] 2025/11/05 - 09:25:48 | 任务进度轮询完成 
[SYS] 2025/11/05 - 09:26:03 | 任务进度轮询开始 
[SYS] 2025/11/05 - 09:26:03 | 任务进度轮询完成 
[SYS] 2025/11/05 - 09:26:16 | syncing options from database 
[SYS] 2025/11/05 - 09:26:18 | 任务进度轮询开始 
[SYS] 2025/11/05 - 09:26:18 | 任务进度轮询完成 
[SYS] 2025/11/05 - 09:26:33 | 任务进度轮询开始 
[SYS] 2025/11/05 - 09:26:33 | 任务进度轮询完成 
[SYS] 2025/11/05 - 09:26:48 | 任务进度轮询开始 
[SYS] 2025/11/05 - 09:26:48 | 任务进度轮询完成 
[SYS] 2025/11/05 - 09:27:03 | 任务进度轮询开始 
[SYS] 2025/11/05 - 09:27:03 | 任务进度轮询完成 
[SYS] 2025/11/05 - 09:27:16 | syncing options from database 
[SYS] 2025/11/05 - 09:27:18 | 任务进度轮询开始 
[SYS] 2025/11/05 - 09:27:18 | 任务进度轮询完成 
[SYS] 2025/11/05 - 09:27:33 | 任务进度轮询开始 
[SYS] 2025/11/05 - 09:27:33 | 任务进度轮询完成 
[SYS] 2025/11/05 - 09:27:48 | 任务进度轮询开始 
[SYS] 2025/11/05 - 09:27:48 | 任务进度轮询完成 
[SYS] 2025/11/05 - 09:28:03 | 任务进度轮询开始 
[SYS] 2025/11/05 - 09:28:03 | 任务进度轮询完成 
[SYS] 2025/11/05 - 09:28:16 | syncing options from database 
[SYS] 2025/11/05 - 09:28:18 | 任务进度轮询开始 
[SYS] 2025/11/05 - 09:28:18 | 任务进度轮询完成 
[SYS] 2025/11/05 - 09:28:33 | 任务进度轮询开始 
[SYS] 2025/11/05 - 09:28:33 | 任务进度轮询完成 
[SYS] 2025/11/05 - 09:28:48 | 任务进度轮询开始 
[SYS] 2025/11/05 - 09:28:48 | 任务进度轮询完成 
[SYS] 2025/11/05 - 09:29:03 | 任务进度轮询开始 
[SYS] 2025/11/05 - 09:29:03 | 任务进度轮询完成 
[SYS] 2025/11/05 - 09:29:16 | syncing options from database 
[SYS] 2025/11/05 - 09:29:18 | 任务进度轮询开始 
[SYS] 2025/11/05 - 09:29:18 | 任务进度轮询完成 
[SYS] 2025/11/05 - 09:29:33 | 任务进度轮询开始 
[SYS] 2025/11/05 - 09:29:33 | 任务进度轮询完成 
[SYS] 2025/11/05 - 09:29:48 | 任务进度轮询开始 
[SYS] 2025/11/05 - 09:29:48 | 任务进度轮询完成 
[SYS] 2025/11/05 - 09:30:03 | 任务进度轮询开始 
[SYS] 2025/11/05 - 09:30:03 | 任务进度轮询完成 
[SYS] 2025/11/05 - 09:30:15 | 正在更新数据看板数据... 
[SYS] 2025/11/05 - 09:30:15 | 保存数据看板数据成功，共保存0条数据 
[SYS] 2025/11/05 - 09:30:16 | syncing options from database 
[SYS] 2025/11/05 - 09:30:18 | 任务进度轮询开始 
[SYS] 2025/11/05 - 09:30:18 | 任务进度轮询完成 
[SYS] 2025/11/05 - 09:30:33 | 任务进度轮询开始 
[SYS] 2025/11/05 - 09:30:33 | 任务进度轮询完成 
[SYS] 2025/11/05 - 09:30:48 | 任务进度轮询开始 
[SYS] 2025/11/05 - 09:30:48 | 任务进度轮询完成 
[SYS] 2025/11/05 - 09:31:03 | 任务进度轮询开始 
[SYS] 2025/11/05 - 09:31:03 | 任务进度轮询完成 
[SYS] 2025/11/05 - 09:31:16 | syncing options from database 
[SYS] 2025/11/05 - 09:31:18 | 任务进度轮询开始 
[SYS] 2025/11/05 - 09:31:18 | 任务进度轮询完成 
[SYS] 2025/11/05 - 09:31:33 | 任务进度轮询开始 
[SYS] 2025/11/05 - 09:31:33 | 任务进度轮询完成 
[SYS] 2025/11/05 - 09:31:48 | 任务进度轮询开始 
[SYS] 2025/11/05 - 09:31:48 | 任务进度轮询完成 
[SYS] 2025/11/05 - 09:32:03 | 任务进度轮询开始 
[SYS] 2025/11/05 - 09:32:03 | 任务进度轮询完成 
[SYS] 2025/11/05 - 09:32:16 | syncing options from database 
[SYS] 2025/11/05 - 09:32:18 | 任务进度轮询开始 
[SYS] 2025/11/05 - 09:32:18 | 任务进度轮询完成 
[SYS] 2025/11/05 - 09:32:33 | 任务进度轮询开始 
[SYS] 2025/11/05 - 09:32:33 | 任务进度轮询完成 
[SYS] 2025/11/05 - 09:32:48 | 任务进度轮询开始 
[SYS] 2025/11/05 - 09:32:48 | 任务进度轮询完成 
[SYS] 2025/11/05 - 09:33:03 | 任务进度轮询开始 
[SYS] 2025/11/05 - 09:33:03 | 任务进度轮询完成 
[SYS] 2025/11/05 - 09:33:16 | syncing options from database 
[SYS] 2025/11/05 - 09:33:18 | 任务进度轮询开始 
[SYS] 2025/11/05 - 09:33:18 | 任务进度轮询完成 
[SYS] 2025/11/05 - 09:33:33 | 任务进度轮询开始 
[SYS] 2025/11/05 - 09:33:33 | 任务进度轮询完成 
[SYS] 2025/11/05 - 09:33:48 | 任务进度轮询开始 
[SYS] 2025/11/05 - 09:33:48 | 任务进度轮询完成 
[SYS] 2025/11/05 - 09:34:03 | 任务进度轮询开始 
[SYS] 2025/11/05 - 09:34:03 | 任务进度轮询完成 
[SYS] 2025/11/05 - 09:34:16 | syncing options from database 
[SYS] 2025/11/05 - 09:34:18 | 任务进度轮询开始 
[SYS] 2025/11/05 - 09:34:18 | 任务进度轮询完成 
[SYS] 2025/11/05 - 09:34:33 | 任务进度轮询开始 
[SYS] 2025/11/05 - 09:34:33 | 任务进度轮询完成 
[SYS] 2025/11/05 - 09:34:48 | 任务进度轮询开始 
[SYS] 2025/11/05 - 09:34:48 | 任务进度轮询完成 
[SYS] 2025/11/05 - 09:35:03 | 任务进度轮询开始 
[SYS] 2025/11/05 - 09:35:03 | 任务进度轮询完成 
[SYS] 2025/11/05 - 09:35:15 | 正在更新数据看板数据... 
[SYS] 2025/11/05 - 09:35:15 | 保存数据看板数据成功，共保存0条数据 
[SYS] 2025/11/05 - 09:35:16 | syncing options from database 
[SYS] 2025/11/05 - 09:35:18 | 任务进度轮询开始 
[SYS] 2025/11/05 - 09:35:18 | 任务进度轮询完成 
[SYS] 2025/11/05 - 09:35:33 | 任务进度轮询开始 
[SYS] 2025/11/05 - 09:35:33 | 任务进度轮询完成 
[SYS] 2025/11/05 - 09:35:48 | 任务进度轮询开始 
[SYS] 2025/11/05 - 09:35:48 | 任务进度轮询完成 
[SYS] 2025/11/05 - 09:36:03 | 任务进度轮询开始 
[SYS] 2025/11/05 - 09:36:03 | 任务进度轮询完成 
[SYS] 2025/11/05 - 09:36:16 | syncing options from database 
[SYS] 2025/11/05 - 09:36:18 | 任务进度轮询开始 
[SYS] 2025/11/05 - 09:36:18 | 任务进度轮询完成 
[SYS] 2025/11/05 - 09:36:33 | 任务进度轮询开始 
[SYS] 2025/11/05 - 09:36:33 | 任务进度轮询完成 
[SYS] 2025/11/05 - 09:36:48 | 任务进度轮询开始 
[SYS] 2025/11/05 - 09:36:48 | 任务进度轮询完成 
[SYS] 2025/11/05 - 09:37:03 | 任务进度轮询开始 
[SYS] 2025/11/05 - 09:37:03 | 任务进度轮询完成 
[SYS] 2025/11/05 - 09:37:16 | syncing options from database 
[SYS] 2025/11/05 - 09:37:18 | 任务进度轮询开始 
[SYS] 2025/11/05 - 09:37:18 | 任务进度轮询完成 
[SYS] 2025/11/05 - 09:37:33 | 任务进度轮询开始 
[SYS] 2025/11/05 - 09:37:33 | 任务进度轮询完成 
[SYS] 2025/11/05 - 09:37:48 | 任务进度轮询开始 
[SYS] 2025/11/05 - 09:37:48 | 任务进度轮询完成 
[SYS] 2025/11/05 - 09:38:03 | 任务进度轮询开始 
[SYS] 2025/11/05 - 09:38:03 | 任务进度轮询完成 
[SYS] 2025/11/05 - 09:38:16 | syncing options from database 
[SYS] 2025/11/05 - 09:38:18 | 任务进度轮询开始 
[SYS] 2025/11/05 - 09:38:18 | 任务进度轮询完成 
[SYS] 2025/11/05 - 09:38:33 | 任务进度轮询开始 
[SYS] 2025/11/05 - 09:38:33 | 任务进度轮询完成 
[SYS] 2025/11/05 - 09:38:48 | 任务进度轮询开始 
[SYS] 2025/11/05 - 09:38:48 | 任务进度轮询完成 
[SYS] 2025/11/05 - 09:39:03 | 任务进度轮询开始 
[SYS] 2025/11/05 - 09:39:03 | 任务进度轮询完成 
[SYS] 2025/11/05 - 09:39:16 | syncing options from database 
[SYS] 2025/11/05 - 09:39:18 | 任务进度轮询开始 
[SYS] 2025/11/05 - 09:39:18 | 任务进度轮询完成 
[SYS] 2025/11/05 - 09:39:33 | 任务进度轮询开始 
[SYS] 2025/11/05 - 09:39:33 | 任务进度轮询完成 
[SYS] 2025/11/05 - 09:39:48 | 任务进度轮询开始 
[SYS] 2025/11/05 - 09:39:48 | 任务进度轮询完成 
[SYS] 2025/11/05 - 09:40:03 | 任务进度轮询开始 
[SYS] 2025/11/05 - 09:40:03 | 任务进度轮询完成 
[SYS] 2025/11/05 - 09:40:15 | 正在更新数据看板数据... 
[SYS] 2025/11/05 - 09:40:15 | 保存数据看板数据成功，共保存0条数据 
[SYS] 2025/11/05 - 09:40:16 | syncing options from database 
[SYS] 2025/11/05 - 09:40:18 | 任务进度轮询开始 
[SYS] 2025/11/05 - 09:40:18 | 任务进度轮询完成 
[SYS] 2025/11/05 - 09:40:33 | 任务进度轮询开始 
[SYS] 2025/11/05 - 09:40:33 | 任务进度轮询完成 
[SYS] 2025/11/05 - 09:40:48 | 任务进度轮询开始 
[SYS] 2025/11/05 - 09:40:48 | 任务进度轮询完成 
[SYS] 2025/11/05 - 09:41:03 | 任务进度轮询开始 
[SYS] 2025/11/05 - 09:41:03 | 任务进度轮询完成 
[SYS] 2025/11/05 - 09:41:16 | syncing options from database 
[SYS] 2025/11/05 - 09:41:18 | 任务进度轮询开始 
[SYS] 2025/11/05 - 09:41:18 | 任务进度轮询完成 
[SYS] 2025/11/05 - 09:41:33 | 任务进度轮询开始 
[SYS] 2025/11/05 - 09:41:33 | 任务进度轮询完成 
[SYS] 2025/11/05 - 09:41:48 | 任务进度轮询开始 
[SYS] 2025/11/05 - 09:41:48 | 任务进度轮询完成 
[SYS] 2025/11/05 - 09:42:03 | 任务进度轮询开始 
[SYS] 2025/11/05 - 09:42:03 | 任务进度轮询完成 
[SYS] 2025/11/05 - 09:42:16 | syncing options from database 
[SYS] 2025/11/05 - 09:42:18 | 任务进度轮询开始 
[SYS] 2025/11/05 - 09:42:18 | 任务进度轮询完成 
[SYS] 2025/11/05 - 09:42:33 | 任务进度轮询开始 
[SYS] 2025/11/05 - 09:42:33 | 任务进度轮询完成 
[SYS] 2025/11/05 - 09:42:48 | 任务进度轮询开始 
[SYS] 2025/11/05 - 09:42:48 | 任务进度轮询完成 
[SYS] 2025/11/05 - 09:43:03 | 任务进度轮询开始 
[SYS] 2025/11/05 - 09:43:03 | 任务进度轮询完成 
[SYS] 2025/11/05 - 09:43:16 | syncing options from database 
[SYS] 2025/11/05 - 09:43:18 | 任务进度轮询开始 
[SYS] 2025/11/05 - 09:43:18 | 任务进度轮询完成 
[SYS] 2025/11/05 - 09:43:33 | 任务进度轮询开始 
[SYS] 2025/11/05 - 09:43:33 | 任务进度轮询完成 
[SYS] 2025/11/05 - 09:43:48 | 任务进度轮询开始 
[SYS] 2025/11/05 - 09:43:48 | 任务进度轮询完成 
[SYS] 2025/11/05 - 09:44:03 | 任务进度轮询开始 
[SYS] 2025/11/05 - 09:44:03 | 任务进度轮询完成 
[SYS] 2025/11/05 - 09:44:16 | syncing options from database 
[SYS] 2025/11/05 - 09:44:18 | 任务进度轮询开始 
[SYS] 2025/11/05 - 09:44:18 | 任务进度轮询完成 
[SYS] 2025/11/05 - 09:44:33 | 任务进度轮询开始 
[SYS] 2025/11/05 - 09:44:33 | 任务进度轮询完成 
[SYS] 2025/11/05 - 09:44:48 | 任务进度轮询开始 
[SYS] 2025/11/05 - 09:44:48 | 任务进度轮询完成 
[SYS] 2025/11/05 - 09:45:03 | 任务进度轮询开始 
[SYS] 2025/11/05 - 09:45:03 | 任务进度轮询完成 
[SYS] 2025/11/05 - 09:45:15 | 正在更新数据看板数据... 
[SYS] 2025/11/05 - 09:45:15 | 保存数据看板数据成功，共保存0条数据 
[SYS] 2025/11/05 - 09:45:16 | syncing options from database 
[SYS] 2025/11/05 - 09:45:18 | 任务进度轮询开始 
[SYS] 2025/11/05 - 09:45:18 | 任务进度轮询完成 
[SYS] 2025/11/05 - 09:45:33 | 任务进度轮询开始 
[SYS] 2025/11/05 - 09:45:33 | 任务进度轮询完成 
[SYS] 2025/11/05 - 09:45:48 | 任务进度轮询开始 
[SYS] 2025/11/05 - 09:45:48 | 任务进度轮询完成 
[SYS] 2025/11/05 - 09:46:03 | 任务进度轮询开始 
[SYS] 2025/11/05 - 09:46:03 | 任务进度轮询完成 
[SYS] 2025/11/05 - 09:46:16 | syncing options from database 
[SYS] 2025/11/05 - 09:46:18 | 任务进度轮询开始 
[SYS] 2025/11/05 - 09:46:18 | 任务进度轮询完成 
[SYS] 2025/11/05 - 09:46:33 | 任务进度轮询开始 
[SYS] 2025/11/05 - 09:46:33 | 任务进度轮询完成 
[SYS] 2025/11/05 - 09:46:48 | 任务进度轮询开始 
[SYS] 2025/11/05 - 09:46:48 | 任务进度轮询完成 
[SYS] 2025/11/05 - 09:47:03 | 任务进度轮询开始 
[SYS] 2025/11/05 - 09:47:03 | 任务进度轮询完成 
[SYS] 2025/11/05 - 09:47:16 | syncing options from database 
[SYS] 2025/11/05 - 09:47:18 | 任务进度轮询开始 
[SYS] 2025/11/05 - 09:47:18 | 任务进度轮询完成 
[SYS] 2025/11/05 - 09:47:33 | 任务进度轮询开始 
[SYS] 2025/11/05 - 09:47:33 | 任务进度轮询完成 
[SYS] 2025/11/05 - 09:47:48 | 任务进度轮询开始 
[SYS] 2025/11/05 - 09:47:48 | 任务进度轮询完成 
[SYS] 2025/11/05 - 09:48:03 | 任务进度轮询开始 
[SYS] 2025/11/05 - 09:48:03 | 任务进度轮询完成 
[SYS] 2025/11/05 - 09:48:16 | syncing options from database 
[SYS] 2025/11/05 - 09:48:18 | 任务进度轮询开始 
[SYS] 2025/11/05 - 09:48:18 | 任务进度轮询完成 
[SYS] 2025/11/05 - 09:48:33 | 任务进度轮询开始 
[SYS] 2025/11/05 - 09:48:33 | 任务进度轮询完成 
[SYS] 2025/11/05 - 09:48:48 | 任务进度轮询开始 
[SYS] 2025/11/05 - 09:48:48 | 任务进度轮询完成 
[SYS] 2025/11/05 - 09:49:03 | 任务进度轮询开始 
[SYS] 2025/11/05 - 09:49:03 | 任务进度轮询完成 
[SYS] 2025/11/05 - 09:49:16 | syncing options from database 
[SYS] 2025/11/05 - 09:49:18 | 任务进度轮询开始 
[SYS] 2025/11/05 - 09:49:18 | 任务进度轮询完成 
[SYS] 2025/11/05 - 09:49:33 | 任务进度轮询开始 
[SYS] 2025/11/05 - 09:49:33 | 任务进度轮询完成 
[SYS] 2025/11/05 - 09:49:48 | 任务进度轮询开始 
[SYS] 2025/11/05 - 09:49:48 | 任务进度轮询完成 
[SYS] 2025/11/05 - 09:50:03 | 任务进度轮询开始 
[SYS] 2025/11/05 - 09:50:03 | 任务进度轮询完成 
[SYS] 2025/11/05 - 09:50:15 | 正在更新数据看板数据... 
[SYS] 2025/11/05 - 09:50:15 | 保存数据看板数据成功，共保存0条数据 
[SYS] 2025/11/05 - 09:50:16 | syncing options from database 
[SYS] 2025/11/05 - 09:50:18 | 任务进度轮询开始 
[SYS] 2025/11/05 - 09:50:18 | 任务进度轮询完成 
[SYS] 2025/11/05 - 09:50:33 | 任务进度轮询开始 
[SYS] 2025/11/05 - 09:50:33 | 任务进度轮询完成 
[SYS] 2025/11/05 - 09:50:48 | 任务进度轮询开始 
[SYS] 2025/11/05 - 09:50:48 | 任务进度轮询完成 
[SYS] 2025/11/05 - 09:51:03 | 任务进度轮询开始 
[SYS] 2025/11/05 - 09:51:03 | 任务进度轮询完成 
[SYS] 2025/11/05 - 09:51:16 | syncing options from database 
[SYS] 2025/11/05 - 09:51:18 | 任务进度轮询开始 
[SYS] 2025/11/05 - 09:51:18 | 任务进度轮询完成 
[SYS] 2025/11/05 - 09:51:33 | 任务进度轮询开始 
[SYS] 2025/11/05 - 09:51:33 | 任务进度轮询完成 
[SYS] 2025/11/05 - 09:51:48 | 任务进度轮询开始 
[SYS] 2025/11/05 - 09:51:48 | 任务进度轮询完成 
[SYS] 2025/11/05 - 09:52:03 | 任务进度轮询开始 
[SYS] 2025/11/05 - 09:52:04 | 任务进度轮询完成 
[SYS] 2025/11/05 - 09:52:16 | syncing options from database 
[SYS] 2025/11/05 - 09:52:19 | 任务进度轮询开始 
[SYS] 2025/11/05 - 09:52:19 | 任务进度轮询完成 
[SYS] 2025/11/05 - 09:52:34 | 任务进度轮询开始 
[SYS] 2025/11/05 - 09:52:34 | 任务进度轮询完成 
[SYS] 2025/11/05 - 09:52:49 | 任务进度轮询开始 
[SYS] 2025/11/05 - 09:52:49 | 任务进度轮询完成 
[SYS] 2025/11/05 - 09:53:04 | 任务进度轮询开始 
[SYS] 2025/11/05 - 09:53:04 | 任务进度轮询完成 
[SYS] 2025/11/05 - 09:53:16 | syncing options from database 
[SYS] 2025/11/05 - 09:53:19 | 任务进度轮询开始 
[SYS] 2025/11/05 - 09:53:19 | 任务进度轮询完成 
[SYS] 2025/11/05 - 09:53:34 | 任务进度轮询开始 
[SYS] 2025/11/05 - 09:53:34 | 任务进度轮询完成 
[SYS] 2025/11/05 - 09:53:49 | 任务进度轮询开始 
[SYS] 2025/11/05 - 09:53:49 | 任务进度轮询完成 
[SYS] 2025/11/05 - 09:54:04 | 任务进度轮询开始 
[SYS] 2025/11/05 - 09:54:04 | 任务进度轮询完成 
[SYS] 2025/11/05 - 09:54:16 | syncing options from database 
[SYS] 2025/11/05 - 09:54:19 | 任务进度轮询开始 
[SYS] 2025/11/05 - 09:54:19 | 任务进度轮询完成 
[SYS] 2025/11/05 - 09:54:34 | 任务进度轮询开始 
[SYS] 2025/11/05 - 09:54:34 | 任务进度轮询完成 
[SYS] 2025/11/05 - 09:54:49 | 任务进度轮询开始 
[SYS] 2025/11/05 - 09:54:49 | 任务进度轮询完成 
[SYS] 2025/11/05 - 09:55:04 | 任务进度轮询开始 
[SYS] 2025/11/05 - 09:55:04 | 任务进度轮询完成 
[SYS] 2025/11/05 - 09:55:15 | 正在更新数据看板数据... 
[SYS] 2025/11/05 - 09:55:15 | 保存数据看板数据成功，共保存0条数据 
[SYS] 2025/11/05 - 09:55:16 | syncing options from database 
[SYS] 2025/11/05 - 09:55:19 | 任务进度轮询开始 
[SYS] 2025/11/05 - 09:55:19 | 任务进度轮询完成 
[SYS] 2025/11/05 - 09:55:34 | 任务进度轮询开始 
[SYS] 2025/11/05 - 09:55:34 | 任务进度轮询完成 
[SYS] 2025/11/05 - 09:55:49 | 任务进度轮询开始 
[SYS] 2025/11/05 - 09:55:49 | 任务进度轮询完成 
[SYS] 2025/11/05 - 09:56:04 | 任务进度轮询开始 
[SYS] 2025/11/05 - 09:56:04 | 任务进度轮询完成 
[SYS] 2025/11/05 - 09:56:16 | syncing options from database 
[SYS] 2025/11/05 - 09:56:19 | 任务进度轮询开始 
[SYS] 2025/11/05 - 09:56:19 | 任务进度轮询完成 
[SYS] 2025/11/05 - 09:56:34 | 任务进度轮询开始 
[SYS] 2025/11/05 - 09:56:34 | 任务进度轮询完成 
[SYS] 2025/11/05 - 09:56:49 | 任务进度轮询开始 
[SYS] 2025/11/05 - 09:56:49 | 任务进度轮询完成 
[SYS] 2025/11/05 - 09:57:04 | 任务进度轮询开始 
[SYS] 2025/11/05 - 09:57:04 | 任务进度轮询完成 
[SYS] 2025/11/05 - 09:57:16 | syncing options from database 
[SYS] 2025/11/05 - 09:57:19 | 任务进度轮询开始 
[SYS] 2025/11/05 - 09:57:19 | 任务进度轮询完成 
[SYS] 2025/11/05 - 09:57:34 | 任务进度轮询开始 
[SYS] 2025/11/05 - 09:57:34 | 任务进度轮询完成 
[SYS] 2025/11/05 - 09:57:49 | 任务进度轮询开始 
[SYS] 2025/11/05 - 09:57:49 | 任务进度轮询完成 
[SYS] 2025/11/05 - 09:58:04 | 任务进度轮询开始 
[SYS] 2025/11/05 - 09:58:04 | 任务进度轮询完成 
[SYS] 2025/11/05 - 09:58:16 | syncing options from database 
[SYS] 2025/11/05 - 09:58:19 | 任务进度轮询开始 
[SYS] 2025/11/05 - 09:58:19 | 任务进度轮询完成 
[SYS] 2025/11/05 - 09:58:34 | 任务进度轮询开始 
[SYS] 2025/11/05 - 09:58:34 | 任务进度轮询完成 
[SYS] 2025/11/05 - 09:58:49 | 任务进度轮询开始 
[SYS] 2025/11/05 - 09:58:49 | 任务进度轮询完成 
[SYS] 2025/11/05 - 09:59:04 | 任务进度轮询开始 
[SYS] 2025/11/05 - 09:59:04 | 任务进度轮询完成 
[SYS] 2025/11/05 - 09:59:16 | syncing options from database 
[SYS] 2025/11/05 - 09:59:19 | 任务进度轮询开始 
[SYS] 2025/11/05 - 09:59:19 | 任务进度轮询完成 
[SYS] 2025/11/05 - 09:59:34 | 任务进度轮询开始 
[SYS] 2025/11/05 - 09:59:34 | 任务进度轮询完成 
[SYS] 2025/11/05 - 09:59:49 | 任务进度轮询开始 
[SYS] 2025/11/05 - 09:59:49 | 任务进度轮询完成 
[SYS] 2025/11/05 - 10:00:04 | 任务进度轮询开始 
[SYS] 2025/11/05 - 10:00:04 | 任务进度轮询完成 
[SYS] 2025/11/05 - 10:00:15 | 正在更新数据看板数据... 
[SYS] 2025/11/05 - 10:00:15 | 保存数据看板数据成功，共保存0条数据 
[SYS] 2025/11/05 - 10:00:16 | syncing options from database 
[SYS] 2025/11/05 - 10:00:19 | 任务进度轮询开始 
[SYS] 2025/11/05 - 10:00:19 | 任务进度轮询完成 
[SYS] 2025/11/05 - 10:00:34 | 任务进度轮询开始 
[SYS] 2025/11/05 - 10:00:34 | 任务进度轮询完成 
[SYS] 2025/11/05 - 10:00:49 | 任务进度轮询开始 
[SYS] 2025/11/05 - 10:00:49 | 任务进度轮询完成 
[SYS] 2025/11/05 - 10:01:04 | 任务进度轮询开始 
[SYS] 2025/11/05 - 10:01:04 | 任务进度轮询完成 
[SYS] 2025/11/05 - 10:01:16 | syncing options from database 
[SYS] 2025/11/05 - 10:01:19 | 任务进度轮询开始 
[SYS] 2025/11/05 - 10:01:19 | 任务进度轮询完成 
[SYS] 2025/11/05 - 10:01:34 | 任务进度轮询开始 
[SYS] 2025/11/05 - 10:01:34 | 任务进度轮询完成 
[SYS] 2025/11/05 - 10:01:49 | 任务进度轮询开始 
[SYS] 2025/11/05 - 10:01:49 | 任务进度轮询完成 
[SYS] 2025/11/05 - 10:02:04 | 任务进度轮询开始 
[SYS] 2025/11/05 - 10:02:04 | 任务进度轮询完成 
[SYS] 2025/11/05 - 10:02:16 | syncing options from database 
[SYS] 2025/11/05 - 10:02:19 | 任务进度轮询开始 
[SYS] 2025/11/05 - 10:02:19 | 任务进度轮询完成 
[SYS] 2025/11/05 - 10:02:34 | 任务进度轮询开始 
[SYS] 2025/11/05 - 10:02:34 | 任务进度轮询完成 
[SYS] 2025/11/05 - 10:02:49 | 任务进度轮询开始 
[SYS] 2025/11/05 - 10:02:49 | 任务进度轮询完成 
[SYS] 2025/11/05 - 10:03:04 | 任务进度轮询开始 
[SYS] 2025/11/05 - 10:03:04 | 任务进度轮询完成 
[SYS] 2025/11/05 - 10:03:16 | syncing options from database 
[SYS] 2025/11/05 - 10:03:19 | 任务进度轮询开始 
[SYS] 2025/11/05 - 10:03:19 | 任务进度轮询完成 
[SYS] 2025/11/05 - 10:03:34 | 任务进度轮询开始 
[SYS] 2025/11/05 - 10:03:34 | 任务进度轮询完成 
[SYS] 2025/11/05 - 10:03:49 | 任务进度轮询开始 
[SYS] 2025/11/05 - 10:03:49 | 任务进度轮询完成 
[SYS] 2025/11/05 - 10:04:04 | 任务进度轮询开始 
[SYS] 2025/11/05 - 10:04:04 | 任务进度轮询完成 
[SYS] 2025/11/05 - 10:04:16 | syncing options from database 
[SYS] 2025/11/05 - 10:04:19 | 任务进度轮询开始 
[SYS] 2025/11/05 - 10:04:19 | 任务进度轮询完成 
[SYS] 2025/11/05 - 10:04:34 | 任务进度轮询开始 
[SYS] 2025/11/05 - 10:04:34 | 任务进度轮询完成 
[SYS] 2025/11/05 - 10:04:49 | 任务进度轮询开始 
[SYS] 2025/11/05 - 10:04:49 | 任务进度轮询完成 
[SYS] 2025/11/05 - 10:05:04 | 任务进度轮询开始 
[SYS] 2025/11/05 - 10:05:04 | 任务进度轮询完成 
[SYS] 2025/11/05 - 10:05:15 | 正在更新数据看板数据... 
[SYS] 2025/11/05 - 10:05:15 | 保存数据看板数据成功，共保存0条数据 
[SYS] 2025/11/05 - 10:05:16 | syncing options from database 
[SYS] 2025/11/05 - 10:05:19 | 任务进度轮询开始 
[SYS] 2025/11/05 - 10:05:19 | 任务进度轮询完成 
[SYS] 2025/11/05 - 10:05:34 | 任务进度轮询开始 
[SYS] 2025/11/05 - 10:05:34 | 任务进度轮询完成 
[SYS] 2025/11/05 - 10:05:49 | 任务进度轮询开始 
[SYS] 2025/11/05 - 10:05:49 | 任务进度轮询完成 
[SYS] 2025/11/05 - 10:06:04 | 任务进度轮询开始 
[SYS] 2025/11/05 - 10:06:04 | 任务进度轮询完成 
[SYS] 2025/11/05 - 10:06:16 | syncing options from database 
[SYS] 2025/11/05 - 10:06:19 | 任务进度轮询开始 
[SYS] 2025/11/05 - 10:06:19 | 任务进度轮询完成 
[SYS] 2025/11/05 - 10:06:34 | 任务进度轮询开始 
[SYS] 2025/11/05 - 10:06:34 | 任务进度轮询完成 
[SYS] 2025/11/05 - 10:06:49 | 任务进度轮询开始 
[SYS] 2025/11/05 - 10:06:49 | 任务进度轮询完成 
[SYS] 2025/11/05 - 10:07:04 | 任务进度轮询开始 
[SYS] 2025/11/05 - 10:07:04 | 任务进度轮询完成 
[SYS] 2025/11/05 - 10:07:16 | syncing options from database 
[SYS] 2025/11/05 - 10:07:19 | 任务进度轮询开始 
[SYS] 2025/11/05 - 10:07:19 | 任务进度轮询完成 
[SYS] 2025/11/05 - 10:07:34 | 任务进度轮询开始 
[SYS] 2025/11/05 - 10:07:34 | 任务进度轮询完成 
[SYS] 2025/11/05 - 10:07:49 | 任务进度轮询开始 
[SYS] 2025/11/05 - 10:07:49 | 任务进度轮询完成 
[SYS] 2025/11/05 - 10:08:04 | 任务进度轮询开始 
[SYS] 2025/11/05 - 10:08:04 | 任务进度轮询完成 
[SYS] 2025/11/05 - 10:08:16 | syncing options from database 
[SYS] 2025/11/05 - 10:08:19 | 任务进度轮询开始 
[SYS] 2025/11/05 - 10:08:19 | 任务进度轮询完成 
[SYS] 2025/11/05 - 10:08:34 | 任务进度轮询开始 
[SYS] 2025/11/05 - 10:08:34 | 任务进度轮询完成 
[SYS] 2025/11/05 - 10:08:49 | 任务进度轮询开始 
[SYS] 2025/11/05 - 10:08:49 | 任务进度轮询完成 
[SYS] 2025/11/05 - 10:09:04 | 任务进度轮询开始 
[SYS] 2025/11/05 - 10:09:04 | 任务进度轮询完成 
[SYS] 2025/11/05 - 10:09:16 | syncing options from database 
[SYS] 2025/11/05 - 10:09:19 | 任务进度轮询开始 
[SYS] 2025/11/05 - 10:09:19 | 任务进度轮询完成 
[SYS] 2025/11/05 - 10:09:34 | 任务进度轮询开始 
[SYS] 2025/11/05 - 10:09:34 | 任务进度轮询完成 
[SYS] 2025/11/05 - 10:09:49 | 任务进度轮询开始 
[SYS] 2025/11/05 - 10:09:49 | 任务进度轮询完成 
[SYS] 2025/11/05 - 10:10:04 | 任务进度轮询开始 
[SYS] 2025/11/05 - 10:10:04 | 任务进度轮询完成 
[SYS] 2025/11/05 - 10:10:15 | 正在更新数据看板数据... 
[SYS] 2025/11/05 - 10:10:15 | 保存数据看板数据成功，共保存0条数据 
[SYS] 2025/11/05 - 10:10:16 | syncing options from database 
[SYS] 2025/11/05 - 10:10:19 | 任务进度轮询开始 
[SYS] 2025/11/05 - 10:10:19 | 任务进度轮询完成 
[SYS] 2025/11/05 - 10:10:34 | 任务进度轮询开始 
[SYS] 2025/11/05 - 10:10:34 | 任务进度轮询完成 
[SYS] 2025/11/05 - 10:10:49 | 任务进度轮询开始 
[SYS] 2025/11/05 - 10:10:49 | 任务进度轮询完成 
[SYS] 2025/11/05 - 10:11:04 | 任务进度轮询开始 
[SYS] 2025/11/05 - 10:11:04 | 任务进度轮询完成 
[SYS] 2025/11/05 - 10:11:16 | syncing options from database 
[SYS] 2025/11/05 - 10:11:19 | 任务进度轮询开始 
[SYS] 2025/11/05 - 10:11:19 | 任务进度轮询完成 
[SYS] 2025/11/05 - 10:11:34 | 任务进度轮询开始 
[SYS] 2025/11/05 - 10:11:34 | 任务进度轮询完成 
[SYS] 2025/11/05 - 10:11:49 | 任务进度轮询开始 
[SYS] 2025/11/05 - 10:11:49 | 任务进度轮询完成 
[SYS] 2025/11/05 - 10:12:04 | 任务进度轮询开始 
[SYS] 2025/11/05 - 10:12:04 | 任务进度轮询完成 
[SYS] 2025/11/05 - 10:12:16 | syncing options from database 
[SYS] 2025/11/05 - 10:12:19 | 任务进度轮询开始 
[SYS] 2025/11/05 - 10:12:19 | 任务进度轮询完成 
[SYS] 2025/11/05 - 10:12:34 | 任务进度轮询开始 
[SYS] 2025/11/05 - 10:12:34 | 任务进度轮询完成 
[SYS] 2025/11/05 - 10:12:49 | 任务进度轮询开始 
[SYS] 2025/11/05 - 10:12:49 | 任务进度轮询完成 
[SYS] 2025/11/05 - 10:13:04 | 任务进度轮询开始 
[SYS] 2025/11/05 - 10:13:04 | 任务进度轮询完成 
[SYS] 2025/11/05 - 10:13:16 | syncing options from database 
[SYS] 2025/11/05 - 10:13:19 | 任务进度轮询开始 
[SYS] 2025/11/05 - 10:13:19 | 任务进度轮询完成 
[SYS] 2025/11/05 - 10:13:34 | 任务进度轮询开始 
[SYS] 2025/11/05 - 10:13:34 | 任务进度轮询完成 
[SYS] 2025/11/05 - 10:13:49 | 任务进度轮询开始 
[SYS] 2025/11/05 - 10:13:49 | 任务进度轮询完成 
[SYS] 2025/11/05 - 10:14:04 | 任务进度轮询开始 
[SYS] 2025/11/05 - 10:14:04 | 任务进度轮询完成 
[SYS] 2025/11/05 - 10:14:16 | syncing options from database 
[SYS] 2025/11/05 - 10:14:19 | 任务进度轮询开始 
[SYS] 2025/11/05 - 10:14:19 | 任务进度轮询完成 
[SYS] 2025/11/05 - 10:14:34 | 任务进度轮询开始 
[SYS] 2025/11/05 - 10:14:34 | 任务进度轮询完成 
[SYS] 2025/11/05 - 10:14:49 | 任务进度轮询开始 
[SYS] 2025/11/05 - 10:14:49 | 任务进度轮询完成 
[SYS] 2025/11/05 - 10:15:04 | 任务进度轮询开始 
[SYS] 2025/11/05 - 10:15:04 | 任务进度轮询完成 
[SYS] 2025/11/05 - 10:15:15 | 正在更新数据看板数据... 
[SYS] 2025/11/05 - 10:15:15 | 保存数据看板数据成功，共保存0条数据 
[SYS] 2025/11/05 - 10:15:16 | syncing options from database 
[SYS] 2025/11/05 - 10:15:19 | 任务进度轮询开始 
[SYS] 2025/11/05 - 10:15:19 | 任务进度轮询完成 
[SYS] 2025/11/05 - 10:15:34 | 任务进度轮询开始 
[SYS] 2025/11/05 - 10:15:34 | 任务进度轮询完成 
[SYS] 2025/11/05 - 10:15:49 | 任务进度轮询开始 
[SYS] 2025/11/05 - 10:15:49 | 任务进度轮询完成 
[SYS] 2025/11/05 - 10:16:04 | 任务进度轮询开始 
[SYS] 2025/11/05 - 10:16:04 | 任务进度轮询完成 
[SYS] 2025/11/05 - 10:16:16 | syncing options from database 
[SYS] 2025/11/05 - 10:16:19 | 任务进度轮询开始 
[SYS] 2025/11/05 - 10:16:19 | 任务进度轮询完成 
[SYS] 2025/11/05 - 10:16:34 | 任务进度轮询开始 
[SYS] 2025/11/05 - 10:16:34 | 任务进度轮询完成 
[SYS] 2025/11/05 - 10:16:49 | 任务进度轮询开始 
[SYS] 2025/11/05 - 10:16:49 | 任务进度轮询完成 
[SYS] 2025/11/05 - 10:17:04 | 任务进度轮询开始 
[SYS] 2025/11/05 - 10:17:04 | 任务进度轮询完成 
[SYS] 2025/11/05 - 10:17:16 | syncing options from database 
[SYS] 2025/11/05 - 10:17:19 | 任务进度轮询开始 
[SYS] 2025/11/05 - 10:17:19 | 任务进度轮询完成 
[SYS] 2025/11/05 - 10:17:34 | 任务进度轮询开始 
[SYS] 2025/11/05 - 10:17:34 | 任务进度轮询完成 
[SYS] 2025/11/05 - 10:17:49 | 任务进度轮询开始 
[SYS] 2025/11/05 - 10:17:49 | 任务进度轮询完成 
[SYS] 2025/11/05 - 10:18:04 | 任务进度轮询开始 
[SYS] 2025/11/05 - 10:18:04 | 任务进度轮询完成 
[SYS] 2025/11/05 - 10:18:16 | syncing options from database 
[SYS] 2025/11/05 - 10:18:19 | 任务进度轮询开始 
[SYS] 2025/11/05 - 10:18:19 | 任务进度轮询完成 
[SYS] 2025/11/05 - 10:18:34 | 任务进度轮询开始 
[SYS] 2025/11/05 - 10:18:34 | 任务进度轮询完成 
[SYS] 2025/11/05 - 10:18:49 | 任务进度轮询开始 
[SYS] 2025/11/05 - 10:18:49 | 任务进度轮询完成 
[SYS] 2025/11/05 - 10:19:04 | 任务进度轮询开始 
[SYS] 2025/11/05 - 10:19:04 | 任务进度轮询完成 
[SYS] 2025/11/05 - 10:19:16 | syncing options from database 
[SYS] 2025/11/05 - 10:19:19 | 任务进度轮询开始 
[SYS] 2025/11/05 - 10:19:19 | 任务进度轮询完成 
[SYS] 2025/11/05 - 10:19:34 | 任务进度轮询开始 
[SYS] 2025/11/05 - 10:19:34 | 任务进度轮询完成 
[SYS] 2025/11/05 - 10:19:49 | 任务进度轮询开始 
[SYS] 2025/11/05 - 10:19:49 | 任务进度轮询完成 
[SYS] 2025/11/05 - 10:20:04 | 任务进度轮询开始 
[SYS] 2025/11/05 - 10:20:04 | 任务进度轮询完成 
[SYS] 2025/11/05 - 10:20:15 | 正在更新数据看板数据... 
[SYS] 2025/11/05 - 10:20:15 | 保存数据看板数据成功，共保存0条数据 
[SYS] 2025/11/05 - 10:20:16 | syncing options from database 
[SYS] 2025/11/05 - 10:20:19 | 任务进度轮询开始 
[SYS] 2025/11/05 - 10:20:19 | 任务进度轮询完成 
[SYS] 2025/11/05 - 10:20:34 | 任务进度轮询开始 
[SYS] 2025/11/05 - 10:20:34 | 任务进度轮询完成 
[SYS] 2025/11/05 - 10:20:49 | 任务进度轮询开始 
[SYS] 2025/11/05 - 10:20:49 | 任务进度轮询完成 
[SYS] 2025/11/05 - 10:21:04 | 任务进度轮询开始 
[SYS] 2025/11/05 - 10:21:04 | 任务进度轮询完成 
[SYS] 2025/11/05 - 10:21:16 | syncing options from database 
[SYS] 2025/11/05 - 10:21:19 | 任务进度轮询开始 
[SYS] 2025/11/05 - 10:21:19 | 任务进度轮询完成 
[SYS] 2025/11/05 - 10:21:34 | 任务进度轮询开始 
[SYS] 2025/11/05 - 10:21:34 | 任务进度轮询完成 
[SYS] 2025/11/05 - 10:21:49 | 任务进度轮询开始 
[SYS] 2025/11/05 - 10:21:49 | 任务进度轮询完成 
[SYS] 2025/11/05 - 10:22:04 | 任务进度轮询开始 
[SYS] 2025/11/05 - 10:22:04 | 任务进度轮询完成 
[SYS] 2025/11/05 - 10:22:16 | syncing options from database 
[SYS] 2025/11/05 - 10:22:19 | 任务进度轮询开始 
[SYS] 2025/11/05 - 10:22:19 | 任务进度轮询完成 
[SYS] 2025/11/05 - 10:22:34 | 任务进度轮询开始 
[SYS] 2025/11/05 - 10:22:34 | 任务进度轮询完成 
[SYS] 2025/11/05 - 10:22:49 | 任务进度轮询开始 
[SYS] 2025/11/05 - 10:22:49 | 任务进度轮询完成 
[SYS] 2025/11/05 - 10:23:04 | 任务进度轮询开始 
[SYS] 2025/11/05 - 10:23:04 | 任务进度轮询完成 
[SYS] 2025/11/05 - 10:23:16 | syncing options from database 
[SYS] 2025/11/05 - 10:23:19 | 任务进度轮询开始 
[SYS] 2025/11/05 - 10:23:19 | 任务进度轮询完成 
[SYS] 2025/11/05 - 10:23:34 | 任务进度轮询开始 
[SYS] 2025/11/05 - 10:23:34 | 任务进度轮询完成 
[SYS] 2025/11/05 - 10:23:49 | 任务进度轮询开始 
[SYS] 2025/11/05 - 10:23:49 | 任务进度轮询完成 
[SYS] 2025/11/05 - 10:24:04 | 任务进度轮询开始 
[SYS] 2025/11/05 - 10:24:04 | 任务进度轮询完成 
[SYS] 2025/11/05 - 10:24:16 | syncing options from database 
[SYS] 2025/11/05 - 10:24:19 | 任务进度轮询开始 
[SYS] 2025/11/05 - 10:24:19 | 任务进度轮询完成 
[SYS] 2025/11/05 - 10:24:34 | 任务进度轮询开始 
[SYS] 2025/11/05 - 10:24:34 | 任务进度轮询完成 
[SYS] 2025/11/05 - 10:24:49 | 任务进度轮询开始 
[SYS] 2025/11/05 - 10:24:49 | 任务进度轮询完成 
[SYS] 2025/11/05 - 10:25:04 | 任务进度轮询开始 
[SYS] 2025/11/05 - 10:25:04 | 任务进度轮询完成 
[SYS] 2025/11/05 - 10:25:15 | 正在更新数据看板数据... 
[SYS] 2025/11/05 - 10:25:15 | 保存数据看板数据成功，共保存0条数据 
[SYS] 2025/11/05 - 10:25:16 | syncing options from database 
[SYS] 2025/11/05 - 10:25:19 | 任务进度轮询开始 
[SYS] 2025/11/05 - 10:25:19 | 任务进度轮询完成 
[SYS] 2025/11/05 - 10:25:34 | 任务进度轮询开始 
[SYS] 2025/11/05 - 10:25:34 | 任务进度轮询完成 
[SYS] 2025/11/05 - 10:25:49 | 任务进度轮询开始 
[SYS] 2025/11/05 - 10:25:49 | 任务进度轮询完成 
[SYS] 2025/11/05 - 10:26:04 | 任务进度轮询开始 
[SYS] 2025/11/05 - 10:26:04 | 任务进度轮询完成 
[SYS] 2025/11/05 - 10:26:16 | syncing options from database 
[SYS] 2025/11/05 - 10:26:19 | 任务进度轮询开始 
[SYS] 2025/11/05 - 10:26:19 | 任务进度轮询完成 
[SYS] 2025/11/05 - 10:26:34 | 任务进度轮询开始 
[SYS] 2025/11/05 - 10:26:34 | 任务进度轮询完成 
[SYS] 2025/11/05 - 10:26:49 | 任务进度轮询开始 
[SYS] 2025/11/05 - 10:26:49 | 任务进度轮询完成 
[SYS] 2025/11/05 - 10:27:04 | 任务进度轮询开始 
[SYS] 2025/11/05 - 10:27:04 | 任务进度轮询完成 
[SYS] 2025/11/05 - 10:27:16 | syncing options from database 
[SYS] 2025/11/05 - 10:27:19 | 任务进度轮询开始 
[SYS] 2025/11/05 - 10:27:19 | 任务进度轮询完成 
[SYS] 2025/11/05 - 10:27:34 | 任务进度轮询开始 
[SYS] 2025/11/05 - 10:27:34 | 任务进度轮询完成 
[SYS] 2025/11/05 - 10:27:49 | 任务进度轮询开始 
[SYS] 2025/11/05 - 10:27:49 | 任务进度轮询完成 
[SYS] 2025/11/05 - 10:28:04 | 任务进度轮询开始 
[SYS] 2025/11/05 - 10:28:04 | 任务进度轮询完成 
[SYS] 2025/11/05 - 10:28:16 | syncing options from database 
[SYS] 2025/11/05 - 10:28:19 | 任务进度轮询开始 
[SYS] 2025/11/05 - 10:28:19 | 任务进度轮询完成 
[SYS] 2025/11/05 - 10:28:34 | 任务进度轮询开始 
[SYS] 2025/11/05 - 10:28:34 | 任务进度轮询完成 
[SYS] 2025/11/05 - 10:28:49 | 任务进度轮询开始 
[SYS] 2025/11/05 - 10:28:49 | 任务进度轮询完成 
[SYS] 2025/11/05 - 10:29:04 | 任务进度轮询开始 
[SYS] 2025/11/05 - 10:29:04 | 任务进度轮询完成 
[SYS] 2025/11/05 - 10:29:16 | syncing options from database 
[SYS] 2025/11/05 - 10:29:19 | 任务进度轮询开始 
[SYS] 2025/11/05 - 10:29:19 | 任务进度轮询完成 
[SYS] 2025/11/05 - 10:29:34 | 任务进度轮询开始 
[SYS] 2025/11/05 - 10:29:34 | 任务进度轮询完成 
[SYS] 2025/11/05 - 10:29:49 | 任务进度轮询开始 
[SYS] 2025/11/05 - 10:29:49 | 任务进度轮询完成 
[SYS] 2025/11/05 - 10:30:04 | 任务进度轮询开始 
[SYS] 2025/11/05 - 10:30:04 | 任务进度轮询完成 
[SYS] 2025/11/05 - 10:30:15 | 正在更新数据看板数据... 
[SYS] 2025/11/05 - 10:30:15 | 保存数据看板数据成功，共保存0条数据 
[SYS] 2025/11/05 - 10:30:16 | syncing options from database 
[SYS] 2025/11/05 - 10:30:19 | 任务进度轮询开始 
[SYS] 2025/11/05 - 10:30:19 | 任务进度轮询完成 
[SYS] 2025/11/05 - 10:30:34 | 任务进度轮询开始 
[SYS] 2025/11/05 - 10:30:34 | 任务进度轮询完成 
[SYS] 2025/11/05 - 10:30:49 | 任务进度轮询开始 
[SYS] 2025/11/05 - 10:30:49 | 任务进度轮询完成 
[SYS] 2025/11/05 - 10:31:04 | 任务进度轮询开始 
[SYS] 2025/11/05 - 10:31:04 | 任务进度轮询完成 
[SYS] 2025/11/05 - 10:31:16 | syncing options from database 
[SYS] 2025/11/05 - 10:31:19 | 任务进度轮询开始 
[SYS] 2025/11/05 - 10:31:19 | 任务进度轮询完成 
[SYS] 2025/11/05 - 10:31:34 | 任务进度轮询开始 
[SYS] 2025/11/05 - 10:31:34 | 任务进度轮询完成 
[SYS] 2025/11/05 - 10:31:49 | 任务进度轮询开始 
[SYS] 2025/11/05 - 10:31:49 | 任务进度轮询完成 
[SYS] 2025/11/05 - 10:32:04 | 任务进度轮询开始 
[SYS] 2025/11/05 - 10:32:04 | 任务进度轮询完成 
[SYS] 2025/11/05 - 10:32:16 | syncing options from database 
[SYS] 2025/11/05 - 10:32:19 | 任务进度轮询开始 
[SYS] 2025/11/05 - 10:32:19 | 任务进度轮询完成 
[SYS] 2025/11/05 - 10:32:34 | 任务进度轮询开始 
[SYS] 2025/11/05 - 10:32:34 | 任务进度轮询完成 
[SYS] 2025/11/05 - 10:32:49 | 任务进度轮询开始 
[SYS] 2025/11/05 - 10:32:49 | 任务进度轮询完成 
[SYS] 2025/11/05 - 10:33:04 | 任务进度轮询开始 
[SYS] 2025/11/05 - 10:33:04 | 任务进度轮询完成 
[SYS] 2025/11/05 - 10:33:16 | syncing options from database 
[SYS] 2025/11/05 - 10:33:19 | 任务进度轮询开始 
[SYS] 2025/11/05 - 10:33:19 | 任务进度轮询完成 
[SYS] 2025/11/05 - 10:33:34 | 任务进度轮询开始 
[SYS] 2025/11/05 - 10:33:34 | 任务进度轮询完成 
[SYS] 2025/11/05 - 10:33:49 | 任务进度轮询开始 
[SYS] 2025/11/05 - 10:33:49 | 任务进度轮询完成 
[SYS] 2025/11/05 - 10:34:04 | 任务进度轮询开始 
[SYS] 2025/11/05 - 10:34:04 | 任务进度轮询完成 
[SYS] 2025/11/05 - 10:34:16 | syncing options from database 
[SYS] 2025/11/05 - 10:34:19 | 任务进度轮询开始 
[SYS] 2025/11/05 - 10:34:19 | 任务进度轮询完成 
[SYS] 2025/11/05 - 10:34:34 | 任务进度轮询开始 
[SYS] 2025/11/05 - 10:34:34 | 任务进度轮询完成 
[SYS] 2025/11/05 - 10:34:49 | 任务进度轮询开始 
[SYS] 2025/11/05 - 10:34:49 | 任务进度轮询完成 
[SYS] 2025/11/05 - 10:35:04 | 任务进度轮询开始 
[SYS] 2025/11/05 - 10:35:04 | 任务进度轮询完成 
[SYS] 2025/11/05 - 10:35:15 | 正在更新数据看板数据... 
[SYS] 2025/11/05 - 10:35:15 | 保存数据看板数据成功，共保存0条数据 
[SYS] 2025/11/05 - 10:35:16 | syncing options from database 
[SYS] 2025/11/05 - 10:35:19 | 任务进度轮询开始 
[SYS] 2025/11/05 - 10:35:19 | 任务进度轮询完成 
[SYS] 2025/11/05 - 10:35:34 | 任务进度轮询开始 
[SYS] 2025/11/05 - 10:35:34 | 任务进度轮询完成 
[SYS] 2025/11/05 - 10:35:49 | 任务进度轮询开始 
[SYS] 2025/11/05 - 10:35:49 | 任务进度轮询完成 
[SYS] 2025/11/05 - 10:36:04 | 任务进度轮询开始 
[SYS] 2025/11/05 - 10:36:04 | 任务进度轮询完成 
[SYS] 2025/11/05 - 10:36:16 | syncing options from database 
[SYS] 2025/11/05 - 10:36:19 | 任务进度轮询开始 
[SYS] 2025/11/05 - 10:36:19 | 任务进度轮询完成 
[SYS] 2025/11/05 - 10:36:34 | 任务进度轮询开始 
[SYS] 2025/11/05 - 10:36:34 | 任务进度轮询完成 
[SYS] 2025/11/05 - 10:36:49 | 任务进度轮询开始 
[SYS] 2025/11/05 - 10:36:49 | 任务进度轮询完成 
[SYS] 2025/11/05 - 10:37:04 | 任务进度轮询开始 
[SYS] 2025/11/05 - 10:37:04 | 任务进度轮询完成 
[SYS] 2025/11/05 - 10:37:16 | syncing options from database 
[SYS] 2025/11/05 - 10:37:19 | 任务进度轮询开始 
[SYS] 2025/11/05 - 10:37:19 | 任务进度轮询完成 
[SYS] 2025/11/05 - 10:37:34 | 任务进度轮询开始 
[SYS] 2025/11/05 - 10:37:34 | 任务进度轮询完成 
[SYS] 2025/11/05 - 10:37:49 | 任务进度轮询开始 
[SYS] 2025/11/05 - 10:37:49 | 任务进度轮询完成 
[SYS] 2025/11/05 - 10:38:04 | 任务进度轮询开始 
[SYS] 2025/11/05 - 10:38:04 | 任务进度轮询完成 
[SYS] 2025/11/05 - 10:38:16 | syncing options from database 
[SYS] 2025/11/05 - 10:38:19 | 任务进度轮询开始 
[SYS] 2025/11/05 - 10:38:19 | 任务进度轮询完成 
[SYS] 2025/11/05 - 10:38:34 | 任务进度轮询开始 
[SYS] 2025/11/05 - 10:38:34 | 任务进度轮询完成 
[SYS] 2025/11/05 - 10:38:49 | 任务进度轮询开始 
[SYS] 2025/11/05 - 10:38:49 | 任务进度轮询完成 
[SYS] 2025/11/05 - 10:39:04 | 任务进度轮询开始 
[SYS] 2025/11/05 - 10:39:04 | 任务进度轮询完成 
[SYS] 2025/11/05 - 10:39:16 | syncing options from database 
[SYS] 2025/11/05 - 10:39:19 | 任务进度轮询开始 
[SYS] 2025/11/05 - 10:39:19 | 任务进度轮询完成 
[SYS] 2025/11/05 - 10:39:34 | 任务进度轮询开始 
[SYS] 2025/11/05 - 10:39:34 | 任务进度轮询完成 
[SYS] 2025/11/05 - 10:39:49 | 任务进度轮询开始 
[SYS] 2025/11/05 - 10:39:49 | 任务进度轮询完成 
[SYS] 2025/11/05 - 10:40:04 | 任务进度轮询开始 
[SYS] 2025/11/05 - 10:40:04 | 任务进度轮询完成 
[SYS] 2025/11/05 - 10:40:15 | 正在更新数据看板数据... 
[SYS] 2025/11/05 - 10:40:15 | 保存数据看板数据成功，共保存0条数据 
[SYS] 2025/11/05 - 10:40:16 | syncing options from database 
[SYS] 2025/11/05 - 10:40:19 | 任务进度轮询开始 
[SYS] 2025/11/05 - 10:40:19 | 任务进度轮询完成 
[SYS] 2025/11/05 - 10:40:34 | 任务进度轮询开始 
[SYS] 2025/11/05 - 10:40:34 | 任务进度轮询完成 
[SYS] 2025/11/05 - 10:40:49 | 任务进度轮询开始 
[SYS] 2025/11/05 - 10:40:49 | 任务进度轮询完成 
[SYS] 2025/11/05 - 10:41:04 | 任务进度轮询开始 
[SYS] 2025/11/05 - 10:41:04 | 任务进度轮询完成 
[SYS] 2025/11/05 - 10:41:16 | syncing options from database 
[SYS] 2025/11/05 - 10:41:19 | 任务进度轮询开始 
[SYS] 2025/11/05 - 10:41:19 | 任务进度轮询完成 
[SYS] 2025/11/05 - 10:41:34 | 任务进度轮询开始 
[SYS] 2025/11/05 - 10:41:34 | 任务进度轮询完成 
[SYS] 2025/11/05 - 10:41:49 | 任务进度轮询开始 
[SYS] 2025/11/05 - 10:41:49 | 任务进度轮询完成 
[SYS] 2025/11/05 - 10:42:04 | 任务进度轮询开始 
[SYS] 2025/11/05 - 10:42:04 | 任务进度轮询完成 
[SYS] 2025/11/05 - 10:42:16 | syncing options from database 
[SYS] 2025/11/05 - 10:42:19 | 任务进度轮询开始 
[SYS] 2025/11/05 - 10:42:19 | 任务进度轮询完成 
[SYS] 2025/11/05 - 10:42:34 | 任务进度轮询开始 
[SYS] 2025/11/05 - 10:42:34 | 任务进度轮询完成 
[SYS] 2025/11/05 - 10:42:49 | 任务进度轮询开始 
[SYS] 2025/11/05 - 10:42:49 | 任务进度轮询完成 
[SYS] 2025/11/05 - 10:43:04 | 任务进度轮询开始 
[SYS] 2025/11/05 - 10:43:04 | 任务进度轮询完成 
[SYS] 2025/11/05 - 10:43:16 | syncing options from database 
[SYS] 2025/11/05 - 10:43:19 | 任务进度轮询开始 
[SYS] 2025/11/05 - 10:43:19 | 任务进度轮询完成 
[SYS] 2025/11/05 - 10:43:34 | 任务进度轮询开始 
[SYS] 2025/11/05 - 10:43:34 | 任务进度轮询完成 
[SYS] 2025/11/05 - 10:43:49 | 任务进度轮询开始 
[SYS] 2025/11/05 - 10:43:49 | 任务进度轮询完成 
[SYS] 2025/11/05 - 10:44:04 | 任务进度轮询开始 
[SYS] 2025/11/05 - 10:44:04 | 任务进度轮询完成 
[SYS] 2025/11/05 - 10:44:16 | syncing options from database 
[SYS] 2025/11/05 - 10:44:19 | 任务进度轮询开始 
[SYS] 2025/11/05 - 10:44:19 | 任务进度轮询完成 
[SYS] 2025/11/05 - 10:44:34 | 任务进度轮询开始 
[SYS] 2025/11/05 - 10:44:34 | 任务进度轮询完成 
[SYS] 2025/11/05 - 10:44:49 | 任务进度轮询开始 
[SYS] 2025/11/05 - 10:44:49 | 任务进度轮询完成 
[SYS] 2025/11/05 - 10:45:04 | 任务进度轮询开始 
[SYS] 2025/11/05 - 10:45:04 | 任务进度轮询完成 
[SYS] 2025/11/05 - 10:45:15 | 正在更新数据看板数据... 
[SYS] 2025/11/05 - 10:45:15 | 保存数据看板数据成功，共保存0条数据 
[SYS] 2025/11/05 - 10:45:16 | syncing options from database 
[SYS] 2025/11/05 - 10:45:19 | 任务进度轮询开始 
[SYS] 2025/11/05 - 10:45:19 | 任务进度轮询完成 
[SYS] 2025/11/05 - 10:45:34 | 任务进度轮询开始 
[SYS] 2025/11/05 - 10:45:34 | 任务进度轮询完成 
[SYS] 2025/11/05 - 10:45:49 | 任务进度轮询开始 
[SYS] 2025/11/05 - 10:45:49 | 任务进度轮询完成 
[SYS] 2025/11/05 - 10:46:04 | 任务进度轮询开始 
[SYS] 2025/11/05 - 10:46:04 | 任务进度轮询完成 
[SYS] 2025/11/05 - 10:46:16 | syncing options from database 
[SYS] 2025/11/05 - 10:46:19 | 任务进度轮询开始 
[SYS] 2025/11/05 - 10:46:19 | 任务进度轮询完成 
[SYS] 2025/11/05 - 10:46:34 | 任务进度轮询开始 
[SYS] 2025/11/05 - 10:46:34 | 任务进度轮询完成 
[SYS] 2025/11/05 - 10:46:49 | 任务进度轮询开始 
[SYS] 2025/11/05 - 10:46:49 | 任务进度轮询完成 
[SYS] 2025/11/05 - 10:47:04 | 任务进度轮询开始 
[SYS] 2025/11/05 - 10:47:04 | 任务进度轮询完成 
[SYS] 2025/11/05 - 10:47:16 | syncing options from database 
[SYS] 2025/11/05 - 10:47:19 | 任务进度轮询开始 
[SYS] 2025/11/05 - 10:47:19 | 任务进度轮询完成 
[SYS] 2025/11/05 - 10:47:34 | 任务进度轮询开始 
[SYS] 2025/11/05 - 10:47:34 | 任务进度轮询完成 
[SYS] 2025/11/05 - 10:47:49 | 任务进度轮询开始 
[SYS] 2025/11/05 - 10:47:49 | 任务进度轮询完成 
[SYS] 2025/11/05 - 10:48:04 | 任务进度轮询开始 
[SYS] 2025/11/05 - 10:48:04 | 任务进度轮询完成 
[SYS] 2025/11/05 - 10:48:16 | syncing options from database 
[SYS] 2025/11/05 - 10:48:19 | 任务进度轮询开始 
[SYS] 2025/11/05 - 10:48:19 | 任务进度轮询完成 
[SYS] 2025/11/05 - 10:48:34 | 任务进度轮询开始 
[SYS] 2025/11/05 - 10:48:34 | 任务进度轮询完成 
[SYS] 2025/11/05 - 10:48:49 | 任务进度轮询开始 
[SYS] 2025/11/05 - 10:48:49 | 任务进度轮询完成 
[SYS] 2025/11/05 - 10:49:04 | 任务进度轮询开始 
[SYS] 2025/11/05 - 10:49:04 | 任务进度轮询完成 
[SYS] 2025/11/05 - 10:49:16 | syncing options from database 
[SYS] 2025/11/05 - 10:49:19 | 任务进度轮询开始 
[SYS] 2025/11/05 - 10:49:19 | 任务进度轮询完成 
[SYS] 2025/11/05 - 10:49:34 | 任务进度轮询开始 
[SYS] 2025/11/05 - 10:49:34 | 任务进度轮询完成 
[SYS] 2025/11/05 - 10:49:49 | 任务进度轮询开始 
[SYS] 2025/11/05 - 10:49:49 | 任务进度轮询完成 
[SYS] 2025/11/05 - 10:50:04 | 任务进度轮询开始 
[SYS] 2025/11/05 - 10:50:04 | 任务进度轮询完成 
[SYS] 2025/11/05 - 10:50:15 | 正在更新数据看板数据... 
[SYS] 2025/11/05 - 10:50:15 | 保存数据看板数据成功，共保存0条数据 
[SYS] 2025/11/05 - 10:50:16 | syncing options from database 
[SYS] 2025/11/05 - 10:50:19 | 任务进度轮询开始 
[SYS] 2025/11/05 - 10:50:19 | 任务进度轮询完成 
[SYS] 2025/11/05 - 10:50:34 | 任务进度轮询开始 
[SYS] 2025/11/05 - 10:50:34 | 任务进度轮询完成 
[SYS] 2025/11/05 - 10:50:49 | 任务进度轮询开始 
[SYS] 2025/11/05 - 10:50:49 | 任务进度轮询完成 
[SYS] 2025/11/05 - 10:51:04 | 任务进度轮询开始 
[SYS] 2025/11/05 - 10:51:04 | 任务进度轮询完成 
[SYS] 2025/11/05 - 10:51:16 | syncing options from database 
[SYS] 2025/11/05 - 10:51:19 | 任务进度轮询开始 
[SYS] 2025/11/05 - 10:51:19 | 任务进度轮询完成 
[SYS] 2025/11/05 - 10:51:34 | 任务进度轮询开始 
[SYS] 2025/11/05 - 10:51:34 | 任务进度轮询完成 
[SYS] 2025/11/05 - 10:51:49 | 任务进度轮询开始 
[SYS] 2025/11/05 - 10:51:49 | 任务进度轮询完成 
[SYS] 2025/11/05 - 10:52:04 | 任务进度轮询开始 
[SYS] 2025/11/05 - 10:52:04 | 任务进度轮询完成 
[SYS] 2025/11/05 - 10:52:16 | syncing options from database 
[SYS] 2025/11/05 - 10:52:19 | 任务进度轮询开始 
[SYS] 2025/11/05 - 10:52:19 | 任务进度轮询完成 
[SYS] 2025/11/05 - 10:52:34 | 任务进度轮询开始 
[SYS] 2025/11/05 - 10:52:34 | 任务进度轮询完成 
[SYS] 2025/11/05 - 10:52:49 | 任务进度轮询开始 
[SYS] 2025/11/05 - 10:52:49 | 任务进度轮询完成 
[SYS] 2025/11/05 - 10:53:04 | 任务进度轮询开始 
[SYS] 2025/11/05 - 10:53:04 | 任务进度轮询完成 
[SYS] 2025/11/05 - 10:53:16 | syncing options from database 
[SYS] 2025/11/05 - 10:53:19 | 任务进度轮询开始 
[SYS] 2025/11/05 - 10:53:19 | 任务进度轮询完成 
[SYS] 2025/11/05 - 10:53:34 | 任务进度轮询开始 
[SYS] 2025/11/05 - 10:53:34 | 任务进度轮询完成 
[SYS] 2025/11/05 - 10:53:49 | 任务进度轮询开始 
[SYS] 2025/11/05 - 10:53:49 | 任务进度轮询完成 
[SYS] 2025/11/05 - 10:54:04 | 任务进度轮询开始 
[SYS] 2025/11/05 - 10:54:04 | 任务进度轮询完成 
[SYS] 2025/11/05 - 10:54:16 | syncing options from database 
[SYS] 2025/11/05 - 10:54:19 | 任务进度轮询开始 
[SYS] 2025/11/05 - 10:54:19 | 任务进度轮询完成 
[SYS] 2025/11/05 - 10:54:34 | 任务进度轮询开始 
[SYS] 2025/11/05 - 10:54:34 | 任务进度轮询完成 
[SYS] 2025/11/05 - 10:54:49 | 任务进度轮询开始 
[SYS] 2025/11/05 - 10:54:49 | 任务进度轮询完成 
[SYS] 2025/11/05 - 10:55:04 | 任务进度轮询开始 
[SYS] 2025/11/05 - 10:55:04 | 任务进度轮询完成 
[SYS] 2025/11/05 - 10:55:15 | 正在更新数据看板数据... 
[SYS] 2025/11/05 - 10:55:15 | 保存数据看板数据成功，共保存0条数据 
[SYS] 2025/11/05 - 10:55:16 | syncing options from database 
[SYS] 2025/11/05 - 10:55:19 | 任务进度轮询开始 
[SYS] 2025/11/05 - 10:55:19 | 任务进度轮询完成 
[SYS] 2025/11/05 - 10:55:34 | 任务进度轮询开始 
[SYS] 2025/11/05 - 10:55:34 | 任务进度轮询完成 
[SYS] 2025/11/05 - 10:55:49 | 任务进度轮询开始 
[SYS] 2025/11/05 - 10:55:49 | 任务进度轮询完成 
[SYS] 2025/11/05 - 10:56:04 | 任务进度轮询开始 
[SYS] 2025/11/05 - 10:56:04 | 任务进度轮询完成 
[SYS] 2025/11/05 - 10:56:16 | syncing options from database 
[SYS] 2025/11/05 - 10:56:19 | 任务进度轮询开始 
[SYS] 2025/11/05 - 10:56:19 | 任务进度轮询完成 
[SYS] 2025/11/05 - 10:56:34 | 任务进度轮询开始 
[SYS] 2025/11/05 - 10:56:34 | 任务进度轮询完成 
[SYS] 2025/11/05 - 10:56:49 | 任务进度轮询开始 
[SYS] 2025/11/05 - 10:56:49 | 任务进度轮询完成 
[SYS] 2025/11/05 - 10:57:04 | 任务进度轮询开始 
[SYS] 2025/11/05 - 10:57:04 | 任务进度轮询完成 
[SYS] 2025/11/05 - 10:57:16 | syncing options from database 
[SYS] 2025/11/05 - 10:57:19 | 任务进度轮询开始 
[SYS] 2025/11/05 - 10:57:19 | 任务进度轮询完成 
[SYS] 2025/11/05 - 10:57:34 | 任务进度轮询开始 
[SYS] 2025/11/05 - 10:57:34 | 任务进度轮询完成 
[SYS] 2025/11/05 - 10:57:49 | 任务进度轮询开始 
[SYS] 2025/11/05 - 10:57:49 | 任务进度轮询完成 
[SYS] 2025/11/05 - 10:58:04 | 任务进度轮询开始 
[SYS] 2025/11/05 - 10:58:04 | 任务进度轮询完成 
[SYS] 2025/11/05 - 10:58:16 | syncing options from database 
[SYS] 2025/11/05 - 10:58:19 | 任务进度轮询开始 
[SYS] 2025/11/05 - 10:58:19 | 任务进度轮询完成 
[SYS] 2025/11/05 - 10:58:34 | 任务进度轮询开始 
[SYS] 2025/11/05 - 10:58:34 | 任务进度轮询完成 
[SYS] 2025/11/05 - 10:58:49 | 任务进度轮询开始 
[SYS] 2025/11/05 - 10:58:49 | 任务进度轮询完成 
[SYS] 2025/11/05 - 10:59:04 | 任务进度轮询开始 
[SYS] 2025/11/05 - 10:59:04 | 任务进度轮询完成 
[SYS] 2025/11/05 - 10:59:16 | syncing options from database 
[SYS] 2025/11/05 - 10:59:19 | 任务进度轮询开始 
[SYS] 2025/11/05 - 10:59:19 | 任务进度轮询完成 
[SYS] 2025/11/05 - 10:59:34 | 任务进度轮询开始 
[SYS] 2025/11/05 - 10:59:34 | 任务进度轮询完成 
[SYS] 2025/11/05 - 10:59:49 | 任务进度轮询开始 
[SYS] 2025/11/05 - 10:59:49 | 任务进度轮询完成 
[SYS] 2025/11/05 - 11:00:04 | 任务进度轮询开始 
[SYS] 2025/11/05 - 11:00:04 | 任务进度轮询完成 
[SYS] 2025/11/05 - 11:00:15 | 正在更新数据看板数据... 
[SYS] 2025/11/05 - 11:00:15 | 保存数据看板数据成功，共保存0条数据 
[SYS] 2025/11/05 - 11:00:16 | syncing options from database 
[SYS] 2025/11/05 - 11:00:19 | 任务进度轮询开始 
[SYS] 2025/11/05 - 11:00:19 | 任务进度轮询完成 
[SYS] 2025/11/05 - 11:00:34 | 任务进度轮询开始 
[SYS] 2025/11/05 - 11:00:34 | 任务进度轮询完成 
[SYS] 2025/11/05 - 11:00:49 | 任务进度轮询开始 
[SYS] 2025/11/05 - 11:00:49 | 任务进度轮询完成 
[SYS] 2025/11/05 - 11:01:04 | 任务进度轮询开始 
[SYS] 2025/11/05 - 11:01:04 | 任务进度轮询完成 
[SYS] 2025/11/05 - 11:01:16 | syncing options from database 
[SYS] 2025/11/05 - 11:01:19 | 任务进度轮询开始 
[SYS] 2025/11/05 - 11:01:19 | 任务进度轮询完成 
[SYS] 2025/11/05 - 11:01:34 | 任务进度轮询开始 
[SYS] 2025/11/05 - 11:01:34 | 任务进度轮询完成 
[SYS] 2025/11/05 - 11:01:49 | 任务进度轮询开始 
[SYS] 2025/11/05 - 11:01:49 | 任务进度轮询完成 
[SYS] 2025/11/05 - 11:02:04 | 任务进度轮询开始 
[SYS] 2025/11/05 - 11:02:04 | 任务进度轮询完成 
[SYS] 2025/11/05 - 11:02:16 | syncing options from database 
[SYS] 2025/11/05 - 11:02:19 | 任务进度轮询开始 
[SYS] 2025/11/05 - 11:02:19 | 任务进度轮询完成 
[SYS] 2025/11/05 - 11:02:34 | 任务进度轮询开始 
[SYS] 2025/11/05 - 11:02:34 | 任务进度轮询完成 
[SYS] 2025/11/05 - 11:02:49 | 任务进度轮询开始 
[SYS] 2025/11/05 - 11:02:49 | 任务进度轮询完成 
[SYS] 2025/11/05 - 11:03:04 | 任务进度轮询开始 
[SYS] 2025/11/05 - 11:03:04 | 任务进度轮询完成 
[SYS] 2025/11/05 - 11:03:16 | syncing options from database 
[SYS] 2025/11/05 - 11:03:19 | 任务进度轮询开始 
[SYS] 2025/11/05 - 11:03:19 | 任务进度轮询完成 
[SYS] 2025/11/05 - 11:03:34 | 任务进度轮询开始 
[SYS] 2025/11/05 - 11:03:34 | 任务进度轮询完成 
[SYS] 2025/11/05 - 11:03:49 | 任务进度轮询开始 
[SYS] 2025/11/05 - 11:03:49 | 任务进度轮询完成 
[SYS] 2025/11/05 - 11:04:04 | 任务进度轮询开始 
[SYS] 2025/11/05 - 11:04:04 | 任务进度轮询完成 
[SYS] 2025/11/05 - 11:04:16 | syncing options from database 
[SYS] 2025/11/05 - 11:04:19 | 任务进度轮询开始 
[SYS] 2025/11/05 - 11:04:19 | 任务进度轮询完成 
[SYS] 2025/11/05 - 11:04:34 | 任务进度轮询开始 
[SYS] 2025/11/05 - 11:04:34 | 任务进度轮询完成 
[SYS] 2025/11/05 - 11:04:49 | 任务进度轮询开始 
[SYS] 2025/11/05 - 11:04:49 | 任务进度轮询完成 
[SYS] 2025/11/05 - 11:05:04 | 任务进度轮询开始 
[SYS] 2025/11/05 - 11:05:04 | 任务进度轮询完成 
[SYS] 2025/11/05 - 11:05:15 | 正在更新数据看板数据... 
[SYS] 2025/11/05 - 11:05:15 | 保存数据看板数据成功，共保存0条数据 
[SYS] 2025/11/05 - 11:05:16 | syncing options from database 
[SYS] 2025/11/05 - 11:05:19 | 任务进度轮询开始 
[SYS] 2025/11/05 - 11:05:19 | 任务进度轮询完成 
[SYS] 2025/11/05 - 11:05:34 | 任务进度轮询开始 
[SYS] 2025/11/05 - 11:05:34 | 任务进度轮询完成 
[SYS] 2025/11/05 - 11:05:49 | 任务进度轮询开始 
[SYS] 2025/11/05 - 11:05:49 | 任务进度轮询完成 
[SYS] 2025/11/05 - 11:06:04 | 任务进度轮询开始 
[SYS] 2025/11/05 - 11:06:04 | 任务进度轮询完成 
[SYS] 2025/11/05 - 11:06:16 | syncing options from database 
[SYS] 2025/11/05 - 11:06:19 | 任务进度轮询开始 
[SYS] 2025/11/05 - 11:06:19 | 任务进度轮询完成 
[SYS] 2025/11/05 - 11:06:34 | 任务进度轮询开始 
[SYS] 2025/11/05 - 11:06:34 | 任务进度轮询完成 
[SYS] 2025/11/05 - 11:06:49 | 任务进度轮询开始 
[SYS] 2025/11/05 - 11:06:49 | 任务进度轮询完成 
[SYS] 2025/11/05 - 11:07:04 | 任务进度轮询开始 
[SYS] 2025/11/05 - 11:07:04 | 任务进度轮询完成 
[SYS] 2025/11/05 - 11:07:16 | syncing options from database 
[SYS] 2025/11/05 - 11:07:19 | 任务进度轮询开始 
[SYS] 2025/11/05 - 11:07:19 | 任务进度轮询完成 
[SYS] 2025/11/05 - 11:07:34 | 任务进度轮询开始 
[SYS] 2025/11/05 - 11:07:34 | 任务进度轮询完成 
[SYS] 2025/11/05 - 11:07:49 | 任务进度轮询开始 
[SYS] 2025/11/05 - 11:07:49 | 任务进度轮询完成 
[SYS] 2025/11/05 - 11:08:04 | 任务进度轮询开始 
[SYS] 2025/11/05 - 11:08:04 | 任务进度轮询完成 
[SYS] 2025/11/05 - 11:08:16 | syncing options from database 
[SYS] 2025/11/05 - 11:08:19 | 任务进度轮询开始 
[SYS] 2025/11/05 - 11:08:19 | 任务进度轮询完成 
[SYS] 2025/11/05 - 11:08:34 | 任务进度轮询开始 
[SYS] 2025/11/05 - 11:08:34 | 任务进度轮询完成 
[SYS] 2025/11/05 - 11:08:49 | 任务进度轮询开始 
[SYS] 2025/11/05 - 11:08:49 | 任务进度轮询完成 
[SYS] 2025/11/05 - 11:09:04 | 任务进度轮询开始 
[SYS] 2025/11/05 - 11:09:04 | 任务进度轮询完成 
[SYS] 2025/11/05 - 11:09:16 | syncing options from database 
[SYS] 2025/11/05 - 11:09:19 | 任务进度轮询开始 
[SYS] 2025/11/05 - 11:09:19 | 任务进度轮询完成 
[SYS] 2025/11/05 - 11:09:34 | 任务进度轮询开始 
[SYS] 2025/11/05 - 11:09:34 | 任务进度轮询完成 
[SYS] 2025/11/05 - 11:09:49 | 任务进度轮询开始 
[SYS] 2025/11/05 - 11:09:49 | 任务进度轮询完成 
[SYS] 2025/11/05 - 11:10:04 | 任务进度轮询开始 
[SYS] 2025/11/05 - 11:10:04 | 任务进度轮询完成 
[SYS] 2025/11/05 - 11:10:15 | 正在更新数据看板数据... 
[SYS] 2025/11/05 - 11:10:15 | 保存数据看板数据成功，共保存0条数据 
[SYS] 2025/11/05 - 11:10:16 | syncing options from database 
[SYS] 2025/11/05 - 11:10:19 | 任务进度轮询开始 
[SYS] 2025/11/05 - 11:10:19 | 任务进度轮询完成 
[SYS] 2025/11/05 - 11:10:34 | 任务进度轮询开始 
[SYS] 2025/11/05 - 11:10:34 | 任务进度轮询完成 
[SYS] 2025/11/05 - 11:10:49 | 任务进度轮询开始 
[SYS] 2025/11/05 - 11:10:49 | 任务进度轮询完成 
[SYS] 2025/11/05 - 11:11:04 | 任务进度轮询开始 
[SYS] 2025/11/05 - 11:11:04 | 任务进度轮询完成 
[SYS] 2025/11/05 - 11:11:16 | syncing options from database 
[SYS] 2025/11/05 - 11:11:19 | 任务进度轮询开始 
[SYS] 2025/11/05 - 11:11:19 | 任务进度轮询完成 
[SYS] 2025/11/05 - 11:11:34 | 任务进度轮询开始 
[SYS] 2025/11/05 - 11:11:34 | 任务进度轮询完成 
[SYS] 2025/11/05 - 11:11:49 | 任务进度轮询开始 
[SYS] 2025/11/05 - 11:11:49 | 任务进度轮询完成 
[SYS] 2025/11/05 - 11:12:04 | 任务进度轮询开始 
[SYS] 2025/11/05 - 11:12:04 | 任务进度轮询完成 
[SYS] 2025/11/05 - 11:12:16 | syncing options from database 
[SYS] 2025/11/05 - 11:12:19 | 任务进度轮询开始 
[SYS] 2025/11/05 - 11:12:19 | 任务进度轮询完成 
[SYS] 2025/11/05 - 11:12:34 | 任务进度轮询开始 
[SYS] 2025/11/05 - 11:12:34 | 任务进度轮询完成 
[SYS] 2025/11/05 - 11:12:49 | 任务进度轮询开始 
[SYS] 2025/11/05 - 11:12:49 | 任务进度轮询完成 
[SYS] 2025/11/05 - 11:13:04 | 任务进度轮询开始 
[SYS] 2025/11/05 - 11:13:04 | 任务进度轮询完成 
[SYS] 2025/11/05 - 11:13:16 | syncing options from database 
[SYS] 2025/11/05 - 11:13:19 | 任务进度轮询开始 
[SYS] 2025/11/05 - 11:13:19 | 任务进度轮询完成 
[SYS] 2025/11/05 - 11:13:34 | 任务进度轮询开始 
[SYS] 2025/11/05 - 11:13:34 | 任务进度轮询完成 
[SYS] 2025/11/05 - 11:13:49 | 任务进度轮询开始 
[SYS] 2025/11/05 - 11:13:49 | 任务进度轮询完成 
[SYS] 2025/11/05 - 11:14:04 | 任务进度轮询开始 
[SYS] 2025/11/05 - 11:14:04 | 任务进度轮询完成 
[SYS] 2025/11/05 - 11:14:16 | syncing options from database 
[SYS] 2025/11/05 - 11:14:19 | 任务进度轮询开始 
[SYS] 2025/11/05 - 11:14:19 | 任务进度轮询完成 
[SYS] 2025/11/05 - 11:14:34 | 任务进度轮询开始 
[SYS] 2025/11/05 - 11:14:34 | 任务进度轮询完成 
[SYS] 2025/11/05 - 11:14:49 | 任务进度轮询开始 
[SYS] 2025/11/05 - 11:14:49 | 任务进度轮询完成 
[SYS] 2025/11/05 - 11:15:04 | 任务进度轮询开始 
[SYS] 2025/11/05 - 11:15:04 | 任务进度轮询完成 
[SYS] 2025/11/05 - 11:15:15 | 正在更新数据看板数据... 
[SYS] 2025/11/05 - 11:15:15 | 保存数据看板数据成功，共保存0条数据 
[SYS] 2025/11/05 - 11:15:16 | syncing options from database 
[SYS] 2025/11/05 - 11:15:19 | 任务进度轮询开始 
[SYS] 2025/11/05 - 11:15:19 | 任务进度轮询完成 
[SYS] 2025/11/05 - 11:15:34 | 任务进度轮询开始 
[SYS] 2025/11/05 - 11:15:34 | 任务进度轮询完成 
[SYS] 2025/11/05 - 11:15:49 | 任务进度轮询开始 
[SYS] 2025/11/05 - 11:15:49 | 任务进度轮询完成 
[SYS] 2025/11/05 - 11:16:04 | 任务进度轮询开始 
[SYS] 2025/11/05 - 11:16:04 | 任务进度轮询完成 
[SYS] 2025/11/05 - 11:16:16 | syncing options from database 
[SYS] 2025/11/05 - 11:16:19 | 任务进度轮询开始 
[SYS] 2025/11/05 - 11:16:19 | 任务进度轮询完成 
[SYS] 2025/11/05 - 11:16:34 | 任务进度轮询开始 
[SYS] 2025/11/05 - 11:16:34 | 任务进度轮询完成 
[SYS] 2025/11/05 - 11:16:49 | 任务进度轮询开始 
[SYS] 2025/11/05 - 11:16:49 | 任务进度轮询完成 
[SYS] 2025/11/05 - 11:17:04 | 任务进度轮询开始 
[SYS] 2025/11/05 - 11:17:04 | 任务进度轮询完成 
[SYS] 2025/11/05 - 11:17:16 | syncing options from database 
[SYS] 2025/11/05 - 11:17:19 | 任务进度轮询开始 
[SYS] 2025/11/05 - 11:17:19 | 任务进度轮询完成 
[SYS] 2025/11/05 - 11:17:34 | 任务进度轮询开始 
[SYS] 2025/11/05 - 11:17:34 | 任务进度轮询完成 
[SYS] 2025/11/05 - 11:17:49 | 任务进度轮询开始 
[SYS] 2025/11/05 - 11:17:49 | 任务进度轮询完成 
[SYS] 2025/11/05 - 11:18:04 | 任务进度轮询开始 
[SYS] 2025/11/05 - 11:18:04 | 任务进度轮询完成 
[SYS] 2025/11/05 - 11:18:16 | syncing options from database 
[SYS] 2025/11/05 - 11:18:19 | 任务进度轮询开始 
[SYS] 2025/11/05 - 11:18:19 | 任务进度轮询完成 
[SYS] 2025/11/05 - 11:18:34 | 任务进度轮询开始 
[SYS] 2025/11/05 - 11:18:34 | 任务进度轮询完成 
[SYS] 2025/11/05 - 11:18:49 | 任务进度轮询开始 
[SYS] 2025/11/05 - 11:18:49 | 任务进度轮询完成 
[SYS] 2025/11/05 - 11:19:04 | 任务进度轮询开始 
[SYS] 2025/11/05 - 11:19:04 | 任务进度轮询完成 
[SYS] 2025/11/05 - 11:19:16 | syncing options from database 
[SYS] 2025/11/05 - 11:19:19 | 任务进度轮询开始 
[SYS] 2025/11/05 - 11:19:19 | 任务进度轮询完成 
[SYS] 2025/11/05 - 11:19:34 | 任务进度轮询开始 
[SYS] 2025/11/05 - 11:19:34 | 任务进度轮询完成 
[SYS] 2025/11/05 - 11:19:49 | 任务进度轮询开始 
[SYS] 2025/11/05 - 11:19:49 | 任务进度轮询完成 
[SYS] 2025/11/05 - 11:20:04 | 任务进度轮询开始 
[SYS] 2025/11/05 - 11:20:04 | 任务进度轮询完成 
[SYS] 2025/11/05 - 11:20:15 | 正在更新数据看板数据... 
[SYS] 2025/11/05 - 11:20:15 | 保存数据看板数据成功，共保存0条数据 
[SYS] 2025/11/05 - 11:20:16 | syncing options from database 
[SYS] 2025/11/05 - 11:20:19 | 任务进度轮询开始 
[SYS] 2025/11/05 - 11:20:19 | 任务进度轮询完成 
[SYS] 2025/11/05 - 11:20:34 | 任务进度轮询开始 
[SYS] 2025/11/05 - 11:20:34 | 任务进度轮询完成 
[SYS] 2025/11/05 - 11:20:49 | 任务进度轮询开始 
[SYS] 2025/11/05 - 11:20:49 | 任务进度轮询完成 
[SYS] 2025/11/05 - 11:21:04 | 任务进度轮询开始 
[SYS] 2025/11/05 - 11:21:04 | 任务进度轮询完成 
[SYS] 2025/11/05 - 11:21:16 | syncing options from database 
[SYS] 2025/11/05 - 11:21:19 | 任务进度轮询开始 
[SYS] 2025/11/05 - 11:21:19 | 任务进度轮询完成 
[SYS] 2025/11/05 - 11:21:34 | 任务进度轮询开始 
[SYS] 2025/11/05 - 11:21:34 | 任务进度轮询完成 
