[SYS] 2025/11/05 - 14:13:10 | initializing token encoders 
[SYS] 2025/11/05 - 14:13:10 | token encoders initialized 
[SYS] 2025/11/05 - 14:13:10 | SQL_DSN not set, using SQLite as database 
[SYS] 2025/11/05 - 14:13:10 | database migration started 
[SYS] 2025/11/05 - 14:13:10 | system is already initialized at: 2025-09-23 14:26:35 +0800 CST 
[SYS] 2025/11/05 - 14:13:10 | REDIS_CONN_STRING not set, Redis is not enabled 
[SYS] 2025/11/05 - 14:13:10 | New API v0.0.0 started 
[SYS] 2025/11/05 - 14:13:10 | running in debug mode 
[SYS] 2025/11/05 - 14:13:10 | 正在更新数据看板数据... 
[SYS] 2025/11/05 - 14:13:10 | 保存数据看板数据成功，共保存0条数据 
[SYS] 2025/11/05 - 14:13:25 | 任务进度轮询开始 
[SYS] 2025/11/05 - 14:13:25 | 任务进度轮询完成 
[GIN] 2025/11/05 - 14:13:40 | 20251105141340231391000QPsoikxJ | 200 |     1.15175ms |             ::1 |     GET /api/group/
[GIN] 2025/11/05 - 14:13:40 | 202511051413402314550008WY34Dsw | 200 |    1.099291ms |             ::1 |     GET /api/channel/3
[GIN] 2025/11/05 - 14:13:40 | 20251105141340231357000s7jOZMaQ | 200 |     1.74125ms |             ::1 |     GET /api/channel/models
[GIN] 2025/11/05 - 14:13:40 | 20251105141340247021000uJa97Nbt | 200 |      614.25µs |             ::1 |     GET /api/prefill_group/?type=model
[SYS] 2025/11/05 - 14:13:40 | 任务进度轮询开始 
[SYS] 2025/11/05 - 14:13:40 | 任务进度轮询完成 
[GIN] 2025/11/05 - 14:13:47 | 20251105141347593049000W9hZaLIs | 200 |     226.917µs |             ::1 |     GET /console/channel
[GIN] 2025/11/05 - 14:13:47 | 20251105141347612938000AspNsFUf | 200 |   11.171291ms |             ::1 |     GET /assets/tools-DfDywZp9.js
[GIN] 2025/11/05 - 14:13:47 | 20251105141347625234000I0yDRsmQ | 200 |    2.531291ms |             ::1 |     GET /assets/react-components-BnylIsR_.js
[GIN] 2025/11/05 - 14:13:47 | 202511051413476282380005Y00nyo1 | 200 |    2.513791ms |             ::1 |     GET /assets/i18n-bH1aaDdY.js
[GIN] 2025/11/05 - 14:13:47 | 20251105141347612904000ajxmIxHg | 200 |   19.735625ms |             ::1 |     GET /assets/react-core-D-iPSUlg.js
[GIN] 2025/11/05 - 14:13:47 | 20251105141347612566000kp392Guo | 200 |    25.04325ms |             ::1 |     GET /assets/index-C6TxzCs_.css
[GIN] 2025/11/05 - 14:13:47 | 20251105141347612515000sFS6r7pf | 200 |    29.91175ms |             ::1 |     GET /assets/semi-ui-yRXI6evF.css
[GIN] 2025/11/05 - 14:13:47 | 20251105141347612930000IDfIbDKP | 200 |     75.9525ms |             ::1 |     GET /assets/semi-ui-C8lvzIot.js
[GIN] 2025/11/05 - 14:13:47 | 202511051413476126790002pkNRxIZ | 200 |  178.256667ms |             ::1 |     GET /assets/index-sGynoyqR.js
[GIN] 2025/11/05 - 14:13:47 | 20251105141347845293000E9r7gN15 | 200 |      155.25µs |             ::1 |     GET /api/group/
[GIN] 2025/11/05 - 14:13:47 | 20251105141347845226000XLb6RkZW | 200 |       465.5µs |             ::1 |     GET /api/user/self
[GIN] 2025/11/05 - 14:13:47 | 20251105141347845410000c0TQ96or | 200 |     353.667µs |             ::1 |     GET /api/status
[GIN] 2025/11/05 - 14:13:47 | 20251105141347845404000dlwlyu4s | 200 |       664.5µs |             ::1 |     GET /api/models
[GIN] 2025/11/05 - 14:13:47 | 20251105141347845324000wkQBykan | 200 |     784.916µs |             ::1 |     GET /api/channel/models
[GIN] 2025/11/05 - 14:13:47 | 20251105141347845272000xB0PAF4V | 200 |    1.383583ms |             ::1 |     GET /api/channel/?p=1&page_size=10&id_sort=false&tag_mode=false
[GIN] 2025/11/05 - 14:13:47 | 20251105141347895090000wZefAi9I | 200 |     507.875µs |             ::1 |     GET /api/user/self
[GIN] 2025/11/05 - 14:13:47 | 20251105141347854189000gmFRJ6Vf | 200 |   46.800166ms |             ::1 |     GET /logo.png
[GIN] 2025/11/05 - 14:13:47 | 20251105141347913855000n7bFBe4g | 200 |       8.697ms |             ::1 |     GET /logo.png
[GIN] 2025/11/05 - 14:13:49 | 20251105141349661050000dTt1Gdj4 | 200 |     155.042µs |             ::1 |     GET /api/group/
[GIN] 2025/11/05 - 14:13:49 | 20251105141349661111000ZUKeZPnO | 200 |     475.708µs |             ::1 |     GET /api/channel/1
[GIN] 2025/11/05 - 14:13:49 | 20251105141349661054000FFkOkUvH | 200 |     819.083µs |             ::1 |     GET /api/channel/models
[GIN] 2025/11/05 - 14:13:49 | 20251105141349676391000i0oIiNZZ | 200 |     402.834µs |             ::1 |     GET /api/prefill_group/?type=model
[SYS] 2025/11/05 - 14:13:55 | 任务进度轮询开始 
[SYS] 2025/11/05 - 14:13:55 | 任务进度轮询完成 
[SYS] 2025/11/05 - 14:14:10 | syncing options from database 
[SYS] 2025/11/05 - 14:14:10 | 任务进度轮询开始 
[SYS] 2025/11/05 - 14:14:10 | 任务进度轮询完成 
[SYS] 2025/11/05 - 14:14:25 | 任务进度轮询开始 
[SYS] 2025/11/05 - 14:14:25 | 任务进度轮询完成 
[SYS] 2025/11/05 - 14:14:40 | 任务进度轮询开始 
[SYS] 2025/11/05 - 14:14:40 | 任务进度轮询完成 
[SYS] 2025/11/05 - 14:14:55 | 任务进度轮询开始 
[SYS] 2025/11/05 - 14:14:55 | 任务进度轮询完成 
[SYS] 2025/11/05 - 14:15:10 | syncing options from database 
[SYS] 2025/11/05 - 14:15:10 | 任务进度轮询开始 
[SYS] 2025/11/05 - 14:15:10 | 任务进度轮询完成 
[SYS] 2025/11/05 - 14:15:25 | 任务进度轮询开始 
[SYS] 2025/11/05 - 14:15:25 | 任务进度轮询完成 
[SYS] 2025/11/05 - 14:15:40 | 任务进度轮询开始 
[SYS] 2025/11/05 - 14:15:40 | 任务进度轮询完成 
[SYS] 2025/11/05 - 14:15:55 | 任务进度轮询开始 
[SYS] 2025/11/05 - 14:15:55 | 任务进度轮询完成 
[SYS] 2025/11/05 - 14:16:10 | syncing options from database 
[SYS] 2025/11/05 - 14:16:10 | 任务进度轮询开始 
[SYS] 2025/11/05 - 14:16:10 | 任务进度轮询完成 
[SYS] 2025/11/05 - 14:16:25 | 任务进度轮询开始 
[SYS] 2025/11/05 - 14:16:25 | 任务进度轮询完成 
[SYS] 2025/11/05 - 14:16:40 | 任务进度轮询开始 
[SYS] 2025/11/05 - 14:16:40 | 任务进度轮询完成 
[SYS] 2025/11/05 - 14:16:55 | 任务进度轮询开始 
[SYS] 2025/11/05 - 14:16:55 | 任务进度轮询完成 
[SYS] 2025/11/05 - 14:17:10 | syncing options from database 
[SYS] 2025/11/05 - 14:17:10 | 任务进度轮询开始 
[SYS] 2025/11/05 - 14:17:10 | 任务进度轮询完成 
[SYS] 2025/11/05 - 14:17:25 | 任务进度轮询开始 
[SYS] 2025/11/05 - 14:17:25 | 任务进度轮询完成 
[SYS] 2025/11/05 - 14:17:40 | 任务进度轮询开始 
[SYS] 2025/11/05 - 14:17:40 | 任务进度轮询完成 
[SYS] 2025/11/05 - 14:17:55 | 任务进度轮询开始 
[SYS] 2025/11/05 - 14:17:55 | 任务进度轮询完成 
[SYS] 2025/11/05 - 14:18:10 | 正在更新数据看板数据... 
[SYS] 2025/11/05 - 14:18:10 | 保存数据看板数据成功，共保存0条数据 
[SYS] 2025/11/05 - 14:18:10 | syncing options from database 
[SYS] 2025/11/05 - 14:18:10 | 任务进度轮询开始 
[SYS] 2025/11/05 - 14:18:10 | 任务进度轮询完成 
[SYS] 2025/11/05 - 14:18:25 | 任务进度轮询开始 
[SYS] 2025/11/05 - 14:18:25 | 任务进度轮询完成 
[SYS] 2025/11/05 - 14:18:40 | 任务进度轮询开始 
[SYS] 2025/11/05 - 14:18:40 | 任务进度轮询完成 
[GIN] 2025/11/05 - 14:18:45 | 202511051418458285520005N3Xc1oC | 200 |     267.375µs |             ::1 |     GET /console/channel
[GIN] 2025/11/05 - 14:18:45 | 20251105141845948519000R0huzwGj | 200 |     429.958µs |             ::1 |     GET /api/group/
[GIN] 2025/11/05 - 14:18:45 | 20251105141845948729000WXFrIKH8 | 200 |     857.083µs |             ::1 |     GET /api/status
[GIN] 2025/11/05 - 14:18:45 | 20251105141845948164000ea5arhX9 | 200 |    1.578792ms |             ::1 |     GET /api/channel/models
[GIN] 2025/11/05 - 14:18:45 | 20251105141845948166000Om0QQZZG | 200 |    1.767042ms |             ::1 |     GET /api/user/self
[GIN] 2025/11/05 - 14:18:45 | 20251105141845948710000UAWHlPKX | 200 |    1.547792ms |             ::1 |     GET /api/models
[GIN] 2025/11/05 - 14:18:45 | 202511051418459486680009JQxDA2o | 200 |    3.245084ms |             ::1 |     GET /api/channel/?p=1&page_size=10&id_sort=false&tag_mode=false
[GIN] 2025/11/05 - 14:18:46 | 2025110514184675950005dPQ6hce | 200 |     620.709µs |             ::1 |     GET /api/user/self
[GIN] 2025/11/05 - 14:18:48 | 20251105141848241136000CZzXQJQs | 200 |     226.916µs |             ::1 |     GET /api/group/
[GIN] 2025/11/05 - 14:18:48 | 202511051418482413120006aNECmQf | 200 |     699.042µs |             ::1 |     GET /api/channel/5
[GIN] 2025/11/05 - 14:18:48 | 20251105141848241099000HcKd7rbE | 200 |     961.625µs |             ::1 |     GET /api/channel/models
[GIN] 2025/11/05 - 14:18:48 | 20251105141848259911000wSS74pZX | 200 |     655.667µs |             ::1 |     GET /api/prefill_group/?type=model
[SYS] 2025/11/05 - 14:18:55 | 任务进度轮询开始 
[SYS] 2025/11/05 - 14:18:55 | 任务进度轮询完成 
[SYS] 2025/11/05 - 14:19:10 | syncing options from database 
[SYS] 2025/11/05 - 14:19:10 | 任务进度轮询开始 
[SYS] 2025/11/05 - 14:19:10 | 任务进度轮询完成 
[SYS] 2025/11/05 - 14:19:25 | 任务进度轮询开始 
[SYS] 2025/11/05 - 14:19:25 | 任务进度轮询完成 
[SYS] 2025/11/05 - 14:19:40 | 任务进度轮询开始 
[SYS] 2025/11/05 - 14:19:40 | 任务进度轮询完成 
[SYS] 2025/11/05 - 14:19:55 | 任务进度轮询开始 
[SYS] 2025/11/05 - 14:19:55 | 任务进度轮询完成 
[SYS] 2025/11/05 - 14:20:10 | syncing options from database 
[SYS] 2025/11/05 - 14:20:10 | 任务进度轮询开始 
[SYS] 2025/11/05 - 14:20:10 | 任务进度轮询完成 
[SYS] 2025/11/05 - 14:20:25 | 任务进度轮询开始 
[SYS] 2025/11/05 - 14:20:25 | 任务进度轮询完成 
[SYS] 2025/11/05 - 14:20:40 | 任务进度轮询开始 
[SYS] 2025/11/05 - 14:20:40 | 任务进度轮询完成 
[SYS] 2025/11/05 - 14:20:55 | 任务进度轮询开始 
[SYS] 2025/11/05 - 14:20:55 | 任务进度轮询完成 
[GIN] 2025/11/05 - 14:21:10 | 20251105142110311799000uJogYSab | 200 |     378.791µs |             ::1 |     GET /api/group/
[GIN] 2025/11/05 - 14:21:10 | 20251105142110311804000iDqasBbS | 200 |     838.917µs |             ::1 |     GET /api/channel/1
[GIN] 2025/11/05 - 14:21:10 | 20251105142110311770000G2mamQBA | 200 |    1.078584ms |             ::1 |     GET /api/channel/models
[GIN] 2025/11/05 - 14:21:10 | 20251105142110327086000qqmadxED | 200 |     785.583µs |             ::1 |     GET /api/prefill_group/?type=model
[SYS] 2025/11/05 - 14:21:10 | syncing options from database 
[SYS] 2025/11/05 - 14:21:10 | 任务进度轮询开始 
[SYS] 2025/11/05 - 14:21:10 | 任务进度轮询完成 
[GIN] 2025/11/05 - 14:21:15 | 20251105142115136363000e83uKHlv | 200 |      318.25µs |             ::1 |     GET /console/channel
[GIN] 2025/11/05 - 14:21:15 | 20251105142115345910000ch6pLE6n | 200 |     259.667µs |             ::1 |     GET /api/group/
[GIN] 2025/11/05 - 14:21:15 | 20251105142115346189000pdzFmQRk | 200 |     180.417µs |             ::1 |     GET /api/status
[GIN] 2025/11/05 - 14:21:15 | 20251105142115345748000Rdus5MnW | 200 |     772.667µs |             ::1 |     GET /api/user/self
[GIN] 2025/11/05 - 14:21:15 | 20251105142115345748000jto8oRJs | 200 |     882.542µs |             ::1 |     GET /api/channel/models
[GIN] 2025/11/05 - 14:21:15 | 20251105142115346223000yTOgDSl0 | 200 |     696.041µs |             ::1 |     GET /api/models
[GIN] 2025/11/05 - 14:21:15 | 20251105142115346233000NR9vSkMo | 200 |    1.656542ms |             ::1 |     GET /api/channel/?p=1&page_size=10&id_sort=false&tag_mode=false
[GIN] 2025/11/05 - 14:21:15 | 20251105142115413266000NK4a72Ux | 200 |       502.5µs |             ::1 |     GET /api/user/self
[GIN] 2025/11/05 - 14:21:16 | 202511051421166110810002dr8xqYy | 200 |     225.084µs |             ::1 |     GET /api/group/
[GIN] 2025/11/05 - 14:21:16 | 20251105142116611201000TAzpLl9g | 200 |    1.208583ms |             ::1 |     GET /api/channel/1
[GIN] 2025/11/05 - 14:21:16 | 202511051421166110420007LJ93Nu9 | 200 |    1.470125ms |             ::1 |     GET /api/channel/models
[GIN] 2025/11/05 - 14:21:16 | 20251105142116632800000bfPDJ4lk | 200 |     517.416µs |             ::1 |     GET /api/prefill_group/?type=model
[SYS] 2025/11/05 - 14:21:25 | 任务进度轮询开始 
[SYS] 2025/11/05 - 14:21:25 | 任务进度轮询完成 
[SYS] 2025/11/05 - 14:21:40 | 任务进度轮询开始 
[SYS] 2025/11/05 - 14:21:40 | 任务进度轮询完成 
[SYS] 2025/11/05 - 14:21:55 | 任务进度轮询开始 
[SYS] 2025/11/05 - 14:21:55 | 任务进度轮询完成 
[SYS] 2025/11/05 - 14:22:10 | syncing options from database 
[SYS] 2025/11/05 - 14:22:10 | 任务进度轮询开始 
[SYS] 2025/11/05 - 14:22:10 | 任务进度轮询完成 
[SYS] 2025/11/05 - 14:22:25 | 任务进度轮询开始 
[SYS] 2025/11/05 - 14:22:25 | 任务进度轮询完成 
[SYS] 2025/11/05 - 14:22:40 | 任务进度轮询开始 
[SYS] 2025/11/05 - 14:22:40 | 任务进度轮询完成 
[SYS] 2025/11/05 - 14:22:55 | 任务进度轮询开始 
[SYS] 2025/11/05 - 14:22:55 | 任务进度轮询完成 
[SYS] 2025/11/05 - 14:23:10 | 正在更新数据看板数据... 
[SYS] 2025/11/05 - 14:23:10 | 保存数据看板数据成功，共保存0条数据 
[SYS] 2025/11/05 - 14:23:10 | syncing options from database 
[SYS] 2025/11/05 - 14:23:10 | 任务进度轮询开始 
[SYS] 2025/11/05 - 14:23:10 | 任务进度轮询完成 
[SYS] 2025/11/05 - 14:23:25 | 任务进度轮询开始 
[SYS] 2025/11/05 - 14:23:25 | 任务进度轮询完成 
[SYS] 2025/11/05 - 14:23:40 | 任务进度轮询开始 
[SYS] 2025/11/05 - 14:23:40 | 任务进度轮询完成 
[SYS] 2025/11/05 - 14:23:55 | 任务进度轮询开始 
[SYS] 2025/11/05 - 14:23:55 | 任务进度轮询完成 
[SYS] 2025/11/05 - 14:24:10 | syncing options from database 
[SYS] 2025/11/05 - 14:24:10 | 任务进度轮询开始 
[SYS] 2025/11/05 - 14:24:10 | 任务进度轮询完成 
[SYS] 2025/11/05 - 14:24:25 | 任务进度轮询开始 
[SYS] 2025/11/05 - 14:24:25 | 任务进度轮询完成 
[SYS] 2025/11/05 - 14:24:40 | 任务进度轮询开始 
[SYS] 2025/11/05 - 14:24:40 | 任务进度轮询完成 
[SYS] 2025/11/05 - 14:24:55 | 任务进度轮询开始 
[SYS] 2025/11/05 - 14:24:55 | 任务进度轮询完成 
[SYS] 2025/11/05 - 14:25:10 | syncing options from database 
[SYS] 2025/11/05 - 14:25:10 | 任务进度轮询开始 
[SYS] 2025/11/05 - 14:25:10 | 任务进度轮询完成 
[SYS] 2025/11/05 - 14:25:25 | 任务进度轮询开始 
[SYS] 2025/11/05 - 14:25:25 | 任务进度轮询完成 
[SYS] 2025/11/05 - 14:25:40 | 任务进度轮询开始 
[SYS] 2025/11/05 - 14:25:40 | 任务进度轮询完成 
[SYS] 2025/11/05 - 14:25:55 | 任务进度轮询开始 
[SYS] 2025/11/05 - 14:25:55 | 任务进度轮询完成 
[SYS] 2025/11/05 - 14:26:10 | syncing options from database 
[SYS] 2025/11/05 - 14:26:10 | 任务进度轮询开始 
[SYS] 2025/11/05 - 14:26:10 | 任务进度轮询完成 
[SYS] 2025/11/05 - 14:26:25 | 任务进度轮询开始 
[SYS] 2025/11/05 - 14:26:25 | 任务进度轮询完成 
[SYS] 2025/11/05 - 14:26:40 | 任务进度轮询开始 
[SYS] 2025/11/05 - 14:26:40 | 任务进度轮询完成 
[SYS] 2025/11/05 - 14:26:55 | 任务进度轮询开始 
[SYS] 2025/11/05 - 14:26:55 | 任务进度轮询完成 
[SYS] 2025/11/05 - 14:27:10 | syncing options from database 
[SYS] 2025/11/05 - 14:27:10 | 任务进度轮询开始 
[SYS] 2025/11/05 - 14:27:10 | 任务进度轮询完成 
[SYS] 2025/11/05 - 14:27:25 | 任务进度轮询开始 
[SYS] 2025/11/05 - 14:27:25 | 任务进度轮询完成 
[SYS] 2025/11/05 - 14:27:40 | 任务进度轮询开始 
[SYS] 2025/11/05 - 14:27:40 | 任务进度轮询完成 
[SYS] 2025/11/05 - 14:27:55 | 任务进度轮询开始 
[SYS] 2025/11/05 - 14:27:55 | 任务进度轮询完成 
[GIN] 2025/11/05 - 14:28:07 | 20251105142807228560000Ka06GGL8 | 200 |     362.375µs |             ::1 |     GET /console/channel
[GIN] 2025/11/05 - 14:28:07 | 20251105142807509900000EZmehQEO | 200 |     303.958µs |             ::1 |     GET /api/group/
[GIN] 2025/11/05 - 14:28:07 | 20251105142807509634000HhsZA6F1 | 200 |         800µs |             ::1 |     GET /api/user/self
[GIN] 2025/11/05 - 14:28:07 | 202511051428075105300008K0bDbdJ | 200 |     266.542µs |             ::1 |     GET /api/status
[GIN] 2025/11/05 - 14:28:07 | 20251105142807509834000cjNFvjN9 | 200 |     991.583µs |             ::1 |     GET /api/channel/models
[GIN] 2025/11/05 - 14:28:07 | 20251105142807510285000B8hng11u | 200 |      544.25µs |             ::1 |     GET /api/models
[GIN] 2025/11/05 - 14:28:07 | 20251105142807510320000JuNZh18j | 200 |    2.494834ms |             ::1 |     GET /api/channel/?p=1&page_size=10&id_sort=false&tag_mode=false
[GIN] 2025/11/05 - 14:28:07 | 20251105142807754401000vhruzQqn | 200 |     494.917µs |             ::1 |     GET /api/user/self
[GIN] 2025/11/05 - 14:28:08 | 20251105142808363508000FQT5x5xt | 200 |      232.25µs |             ::1 |     GET /api/group/
[GIN] 2025/11/05 - 14:28:08 | 20251105142808363568000L0AXyEf0 | 200 |     636.583µs |             ::1 |     GET /api/channel/1
[GIN] 2025/11/05 - 14:28:08 | 202511051428083635430004Vm1eQEB | 200 |     781.083µs |             ::1 |     GET /api/channel/models
[GIN] 2025/11/05 - 14:28:08 | 20251105142808382159000mqkrDwbr | 200 |     743.583µs |             ::1 |     GET /api/prefill_group/?type=model
[SYS] 2025/11/05 - 14:28:10 | 正在更新数据看板数据... 
[SYS] 2025/11/05 - 14:28:10 | 保存数据看板数据成功，共保存0条数据 
[SYS] 2025/11/05 - 14:28:10 | syncing options from database 
[SYS] 2025/11/05 - 14:28:10 | 任务进度轮询开始 
[SYS] 2025/11/05 - 14:28:10 | 任务进度轮询完成 
[SYS] 2025/11/05 - 14:28:25 | 任务进度轮询开始 
[SYS] 2025/11/05 - 14:28:25 | 任务进度轮询完成 
[SYS] 2025/11/05 - 14:28:40 | 任务进度轮询开始 
[SYS] 2025/11/05 - 14:28:40 | 任务进度轮询完成 
