[SYS] 2025/10/13 - 18:06:55 | initializing token encoders 
[SYS] 2025/10/13 - 18:06:55 | token encoders initialized 
[SYS] 2025/10/13 - 18:06:55 | SQL_DSN not set, using SQLite as database 
[SYS] 2025/10/13 - 18:06:55 | database migration started 
[SYS] 2025/10/13 - 18:06:55 | system is already initialized at: 2025-10-10 14:30:09 +0800 CST 
[SYS] 2025/10/13 - 18:06:55 | REDIS_CONN_STRING not set, Redis is not enabled 
[SYS] 2025/10/13 - 18:06:55 | New API v0.0.0 started 
[SYS] 2025/10/13 - 18:06:55 | running in debug mode 
[SYS] 2025/10/13 - 18:06:55 | memory cache enabled 
[SYS] 2025/10/13 - 18:06:55 | sync frequency: 60 seconds 
[SYS] 2025/10/13 - 18:06:55 | channels synced from database 
[SYS] 2025/10/13 - 18:06:55 | 正在更新数据看板数据... 
[SYS] 2025/10/13 - 18:06:55 | 保存数据看板数据成功，共保存0条数据 
[SYS] 2025/10/13 - 18:07:10 | 任务进度轮询开始 
[SYS] 2025/10/13 - 18:07:10 | 任务进度轮询完成 
[SYS] 2025/10/13 - 18:07:25 | 任务进度轮询开始 
[SYS] 2025/10/13 - 18:07:25 | 任务进度轮询完成 
[SYS] 2025/10/13 - 18:07:40 | 任务进度轮询开始 
[SYS] 2025/10/13 - 18:07:40 | 任务进度轮询完成 
[SYS] 2025/10/13 - 18:07:55 | syncing options from database 
[SYS] 2025/10/13 - 18:07:55 | syncing channels from database 
[SYS] 2025/10/13 - 18:07:55 | channels synced from database 
[SYS] 2025/10/13 - 18:07:55 | 任务进度轮询开始 
[SYS] 2025/10/13 - 18:07:55 | 任务进度轮询完成 
[SYS] 2025/10/13 - 18:08:10 | 任务进度轮询开始 
[SYS] 2025/10/13 - 18:08:10 | 任务进度轮询完成 
[GIN] 2025/10/13 - 18:08:16 | 202510131808163536830007GmZmFtW | 200 |     644.958µs |             ::1 |     GET /console
[GIN] 2025/10/13 - 18:08:16 | 20251013180816386697000hN0FvL65 | 200 |      816.25µs |             ::1 |     GET /.well-known/appspecific/com.chrome.devtools.json
[GIN] 2025/10/13 - 18:08:16 | 20251013180816677055000xOItTumb | 200 |    1.349542ms |             ::1 |     GET /api/status
[GIN] 2025/10/13 - 18:08:16 | 20251013180816676664000BVJvS0Fy | 200 |    1.855125ms |             ::1 |     GET /api/user/self
[GIN] 2025/10/13 - 18:08:16 | 20251013180816863939000GxGpGUzN | 200 |    1.707917ms |             ::1 |     GET /api/user/self
[GIN] 2025/10/13 - 18:08:16 | 20251013180816936899000BlRDTuS0 | 200 |     592.167µs |             ::1 |     GET /api/user/self
[GIN] 2025/10/13 - 18:08:16 | 20251013180816939580000kfYzZJ6I | 200 |    1.538542ms |             ::1 |     GET /api/data/?username=&start_timestamp=1760263696&end_timestamp=1760353696&default_time=hour
[GIN] 2025/10/13 - 18:08:16 | 2025101318081698263800027ixeec0 | 200 |         392µs |             ::1 |     GET /api/uptime/status
[GIN] 2025/10/13 - 18:08:17 | 20251013180816973972000Jfnx7ITj | 200 |   52.242417ms |             ::1 |     GET /logo.png
[SYS] 2025/10/13 - 18:08:25 | 任务进度轮询开始 
[SYS] 2025/10/13 - 18:08:25 | 任务进度轮询完成 
[GIN] 2025/10/13 - 18:08:35 | 20251013180835814601000AZ7joV1M | 204 |          42µs |             ::1 | OPTIONS /kling/v1/videos/image2video
[SYS] 2025/10/13 - 18:08:40 | 任务进度轮询开始 
[SYS] 2025/10/13 - 18:08:40 | 任务进度轮询完成 
[SYS] 2025/10/13 - 18:08:55 | syncing options from database 
[SYS] 2025/10/13 - 18:08:55 | syncing channels from database 
[SYS] 2025/10/13 - 18:08:55 | 任务进度轮询开始 
[SYS] 2025/10/13 - 18:08:55 | channels synced from database 
[SYS] 2025/10/13 - 18:08:55 | 任务进度轮询完成 
[SYS] 2025/10/13 - 18:09:10 | 任务进度轮询开始 
[SYS] 2025/10/13 - 18:09:10 | 任务进度轮询完成 
[SYS] 2025/10/13 - 18:09:25 | 任务进度轮询开始 
[SYS] 2025/10/13 - 18:09:25 | 任务进度轮询完成 
[SYS] 2025/10/13 - 18:09:40 | 任务进度轮询开始 
[SYS] 2025/10/13 - 18:09:40 | 任务进度轮询完成 
[GIN] 2025/10/13 - 18:09:47 | 20251013180835817006000h1g1CEx3 | 500 | 1m11.267177125s |             ::1 |    POST /kling/v1/videos/image2video
[SYS] 2025/10/13 - 18:09:55 | syncing options from database 
[SYS] 2025/10/13 - 18:09:55 | syncing channels from database 
[SYS] 2025/10/13 - 18:09:55 | 任务进度轮询开始 
[SYS] 2025/10/13 - 18:09:55 | 任务进度轮询完成 
[SYS] 2025/10/13 - 18:09:55 | channels synced from database 
[GIN] 2025/10/13 - 18:10:08 | 20251013181008578226000IzSt8L9C | 200 |    2.744666ms |             ::1 |     GET /api/log/?p=1&page_size=10&type=0&username=&token_name=&model_name=&start_timestamp=1760284800&end_timestamp=1760353808&channel=&group=
[GIN] 2025/10/13 - 18:10:08 | 20251013181008623703000s8PYPf6i | 200 |     895.042µs |             ::1 |     GET /api/log/stat?type=0&username=&token_name=&model_name=&start_timestamp=1760284800&end_timestamp=1760353808&channel=&group=
[GIN] 2025/10/13 - 18:10:09 | 20251013181009672807000mtHn1Cah | 200 |     347.209µs |             ::1 |     GET /console/log
[GIN] 2025/10/13 - 18:10:09 | 20251013181009691595000T8wS688v | 200 |     340.625µs |             ::1 |     GET /.well-known/appspecific/com.chrome.devtools.json
[GIN] 2025/10/13 - 18:10:09 | 20251013181009885382000K3QILU1f | 200 |     547.334µs |             ::1 |     GET /api/user/self
[GIN] 2025/10/13 - 18:10:09 | 20251013181009885621000i2CkVs09 | 200 |     381.542µs |             ::1 |     GET /api/status
[GIN] 2025/10/13 - 18:10:09 | 20251013181009885504000iec0D1ln | 200 |    1.192334ms |             ::1 |     GET /api/log/?p=1&page_size=10&type=0&username=&token_name=&model_name=&start_timestamp=1760284800&end_timestamp=1760353809&channel=&group=
[GIN] 2025/10/13 - 18:10:10 | 2025101318101072491000DNoT1d1Y | 200 |    1.036708ms |             ::1 |     GET /api/user/self
[GIN] 2025/10/13 - 18:10:10 | 2025101318101072491000Cni4bWai | 200 |    1.380042ms |             ::1 |     GET /api/log/stat?type=0&username=&token_name=&model_name=&start_timestamp=1760284800&end_timestamp=1760353809&channel=&group=
[SYS] 2025/10/13 - 18:10:10 | 任务进度轮询开始 
[SYS] 2025/10/13 - 18:10:10 | 任务进度轮询完成 
[SYS] 2025/10/13 - 18:10:25 | 任务进度轮询开始 
[SYS] 2025/10/13 - 18:10:25 | 任务进度轮询完成 
[SYS] 2025/10/13 - 18:10:40 | 任务进度轮询开始 
[SYS] 2025/10/13 - 18:10:40 | 任务进度轮询完成 
[SYS] 2025/10/13 - 18:10:55 | syncing options from database 
[SYS] 2025/10/13 - 18:10:55 | syncing channels from database 
[SYS] 2025/10/13 - 18:10:55 | 任务进度轮询开始 
[SYS] 2025/10/13 - 18:10:55 | 任务进度轮询完成 
[SYS] 2025/10/13 - 18:10:55 | channels synced from database 
[SYS] 2025/10/13 - 18:11:10 | 任务进度轮询开始 
[SYS] 2025/10/13 - 18:11:10 | 任务进度轮询完成 
[SYS] 2025/10/13 - 18:11:25 | 任务进度轮询开始 
[SYS] 2025/10/13 - 18:11:25 | 任务进度轮询完成 
[SYS] 2025/10/13 - 18:11:40 | 任务进度轮询开始 
[SYS] 2025/10/13 - 18:11:40 | 任务进度轮询完成 
[GIN] 2025/10/13 - 18:11:42 | 20251013181142778201000osXE4mZS | 200 |     795.417µs |             ::1 |     GET /api/option/
[GIN] 2025/10/13 - 18:11:47 | 2025101318114745751000PWl9qGfq | 200 |    7.910167ms |             ::1 |     GET /api/option/
[GIN] 2025/10/13 - 18:11:47 | 2025101318114749287000XrdV7lPR | 200 |    5.011583ms |             ::1 |     GET /api/channel/models_enabled
[SYS] 2025/10/13 - 18:11:55 | 正在更新数据看板数据... 
[SYS] 2025/10/13 - 18:11:55 | 保存数据看板数据成功，共保存0条数据 
[SYS] 2025/10/13 - 18:11:55 | syncing options from database 
[SYS] 2025/10/13 - 18:11:55 | 任务进度轮询开始 
[SYS] 2025/10/13 - 18:11:55 | syncing channels from database 
[SYS] 2025/10/13 - 18:11:55 | 任务进度轮询完成 
[SYS] 2025/10/13 - 18:11:55 | channels synced from database 
[SYS] 2025/10/13 - 18:12:10 | 任务进度轮询开始 
[SYS] 2025/10/13 - 18:12:10 | 任务进度轮询完成 
[SYS] 2025/10/13 - 18:12:25 | 任务进度轮询开始 
[SYS] 2025/10/13 - 18:12:25 | 任务进度轮询完成 
[SYS] 2025/10/13 - 18:12:40 | 任务进度轮询开始 
[SYS] 2025/10/13 - 18:12:40 | 任务进度轮询完成 
[SYS] 2025/10/13 - 18:12:55 | syncing options from database 
[SYS] 2025/10/13 - 18:12:55 | 任务进度轮询开始 
[SYS] 2025/10/13 - 18:12:55 | syncing channels from database 
[SYS] 2025/10/13 - 18:12:55 | 任务进度轮询完成 
[SYS] 2025/10/13 - 18:12:55 | channels synced from database 
[SYS] 2025/10/13 - 18:13:10 | 任务进度轮询开始 
[SYS] 2025/10/13 - 18:13:10 | 任务进度轮询完成 
[SYS] 2025/10/13 - 18:13:25 | 任务进度轮询开始 
[SYS] 2025/10/13 - 18:13:25 | 任务进度轮询完成 
[SYS] 2025/10/13 - 18:13:40 | 任务进度轮询开始 
[SYS] 2025/10/13 - 18:13:40 | 任务进度轮询完成 
[SYS] 2025/10/13 - 18:13:55 | syncing options from database 
[SYS] 2025/10/13 - 18:13:55 | syncing channels from database 
[SYS] 2025/10/13 - 18:13:55 | 任务进度轮询开始 
[SYS] 2025/10/13 - 18:13:55 | 任务进度轮询完成 
[SYS] 2025/10/13 - 18:13:55 | channels synced from database 
[SYS] 2025/10/13 - 18:14:10 | 任务进度轮询开始 
[SYS] 2025/10/13 - 18:14:10 | 任务进度轮询完成 
[SYS] 2025/10/13 - 18:14:25 | 任务进度轮询开始 
[SYS] 2025/10/13 - 18:14:25 | 任务进度轮询完成 
[SYS] 2025/10/13 - 18:14:40 | 任务进度轮询开始 
[SYS] 2025/10/13 - 18:14:40 | 任务进度轮询完成 
[SYS] 2025/10/13 - 18:14:55 | syncing options from database 
[SYS] 2025/10/13 - 18:14:55 | syncing channels from database 
[SYS] 2025/10/13 - 18:14:55 | 任务进度轮询开始 
[SYS] 2025/10/13 - 18:14:55 | 任务进度轮询完成 
[SYS] 2025/10/13 - 18:14:55 | channels synced from database 
[SYS] 2025/10/13 - 18:15:10 | 任务进度轮询开始 
[SYS] 2025/10/13 - 18:15:10 | 任务进度轮询完成 
[SYS] 2025/10/13 - 18:15:25 | 任务进度轮询开始 
[SYS] 2025/10/13 - 18:15:25 | 任务进度轮询完成 
[SYS] 2025/10/13 - 18:15:40 | 任务进度轮询开始 
[SYS] 2025/10/13 - 18:15:40 | 任务进度轮询完成 
[SYS] 2025/10/13 - 18:15:55 | syncing options from database 
[SYS] 2025/10/13 - 18:15:55 | syncing channels from database 
[SYS] 2025/10/13 - 18:15:55 | 任务进度轮询开始 
[SYS] 2025/10/13 - 18:15:55 | 任务进度轮询完成 
[SYS] 2025/10/13 - 18:15:55 | channels synced from database 
[SYS] 2025/10/13 - 18:16:10 | 任务进度轮询开始 
[SYS] 2025/10/13 - 18:16:10 | 任务进度轮询完成 
[SYS] 2025/10/13 - 18:16:25 | 任务进度轮询开始 
[SYS] 2025/10/13 - 18:16:25 | 任务进度轮询完成 
[SYS] 2025/10/13 - 18:16:40 | 任务进度轮询开始 
[SYS] 2025/10/13 - 18:16:40 | 任务进度轮询完成 
[SYS] 2025/10/13 - 18:16:55 | 正在更新数据看板数据... 
[SYS] 2025/10/13 - 18:16:55 | 保存数据看板数据成功，共保存0条数据 
[SYS] 2025/10/13 - 18:16:55 | syncing options from database 
[SYS] 2025/10/13 - 18:16:55 | 任务进度轮询开始 
[SYS] 2025/10/13 - 18:16:55 | syncing channels from database 
[SYS] 2025/10/13 - 18:16:55 | 任务进度轮询完成 
[SYS] 2025/10/13 - 18:16:55 | channels synced from database 
[SYS] 2025/10/13 - 18:17:10 | 任务进度轮询开始 
[SYS] 2025/10/13 - 18:17:10 | 任务进度轮询完成 
[SYS] 2025/10/13 - 18:17:25 | 任务进度轮询开始 
[SYS] 2025/10/13 - 18:17:25 | 任务进度轮询完成 
[SYS] 2025/10/13 - 18:17:40 | 任务进度轮询开始 
[SYS] 2025/10/13 - 18:17:40 | 任务进度轮询完成 
[SYS] 2025/10/13 - 18:17:55 | syncing options from database 
[SYS] 2025/10/13 - 18:17:55 | syncing channels from database 
[SYS] 2025/10/13 - 18:17:55 | 任务进度轮询开始 
[SYS] 2025/10/13 - 18:17:55 | 任务进度轮询完成 
[SYS] 2025/10/13 - 18:17:55 | channels synced from database 
[SYS] 2025/10/13 - 18:18:10 | 任务进度轮询开始 
[SYS] 2025/10/13 - 18:18:10 | 任务进度轮询完成 
[SYS] 2025/10/13 - 18:18:25 | 任务进度轮询开始 
[SYS] 2025/10/13 - 18:18:25 | 任务进度轮询完成 
[SYS] 2025/10/13 - 18:18:40 | 任务进度轮询开始 
[SYS] 2025/10/13 - 18:18:40 | 任务进度轮询完成 
[SYS] 2025/10/13 - 18:18:55 | syncing options from database 
[SYS] 2025/10/13 - 18:18:55 | syncing channels from database 
[SYS] 2025/10/13 - 18:18:55 | 任务进度轮询开始 
[SYS] 2025/10/13 - 18:18:55 | 任务进度轮询完成 
[SYS] 2025/10/13 - 18:18:55 | channels synced from database 
[SYS] 2025/10/13 - 18:19:10 | 任务进度轮询开始 
[SYS] 2025/10/13 - 18:19:10 | 任务进度轮询完成 
[SYS] 2025/10/13 - 18:19:25 | 任务进度轮询开始 
[SYS] 2025/10/13 - 18:19:25 | 任务进度轮询完成 
[SYS] 2025/10/13 - 18:19:40 | 任务进度轮询开始 
[SYS] 2025/10/13 - 18:19:40 | 任务进度轮询完成 
[SYS] 2025/10/13 - 18:19:55 | syncing options from database 
[SYS] 2025/10/13 - 18:19:55 | syncing channels from database 
[SYS] 2025/10/13 - 18:19:55 | 任务进度轮询开始 
[SYS] 2025/10/13 - 18:19:55 | 任务进度轮询完成 
[SYS] 2025/10/13 - 18:19:55 | channels synced from database 
[SYS] 2025/10/13 - 18:20:10 | 任务进度轮询开始 
[SYS] 2025/10/13 - 18:20:10 | 任务进度轮询完成 
[SYS] 2025/10/13 - 18:20:25 | 任务进度轮询开始 
[SYS] 2025/10/13 - 18:20:25 | 任务进度轮询完成 
[SYS] 2025/10/13 - 18:20:40 | 任务进度轮询开始 
[SYS] 2025/10/13 - 18:20:40 | 任务进度轮询完成 
