[SYS] 2025/11/04 - 18:00:02 | initializing token encoders 
[SYS] 2025/11/04 - 18:00:02 | token encoders initialized 
[SYS] 2025/11/04 - 18:00:02 | SQL_DSN not set, using SQLite as database 
[SYS] 2025/11/04 - 18:00:02 | database migration started 
[SYS] 2025/11/04 - 18:00:02 | system is already initialized at: 2025-09-23 14:26:35 +0800 CST 
[SYS] 2025/11/04 - 18:00:02 | REDIS_CONN_STRING not set, Redis is not enabled 
[SYS] 2025/11/04 - 18:00:02 | New API v0.0.0 started 
[SYS] 2025/11/04 - 18:00:02 | running in debug mode 
[SYS] 2025/11/04 - 18:00:02 | 正在更新数据看板数据... 
[SYS] 2025/11/04 - 18:00:02 | 保存数据看板数据成功，共保存0条数据 
[SYS] 2025/11/04 - 18:00:17 | 任务进度轮询开始 
[SYS] 2025/11/04 - 18:00:17 | 任务进度轮询完成 
[SYS] 2025/11/04 - 18:00:32 | 任务进度轮询开始 
[SYS] 2025/11/04 - 18:00:32 | 任务进度轮询完成 
[SYS] 2025/11/04 - 18:00:47 | 任务进度轮询开始 
[SYS] 2025/11/04 - 18:00:47 | 任务进度轮询完成 
[SYS] 2025/11/04 - 18:01:02 | syncing options from database 
[SYS] 2025/11/04 - 18:01:02 | 任务进度轮询开始 
[SYS] 2025/11/04 - 18:01:02 | 任务进度轮询完成 
[SYS] 2025/11/04 - 18:01:17 | 任务进度轮询开始 
[SYS] 2025/11/04 - 18:01:17 | 任务进度轮询完成 
[SYS] 2025/11/04 - 18:01:32 | 任务进度轮询开始 
[SYS] 2025/11/04 - 18:01:32 | 任务进度轮询完成 
[GIN] 2025/11/04 - 18:01:33 | 20251104180133115688000C3ANI22s | 200 |      2.7045ms |             ::1 |     GET /console/channel
[GIN] 2025/11/04 - 18:01:33 | 20251104180133325275000RRgBLsaj | 200 |     790.375µs |             ::1 |     GET /api/status
[GIN] 2025/11/04 - 18:01:33 | 20251104180133325227000juFQIQn8 | 200 |      800.75µs |             ::1 |     GET /api/group/
[GIN] 2025/11/04 - 18:01:33 | 20251104180133324487000uKukAbHT | 200 |    3.246958ms |             ::1 |     GET /api/channel/models
[GIN] 2025/11/04 - 18:01:33 | 20251104180133324439000a2xxEJm4 | 200 |    3.431416ms |             ::1 |     GET /api/user/self
[GIN] 2025/11/04 - 18:01:33 | 20251104180133325931000cb5hg8ZN | 200 |    2.467875ms |             ::1 |     GET /api/models
[GIN] 2025/11/04 - 18:01:33 | 20251104180133325567000d5qRAFVT | 200 |    5.156333ms |             ::1 |     GET /api/channel/?p=1&page_size=10&id_sort=false&tag_mode=false
[GIN] 2025/11/04 - 18:01:33 | 20251104180133414689000FM3rNG2E | 200 |     468.666µs |             ::1 |     GET /api/user/self
[GIN] 2025/11/04 - 18:01:35 | 2025110418013521170000MpkNJ0Nb | 200 |     160.792µs |             ::1 |     GET /api/group/
[GIN] 2025/11/04 - 18:01:35 | 2025110418013521143000ukuI42oz | 200 |     961.375µs |             ::1 |     GET /api/channel/models
[GIN] 2025/11/04 - 18:01:35 | 2025110418013521324000rJWdNQvr | 200 |    1.425333ms |             ::1 |     GET /api/channel/1
[GIN] 2025/11/04 - 18:01:35 | 2025110418013538708000h19pcB7Y | 200 |     853.708µs |             ::1 |     GET /api/prefill_group/?type=model
[GIN] 2025/11/04 - 18:01:41 | 20251104180141470042000Quj6OOcq | 200 |     254.583µs |             ::1 |     GET /console/channel
[GIN] 2025/11/04 - 18:01:41 | 20251104180141486818000771Sygze | 200 |    4.680416ms |             ::1 |     GET /assets/react-components-BnylIsR_.js
[GIN] 2025/11/04 - 18:01:41 | 20251104180141486774000zA7lciKw | 200 |    5.820459ms |             ::1 |     GET /assets/tools-DfDywZp9.js
[GIN] 2025/11/04 - 18:01:41 | 20251104180141493199000h0AOQNPk | 200 |    3.037292ms |             ::1 |     GET /assets/i18n-bH1aaDdY.js
[GIN] 2025/11/04 - 18:01:41 | 20251104180141486614000b4bXoRTx | 200 |    13.09175ms |             ::1 |     GET /assets/react-core-D-iPSUlg.js
[GIN] 2025/11/04 - 18:01:41 | 20251104180141493036000wTK2bIP9 | 200 |   16.782459ms |             ::1 |     GET /assets/semi-ui-yRXI6evF.css
[GIN] 2025/11/04 - 18:01:41 | 20251104180141486527000T9jzgcF8 | 200 |   23.568125ms |             ::1 |     GET /assets/index-C6TxzCs_.css
[GIN] 2025/11/04 - 18:01:41 | 20251104180141486716000dnNvz1Vr | 200 |   65.084042ms |             ::1 |     GET /assets/semi-ui-C8lvzIot.js
[GIN] 2025/11/04 - 18:01:41 | 20251104180141486611000jxXvARo9 | 200 |   124.35575ms |             ::1 |     GET /assets/index-sGynoyqR.js
[GIN] 2025/11/04 - 18:01:41 | 20251104180141658260000y6sSxGS5 | 200 |     390.166µs |             ::1 |     GET /api/user/self
[GIN] 2025/11/04 - 18:01:41 | 20251104180141659941000FwHhnLVu | 200 |     232.667µs |             ::1 |     GET /api/group/
[GIN] 2025/11/04 - 18:01:41 | 20251104180141660300000ln7BkL9s | 200 |      572.75µs |             ::1 |     GET /api/status
[GIN] 2025/11/04 - 18:01:41 | 20251104180141659994000veiGMG3p | 200 |     919.166µs |             ::1 |     GET /api/models
[GIN] 2025/11/04 - 18:01:41 | 20251104180141659863000jlleB2l0 | 200 |    1.274291ms |             ::1 |     GET /api/channel/models
[GIN] 2025/11/04 - 18:01:41 | 20251104180141659911000VKPl6DQq | 200 |    1.857083ms |             ::1 |     GET /api/channel/?p=1&page_size=10&id_sort=false&tag_mode=false
[GIN] 2025/11/04 - 18:01:41 | 20251104180141661679000eYVKSq1W | 200 |     20.6335ms |             ::1 |     GET /logo.png
[GIN] 2025/11/04 - 18:01:41 | 20251104180141698036000wmkPuaQu | 200 |     356.584µs |             ::1 |     GET /api/user/self
[GIN] 2025/11/04 - 18:01:41 | 20251104180141724651000AgFRWTze | 200 |    5.667125ms |             ::1 |     GET /logo.png
[GIN] 2025/11/04 - 18:01:43 | 20251104180143812946000EjLd98gh | 200 |     215.833µs |             ::1 |     GET /api/group/
[GIN] 2025/11/04 - 18:01:43 | 20251104180143813043000u2zZAtAS | 200 |     491.125µs |             ::1 |     GET /api/channel/1
[GIN] 2025/11/04 - 18:01:43 | 202511041801438128780000vi10zxu | 200 |     738.375µs |             ::1 |     GET /api/channel/models
[GIN] 2025/11/04 - 18:01:43 | 20251104180143830302000ZCefkpz8 | 200 |       357.5µs |             ::1 |     GET /api/prefill_group/?type=model
[SYS] 2025/11/04 - 18:01:47 | 任务进度轮询开始 
[SYS] 2025/11/04 - 18:01:47 | 任务进度轮询完成 
[GIN] 2025/11/04 - 18:01:52 | 20251104180152228683000HKHz8Rw5 | 200 |     208.666µs |             ::1 |     GET /.well-known/appspecific/com.chrome.devtools.json
[SYS] 2025/11/04 - 18:02:02 | syncing options from database 
[SYS] 2025/11/04 - 18:02:02 | 任务进度轮询开始 
[SYS] 2025/11/04 - 18:02:02 | 任务进度轮询完成 
[GIN] 2025/11/04 - 18:02:16 | 20251104180216665670000uyAjRdye | 200 |      310.25µs |             ::1 |     GET /console/channel
[GIN] 2025/11/04 - 18:02:16 | 20251104180216685147000yczNr6it | 200 |     2.70625ms |             ::1 |     GET /assets/tools-DfDywZp9.js
[GIN] 2025/11/04 - 18:02:16 | 20251104180216695863000fZ1U6uTZ | 200 |    2.484417ms |             ::1 |     GET /assets/react-components-BnylIsR_.js
[GIN] 2025/11/04 - 18:02:16 | 202511041802166848770009Drp8M8c | 200 |   18.595042ms |             ::1 |     GET /assets/react-core-D-iPSUlg.js
[GIN] 2025/11/04 - 18:02:16 | 20251104180216699689000ySM7zmMx | 200 |    5.171125ms |             ::1 |     GET /assets/i18n-bH1aaDdY.js
[GIN] 2025/11/04 - 18:02:16 | 20251104180216704920000M7haWvaw | 200 |     303.875µs |             ::1 |     GET /.well-known/appspecific/com.chrome.devtools.json
[GIN] 2025/11/04 - 18:02:16 | 20251104180216684617000U4i0RS4D | 200 |   23.340792ms |             ::1 |     GET /assets/semi-ui-yRXI6evF.css
[GIN] 2025/11/04 - 18:02:16 | 20251104180216683992000gdCgJuL8 | 200 |   26.308084ms |             ::1 |     GET /assets/index-C6TxzCs_.css
[GIN] 2025/11/04 - 18:02:16 | 202511041802166852730007cVdOq8J | 200 |   71.047666ms |             ::1 |     GET /assets/semi-ui-C8lvzIot.js
[GIN] 2025/11/04 - 18:02:16 | 20251104180216685137000fLiN9dno | 200 |  136.555834ms |             ::1 |     GET /assets/index-sGynoyqR.js
[GIN] 2025/11/04 - 18:02:16 | 20251104180216941740000W2J51kxv | 200 |     120.334µs |             ::1 |     GET /api/group/
[GIN] 2025/11/04 - 18:02:16 | 2025110418021694095900080s9N1un | 200 |    1.091875ms |             ::1 |     GET /api/user/self
[GIN] 2025/11/04 - 18:02:16 | 20251104180216942018000GqgH8Mqa | 200 |     616.792µs |             ::1 |     GET /api/models
[GIN] 2025/11/04 - 18:02:16 | 202511041802169425160006SL0w3oF | 200 |     262.416µs |             ::1 |     GET /api/status
[GIN] 2025/11/04 - 18:02:16 | 20251104180216941559000jap6kT02 | 200 |    1.094417ms |             ::1 |     GET /api/channel/models
[GIN] 2025/11/04 - 18:02:16 | 202511041802169419400004ZMljQkJ | 200 |    1.619625ms |             ::1 |     GET /api/channel/?p=1&page_size=10&id_sort=false&tag_mode=false
[GIN] 2025/11/04 - 18:02:17 | 202511041802169463370008adIYPDn | 200 |  140.181542ms |             ::1 |     GET /logo.png
[GIN] 2025/11/04 - 18:02:17 | 20251104180217112393000JrrYcAwU | 200 |     499.542µs |             ::1 |     GET /api/user/self
[GIN] 2025/11/04 - 18:02:17 | 202511041802171580980002ycrUWjp | 200 |    6.485667ms |             ::1 |     GET /logo.png
[GIN] 2025/11/04 - 18:02:17 | 20251104180217196504000H34aZRp9 | 200 |   18.775041ms |             ::1 |     GET /logo.png
[SYS] 2025/11/04 - 18:02:17 | 任务进度轮询开始 
[SYS] 2025/11/04 - 18:02:17 | 任务进度轮询完成 
[GIN] 2025/11/04 - 18:02:18 | 202511041802189797530009LwgeO9X | 200 |     128.292µs |             ::1 |     GET /api/group/
[GIN] 2025/11/04 - 18:02:18 | 2025110418021897971600075hZUW9A | 200 |    1.637875ms |             ::1 |     GET /api/channel/models
[GIN] 2025/11/04 - 18:02:18 | 20251104180218981113000vdHhEykn | 200 |     643.083µs |             ::1 |     GET /api/channel/1
[GIN] 2025/11/04 - 18:02:19 | 202511041802191727000S03YlCRS | 200 |     453.083µs |             ::1 |     GET /api/prefill_group/?type=model
[SYS] 2025/11/04 - 18:02:32 | 任务进度轮询开始 
[SYS] 2025/11/04 - 18:02:32 | 任务进度轮询完成 
[GIN] 2025/11/04 - 18:02:46 | 20251104180246535959000oN1mSXsS | 200 |     244.459µs |             ::1 |     GET /console/channel
[GIN] 2025/11/04 - 18:02:46 | 20251104180246548643000wwyy2ptI | 200 |    1.645709ms |             ::1 |     GET /assets/react-components-BnylIsR_.js
[GIN] 2025/11/04 - 18:02:46 | 20251104180246548337000vhhRMTwJ | 200 |     4.13675ms |             ::1 |     GET /assets/tools-DfDywZp9.js
[GIN] 2025/11/04 - 18:02:46 | 2025110418024655353400062b2jyCD | 200 |    2.343375ms |             ::1 |     GET /assets/i18n-bH1aaDdY.js
[GIN] 2025/11/04 - 18:02:46 | 20251104180246548512000TPY9AtiZ | 200 |   12.359208ms |             ::1 |     GET /assets/react-core-D-iPSUlg.js
[GIN] 2025/11/04 - 18:02:46 | 20251104180246548609000ybcmZ2US | 200 |   16.049084ms |             ::1 |     GET /assets/semi-ui-yRXI6evF.css
[GIN] 2025/11/04 - 18:02:46 | 202511041802465486290004qdsj8Bo | 200 |   20.199375ms |             ::1 |     GET /assets/index-C6TxzCs_.css
[GIN] 2025/11/04 - 18:02:46 | 20251104180246552871000veFS4Tcs | 200 |      53.573ms |             ::1 |     GET /assets/semi-ui-C8lvzIot.js
[GIN] 2025/11/04 - 18:02:46 | 20251104180246548648000lelwEqg4 | 200 |  110.481416ms |             ::1 |     GET /assets/index-sGynoyqR.js
[GIN] 2025/11/04 - 18:02:46 | 20251104180246781880000WR5zzK8X | 200 |     227.042µs |             ::1 |     GET /api/group/
[GIN] 2025/11/04 - 18:02:46 | 20251104180246781755000DTc34wPs | 200 |     928.708µs |             ::1 |     GET /api/user/self
[GIN] 2025/11/04 - 18:02:46 | 20251104180246781905000zG2M2rUj | 200 |     771.834µs |             ::1 |     GET /api/channel/models
[GIN] 2025/11/04 - 18:02:46 | 20251104180246784388000lrzvNr7i | 200 |     122.583µs |             ::1 |     GET /api/status
[GIN] 2025/11/04 - 18:02:46 | 202511041802467843770007YrY8JDW | 200 |      290.75µs |             ::1 |     GET /api/models
[GIN] 2025/11/04 - 18:02:46 | 20251104180246784350000W24uhxcl | 200 |    1.257834ms |             ::1 |     GET /api/channel/?p=1&page_size=10&id_sort=false&tag_mode=false
[GIN] 2025/11/04 - 18:02:47 | 202511041802467865270004IEIlIG4 | 200 |  226.637666ms |             ::1 |     GET /logo.png
[GIN] 2025/11/04 - 18:02:47 | 2025110418024725240000IL88glRB | 200 |     569.375µs |             ::1 |     GET /api/user/self
[GIN] 2025/11/04 - 18:02:47 | 2025110418024761290000DL92bCRq | 200 |    5.196958ms |             ::1 |     GET /logo.png
[SYS] 2025/11/04 - 18:02:47 | 任务进度轮询开始 
[SYS] 2025/11/04 - 18:02:47 | 任务进度轮询完成 
[GIN] 2025/11/04 - 18:02:49 | 20251104180249702312000KAxbt3ey | 200 |     138.792µs |             ::1 |     GET /.well-known/appspecific/com.chrome.devtools.json
[GIN] 2025/11/04 - 18:02:51 | 202511041802517723600007OMhB6ur | 200 |     776.959µs |             ::1 |     GET /favicon.ico
[GIN] 2025/11/04 - 18:02:59 | 20251104180259435260000KdalPOAq | 200 |     153.791µs |             ::1 |     GET /api/group/
[GIN] 2025/11/04 - 18:02:59 | 20251104180259435148000dSSrZzA5 | 200 |     887.792µs |             ::1 |     GET /api/channel/models
[GIN] 2025/11/04 - 18:02:59 | 20251104180259435307000mrAYN3nj | 200 |     920.959µs |             ::1 |     GET /api/channel/1
[GIN] 2025/11/04 - 18:02:59 | 20251104180259455922000ybkTC0Sq | 200 |     403.583µs |             ::1 |     GET /api/prefill_group/?type=model
[SYS] 2025/11/04 - 18:03:02 | syncing options from database 
[SYS] 2025/11/04 - 18:03:02 | 任务进度轮询开始 
[SYS] 2025/11/04 - 18:03:02 | 任务进度轮询完成 
[GIN] 2025/11/04 - 18:03:16 | 20251104180316823206000wUqYPHBK | 200 |    2.384167ms |             ::1 |     GET /api/channel/1
[GIN] 2025/11/04 - 18:03:16 | 202511041803168372890004PgkwMlF | 200 |     350.916µs |             ::1 |     GET /api/prefill_group/?type=model
[SYS] 2025/11/04 - 18:03:17 | 任务进度轮询开始 
[SYS] 2025/11/04 - 18:03:17 | 任务进度轮询完成 
[SYS] 2025/11/04 - 18:03:32 | 任务进度轮询开始 
[SYS] 2025/11/04 - 18:03:32 | 任务进度轮询完成 
[GIN] 2025/11/04 - 18:03:46 | 20251104180346787108000srNCkI0c | 200 |    1.208916ms |             ::1 |     GET /api/channel/test/1?model=
[SYS] 2025/11/04 - 18:03:47 | 任务进度轮询开始 
[SYS] 2025/11/04 - 18:03:47 | 任务进度轮询完成 
[GIN] 2025/11/04 - 18:03:51 | 20251104180351515323000goCalgJD | 200 |     543.125µs |             ::1 |     GET /api/channel/1
[GIN] 2025/11/04 - 18:03:51 | 20251104180351530610000k1B9Gl9Y | 200 |     656.167µs |             ::1 |     GET /api/prefill_group/?type=model
[GIN] 2025/11/04 - 18:03:58 | 20251104180358733648000HuXUdKIy | 200 |     137.375µs |             ::1 |     GET /api/group/
[GIN] 2025/11/04 - 18:03:58 | 20251104180358733506000s8VDsEvO | 200 |     831.708µs |             ::1 |     GET /api/channel/models
[GIN] 2025/11/04 - 18:03:58 | 202511041803587348380004o8bzX4E | 200 |     710.209µs |             ::1 |     GET /api/channel/3
[GIN] 2025/11/04 - 18:03:58 | 20251104180358749501000gCtso3ed | 200 |     348.959µs |             ::1 |     GET /api/prefill_group/?type=model
[SYS] 2025/11/04 - 18:04:02 | syncing options from database 
[SYS] 2025/11/04 - 18:04:02 | 任务进度轮询开始 
[SYS] 2025/11/04 - 18:04:02 | 任务进度轮询完成 
[SYS] 2025/11/04 - 18:04:17 | 任务进度轮询开始 
[SYS] 2025/11/04 - 18:04:17 | 任务进度轮询完成 
[GIN] 2025/11/04 - 18:04:31 | 20251104180431894413000GudmHVE9 | 200 |     146.417µs |             ::1 |     GET /api/group/
[GIN] 2025/11/04 - 18:04:31 | 20251104180431894371000Exa8N9QN | 200 |     798.459µs |             ::1 |     GET /api/channel/models
[GIN] 2025/11/04 - 18:04:31 | 20251104180431894408000wMk9tOaB | 200 |    1.261458ms |             ::1 |     GET /api/channel/1
[GIN] 2025/11/04 - 18:04:31 | 20251104180431911363000UymAGlNb | 200 |     394.625µs |             ::1 |     GET /api/prefill_group/?type=model
[SYS] 2025/11/04 - 18:04:32 | 任务进度轮询开始 
[SYS] 2025/11/04 - 18:04:32 | 任务进度轮询完成 
[SYS] 2025/11/04 - 18:04:47 | 任务进度轮询开始 
[SYS] 2025/11/04 - 18:04:47 | 任务进度轮询完成 
[GIN] 2025/11/04 - 18:05:00 | 20251104180500548268000PReZAZvL | 200 |    1.625375ms |             ::1 |     GET /api/channel/1
[GIN] 2025/11/04 - 18:05:00 | 20251104180500561520000vmEUOxht | 200 |     652.834µs |             ::1 |     GET /api/prefill_group/?type=model
[SYS] 2025/11/04 - 18:05:02 | 正在更新数据看板数据... 
[SYS] 2025/11/04 - 18:05:02 | 保存数据看板数据成功，共保存0条数据 
[SYS] 2025/11/04 - 18:05:02 | syncing options from database 
[SYS] 2025/11/04 - 18:05:02 | 任务进度轮询开始 
[SYS] 2025/11/04 - 18:05:02 | 任务进度轮询完成 
[SYS] 2025/11/04 - 18:05:17 | 任务进度轮询开始 
[SYS] 2025/11/04 - 18:05:17 | 任务进度轮询完成 
[SYS] 2025/11/04 - 18:05:32 | 任务进度轮询开始 
[SYS] 2025/11/04 - 18:05:32 | 任务进度轮询完成 
[GIN] 2025/11/04 - 18:05:40 | 202511041805401223320008lAbFHEn | 200 |     272.583µs |             ::1 |     GET /console/channel
[GIN] 2025/11/04 - 18:05:40 | 20251104180540161502000R7EQvMyB | 200 |     292.958µs |             ::1 |     GET /.well-known/appspecific/com.chrome.devtools.json
[GIN] 2025/11/04 - 18:05:40 | 202511041805401658270002adBlIbu | 200 |    3.002416ms |             ::1 |     GET /assets/tools-DfDywZp9.js
[GIN] 2025/11/04 - 18:05:40 | 20251104180540165386000Ghrvg6OC | 200 |   10.001917ms |             ::1 |     GET /assets/react-core-D-iPSUlg.js
[GIN] 2025/11/04 - 18:05:40 | 20251104180540169561000eMZwkqFP | 200 |    6.252292ms |             ::1 |     GET /assets/react-components-BnylIsR_.js
[GIN] 2025/11/04 - 18:05:40 | 20251104180540176710000Xt3haMsm | 200 |    3.380209ms |             ::1 |     GET /assets/i18n-bH1aaDdY.js
[GIN] 2025/11/04 - 18:05:40 | 20251104180540164527000DEdKWDTK | 200 |      17.135ms |             ::1 |     GET /assets/semi-ui-yRXI6evF.css
[GIN] 2025/11/04 - 18:05:40 | 202511041805401652350000vnnK58r | 200 |      18.882ms |             ::1 |     GET /assets/index-C6TxzCs_.css
[GIN] 2025/11/04 - 18:05:40 | 20251104180540166687000eS2vE9Vq | 200 |   75.532292ms |             ::1 |     GET /assets/semi-ui-C8lvzIot.js
[GIN] 2025/11/04 - 18:05:40 | 20251104180540161587000jUiwoy5r | 200 |  147.035708ms |             ::1 |     GET /assets/index-sGynoyqR.js
[GIN] 2025/11/04 - 18:05:40 | 20251104180540431575000U5kXuphH | 200 |     223.292µs |             ::1 |     GET /api/group/
[GIN] 2025/11/04 - 18:05:40 | 202511041805404310830001bbLHkuL | 200 |     963.334µs |             ::1 |     GET /api/user/self
[GIN] 2025/11/04 - 18:05:40 | 20251104180540431503000dk3CoXQO | 200 |      1.0225ms |             ::1 |     GET /api/channel/models
[GIN] 2025/11/04 - 18:05:40 | 20251104180540432061000xeBxjhnM | 200 |     551.166µs |             ::1 |     GET /api/models
[GIN] 2025/11/04 - 18:05:40 | 20251104180540432802000ndSqR0vp | 200 |     258.458µs |             ::1 |     GET /api/status
[GIN] 2025/11/04 - 18:05:40 | 20251104180540431943000znr5dxHe | 200 |    1.799792ms |             ::1 |     GET /api/channel/?p=1&page_size=10&id_sort=false&tag_mode=false
[GIN] 2025/11/04 - 18:05:40 | 202511041805404367300006VrumfRZ | 200 |  143.101583ms |             ::1 |     GET /logo.png
[GIN] 2025/11/04 - 18:05:40 | 20251104180540603486000pWbPh5ov | 200 |     474.625µs |             ::1 |     GET /api/user/self
[GIN] 2025/11/04 - 18:05:40 | 202511041805406774490007IDNSXXB | 200 |     21.0935ms |             ::1 |     GET /logo.png
[GIN] 2025/11/04 - 18:05:45 | 20251104180545408225000jQGb6Lkl | 200 |         244µs |             ::1 |     GET /api/group/
[GIN] 2025/11/04 - 18:05:45 | 20251104180545408117000sYPGlbhz | 200 |     921.625µs |             ::1 |     GET /api/channel/models
[GIN] 2025/11/04 - 18:05:45 | 20251104180545408523000BOUHnORf | 200 |     734.625µs |             ::1 |     GET /api/channel/1
[GIN] 2025/11/04 - 18:05:45 | 20251104180545430053000DuZfNYMl | 200 |      530.75µs |             ::1 |     GET /api/prefill_group/?type=model
[SYS] 2025/11/04 - 18:05:47 | 任务进度轮询开始 
[SYS] 2025/11/04 - 18:05:47 | 任务进度轮询完成 
[SYS] 2025/11/04 - 18:06:02 | syncing options from database 
[SYS] 2025/11/04 - 18:06:02 | 任务进度轮询开始 
[SYS] 2025/11/04 - 18:06:02 | 任务进度轮询完成 
[GIN] 2025/11/04 - 18:06:08 | 202511041806082672530009wiI4kyv | 200 |     570.166µs |             ::1 |     GET /api/channel/1
[GIN] 2025/11/04 - 18:06:08 | 202511041806082841210006IeqpVbc | 200 |     342.583µs |             ::1 |     GET /api/prefill_group/?type=model
[GIN] 2025/11/04 - 18:06:12 | 20251104180612702703000ry8wLggw | 200 |     555.666µs |             ::1 |     GET /api/channel/1
[GIN] 2025/11/04 - 18:06:12 | 20251104180612720532000o5UmNeT5 | 200 |     330.125µs |             ::1 |     GET /api/prefill_group/?type=model
[SYS] 2025/11/04 - 18:06:17 | 任务进度轮询开始 
[SYS] 2025/11/04 - 18:06:17 | 任务进度轮询完成 
[GIN] 2025/11/04 - 18:06:25 | 2025110418062540497000mXoX5yCB | 200 |     581.916µs |             ::1 |     GET /api/channel/1
[GIN] 2025/11/04 - 18:06:25 | 2025110418062557221000xesJrvxt | 200 |       371.5µs |             ::1 |     GET /api/prefill_group/?type=model
[GIN] 2025/11/04 - 18:06:28 | 20251104180628260597000pAZWTdpZ | 200 |     541.667µs |             ::1 |     GET /api/channel/1
[GIN] 2025/11/04 - 18:06:28 | 20251104180628273898000Vpj3T9oi | 200 |     341.667µs |             ::1 |     GET /api/prefill_group/?type=model
[SYS] 2025/11/04 - 18:06:32 | 任务进度轮询开始 
[SYS] 2025/11/04 - 18:06:32 | 任务进度轮询完成 
[SYS] 2025/11/04 - 18:06:47 | 任务进度轮询开始 
[SYS] 2025/11/04 - 18:06:47 | 任务进度轮询完成 
[SYS] 2025/11/04 - 18:07:02 | syncing options from database 
[SYS] 2025/11/04 - 18:07:02 | 任务进度轮询开始 
[SYS] 2025/11/04 - 18:07:02 | 任务进度轮询完成 
[SYS] 2025/11/04 - 18:07:17 | 任务进度轮询开始 
[SYS] 2025/11/04 - 18:07:17 | 任务进度轮询完成 
[SYS] 2025/11/04 - 18:07:32 | 任务进度轮询开始 
[SYS] 2025/11/04 - 18:07:32 | 任务进度轮询完成 
[SYS] 2025/11/04 - 18:07:47 | 任务进度轮询开始 
[SYS] 2025/11/04 - 18:07:47 | 任务进度轮询完成 
[SYS] 2025/11/04 - 18:08:02 | syncing options from database 
[SYS] 2025/11/04 - 18:08:02 | 任务进度轮询开始 
[SYS] 2025/11/04 - 18:08:02 | 任务进度轮询完成 
[SYS] 2025/11/04 - 18:08:17 | 任务进度轮询开始 
[SYS] 2025/11/04 - 18:08:17 | 任务进度轮询完成 
[SYS] 2025/11/04 - 18:08:32 | 任务进度轮询开始 
[SYS] 2025/11/04 - 18:08:32 | 任务进度轮询完成 
[SYS] 2025/11/04 - 18:08:47 | 任务进度轮询开始 
[SYS] 2025/11/04 - 18:08:47 | 任务进度轮询完成 
[SYS] 2025/11/04 - 18:09:02 | syncing options from database 
[SYS] 2025/11/04 - 18:09:02 | 任务进度轮询开始 
[SYS] 2025/11/04 - 18:09:02 | 任务进度轮询完成 
[SYS] 2025/11/04 - 18:09:17 | 任务进度轮询开始 
[SYS] 2025/11/04 - 18:09:17 | 任务进度轮询完成 
[SYS] 2025/11/04 - 18:09:32 | 任务进度轮询开始 
[SYS] 2025/11/04 - 18:09:32 | 任务进度轮询完成 
[SYS] 2025/11/04 - 18:09:47 | 任务进度轮询开始 
[SYS] 2025/11/04 - 18:09:47 | 任务进度轮询完成 
[SYS] 2025/11/04 - 18:10:02 | 正在更新数据看板数据... 
[SYS] 2025/11/04 - 18:10:02 | 保存数据看板数据成功，共保存0条数据 
[SYS] 2025/11/04 - 18:10:02 | syncing options from database 
[SYS] 2025/11/04 - 18:10:02 | 任务进度轮询开始 
[SYS] 2025/11/04 - 18:10:02 | 任务进度轮询完成 
[SYS] 2025/11/04 - 18:10:17 | 任务进度轮询开始 
[SYS] 2025/11/04 - 18:10:17 | 任务进度轮询完成 
[SYS] 2025/11/04 - 18:10:32 | 任务进度轮询开始 
[SYS] 2025/11/04 - 18:10:32 | 任务进度轮询完成 
[SYS] 2025/11/04 - 18:10:47 | 任务进度轮询开始 
[SYS] 2025/11/04 - 18:10:47 | 任务进度轮询完成 
[SYS] 2025/11/04 - 18:11:02 | syncing options from database 
[SYS] 2025/11/04 - 18:11:02 | 任务进度轮询开始 
[SYS] 2025/11/04 - 18:11:02 | 任务进度轮询完成 
[SYS] 2025/11/04 - 18:11:17 | 任务进度轮询开始 
[SYS] 2025/11/04 - 18:11:17 | 任务进度轮询完成 
[SYS] 2025/11/04 - 18:11:32 | 任务进度轮询开始 
[SYS] 2025/11/04 - 18:11:32 | 任务进度轮询完成 
[SYS] 2025/11/04 - 18:11:47 | 任务进度轮询开始 
[SYS] 2025/11/04 - 18:11:47 | 任务进度轮询完成 
[SYS] 2025/11/04 - 18:12:02 | syncing options from database 
[SYS] 2025/11/04 - 18:12:02 | 任务进度轮询开始 
[SYS] 2025/11/04 - 18:12:02 | 任务进度轮询完成 
[SYS] 2025/11/04 - 18:12:17 | 任务进度轮询开始 
[SYS] 2025/11/04 - 18:12:17 | 任务进度轮询完成 
[GIN] 2025/11/04 - 18:12:21 | 202511041812215628980005lO6j0ek | 200 |     684.625µs |             ::1 |     GET /console/channel
[GIN] 2025/11/04 - 18:12:21 | 20251104181221583353000d3xtFxfk | 200 |    4.375333ms |             ::1 |     GET /assets/tools-DfDywZp9.js
[GIN] 2025/11/04 - 18:12:21 | 202511041812215887350004RD4CmYI | 200 |     919.958µs |             ::1 |     GET /assets/react-components-BnylIsR_.js
[GIN] 2025/11/04 - 18:12:21 | 20251104181221591708000AdAduOxH | 200 |    2.274667ms |             ::1 |     GET /assets/i18n-bH1aaDdY.js
[GIN] 2025/11/04 - 18:12:21 | 20251104181221596813000xHu6lhRq | 200 |     262.459µs |             ::1 |     GET /.well-known/appspecific/com.chrome.devtools.json
[GIN] 2025/11/04 - 18:12:21 | 20251104181221586083000jvfgohQN | 200 |   12.968417ms |             ::1 |     GET /assets/react-core-D-iPSUlg.js
[GIN] 2025/11/04 - 18:12:21 | 20251104181221582155000UMs1mL6M | 200 |   21.996875ms |             ::1 |     GET /assets/semi-ui-yRXI6evF.css
[GIN] 2025/11/04 - 18:12:21 | 20251104181221582349000piUZsRoL | 200 |    22.81625ms |             ::1 |     GET /assets/index-C6TxzCs_.css
[GIN] 2025/11/04 - 18:12:21 | 20251104181221584135000hSC1BiRs | 200 |   64.460667ms |             ::1 |     GET /assets/semi-ui-C8lvzIot.js
[GIN] 2025/11/04 - 18:12:21 | 20251104181221582993000QnR40kAo | 200 |  134.527417ms |             ::1 |     GET /assets/index-sGynoyqR.js
[GIN] 2025/11/04 - 18:12:21 | 20251104181221872923000I8FMY55j | 200 |    3.309792ms |             ::1 |     GET /api/group/
[GIN] 2025/11/04 - 18:12:21 | 20251104181221876106000nRJ9dsm2 | 200 |      344.25µs |             ::1 |     GET /api/status
[GIN] 2025/11/04 - 18:12:21 | 20251104181221872665000IpZDvM2d | 200 |    3.903875ms |             ::1 |     GET /api/user/self
[GIN] 2025/11/04 - 18:12:21 | 20251104181221872700000LmI0r8s8 | 200 |    4.098584ms |             ::1 |     GET /api/channel/models
[GIN] 2025/11/04 - 18:12:21 | 20251104181221876133000UkpYjN18 | 200 |     732.375µs |             ::1 |     GET /api/models
[GIN] 2025/11/04 - 18:12:21 | 20251104181221876097000qyihMtE8 | 200 |      2.9445ms |             ::1 |     GET /api/channel/?p=1&page_size=10&id_sort=false&tag_mode=false
[GIN] 2025/11/04 - 18:12:21 | 20251104181221878943000Ojd7e5Ju | 200 |  104.481916ms |             ::1 |     GET /logo.png
[GIN] 2025/11/04 - 18:12:22 | 2025110418122268142000i9j6hvgZ | 200 |      930.25µs |             ::1 |     GET /api/user/self
[GIN] 2025/11/04 - 18:12:22 | 202511041812221329850004b3RrwgV | 200 |    6.946125ms |             ::1 |     GET /logo.png
[GIN] 2025/11/04 - 18:12:23 | 202511041812234691360005qjhxz9V | 200 |     208.917µs |             ::1 |     GET /api/group/
[GIN] 2025/11/04 - 18:12:23 | 20251104181223469186000DGTXn0fM | 200 |         906µs |             ::1 |     GET /api/channel/1
[GIN] 2025/11/04 - 18:12:23 | 20251104181223469761000wQYi9YFS | 200 |    1.227375ms |             ::1 |     GET /api/channel/models
[GIN] 2025/11/04 - 18:12:23 | 20251104181223499536000nYxnQDFu | 200 |         781µs |             ::1 |     GET /api/prefill_group/?type=model
[SYS] 2025/11/04 - 18:12:32 | 任务进度轮询开始 
[SYS] 2025/11/04 - 18:12:32 | 任务进度轮询完成 
[GIN] 2025/11/04 - 18:12:34 | 20251104181234229305000H49420MT | 200 |     387.708µs |             ::1 |     GET /console/channel
[GIN] 2025/11/04 - 18:12:34 | 202511041812342721190004QHgdDBE | 200 |    2.104792ms |             ::1 |     GET /assets/i18n-bH1aaDdY.js
[GIN] 2025/11/04 - 18:12:34 | 20251104181234272427000YF7wm9aH | 200 |    2.155042ms |             ::1 |     GET /assets/tools-DfDywZp9.js
[GIN] 2025/11/04 - 18:12:34 | 20251104181234275969000zWq7UtQn | 200 |     906.667µs |             ::1 |     GET /assets/react-components-BnylIsR_.js
[GIN] 2025/11/04 - 18:12:34 | 202511041812342718290004NcXOOld | 200 |     10.0335ms |             ::1 |     GET /assets/react-core-D-iPSUlg.js
[GIN] 2025/11/04 - 18:12:34 | 20251104181234271626000Jfs4zIUu | 200 |   13.357375ms |             ::1 |     GET /assets/semi-ui-yRXI6evF.css
[GIN] 2025/11/04 - 18:12:34 | 20251104181234271939000LDgCP8xt | 200 |    16.46975ms |             ::1 |     GET /assets/index-C6TxzCs_.css
[GIN] 2025/11/04 - 18:12:34 | 20251104181234272238000j20RM8ba | 200 |   54.015834ms |             ::1 |     GET /assets/semi-ui-C8lvzIot.js
[GIN] 2025/11/04 - 18:12:34 | 20251104181234275566000pMfZcbkh | 200 |    97.77925ms |             ::1 |     GET /assets/index-sGynoyqR.js
[GIN] 2025/11/04 - 18:12:34 | 20251104181234506475000ASs9Yfm2 | 200 |     316.667µs |             ::1 |     GET /api/group/
[GIN] 2025/11/04 - 18:12:34 | 20251104181234506338000uDl60bQq | 200 |    1.024334ms |             ::1 |     GET /api/user/self
[GIN] 2025/11/04 - 18:12:34 | 20251104181234506480000txVHDO28 | 200 |    1.212125ms |             ::1 |     GET /api/channel/models
[GIN] 2025/11/04 - 18:12:34 | 202511041812345075950002XlzyAHf | 200 |     404.542µs |             ::1 |     GET /api/status
[GIN] 2025/11/04 - 18:12:34 | 20251104181234507507000S00bCc6D | 200 |    1.241875ms |             ::1 |     GET /api/models
[GIN] 2025/11/04 - 18:12:34 | 20251104181234507187000sKQGmTTg | 200 |    2.090208ms |             ::1 |     GET /api/channel/?p=1&page_size=10&id_sort=false&tag_mode=false
[GIN] 2025/11/04 - 18:12:34 | 2025110418123452591400011VNea05 | 200 |     320.042µs |             ::1 |     GET /api/user/self
[GIN] 2025/11/04 - 18:12:34 | 20251104181234544236000nVUSS91Q | 200 |    4.832833ms |             ::1 |     GET /logo.png
[GIN] 2025/11/04 - 18:12:37 | 2025110418123715082000GnMs5EBs | 200 |    1.253416ms |             ::1 |     GET /api/option/
[GIN] 2025/11/04 - 18:12:39 | 20251104181239384595000jVNEwGg2 | 200 |    1.041292ms |             ::1 |     GET /api/option/
[GIN] 2025/11/04 - 18:12:39 | 20251104181239384593000H3Nxbibx | 200 |    3.692125ms |             ::1 |     GET /api/channel/models_enabled
[GIN] 2025/11/04 - 18:12:44 | 20251104181244480402000sldmmjN8 | 200 |     201.167µs |             ::1 |     GET /api/group/
[GIN] 2025/11/04 - 18:12:44 | 202511041812444804270007UIO522o | 200 |     428.209µs |             ::1 |     GET /api/models
[GIN] 2025/11/04 - 18:12:44 | 20251104181244480195000KJthvRW7 | 200 |     934.792µs |             ::1 |     GET /api/channel/models
[GIN] 2025/11/04 - 18:12:44 | 20251104181244480391000LOZxrOD9 | 200 |    1.634417ms |             ::1 |     GET /api/channel/?p=1&page_size=10&id_sort=false&tag_mode=false
[GIN] 2025/11/04 - 18:12:46 | 20251104181246375811000K0VHPxzi | 200 |     153.334µs |             ::1 |     GET /api/group/
[GIN] 2025/11/04 - 18:12:46 | 20251104181246375801000EOyD0smS | 200 |     636.333µs |             ::1 |     GET /api/channel/1
[GIN] 2025/11/04 - 18:12:46 | 20251104181246375749000IWiZxtEa | 200 |     991.125µs |             ::1 |     GET /api/channel/models
[GIN] 2025/11/04 - 18:12:46 | 20251104181246390016000rDmjZCJb | 200 |     539.417µs |             ::1 |     GET /api/prefill_group/?type=model
[SYS] 2025/11/04 - 18:12:47 | 任务进度轮询开始 
[SYS] 2025/11/04 - 18:12:47 | 任务进度轮询完成 
[GIN] 2025/11/04 - 18:12:49 | 20251104181249367026000zewIbLR0 | 200 |     539.625µs |             ::1 |     GET /api/channel/1
[GIN] 2025/11/04 - 18:12:49 | 20251104181249380431000tK84l2Zi | 200 |     383.208µs |             ::1 |     GET /api/prefill_group/?type=model
[SYS] 2025/11/04 - 18:13:02 | syncing options from database 
[SYS] 2025/11/04 - 18:13:02 | 任务进度轮询开始 
[SYS] 2025/11/04 - 18:13:02 | 任务进度轮询完成 
[GIN] 2025/11/04 - 18:13:12 | 20251104181312307119000V2ahitlt | 200 |     733.417µs |             ::1 |     GET /api/channel/1
[GIN] 2025/11/04 - 18:13:12 | 20251104181312322071000dXAzFWnh | 200 |     330.041µs |             ::1 |     GET /api/prefill_group/?type=model
[SYS] 2025/11/04 - 18:13:17 | 任务进度轮询开始 
[SYS] 2025/11/04 - 18:13:17 | 任务进度轮询完成 
[SYS] 2025/11/04 - 18:13:32 | 任务进度轮询开始 
[SYS] 2025/11/04 - 18:13:32 | 任务进度轮询完成 
[SYS] 2025/11/04 - 18:13:47 | 任务进度轮询开始 
[SYS] 2025/11/04 - 18:13:47 | 任务进度轮询完成 
[SYS] 2025/11/04 - 18:14:02 | syncing options from database 
[SYS] 2025/11/04 - 18:14:02 | 任务进度轮询开始 
[SYS] 2025/11/04 - 18:14:02 | 任务进度轮询完成 
[GIN] 2025/11/04 - 18:14:14 | 20251104181414652448000if1xmBpe | 200 |     438.709µs |             ::1 |     GET /console/channel
[GIN] 2025/11/04 - 18:14:14 | 20251104181414664728000iczifz3L | 200 |    8.910417ms |             ::1 |     GET /assets/tools-DfDywZp9.js
[GIN] 2025/11/04 - 18:14:14 | 202511041814146749030005FAB1vBy | 200 |    2.124083ms |             ::1 |     GET /assets/react-components-BnylIsR_.js
[GIN] 2025/11/04 - 18:14:14 | 20251104181414664466000fBgGqn6L | 200 |    14.89875ms |             ::1 |     GET /assets/react-core-D-iPSUlg.js
[GIN] 2025/11/04 - 18:14:14 | 20251104181414678059000eGYCSHnN | 200 |    2.381292ms |             ::1 |     GET /assets/i18n-bH1aaDdY.js
[GIN] 2025/11/04 - 18:14:14 | 20251104181414664529000wGaJeuXT | 200 |   19.239625ms |             ::1 |     GET /assets/semi-ui-yRXI6evF.css
[GIN] 2025/11/04 - 18:14:14 | 20251104181414669400000xhZfVnRD | 200 |   19.222041ms |             ::1 |     GET /assets/index-C6TxzCs_.css
[GIN] 2025/11/04 - 18:14:14 | 20251104181414664484000Xcut39t1 | 200 |   62.280583ms |             ::1 |     GET /assets/semi-ui-C8lvzIot.js
[GIN] 2025/11/04 - 18:14:14 | 20251104181414663856000MN1VQeXe | 200 |  111.485375ms |             ::1 |     GET /assets/index-sGynoyqR.js
[GIN] 2025/11/04 - 18:14:14 | 20251104181414878326000WZJeHBJT | 401 |       134.5µs |             ::1 |     GET /api/user/self
[GIN] 2025/11/04 - 18:14:14 | 20251104181414883240000UIDOXkHO | 200 |     328.542µs |             ::1 |     GET /api/status
[GIN] 2025/11/04 - 18:14:14 | 20251104181414883438000BF3ImqmW | 200 |     1.77675ms |             ::1 |     GET /logo.png
[GIN] 2025/11/04 - 18:14:14 | 20251104181414888969000UFkk0Weg | 200 |      87.459µs |             ::1 |     GET /login?expired=true
[GIN] 2025/11/04 - 18:14:14 | 20251104181414940260000RNPY1Awv | 200 |     292.416µs |             ::1 |     GET /api/status
[GIN] 2025/11/04 - 18:14:17 | 20251104181417955870005DYtJ9B3 | 200 |   66.142834ms |             ::1 |    POST /api/user/login?turnstile=
[GIN] 2025/11/04 - 18:14:17 | 20251104181417182399000zjg2JShB | 200 |     1.55275ms |             ::1 |     GET /assets/IllustrationConstruction-BfOYqVqj.js
[GIN] 2025/11/04 - 18:14:17 | 20251104181417183188000PyYH0jUB | 200 |     826.708µs |             ::1 |     GET /api/user/self
[GIN] 2025/11/04 - 18:14:17 | 202511041814171824270007IWenHKR | 200 |   43.370875ms |             ::1 |     GET /assets/index-BXdsv7pt.js
[GIN] 2025/11/04 - 18:14:17 | 20251104181417252851000I16NXUEz | 200 |     415.834µs |             ::1 |     GET /api/user/self
[GIN] 2025/11/04 - 18:14:17 | 20251104181417253377000GrxY8m0Z | 200 |       702.5µs |             ::1 |     GET /api/data/?username=&start_timestamp=1762164857&end_timestamp=1762254857&default_time=hour
[GIN] 2025/11/04 - 18:14:17 | 20251104181417285759000EwEBZ4cX | 200 |    1.211209ms |             ::1 |     GET /api/uptime/status
[SYS] 2025/11/04 - 18:14:17 | 任务进度轮询开始 
[SYS] 2025/11/04 - 18:14:17 | 任务进度轮询完成 
[GIN] 2025/11/04 - 18:14:19 | 202511041814195249560007ohW88OS | 200 |     110.042µs |             ::1 |     GET /api/group/
[GIN] 2025/11/04 - 18:14:19 | 20251104181419524900000LV9TJ2el | 200 |     815.041µs |             ::1 |     GET /api/channel/models
[GIN] 2025/11/04 - 18:14:19 | 20251104181419525709000DxbWmawP | 200 |     585.667µs |             ::1 |     GET /api/models
[GIN] 2025/11/04 - 18:14:19 | 20251104181419525449000wguPLo2B | 200 |     2.30325ms |             ::1 |     GET /api/channel/?p=1&page_size=10&id_sort=false&tag_mode=false
[GIN] 2025/11/04 - 18:14:20 | 202511041814206632460002OAUPyMa | 200 |     163.625µs |             ::1 |     GET /api/group/
[GIN] 2025/11/04 - 18:14:20 | 20251104181420663275000Who1monf | 200 |         543µs |             ::1 |     GET /api/channel/5
[GIN] 2025/11/04 - 18:14:20 | 20251104181420663218000hvAZAHr7 | 200 |     847.875µs |             ::1 |     GET /api/channel/models
[GIN] 2025/11/04 - 18:14:20 | 20251104181420688711000QFPnEd6r | 200 |     642.833µs |             ::1 |     GET /api/prefill_group/?type=model
[SYS] 2025/11/04 - 18:14:32 | 任务进度轮询开始 
[SYS] 2025/11/04 - 18:14:32 | 任务进度轮询完成 
[SYS] 2025/11/04 - 18:14:47 | 任务进度轮询开始 
[SYS] 2025/11/04 - 18:14:47 | 任务进度轮询完成 
[SYS] 2025/11/04 - 18:15:02 | 正在更新数据看板数据... 
[SYS] 2025/11/04 - 18:15:02 | 保存数据看板数据成功，共保存0条数据 
[SYS] 2025/11/04 - 18:15:02 | syncing options from database 
[SYS] 2025/11/04 - 18:15:02 | 任务进度轮询开始 
[SYS] 2025/11/04 - 18:15:02 | 任务进度轮询完成 
[SYS] 2025/11/04 - 18:15:17 | 任务进度轮询开始 
[SYS] 2025/11/04 - 18:15:17 | 任务进度轮询完成 
[SYS] 2025/11/04 - 18:15:32 | 任务进度轮询开始 
[SYS] 2025/11/04 - 18:15:32 | 任务进度轮询完成 
[SYS] 2025/11/04 - 18:15:47 | 任务进度轮询开始 
[SYS] 2025/11/04 - 18:15:47 | 任务进度轮询完成 
