[SYS] 2025/10/13 - 11:30:37 | initializing token encoders 
[SYS] 2025/10/13 - 11:30:37 | token encoders initialized 
[SYS] 2025/10/13 - 11:30:37 | SQL_DSN not set, using SQLite as database 
[SYS] 2025/10/13 - 11:30:37 | database migration started 
[SYS] 2025/10/13 - 11:30:38 | system is already initialized at: 2025-10-10 14:30:09 +0800 CST 
[SYS] 2025/10/13 - 11:30:38 | REDIS_CONN_STRING not set, Redis is not enabled 
[SYS] 2025/10/13 - 11:30:38 | New API v0.0.0 started 
[SYS] 2025/10/13 - 11:30:38 | running in debug mode 
[SYS] 2025/10/13 - 11:30:38 | memory cache enabled 
[SYS] 2025/10/13 - 11:30:38 | sync frequency: 60 seconds 
[SYS] 2025/10/13 - 11:30:38 | channels synced from database 
[SYS] 2025/10/13 - 11:30:38 | 正在更新数据看板数据... 
[SYS] 2025/10/13 - 11:30:38 | 保存数据看板数据成功，共保存0条数据 
[SYS] 2025/10/13 - 11:30:53 | 任务进度轮询开始 
[SYS] 2025/10/13 - 11:30:53 | 任务进度轮询完成 
[SYS] 2025/10/13 - 11:31:08 | 任务进度轮询开始 
[SYS] 2025/10/13 - 11:31:08 | 任务进度轮询完成 
[SYS] 2025/10/13 - 11:31:23 | 任务进度轮询开始 
[SYS] 2025/10/13 - 11:31:23 | 任务进度轮询完成 
[GIN] 2025/10/13 - 11:31:34 | 202510131131348116190006jjWhzfI | 200 |     785.375µs |             ::1 |     GET /api/status
[SYS] 2025/10/13 - 11:31:38 | syncing options from database 
[SYS] 2025/10/13 - 11:31:38 | syncing channels from database 
[SYS] 2025/10/13 - 11:31:38 | channels synced from database 
[SYS] 2025/10/13 - 11:31:38 | 任务进度轮询开始 
[SYS] 2025/10/13 - 11:31:38 | 任务进度轮询完成 
[SYS] 2025/10/13 - 11:31:53 | 任务进度轮询开始 
[SYS] 2025/10/13 - 11:31:53 | 任务进度轮询完成 
[SYS] 2025/10/13 - 11:32:08 | 任务进度轮询开始 
[SYS] 2025/10/13 - 11:32:08 | 任务进度轮询完成 
[SYS] 2025/10/13 - 11:32:23 | 任务进度轮询开始 
[SYS] 2025/10/13 - 11:32:23 | 任务进度轮询完成 
[GIN] 2025/10/13 - 11:32:28 | 20251013113228596591000EkGrP15n | 200 |   10.393834ms |             ::1 |     GET /console
[GIN] 2025/10/13 - 11:32:28 | 20251013113228700718000SPma34iU | 200 |    8.371292ms |             ::1 |     GET /.well-known/appspecific/com.chrome.devtools.json
[GIN] 2025/10/13 - 11:32:28 | 20251013113228707312000NRXb1RF7 | 200 |  243.544792ms |             ::1 |     GET /assets/index-uzFyjPUM.js
[GIN] 2025/10/13 - 11:32:29 | 20251013113229131928000ZSrDZHj9 | 200 |    1.616583ms |             ::1 |     GET /api/status
[GIN] 2025/10/13 - 11:32:29 | 20251013113229132956000YVlI5FRB | 200 |    7.646334ms |             ::1 |     GET /api/user/self
[GIN] 2025/10/13 - 11:32:29 | 20251013113229119502000jSRWnsuw | 200 |   97.176667ms |             ::1 |     GET /assets/index-qt1luV-6.js
[GIN] 2025/10/13 - 11:32:29 | 20251013113229401275000KGs6fcFL | 200 |    2.321875ms |             ::1 |     GET /api/user/self
[GIN] 2025/10/13 - 11:32:29 | 202510131132295138000008fyEdLSp | 200 |     848.667µs |             ::1 |     GET /api/user/self
[GIN] 2025/10/13 - 11:32:29 | 20251013113229513681000Sx9g0XM8 | 200 |    2.483625ms |             ::1 |     GET /api/data/?username=&start_timestamp=1760239949&end_timestamp=1760329949&default_time=hour
[GIN] 2025/10/13 - 11:32:29 | 20251013113229581869000WP8zHGta | 200 |     136.542µs |             ::1 |     GET /api/uptime/status
[GIN] 2025/10/13 - 11:32:29 | 20251013113229478779000ybvIttNR | 200 |  140.447083ms |             ::1 |     GET /logo.png
[SYS] 2025/10/13 - 11:32:38 | syncing options from database 
[SYS] 2025/10/13 - 11:32:38 | syncing channels from database 
[SYS] 2025/10/13 - 11:32:38 | channels synced from database 
[SYS] 2025/10/13 - 11:32:38 | 任务进度轮询开始 
[SYS] 2025/10/13 - 11:32:38 | 任务进度轮询完成 
[SYS] 2025/10/13 - 11:32:53 | 任务进度轮询开始 
[SYS] 2025/10/13 - 11:32:53 | 任务进度轮询完成 
[SYS] 2025/10/13 - 11:33:08 | 任务进度轮询开始 
[SYS] 2025/10/13 - 11:33:08 | 任务进度轮询完成 
[GIN] 2025/10/13 - 11:33:19 | 20251013113319532124000IMjAbM6Z | 200 |    4.352042ms |             ::1 |     GET /api/log/?p=1&page_size=10&type=0&username=&token_name=&model_name=&start_timestamp=1760284800&end_timestamp=1760329999&channel=&group=
[GIN] 2025/10/13 - 11:33:19 | 20251013113319594604000ex3bqM6J | 200 |    6.507125ms |             ::1 |     GET /api/log/stat?type=0&username=&token_name=&model_name=&start_timestamp=1760284800&end_timestamp=1760329999&channel=&group=
[SYS] 2025/10/13 - 11:33:23 | 任务进度轮询开始 
[SYS] 2025/10/13 - 11:33:23 | 任务进度轮询完成 
[SYS] 2025/10/13 - 11:33:38 | syncing options from database 
[SYS] 2025/10/13 - 11:33:38 | syncing channels from database 
[SYS] 2025/10/13 - 11:33:38 | channels synced from database 
[SYS] 2025/10/13 - 11:33:38 | 任务进度轮询开始 
[SYS] 2025/10/13 - 11:33:38 | 任务进度轮询完成 
[SYS] 2025/10/13 - 11:33:53 | 任务进度轮询开始 
[SYS] 2025/10/13 - 11:33:53 | 任务进度轮询完成 
[SYS] 2025/10/13 - 11:34:08 | 任务进度轮询开始 
[SYS] 2025/10/13 - 11:34:08 | 任务进度轮询完成 
[SYS] 2025/10/13 - 11:34:23 | 任务进度轮询开始 
[SYS] 2025/10/13 - 11:34:23 | 任务进度轮询完成 
[SYS] 2025/10/13 - 11:34:38 | syncing options from database 
[SYS] 2025/10/13 - 11:34:38 | syncing channels from database 
[SYS] 2025/10/13 - 11:34:38 | channels synced from database 
[SYS] 2025/10/13 - 11:34:38 | 任务进度轮询开始 
[SYS] 2025/10/13 - 11:34:38 | 任务进度轮询完成 
[SYS] 2025/10/13 - 11:34:53 | 任务进度轮询开始 
[SYS] 2025/10/13 - 11:34:53 | 任务进度轮询完成 
[SYS] 2025/10/13 - 11:35:08 | 任务进度轮询开始 
[SYS] 2025/10/13 - 11:35:08 | 任务进度轮询完成 
[SYS] 2025/10/13 - 11:35:23 | 任务进度轮询开始 
[SYS] 2025/10/13 - 11:35:23 | 任务进度轮询完成 
[SYS] 2025/10/13 - 11:35:38 | 正在更新数据看板数据... 
[SYS] 2025/10/13 - 11:35:38 | 保存数据看板数据成功，共保存0条数据 
[SYS] 2025/10/13 - 11:35:38 | syncing options from database 
[SYS] 2025/10/13 - 11:35:38 | syncing channels from database 
[SYS] 2025/10/13 - 11:35:38 | channels synced from database 
[SYS] 2025/10/13 - 11:35:38 | 任务进度轮询开始 
[SYS] 2025/10/13 - 11:35:38 | 任务进度轮询完成 
[SYS] 2025/10/13 - 11:35:53 | 任务进度轮询开始 
[SYS] 2025/10/13 - 11:35:53 | 任务进度轮询完成 
[SYS] 2025/10/13 - 11:36:08 | 任务进度轮询开始 
[SYS] 2025/10/13 - 11:36:08 | 任务进度轮询完成 
[SYS] 2025/10/13 - 11:36:23 | 任务进度轮询开始 
[SYS] 2025/10/13 - 11:36:23 | 任务进度轮询完成 
[SYS] 2025/10/13 - 11:36:38 | syncing options from database 
[SYS] 2025/10/13 - 11:36:38 | syncing channels from database 
[SYS] 2025/10/13 - 11:36:38 | channels synced from database 
[SYS] 2025/10/13 - 11:36:38 | 任务进度轮询开始 
[SYS] 2025/10/13 - 11:36:38 | 任务进度轮询完成 
[SYS] 2025/10/13 - 11:36:53 | 任务进度轮询开始 
[SYS] 2025/10/13 - 11:36:53 | 任务进度轮询完成 
[SYS] 2025/10/13 - 11:37:08 | 任务进度轮询开始 
[SYS] 2025/10/13 - 11:37:08 | 任务进度轮询完成 
[SYS] 2025/10/13 - 11:37:23 | 任务进度轮询开始 
[SYS] 2025/10/13 - 11:37:23 | 任务进度轮询完成 
[SYS] 2025/10/13 - 11:37:38 | syncing options from database 
[SYS] 2025/10/13 - 11:37:38 | syncing channels from database 
[SYS] 2025/10/13 - 11:37:38 | channels synced from database 
[SYS] 2025/10/13 - 11:37:38 | 任务进度轮询开始 
[SYS] 2025/10/13 - 11:37:38 | 任务进度轮询完成 
[SYS] 2025/10/13 - 11:37:53 | 任务进度轮询开始 
[SYS] 2025/10/13 - 11:37:53 | 任务进度轮询完成 
[SYS] 2025/10/13 - 11:38:08 | 任务进度轮询开始 
[SYS] 2025/10/13 - 11:38:08 | 任务进度轮询完成 
[SYS] 2025/10/13 - 11:38:23 | 任务进度轮询开始 
[SYS] 2025/10/13 - 11:38:23 | 任务进度轮询完成 
