[SYS] 2025/09/28 - 15:07:57 | initializing token encoders 
[SYS] 2025/09/28 - 15:07:57 | token encoders initialized 
[SYS] 2025/09/28 - 15:07:57 | SQL_DSN not set, using SQLite as database 
[SYS] 2025/09/28 - 15:07:57 | database migration started 
[SYS] 2025/09/28 - 15:07:57 | system is already initialized at: 2025-09-23 14:26:35 +0800 CST 
[SYS] 2025/09/28 - 15:07:57 | REDIS_CONN_STRING not set, Redis is not enabled 
[SYS] 2025/09/28 - 15:07:57 | New API v0.0.0 started 
[SYS] 2025/09/28 - 15:07:57 | memory cache enabled 
[SYS] 2025/09/28 - 15:07:57 | sync frequency: 60 seconds 
[SYS] 2025/09/28 - 15:07:57 | channels synced from database 
[SYS] 2025/09/28 - 15:07:57 | 正在更新数据看板数据... 
[SYS] 2025/09/28 - 15:07:57 | 保存数据看板数据成功，共保存0条数据 
[SYS] 2025/09/28 - 15:08:12 | 任务进度轮询开始 
[SYS] 2025/09/28 - 15:08:12 | 任务进度轮询完成 
[SYS] 2025/09/28 - 15:08:27 | 任务进度轮询开始 
[SYS] 2025/09/28 - 15:08:27 | 任务进度轮询完成 
[SYS] 2025/09/28 - 15:08:42 | 任务进度轮询开始 
[SYS] 2025/09/28 - 15:08:42 | 任务进度轮询完成 
[SYS] 2025/09/28 - 15:08:57 | syncing options from database 
[SYS] 2025/09/28 - 15:08:57 | syncing channels from database 
[SYS] 2025/09/28 - 15:08:57 | channels synced from database 
[SYS] 2025/09/28 - 15:08:57 | 任务进度轮询开始 
[SYS] 2025/09/28 - 15:08:57 | 任务进度轮询完成 
[SYS] 2025/09/28 - 15:09:12 | 任务进度轮询开始 
[SYS] 2025/09/28 - 15:09:12 | 任务进度轮询完成 
[SYS] 2025/09/28 - 15:09:27 | 任务进度轮询开始 
[SYS] 2025/09/28 - 15:09:27 | 任务进度轮询完成 
[INFO] 2025/09/28 - 15:09:31 | 20250928150931396380000fiex3oqO | 用户 1 额度充足且为无限额度令牌, 信任且不需要预扣费 
[ERR] 2025/09/28 - 15:09:31 | 20250928150931396380000fiex3oqO | relay error (channel #6, status code: 500): The requested API endpoint POST /v1/workflows/7520444303086125096/run_histories does not exist. Please verify the URL and try again. All available API paths are listed in the documentation: https://www.coze.cn/docs/developer_guides/api_overview 
[GIN] 2025/09/28 - 15:09:31 | 20250928150931396380000fiex3oqO | 500 |  252.946916ms |             ::1 |    POST /v1/chat/completions
[SYS] 2025/09/28 - 15:09:42 | 任务进度轮询开始 
[SYS] 2025/09/28 - 15:09:42 | 任务进度轮询完成 
[SYS] 2025/09/28 - 15:09:57 | syncing options from database 
[SYS] 2025/09/28 - 15:09:57 | syncing channels from database 
[SYS] 2025/09/28 - 15:09:57 | channels synced from database 
[SYS] 2025/09/28 - 15:09:57 | 任务进度轮询开始 
[SYS] 2025/09/28 - 15:09:57 | 任务进度轮询完成 
[SYS] 2025/09/28 - 15:10:12 | 任务进度轮询开始 
[SYS] 2025/09/28 - 15:10:12 | 任务进度轮询完成 
[SYS] 2025/09/28 - 15:10:27 | 任务进度轮询开始 
[SYS] 2025/09/28 - 15:10:27 | 任务进度轮询完成 
[SYS] 2025/09/28 - 15:10:42 | 任务进度轮询开始 
[SYS] 2025/09/28 - 15:10:42 | 任务进度轮询完成 
[INFO] 2025/09/28 - 15:10:43 | 20250928151043900685000L4ByMBa5 | 用户 1 额度充足且为无限额度令牌, 信任且不需要预扣费 
[ERR] 2025/09/28 - 15:10:44 | 20250928151043900685000L4ByMBa5 | relay error (channel #6, status code: 500): The requested API endpoint POST /v1/workflows/7520444303086125096/run_histories does not exist. Please verify the URL and try again. All available API paths are listed in the documentation: https://www.coze.cn/docs/developer_guides/api_overview 
[GIN] 2025/09/28 - 15:10:44 | 20250928151043900685000L4ByMBa5 | 500 |  206.412417ms |             ::1 |    POST /v1/chat/completions
[SYS] 2025/09/28 - 15:10:57 | syncing options from database 
[SYS] 2025/09/28 - 15:10:57 | syncing channels from database 
[SYS] 2025/09/28 - 15:10:57 | channels synced from database 
[SYS] 2025/09/28 - 15:10:57 | 任务进度轮询开始 
[SYS] 2025/09/28 - 15:10:57 | 任务进度轮询完成 
[SYS] 2025/09/28 - 15:11:12 | 任务进度轮询开始 
[SYS] 2025/09/28 - 15:11:12 | 任务进度轮询完成 
