[SYS] 2025/09/29 - 11:20:41 | initializing token encoders 
[SYS] 2025/09/29 - 11:20:41 | token encoders initialized 
[SYS] 2025/09/29 - 11:20:41 | SQL_DSN not set, using SQLite as database 
[SYS] 2025/09/29 - 11:20:41 | database migration started 
[SYS] 2025/09/29 - 11:20:41 | system is already initialized at: 2025-09-23 14:26:35 +0800 CST 
[SYS] 2025/09/29 - 11:20:41 | REDIS_CONN_STRING not set, Redis is not enabled 
[SYS] 2025/09/29 - 11:20:41 | New API v0.0.0 started 
[SYS] 2025/09/29 - 11:20:41 | 正在更新数据看板数据... 
[SYS] 2025/09/29 - 11:20:41 | 保存数据看板数据成功，共保存0条数据 
[SYS] 2025/09/29 - 11:20:56 | 任务进度轮询开始 
[SYS] 2025/09/29 - 11:20:56 | 任务进度轮询完成 
[GIN] 2025/09/29 - 11:21:03 | 2025092911210319065000NssZITss | 200 |      86.125µs |             ::1 |     GET /api/status
[SYS] 2025/09/29 - 11:21:11 | 任务进度轮询开始 
[SYS] 2025/09/29 - 11:21:11 | 任务进度轮询完成 
[SYS] 2025/09/29 - 11:21:26 | 任务进度轮询开始 
[SYS] 2025/09/29 - 11:21:26 | 任务进度轮询完成 
[SYS] 2025/09/29 - 11:21:41 | syncing options from database 
[SYS] 2025/09/29 - 11:21:41 | 任务进度轮询开始 
[SYS] 2025/09/29 - 11:21:41 | 任务进度轮询完成 
[ERR] 2025/09/29 - 11:21:43 | 202509291121433941460004CmSn2Lz | user 0 | 无效的令牌 
[GIN] 2025/09/29 - 11:21:43 | 202509291121433941460004CmSn2Lz | 401 |     516.708µs |             ::1 |    POST /v1/chat/completions
[SYS] 2025/09/29 - 11:21:56 | 任务进度轮询开始 
[SYS] 2025/09/29 - 11:21:56 | 任务进度轮询完成 
[SYS] 2025/09/29 - 11:22:11 | 任务进度轮询开始 
[SYS] 2025/09/29 - 11:22:11 | 任务进度轮询完成 
[ERR] 2025/09/29 - 11:22:20 | 202509291122207190630008dyiAGHr | user 1 | 分组 default 下模型 coze-workflow 无可用渠道（distributor） 
[GIN] 2025/09/29 - 11:22:20 | 202509291122207190630008dyiAGHr | 503 |         796µs |             ::1 |    POST /v1/chat/completions
[SYS] 2025/09/29 - 11:22:26 | 任务进度轮询开始 
[SYS] 2025/09/29 - 11:22:26 | 任务进度轮询完成 
[SYS] 2025/09/29 - 11:22:41 | syncing options from database 
[SYS] 2025/09/29 - 11:22:41 | 任务进度轮询开始 
[SYS] 2025/09/29 - 11:22:41 | 任务进度轮询完成 
[GIN] 2025/09/29 - 11:22:53 | 202509291122536107120000hgyliGF | 404 |     377.292µs |             ::1 |    POST /api/channel/sync
[SYS] 2025/09/29 - 11:22:56 | 任务进度轮询开始 
[SYS] 2025/09/29 - 11:22:56 | 任务进度轮询完成 
[SYS] 2025/09/29 - 11:23:11 | 任务进度轮询开始 
[SYS] 2025/09/29 - 11:23:11 | 任务进度轮询完成 
