[SYS] 2025/10/10 - 10:02:25 | initializing token encoders 
[SYS] 2025/10/10 - 10:02:25 | token encoders initialized 
[SYS] 2025/10/10 - 10:02:25 | SQL_DSN not set, using SQLite as database 
[SYS] 2025/10/10 - 10:02:25 | database migration started 
[SYS] 2025/10/10 - 10:02:25 | system is not initialized and no root user exists 
[SYS] 2025/10/10 - 10:02:25 | REDIS_CONN_STRING not set, Redis is not enabled 
[SYS] 2025/10/10 - 10:02:25 | New API v0.0.0 started 
[SYS] 2025/10/10 - 10:02:25 | 正在更新数据看板数据... 
[SYS] 2025/10/10 - 10:02:25 | 保存数据看板数据成功，共保存0条数据 
[SYS] 2025/10/10 - 10:02:40 | 任务进度轮询开始 
[SYS] 2025/10/10 - 10:02:40 | 任务进度轮询完成 
[SYS] 2025/10/10 - 10:02:55 | 任务进度轮询开始 
[SYS] 2025/10/10 - 10:02:55 | 任务进度轮询完成 
[SYS] 2025/10/10 - 10:03:10 | 任务进度轮询开始 
[SYS] 2025/10/10 - 10:03:10 | 任务进度轮询完成 
[SYS] 2025/10/10 - 10:03:25 | syncing options from database 
[SYS] 2025/10/10 - 10:03:25 | 任务进度轮询开始 
[SYS] 2025/10/10 - 10:03:25 | 任务进度轮询完成 
[SYS] 2025/10/10 - 10:03:40 | 任务进度轮询开始 
[SYS] 2025/10/10 - 10:03:40 | 任务进度轮询完成 
[ERR] 2025/10/10 - 10:03:52 | 20251010100352675470000nY41mnjn | user 1 | 分组 default 下模型 suno_music 无可用渠道（distributor） 
[GIN] 2025/10/10 - 10:03:52 | 20251010100352675470000nY41mnjn | 503 |    1.673042ms |             ::1 |    POST /generate
[ERR] 2025/10/10 - 10:03:52 | 20251010100352749805000Rbnid61G | user 1 | 分组 default 下模型 suno_music 无可用渠道（distributor） 
[GIN] 2025/10/10 - 10:03:52 | 20251010100352749805000Rbnid61G | 503 |     302.625µs |             ::1 |    POST /generate/description-mode
[ERR] 2025/10/10 - 10:03:52 | 20251010100352787809000XUr4leO7 | user 0 | 未提供令牌 
[GIN] 2025/10/10 - 10:03:52 | 20251010100352787809000XUr4leO7 | 401 |      44.417µs |             ::1 |    POST /generate
[SYS] 2025/10/10 - 10:03:55 | 任务进度轮询开始 
[SYS] 2025/10/10 - 10:03:55 | 任务进度轮询完成 
[SYS] 2025/10/10 - 10:04:10 | 任务进度轮询开始 
[SYS] 2025/10/10 - 10:04:10 | 任务进度轮询完成 
[SYS] 2025/10/10 - 10:04:25 | syncing options from database 
[SYS] 2025/10/10 - 10:04:25 | 任务进度轮询开始 
[SYS] 2025/10/10 - 10:04:25 | 任务进度轮询完成 
[SYS] 2025/10/10 - 10:04:40 | 任务进度轮询开始 
[SYS] 2025/10/10 - 10:04:40 | 任务进度轮询完成 
[SYS] 2025/10/10 - 10:04:55 | 任务进度轮询开始 
[SYS] 2025/10/10 - 10:04:55 | 任务进度轮询完成 
[SYS] 2025/10/10 - 10:05:10 | 任务进度轮询开始 
[SYS] 2025/10/10 - 10:05:10 | 任务进度轮询完成 
[SYS] 2025/10/10 - 10:05:25 | syncing options from database 
[SYS] 2025/10/10 - 10:05:25 | 任务进度轮询开始 
[SYS] 2025/10/10 - 10:05:25 | 任务进度轮询完成 
