[SYS] 2025/10/16 - 11:45:30 | initializing token encoders 
[SYS] 2025/10/16 - 11:45:30 | token encoders initialized 
[SYS] 2025/10/16 - 11:45:30 | SQL_DSN not set, using SQLite as database 
[SYS] 2025/10/16 - 11:45:30 | database migration started 
[SYS] 2025/10/16 - 11:45:30 | system is already initialized at: 2025-10-10 14:30:09 +0800 CST 
[SYS] 2025/10/16 - 11:45:30 | REDIS_CONN_STRING not set, Redis is not enabled 
[SYS] 2025/10/16 - 11:45:30 | New API v0.0.0 started 
[SYS] 2025/10/16 - 11:45:30 | running in debug mode 
[SYS] 2025/10/16 - 11:45:30 | memory cache enabled 
[SYS] 2025/10/16 - 11:45:30 | sync frequency: 60 seconds 
[SYS] 2025/10/16 - 11:45:30 | channels synced from database 
[SYS] 2025/10/16 - 11:45:30 | 正在更新数据看板数据... 
[SYS] 2025/10/16 - 11:45:30 | 保存数据看板数据成功，共保存0条数据 
[GIN] 2025/10/16 - 11:45:34 | 20251016114534728055000KQaqeqja | 200 |     110.625µs |             ::1 |     GET /api/status
[SYS] 2025/10/16 - 11:45:45 | 任务进度轮询开始 
[SYS] 2025/10/16 - 11:45:45 | 任务进度轮询完成 
[SYS] 2025/10/16 - 11:46:00 | 任务进度轮询开始 
[SYS] 2025/10/16 - 11:46:00 | 任务进度轮询完成 
[ERR] 2025/10/16 - 11:46:03 | 20251016114603717308000n3yYectO | user 1 | 分组 default 下模型 coze-workflow 无可用渠道（distributor） 
[GIN] 2025/10/16 - 11:46:03 | 20251016114603717308000n3yYectO | 503 |     337.167µs |             ::1 |    POST /v1/chat/completions
[SYS] 2025/10/16 - 11:46:15 | 任务进度轮询开始 
[SYS] 2025/10/16 - 11:46:15 | 任务进度轮询完成 
[SYS] 2025/10/16 - 11:46:30 | syncing options from database 
[SYS] 2025/10/16 - 11:46:30 | syncing channels from database 
[SYS] 2025/10/16 - 11:46:30 | 任务进度轮询开始 
[SYS] 2025/10/16 - 11:46:30 | 任务进度轮询完成 
[SYS] 2025/10/16 - 11:46:30 | channels synced from database 
[SYS] 2025/10/16 - 11:46:45 | 任务进度轮询开始 
[SYS] 2025/10/16 - 11:46:45 | 任务进度轮询完成 
[SYS] 2025/10/16 - 11:47:00 | 任务进度轮询开始 
[SYS] 2025/10/16 - 11:47:00 | 任务进度轮询完成 
[SYS] 2025/10/16 - 11:47:15 | 任务进度轮询开始 
[SYS] 2025/10/16 - 11:47:15 | 任务进度轮询完成 
[SYS] 2025/10/16 - 11:47:30 | syncing options from database 
[SYS] 2025/10/16 - 11:47:30 | syncing channels from database 
[SYS] 2025/10/16 - 11:47:30 | 任务进度轮询开始 
[SYS] 2025/10/16 - 11:47:30 | 任务进度轮询完成 
[SYS] 2025/10/16 - 11:47:30 | channels synced from database 
[SYS] 2025/10/16 - 11:47:45 | 任务进度轮询开始 
[SYS] 2025/10/16 - 11:47:45 | 任务进度轮询完成 
[SYS] 2025/10/16 - 11:48:00 | 任务进度轮询开始 
[SYS] 2025/10/16 - 11:48:00 | 任务进度轮询完成 
[ERR] 2025/10/16 - 11:48:12 | 20251016114812845235000tAv6OKCv | user 1 | 分组 default 下模型 coze-workflow 无可用渠道（distributor） 
[GIN] 2025/10/16 - 11:48:12 | 20251016114812845235000tAv6OKCv | 503 |     398.208µs |             ::1 |    POST /v1/chat/completions
[SYS] 2025/10/16 - 11:48:15 | 任务进度轮询开始 
[SYS] 2025/10/16 - 11:48:15 | 任务进度轮询完成 
