[SYS] 2025/10/11 - 09:45:15 | initializing token encoders 
[SYS] 2025/10/11 - 09:45:15 | token encoders initialized 
[SYS] 2025/10/11 - 09:45:15 | SQL_DSN not set, using SQLite as database 
[SYS] 2025/10/11 - 09:45:15 | database migration started 
[SYS] 2025/10/11 - 09:45:15 | system is already initialized at: 2025-10-10 14:30:09 +0800 CST 
[SYS] 2025/10/11 - 09:45:15 | REDIS_CONN_STRING not set, Redis is not enabled 
[SYS] 2025/10/11 - 09:45:15 | New API v0.0.0 started 
[SYS] 2025/10/11 - 09:45:15 | running in debug mode 
[SYS] 2025/10/11 - 09:45:15 | memory cache enabled 
[SYS] 2025/10/11 - 09:45:15 | sync frequency: 60 seconds 
[SYS] 2025/10/11 - 09:45:15 | channels synced from database 
[SYS] 2025/10/11 - 09:45:15 | 正在更新数据看板数据... 
[SYS] 2025/10/11 - 09:45:15 | 保存数据看板数据成功，共保存0条数据 
[SYS] 2025/10/11 - 09:45:30 | 任务进度轮询开始 
[SYS] 2025/10/11 - 09:45:30 | 任务进度轮询完成 
[SYS] 2025/10/11 - 09:45:45 | 任务进度轮询开始 
[SYS] 2025/10/11 - 09:45:45 | 任务进度轮询完成 
[SYS] 2025/10/11 - 09:46:00 | 任务进度轮询开始 
[SYS] 2025/10/11 - 09:46:00 | 任务进度轮询完成 
[SYS] 2025/10/11 - 09:46:15 | syncing options from database 
[SYS] 2025/10/11 - 09:46:15 | syncing channels from database 
[SYS] 2025/10/11 - 09:46:15 | channels synced from database 
[SYS] 2025/10/11 - 09:46:15 | 任务进度轮询开始 
[SYS] 2025/10/11 - 09:46:15 | 任务进度轮询完成 
[SYS] 2025/10/11 - 09:46:30 | 任务进度轮询开始 
[SYS] 2025/10/11 - 09:46:30 | 任务进度轮询完成 
[SYS] 2025/10/11 - 09:46:45 | 任务进度轮询开始 
[SYS] 2025/10/11 - 09:46:45 | 任务进度轮询完成 
[GIN] 2025/10/11 - 09:46:56 | 20251011094656382911000RbK58seX | 200 |      53.125µs |             ::1 |     GET /api/status
[SYS] 2025/10/11 - 09:47:00 | 任务进度轮询开始 
[SYS] 2025/10/11 - 09:47:00 | 任务进度轮询完成 
[SYS] 2025/10/11 - 09:47:15 | syncing options from database 
[SYS] 2025/10/11 - 09:47:15 | syncing channels from database 
[SYS] 2025/10/11 - 09:47:15 | channels synced from database 
[SYS] 2025/10/11 - 09:47:15 | 任务进度轮询开始 
[SYS] 2025/10/11 - 09:47:15 | 任务进度轮询完成 
[SYS] 2025/10/11 - 09:47:30 | 任务进度轮询开始 
[SYS] 2025/10/11 - 09:47:30 | 任务进度轮询完成 
[GIN] 2025/10/11 - 09:47:34 | 202510110947341777820002uW1i83d | 200 |      199.25µs |             ::1 |     GET /console/channel
[GIN] 2025/10/11 - 09:47:34 | 20251011094734478014000sHP46FDJ | 200 |     330.875µs |             ::1 |     GET /api/status
[GIN] 2025/10/11 - 09:47:34 | 20251011094734477977000cL8muEeO | 200 |       677.5µs |             ::1 |     GET /api/group/
[GIN] 2025/10/11 - 09:47:34 | 202510110947344779920009DY2QWld | 200 |    1.242291ms |             ::1 |     GET /api/models
[GIN] 2025/10/11 - 09:47:34 | 20251011094734477715000UYY4qvD8 | 200 |    1.841875ms |             ::1 |     GET /api/channel/models
[GIN] 2025/10/11 - 09:47:34 | 20251011094734477569000NC7OwdfZ | 200 |    3.087292ms |             ::1 |     GET /api/user/self
[GIN] 2025/10/11 - 09:47:34 | 20251011094734477997000en24AtMb | 200 |    3.032833ms |             ::1 |     GET /api/channel/?p=1&page_size=10&id_sort=false&tag_mode=false
[GIN] 2025/10/11 - 09:47:36 | 20251011094736861430000ll3f50n0 | 200 |     220.875µs |             ::1 |     GET /api/group/
[GIN] 2025/10/11 - 09:47:36 | 20251011094736861476000guGTk8El | 200 |     552.375µs |             ::1 |     GET /api/channel/1
[GIN] 2025/10/11 - 09:47:36 | 20251011094736861327000k5xlXh0K | 200 |     776.416µs |             ::1 |     GET /api/channel/models
[GIN] 2025/10/11 - 09:47:36 | 20251011094736878806000fKn26pmE | 200 |     382.458µs |             ::1 |     GET /api/prefill_group/?type=model
[SYS] 2025/10/11 - 09:47:45 | 任务进度轮询开始 
[SYS] 2025/10/11 - 09:47:45 | 任务进度轮询完成 
[SYS] 2025/10/11 - 09:48:00 | 任务进度轮询开始 
[SYS] 2025/10/11 - 09:48:00 | 任务进度轮询完成 
[GIN] 2025/10/11 - 09:48:13 | 20251011094813746837000jHMbk41C | 200 |     296.166µs |             ::1 |     GET /console/channel
[GIN] 2025/10/11 - 09:48:13 | 20251011094813775381000ohH3vLUB | 200 |    6.445583ms |             ::1 |     GET /assets/tools-DfDywZp9.js
[GIN] 2025/10/11 - 09:48:13 | 20251011094813782928000unR2lv5Q | 200 |    1.658792ms |             ::1 |     GET /assets/react-components-BnylIsR_.js
[GIN] 2025/10/11 - 09:48:13 | 20251011094813775191000bIRqWyNi | 200 |   13.263959ms |             ::1 |     GET /assets/react-core-D-iPSUlg.js
[GIN] 2025/10/11 - 09:48:13 | 20251011094813788333000i9QfEDr8 | 200 |    4.329167ms |             ::1 |     GET /assets/i18n-bH1aaDdY.js
[GIN] 2025/10/11 - 09:48:13 | 20251011094813774924000NpPCOTld | 200 |   22.351208ms |             ::1 |     GET /assets/semi-ui-yRXI6evF.css
[GIN] 2025/10/11 - 09:48:13 | 20251011094813775134000P5WedpcD | 200 |   26.765875ms |             ::1 |     GET /assets/index-C6TxzCs_.css
[GIN] 2025/10/11 - 09:48:13 | 20251011094813775331000TTBbzMPs | 200 |   70.785875ms |             ::1 |     GET /assets/semi-ui-C8lvzIot.js
[GIN] 2025/10/11 - 09:48:13 | 20251011094813775145000f6rLAcQ0 | 200 |  127.174417ms |             ::1 |     GET /assets/index-CxXPNU0-.js
[GIN] 2025/10/11 - 09:48:13 | 20251011094813952497000IFYPTtFs | 200 |     968.458µs |             ::1 |     GET /api/group/
[GIN] 2025/10/11 - 09:48:13 | 20251011094813953647000S6y314j8 | 200 |     150.667µs |             ::1 |     GET /api/status
[GIN] 2025/10/11 - 09:48:13 | 20251011094813952463000sOvuAiJo | 200 |    1.487959ms |             ::1 |     GET /api/channel/models
[GIN] 2025/10/11 - 09:48:13 | 20251011094813952446000bcsvT8F6 | 200 |    1.585334ms |             ::1 |     GET /api/models
[GIN] 2025/10/11 - 09:48:13 | 20251011094813952440000hUBQrMMN | 200 |    1.708917ms |             ::1 |     GET /api/user/self
[GIN] 2025/10/11 - 09:48:13 | 20251011094813952686000WG3aDC03 | 200 |     1.94675ms |             ::1 |     GET /api/channel/?p=1&page_size=10&id_sort=false&tag_mode=false
[GIN] 2025/10/11 - 09:48:13 | 20251011094813961437000AznaCb7r | 200 |   25.878375ms |             ::1 |     GET /logo.png
[GIN] 2025/10/11 - 09:48:14 | 2025101109481431990004NWKuCzv | 200 |     331.708µs |             ::1 |     GET /api/user/self
[GIN] 2025/10/11 - 09:48:14 | 2025101109481419711000hN2HX5o8 | 200 |    6.149334ms |             ::1 |     GET /logo.png
[SYS] 2025/10/11 - 09:48:15 | syncing options from database 
[SYS] 2025/10/11 - 09:48:15 | syncing channels from database 
[SYS] 2025/10/11 - 09:48:15 | channels synced from database 
[SYS] 2025/10/11 - 09:48:15 | 任务进度轮询开始 
[SYS] 2025/10/11 - 09:48:15 | 任务进度轮询完成 
[GIN] 2025/10/11 - 09:48:16 | 20251011094816497744000mWoKQp5T | 200 |     235.458µs |             ::1 |     GET /api/group/
[GIN] 2025/10/11 - 09:48:16 | 20251011094816497818000gWkqrmNr | 200 |     619.042µs |             ::1 |     GET /api/channel/1
[GIN] 2025/10/11 - 09:48:16 | 202510110948164976840004e2LRjLM | 200 |     978.583µs |             ::1 |     GET /api/channel/models
[GIN] 2025/10/11 - 09:48:16 | 20251011094816513468000afHWIqqo | 200 |     347.334µs |             ::1 |     GET /api/prefill_group/?type=model
[GIN] 2025/10/11 - 09:48:20 | 2025101109482073057000Q5b2Uhnh | 200 |     114.167µs |             ::1 |     GET /api/group/
[GIN] 2025/10/11 - 09:48:20 | 2025101109482073007000MTSyCxie | 200 |     678.791µs |             ::1 |     GET /api/channel/models
[GIN] 2025/10/11 - 09:48:20 | 2025101109482089241000KJefJwar | 200 |     344.334µs |             ::1 |     GET /api/prefill_group/?type=model
[SYS] 2025/10/11 - 09:48:30 | 任务进度轮询开始 
[SYS] 2025/10/11 - 09:48:30 | 任务进度轮询完成 
[SYS] 2025/10/11 - 09:48:45 | 任务进度轮询开始 
[SYS] 2025/10/11 - 09:48:45 | 任务进度轮询完成 
[SYS] 2025/10/11 - 09:49:00 | 任务进度轮询开始 
[SYS] 2025/10/11 - 09:49:00 | 任务进度轮询完成 
[SYS] 2025/10/11 - 09:49:15 | syncing options from database 
[SYS] 2025/10/11 - 09:49:15 | syncing channels from database 
[SYS] 2025/10/11 - 09:49:15 | channels synced from database 
[SYS] 2025/10/11 - 09:49:15 | 任务进度轮询开始 
[SYS] 2025/10/11 - 09:49:15 | 任务进度轮询完成 
[GIN] 2025/10/11 - 09:49:30 | 20251011094930577981000ZbKL1EHa | 200 |     115.125µs |             ::1 |     GET /api/group/
[GIN] 2025/10/11 - 09:49:30 | 20251011094930577803000bKs78NIN | 200 |     784.417µs |             ::1 |     GET /api/channel/1
[GIN] 2025/10/11 - 09:49:30 | 20251011094930577656000kD54Oj13 | 200 |    1.214209ms |             ::1 |     GET /api/channel/models
[GIN] 2025/10/11 - 09:49:30 | 20251011094930591448000WXy4taUI | 200 |    1.806916ms |             ::1 |     GET /api/prefill_group/?type=model
[SYS] 2025/10/11 - 09:49:30 | 任务进度轮询开始 
[SYS] 2025/10/11 - 09:49:30 | 任务进度轮询完成 
[GIN] 2025/10/11 - 09:49:37 | 20251011094937808234000K17ZjICd | 200 |     229.209µs |             ::1 |     GET /console/channel
[GIN] 2025/10/11 - 09:49:37 | 20251011094937977556000trpTZ1An | 200 |         443µs |             ::1 |     GET /api/group/
[GIN] 2025/10/11 - 09:49:37 | 202510110949379781560005i4olQB7 | 200 |     178.292µs |             ::1 |     GET /api/status
[GIN] 2025/10/11 - 09:49:37 | 20251011094937977461000Vei5kvoM | 200 |     895.125µs |             ::1 |     GET /api/user/self
[GIN] 2025/10/11 - 09:49:37 | 20251011094937978160000kI9mHEKy | 200 |     523.916µs |             ::1 |     GET /api/models
[GIN] 2025/10/11 - 09:49:37 | 20251011094937977562000l9Hlm2AX | 200 |    1.155958ms |             ::1 |     GET /api/channel/models
[GIN] 2025/10/11 - 09:49:37 | 20251011094937977690000luUEeCGK | 200 |    1.311375ms |             ::1 |     GET /api/channel/?p=1&page_size=10&id_sort=false&tag_mode=false
[GIN] 2025/10/11 - 09:49:38 | 2025101109493859532000eZGlOyyw | 200 |      523.25µs |             ::1 |     GET /api/user/self
[GIN] 2025/10/11 - 09:49:41 | 2025101109494130400003H6jMjXA | 200 |       175.5µs |             ::1 |     GET /api/group/
[GIN] 2025/10/11 - 09:49:41 | 202510110949413131000HevPC1C1 | 200 |     656.792µs |             ::1 |     GET /api/channel/1
[GIN] 2025/10/11 - 09:49:41 | 202510110949412973000h73eMzYp | 200 |      971.25µs |             ::1 |     GET /api/channel/models
[GIN] 2025/10/11 - 09:49:41 | 2025101109494118144000A06lDU2T | 200 |       364.5µs |             ::1 |     GET /api/prefill_group/?type=model
[SYS] 2025/10/11 - 09:49:45 | 任务进度轮询开始 
[SYS] 2025/10/11 - 09:49:45 | 任务进度轮询完成 
[SYS] 2025/10/11 - 09:50:00 | 任务进度轮询开始 
[SYS] 2025/10/11 - 09:50:00 | 任务进度轮询完成 
[SYS] 2025/10/11 - 09:50:15 | 正在更新数据看板数据... 
[SYS] 2025/10/11 - 09:50:15 | 保存数据看板数据成功，共保存0条数据 
[SYS] 2025/10/11 - 09:50:15 | syncing options from database 
[SYS] 2025/10/11 - 09:50:15 | syncing channels from database 
[SYS] 2025/10/11 - 09:50:15 | channels synced from database 
[SYS] 2025/10/11 - 09:50:15 | 任务进度轮询开始 
[SYS] 2025/10/11 - 09:50:15 | 任务进度轮询完成 
[SYS] 2025/10/11 - 09:50:30 | 任务进度轮询开始 
[SYS] 2025/10/11 - 09:50:30 | 任务进度轮询完成 
[SYS] 2025/10/11 - 09:50:45 | 任务进度轮询开始 
[SYS] 2025/10/11 - 09:50:45 | 任务进度轮询完成 
[SYS] 2025/10/11 - 09:51:00 | 任务进度轮询开始 
[SYS] 2025/10/11 - 09:51:00 | 任务进度轮询完成 
[SYS] 2025/10/11 - 09:51:15 | syncing options from database 
[SYS] 2025/10/11 - 09:51:15 | syncing channels from database 
[SYS] 2025/10/11 - 09:51:15 | channels synced from database 
[SYS] 2025/10/11 - 09:51:15 | 任务进度轮询开始 
[SYS] 2025/10/11 - 09:51:15 | 任务进度轮询完成 
[SYS] 2025/10/11 - 09:51:30 | 任务进度轮询开始 
[SYS] 2025/10/11 - 09:51:30 | 任务进度轮询完成 
[SYS] 2025/10/11 - 09:51:45 | 任务进度轮询开始 
[SYS] 2025/10/11 - 09:51:45 | 任务进度轮询完成 
[SYS] 2025/10/11 - 09:52:00 | 任务进度轮询开始 
[SYS] 2025/10/11 - 09:52:00 | 任务进度轮询完成 
[SYS] 2025/10/11 - 09:52:15 | syncing options from database 
[SYS] 2025/10/11 - 09:52:15 | syncing channels from database 
[SYS] 2025/10/11 - 09:52:15 | channels synced from database 
[SYS] 2025/10/11 - 09:52:15 | 任务进度轮询开始 
[SYS] 2025/10/11 - 09:52:15 | 任务进度轮询完成 
[SYS] 2025/10/11 - 09:52:30 | 任务进度轮询开始 
[SYS] 2025/10/11 - 09:52:30 | 任务进度轮询完成 
[SYS] 2025/10/11 - 09:52:45 | 任务进度轮询开始 
[SYS] 2025/10/11 - 09:52:45 | 任务进度轮询完成 
[SYS] 2025/10/11 - 09:53:00 | 任务进度轮询开始 
[SYS] 2025/10/11 - 09:53:00 | 任务进度轮询完成 
[SYS] 2025/10/11 - 09:53:15 | syncing options from database 
[SYS] 2025/10/11 - 09:53:15 | syncing channels from database 
[SYS] 2025/10/11 - 09:53:15 | channels synced from database 
[SYS] 2025/10/11 - 09:53:15 | 任务进度轮询开始 
[SYS] 2025/10/11 - 09:53:15 | 任务进度轮询完成 
[SYS] 2025/10/11 - 09:53:30 | 任务进度轮询开始 
[SYS] 2025/10/11 - 09:53:30 | 任务进度轮询完成 
[SYS] 2025/10/11 - 09:53:45 | 任务进度轮询开始 
[SYS] 2025/10/11 - 09:53:45 | 任务进度轮询完成 
[GIN] 2025/10/11 - 09:53:46 | 20251011095346231495000APOWvODk | 200 |      42.208µs |             ::1 |     GET /
[SYS] 2025/10/11 - 09:54:00 | 任务进度轮询开始 
[SYS] 2025/10/11 - 09:54:00 | 任务进度轮询完成 
[SYS] 2025/10/11 - 09:54:15 | syncing options from database 
[SYS] 2025/10/11 - 09:54:15 | syncing channels from database 
[SYS] 2025/10/11 - 09:54:15 | channels synced from database 
[SYS] 2025/10/11 - 09:54:15 | 任务进度轮询开始 
[SYS] 2025/10/11 - 09:54:15 | 任务进度轮询完成 
[SYS] 2025/10/11 - 09:54:30 | 任务进度轮询开始 
[SYS] 2025/10/11 - 09:54:30 | 任务进度轮询完成 
[SYS] 2025/10/11 - 09:54:45 | 任务进度轮询开始 
[SYS] 2025/10/11 - 09:54:45 | 任务进度轮询完成 
[SYS] 2025/10/11 - 09:55:00 | 任务进度轮询开始 
[SYS] 2025/10/11 - 09:55:00 | 任务进度轮询完成 
[SYS] 2025/10/11 - 09:55:15 | 正在更新数据看板数据... 
[SYS] 2025/10/11 - 09:55:15 | 保存数据看板数据成功，共保存0条数据 
[SYS] 2025/10/11 - 09:55:15 | syncing options from database 
[SYS] 2025/10/11 - 09:55:15 | syncing channels from database 
[SYS] 2025/10/11 - 09:55:15 | channels synced from database 
[SYS] 2025/10/11 - 09:55:15 | 任务进度轮询开始 
[SYS] 2025/10/11 - 09:55:15 | 任务进度轮询完成 
[GIN] 2025/10/11 - 09:55:21 | 20251011095521969546000lNXXAbWI | 200 |     307.709µs |             ::1 |     GET /console/channel
[GIN] 2025/10/11 - 09:55:22 | 20251011095522269253000H6dDbWju | 200 |     646.208µs |             ::1 |     GET /api/user/self
[GIN] 2025/10/11 - 09:55:22 | 20251011095522270101000fbO9W4bu | 200 |     562.292µs |             ::1 |     GET /api/group/
[GIN] 2025/10/11 - 09:55:22 | 202510110955222695740009U1cHu5i | 200 |    1.248542ms |             ::1 |     GET /api/channel/models
[GIN] 2025/10/11 - 09:55:22 | 20251011095522270128000UNMEG60G | 200 |     282.792µs |             ::1 |     GET /api/status
[GIN] 2025/10/11 - 09:55:22 | 20251011095522270158000wVfuEOQ9 | 200 |     985.166µs |             ::1 |     GET /api/models
[GIN] 2025/10/11 - 09:55:22 | 20251011095522270102000WYhWrciR | 200 |    2.433584ms |             ::1 |     GET /api/channel/?p=1&page_size=10&id_sort=false&tag_mode=false
[GIN] 2025/10/11 - 09:55:22 | 20251011095522526377000Ug6F2pCP | 200 |     559.125µs |             ::1 |     GET /api/user/self
[GIN] 2025/10/11 - 09:55:24 | 20251011095524268305000Dm6jgm2B | 200 |     364.417µs |             ::1 |     GET /api/group/
[GIN] 2025/10/11 - 09:55:24 | 20251011095524268224000vzc7yVPM | 200 |     878.334µs |             ::1 |     GET /api/channel/models
[GIN] 2025/10/11 - 09:55:24 | 20251011095524268339000ztZ1gzXA | 200 |     786.625µs |             ::1 |     GET /api/channel/1
[GIN] 2025/10/11 - 09:55:24 | 20251011095524288328000PG6mNVyK | 200 |    1.768208ms |             ::1 |     GET /api/prefill_group/?type=model
[SYS] 2025/10/11 - 09:55:30 | 任务进度轮询开始 
[SYS] 2025/10/11 - 09:55:30 | 任务进度轮询完成 
[SYS] 2025/10/11 - 09:55:45 | 任务进度轮询开始 
[SYS] 2025/10/11 - 09:55:45 | 任务进度轮询完成 
[SYS] 2025/10/11 - 09:56:00 | 任务进度轮询开始 
[SYS] 2025/10/11 - 09:56:00 | 任务进度轮询完成 
[SYS] 2025/10/11 - 09:56:15 | syncing options from database 
[SYS] 2025/10/11 - 09:56:15 | syncing channels from database 
[SYS] 2025/10/11 - 09:56:15 | channels synced from database 
[SYS] 2025/10/11 - 09:56:15 | 任务进度轮询开始 
[SYS] 2025/10/11 - 09:56:15 | 任务进度轮询完成 
[SYS] 2025/10/11 - 09:56:30 | 任务进度轮询开始 
[SYS] 2025/10/11 - 09:56:30 | 任务进度轮询完成 
[SYS] 2025/10/11 - 09:56:45 | 任务进度轮询开始 
[SYS] 2025/10/11 - 09:56:45 | 任务进度轮询完成 
