[SYS] 2025/10/20 - 18:15:57 | initializing token encoders 
[SYS] 2025/10/20 - 18:15:57 | token encoders initialized 
[SYS] 2025/10/20 - 18:15:57 | SQL_DSN not set, using SQLite as database 
[SYS] 2025/10/20 - 18:15:57 | database migration started 
[SYS] 2025/10/20 - 18:15:58 | system is already initialized at: 2025-10-10 14:30:09 +0800 CST 
[SYS] 2025/10/20 - 18:15:58 | REDIS_CONN_STRING not set, Redis is not enabled 
[SYS] 2025/10/20 - 18:15:58 | New API v0.0.0 started 
[SYS] 2025/10/20 - 18:15:58 | running in debug mode 
[SYS] 2025/10/20 - 18:15:58 | 正在更新数据看板数据... 
[SYS] 2025/10/20 - 18:15:58 | 保存数据看板数据成功，共保存0条数据 
[SYS] 2025/10/20 - 18:16:13 | 任务进度轮询开始 
[INFO] 2025/10/20 - 18:16:13 | SYSTEM | Channel #8 pending video tasks: 32 
[ERR] 2025/10/20 - 18:16:13 | SYSTEM | Channel #8 failed to update video async tasks: video adaptor not found 
[SYS] 2025/10/20 - 18:16:13 | 任务进度轮询完成 
[GIN] 2025/10/20 - 18:16:24 | 20251020181624354914000vyihLMe7 | 200 |      165.75µs |             ::1 |     GET /api/status
[SYS] 2025/10/20 - 18:16:28 | 任务进度轮询开始 
[INFO] 2025/10/20 - 18:16:28 | SYSTEM | Channel #8 pending video tasks: 32 
[ERR] 2025/10/20 - 18:16:28 | SYSTEM | Channel #8 failed to update video async tasks: video adaptor not found 
[SYS] 2025/10/20 - 18:16:28 | 任务进度轮询完成 
[SYS] 2025/10/20 - 18:16:43 | 任务进度轮询开始 
[INFO] 2025/10/20 - 18:16:43 | SYSTEM | Channel #8 pending video tasks: 32 
[ERR] 2025/10/20 - 18:16:43 | SYSTEM | Channel #8 failed to update video async tasks: video adaptor not found 
[SYS] 2025/10/20 - 18:16:43 | 任务进度轮询完成 
[SYS] 2025/10/20 - 18:16:58 | syncing options from database 
[SYS] 2025/10/20 - 18:16:58 | 任务进度轮询开始 
[INFO] 2025/10/20 - 18:16:58 | SYSTEM | Channel #8 pending video tasks: 32 
[ERR] 2025/10/20 - 18:16:58 | SYSTEM | Channel #8 failed to update video async tasks: video adaptor not found 
[SYS] 2025/10/20 - 18:16:58 | 任务进度轮询完成 
[SYS] 2025/10/20 - 18:17:13 | 任务进度轮询开始 
[INFO] 2025/10/20 - 18:17:13 | SYSTEM | Channel #8 pending video tasks: 32 
[ERR] 2025/10/20 - 18:17:13 | SYSTEM | Channel #8 failed to update video async tasks: video adaptor not found 
[SYS] 2025/10/20 - 18:17:13 | 任务进度轮询完成 
[INFO] 2025/10/20 - 18:17:19 | 20251020181719108974000viMoHxzS | 用户 1 额度充足且为无限额度令牌, 信任且不需要预扣费 
[SYS] 2025/10/20 - 18:17:19 | [Async] Detected async workflow request: model=coze-workflow-async, stream=false 
[DEBUG] 2025/10/20 - 18:17:19 | 20251020181719108974000viMoHxzS | text request body: null 
[SYS] 2025/10/20 - 18:17:19 | DoRequest called with OriginModelName: coze-workflow-async 
[SYS] 2025/10/20 - 18:17:19 | [Async] Processing async workflow request in DoRequest 
[SYS] 2025/10/20 - 18:17:19 | [Async] 调用 Coze 官方异步接口: workflow_id=7549079559813087284 
[SYS] 2025/10/20 - 18:17:19 | [Async] 请求体: {"workflow_id":"7549079559813087284","parameters":{"input":"爱情让人成长"},"is_async":true} 
[SYS] 2025/10/20 - 18:17:19 | [OAuth Debug] 缓存未命中，开始生成新 token 
[SYS] 2025/10/20 - 18:17:19 | [OAuth Debug] JWT 签名成功 (前50字符): eyJhbGciOiJSUzI1NiIsImtpZCI6Im9rQ0UzWE95TXZDeDlwNU... 
[SYS] 2025/10/20 - 18:17:19 | [OAuth Debug] 向 https://api.coze.cn/api/permission/oauth2/token 发送 token 交换请求 
[SYS] 2025/10/20 - 18:17:20 | [OAuth Debug] Token 交换响应状态: 200, 响应体: {"access_token":"czs_lQb5vRT9U8N59ECPT23DIBxvguqiWc4gZlbK7kz4jSW29ALc6UaMJPRoWlpkg35v3","expires_in":1760956340,"token_type":"Bearer"} 
[SYS] 2025/10/20 - 18:17:20 | [OAuth Debug] Access token 获取成功 (前20字符): czs_lQb5vRT9U8N59ECP... 
[SYS] 2025/10/20 - 18:17:20 | [Async] Coze 响应: {"execute_id":"7563246025642672180","detail":{"logid":"202510201817207B003EFAD48446023DBF"},"code":0,"msg":"","debug_url":"https://www.coze.cn/work_flow?execute_id=7563246025642672180&space_id=7549033030220857353&workflow_id=7549079559813087284&execute_mode=2"} 
[SYS] 2025/10/20 - 18:17:20 | [Async] 任务提交成功: execute_id=7563246025642672180, debug_url=https://www.coze.cn/work_flow?execute_id=7563246025642672180&space_id=7549033030220857353&workflow_id=7549079559813087284&execute_mode=2 
[SYS] 2025/10/20 - 18:17:20 | [Async] Response already sent, skipping DoResponse 
[ERR] 2025/10/20 - 18:17:20 | 20251020181719108974000viMoHxzS | total tokens is 0, cannot consume quota, userId 1, channelId 8, tokenId 1, model coze-workflow-async， pre-consumed quota 0 
[INFO] 2025/10/20 - 18:17:20 | 20251020181719108974000viMoHxzS | Skipping log for async workflow - log will be created when task completes 
[GIN] 2025/10/20 - 18:17:20 | 20251020181719108974000viMoHxzS | 200 |  1.339858208s |             ::1 |    POST /v1/chat/completions
[SYS] 2025/10/20 - 18:17:20 | [Async Query] 查询 Coze 异步结果: workflow_id=7549079559813087284, execute_id=7563246025642672180 
[SYS] 2025/10/20 - 18:17:21 | [Async Query] Coze 响应: {"msg":"access_token require prefix Bearer in the authorization header","detail":{"logid":"2025102018172100A734930F0E96078A52"},"code":4100} 
[GIN] 2025/10/20 - 18:17:21 | 202510201817209928190009v41yybb | 500 |   64.506834ms |             ::1 |     GET /v1/workflows/executions/7563246025642672180
[GIN] 2025/10/20 - 18:17:25 | 20251020181725922723000yO26gmKU | 200 |     397.125µs |             ::1 |     GET /console/task
[GIN] 2025/10/20 - 18:17:26 | 20251020181726155897000crGmEtm4 | 200 |   17.662625ms |             ::1 |     GET /api/status
[GIN] 2025/10/20 - 18:17:26 | 20251020181726154882000HtAWcNwG | 200 |   38.071791ms |             ::1 |     GET /api/user/self
[GIN] 2025/10/20 - 18:17:26 | 20251020181726157385000VLEpFpsV | 200 |   50.385458ms |             ::1 |     GET /api/task/?p=1&page_size=10&channel_id=&task_id=&start_timestamp=1760889600&end_timestamp=1760959046
[GIN] 2025/10/20 - 18:17:26 | 20251020181726258340000O61RZUEd | 200 |     552.333µs |             ::1 |     GET /api/user/self
[SYS] 2025/10/20 - 18:17:28 | 任务进度轮询开始 
[INFO] 2025/10/20 - 18:17:28 | SYSTEM | Channel #8 pending video tasks: 33 
[ERR] 2025/10/20 - 18:17:28 | SYSTEM | Channel #8 failed to update video async tasks: video adaptor not found 
[SYS] 2025/10/20 - 18:17:28 | 任务进度轮询完成 
[SYS] 2025/10/20 - 18:17:43 | 任务进度轮询开始 
[INFO] 2025/10/20 - 18:17:43 | SYSTEM | Channel #8 pending video tasks: 33 
[ERR] 2025/10/20 - 18:17:43 | SYSTEM | Channel #8 failed to update video async tasks: video adaptor not found 
[SYS] 2025/10/20 - 18:17:43 | 任务进度轮询完成 
[SYS] 2025/10/20 - 18:17:58 | syncing options from database 
[SYS] 2025/10/20 - 18:17:58 | 任务进度轮询开始 
[INFO] 2025/10/20 - 18:17:58 | SYSTEM | Channel #8 pending video tasks: 33 
[ERR] 2025/10/20 - 18:17:58 | SYSTEM | Channel #8 failed to update video async tasks: video adaptor not found 
[SYS] 2025/10/20 - 18:17:58 | 任务进度轮询完成 
[SYS] 2025/10/20 - 18:18:01 | [Async Query] 查询 Coze 异步结果: workflow_id=7549079559813087284, execute_id=7563246025642672180 
[SYS] 2025/10/20 - 18:18:01 | [Async Query] Coze 响应: {"code":4100,"msg":"access_token require prefix Bearer in the authorization header","detail":{"logid":"20251020181801F7C8600F54E21809F448"}} 
[GIN] 2025/10/20 - 18:18:01 | 20251020181801241593000Xorp12Kf | 500 |   63.984333ms |             ::1 |     GET /v1/workflows/executions/7563246025642672180
[INFO] 2025/10/20 - 18:18:06 | 20251020181806900818000FJMtlDj0 | 用户 1 额度充足且为无限额度令牌, 信任且不需要预扣费 
[SYS] 2025/10/20 - 18:18:06 | [Async] Detected async workflow request: model=coze-workflow-async, stream=false 
[DEBUG] 2025/10/20 - 18:18:06 | 20251020181806900818000FJMtlDj0 | text request body: null 
[SYS] 2025/10/20 - 18:18:06 | DoRequest called with OriginModelName: coze-workflow-async 
[SYS] 2025/10/20 - 18:18:06 | [Async] Processing async workflow request in DoRequest 
[SYS] 2025/10/20 - 18:18:06 | [Async] 调用 Coze 官方异步接口: workflow_id=7549079559813087284 
[SYS] 2025/10/20 - 18:18:06 | [Async] 请求体: {"workflow_id":"7549079559813087284","parameters":{"input":"爱情让人成长"},"is_async":true} 
[SYS] 2025/10/20 - 18:18:06 | [OAuth Debug] 缓存未命中，开始生成新 token 
[SYS] 2025/10/20 - 18:18:06 | [OAuth Debug] JWT 签名成功 (前50字符): eyJhbGciOiJSUzI1NiIsImtpZCI6Im9rQ0UzWE95TXZDeDlwNU... 
[SYS] 2025/10/20 - 18:18:06 | [OAuth Debug] 向 https://api.coze.cn/api/permission/oauth2/token 发送 token 交换请求 
[SYS] 2025/10/20 - 18:18:07 | [OAuth Debug] Token 交换响应状态: 200, 响应体: {"access_token":"czs_qt2zGIJTSnPO52YOdL6cqZDt7VX8jVZBpQkzKAHR7FjABfphWpsVoQGLjQ3ye0Laj","expires_in":1760956387,"token_type":"Bearer"} 
[SYS] 2025/10/20 - 18:18:07 | [OAuth Debug] Access token 获取成功 (前20字符): czs_qt2zGIJTSnPO52YO... 
[SYS] 2025/10/20 - 18:18:07 | [Async] Coze 响应: {"code":0,"msg":"","debug_url":"https://www.coze.cn/work_flow?execute_id=7563246225811275816&space_id=7549033030220857353&workflow_id=7549079559813087284&execute_mode=2","execute_id":"7563246225811275816","detail":{"logid":"202510201818070749D8EA0B9333084397"}} 
[SYS] 2025/10/20 - 18:18:07 | [Async] 任务提交成功: execute_id=7563246225811275816, debug_url=https://www.coze.cn/work_flow?execute_id=7563246225811275816&space_id=7549033030220857353&workflow_id=7549079559813087284&execute_mode=2 
[SYS] 2025/10/20 - 18:18:07 | [Async] Response already sent, skipping DoResponse 
[ERR] 2025/10/20 - 18:18:07 | 20251020181806900818000FJMtlDj0 | total tokens is 0, cannot consume quota, userId 1, channelId 8, tokenId 1, model coze-workflow-async， pre-consumed quota 0 
[INFO] 2025/10/20 - 18:18:07 | 20251020181806900818000FJMtlDj0 | Skipping log for async workflow - log will be created when task completes 
[GIN] 2025/10/20 - 18:18:07 | 20251020181806900818000FJMtlDj0 | 200 |  411.360084ms |             ::1 |    POST /v1/chat/completions
[SYS] 2025/10/20 - 18:18:08 | [Async Query] 查询 Coze 异步结果: workflow_id=7549079559813087284, execute_id=7563246225811275816 
[SYS] 2025/10/20 - 18:18:08 | [Async Query] Coze 响应: {"code":4100,"msg":"access_token require prefix Bearer in the authorization header","detail":{"logid":"20251020181808CFB95F04EE2F6B01E9AF"}} 
[GIN] 2025/10/20 - 18:18:08 | 20251020181808334592000BWcYT5r4 | 500 |   62.124708ms |             ::1 |     GET /v1/workflows/executions/7563246225811275816
[SYS] 2025/10/20 - 18:18:13 | 任务进度轮询开始 
[INFO] 2025/10/20 - 18:18:13 | SYSTEM | Channel #8 pending video tasks: 34 
[ERR] 2025/10/20 - 18:18:13 | SYSTEM | Channel #8 failed to update video async tasks: video adaptor not found 
[SYS] 2025/10/20 - 18:18:13 | 任务进度轮询完成 
[SYS] 2025/10/20 - 18:18:28 | 任务进度轮询开始 
[INFO] 2025/10/20 - 18:18:28 | SYSTEM | Channel #8 pending video tasks: 34 
[ERR] 2025/10/20 - 18:18:28 | SYSTEM | Channel #8 failed to update video async tasks: video adaptor not found 
[SYS] 2025/10/20 - 18:18:28 | 任务进度轮询完成 
[INFO] 2025/10/20 - 18:18:30 | 2025102018183042210000516QTwgp | 用户 1 额度充足且为无限额度令牌, 信任且不需要预扣费 
[SYS] 2025/10/20 - 18:18:30 | [Async] Detected async workflow request: model=coze-workflow-async, stream=false 
[DEBUG] 2025/10/20 - 18:18:30 | 2025102018183042210000516QTwgp | text request body: null 
[SYS] 2025/10/20 - 18:18:30 | DoRequest called with OriginModelName: coze-workflow-async 
[SYS] 2025/10/20 - 18:18:30 | [Async] Processing async workflow request in DoRequest 
[SYS] 2025/10/20 - 18:18:30 | [Async] 调用 Coze 官方异步接口: workflow_id=7549079559813087284 
[SYS] 2025/10/20 - 18:18:30 | [Async] 请求体: {"workflow_id":"7549079559813087284","parameters":{"input":"爱情让人成长"},"is_async":true} 
[SYS] 2025/10/20 - 18:18:30 | [OAuth Debug] 缓存未命中，开始生成新 token 
[SYS] 2025/10/20 - 18:18:30 | [OAuth Debug] JWT 签名成功 (前50字符): eyJhbGciOiJSUzI1NiIsImtpZCI6Im9rQ0UzWE95TXZDeDlwNU... 
[SYS] 2025/10/20 - 18:18:30 | [OAuth Debug] 向 https://api.coze.cn/api/permission/oauth2/token 发送 token 交换请求 
[SYS] 2025/10/20 - 18:18:30 | [OAuth Debug] Token 交换响应状态: 200, 响应体: {"access_token":"czs_l5QwkH7LMlsFUNooD66xxobSwt4pN9jRHzTV1m6nMN9pLEMahiBuLvyNkKp5lamjj","expires_in":1760956410,"token_type":"Bearer"} 
[SYS] 2025/10/20 - 18:18:30 | [OAuth Debug] Access token 获取成功 (前20字符): czs_l5QwkH7LMlsFUNoo... 
[SYS] 2025/10/20 - 18:18:30 | [Async] Coze 响应: {"code":0,"msg":"","debug_url":"https://www.coze.cn/work_flow?execute_id=7563246324050034697&space_id=7549033030220857353&workflow_id=7549079559813087284&execute_mode=2","execute_id":"7563246324050034697","detail":{"logid":"20251020181830BCB465364AB61E08FA1C"}} 
[SYS] 2025/10/20 - 18:18:30 | [Async] 任务提交成功: execute_id=7563246324050034697, debug_url=https://www.coze.cn/work_flow?execute_id=7563246324050034697&space_id=7549033030220857353&workflow_id=7549079559813087284&execute_mode=2 
[SYS] 2025/10/20 - 18:18:30 | [Async] Response already sent, skipping DoResponse 
[ERR] 2025/10/20 - 18:18:30 | 2025102018183042210000516QTwgp | total tokens is 0, cannot consume quota, userId 1, channelId 8, tokenId 1, model coze-workflow-async， pre-consumed quota 0 
[INFO] 2025/10/20 - 18:18:30 | 2025102018183042210000516QTwgp | Skipping log for async workflow - log will be created when task completes 
[GIN] 2025/10/20 - 18:18:30 | 2025102018183042210000516QTwgp | 200 |  263.062625ms |             ::1 |    POST /v1/chat/completions
[SYS] 2025/10/20 - 18:18:30 | [Async Query] 查询 Coze 异步结果: workflow_id=7549079559813087284, execute_id=7563246324050034697 
[SYS] 2025/10/20 - 18:18:30 | [Async Query] Coze 响应: {"code":4100,"msg":"access_token require prefix Bearer in the authorization header","detail":{"logid":"2025102018183137A1E3B5CB9F3010F6CD"}} 
[GIN] 2025/10/20 - 18:18:30 | 20251020181830815434000BzCpA632 | 500 |   70.670083ms |             ::1 |     GET /v1/workflows/executions/7563246324050034697
[SYS] 2025/10/20 - 18:18:43 | 任务进度轮询开始 
[INFO] 2025/10/20 - 18:18:43 | SYSTEM | Channel #8 pending video tasks: 35 
[ERR] 2025/10/20 - 18:18:43 | SYSTEM | Channel #8 failed to update video async tasks: video adaptor not found 
[SYS] 2025/10/20 - 18:18:43 | 任务进度轮询完成 
[SYS] 2025/10/20 - 18:18:58 | syncing options from database 
[SYS] 2025/10/20 - 18:18:58 | 任务进度轮询开始 
[INFO] 2025/10/20 - 18:18:58 | SYSTEM | Channel #8 pending video tasks: 35 
[ERR] 2025/10/20 - 18:18:58 | SYSTEM | Channel #8 failed to update video async tasks: video adaptor not found 
[SYS] 2025/10/20 - 18:18:58 | 任务进度轮询完成 
[SYS] 2025/10/20 - 18:19:00 | [Async Query] 查询 Coze 异步结果: workflow_id=7549079559813087284, execute_id=7563246324050034697 
[SYS] 2025/10/20 - 18:19:00 | [Async Query] Coze 响应: {"code":4100,"msg":"access_token require prefix Bearer in the authorization header","detail":{"logid":"20251020181901ABE22E2E341C5A0421E2"}} 
[GIN] 2025/10/20 - 18:19:00 | 202510201819008626410008shwSjOx | 500 |     73.6185ms |             ::1 |     GET /v1/workflows/executions/7563246324050034697
[SYS] 2025/10/20 - 18:19:13 | 任务进度轮询开始 
[INFO] 2025/10/20 - 18:19:13 | SYSTEM | Channel #8 pending video tasks: 35 
[ERR] 2025/10/20 - 18:19:13 | SYSTEM | Channel #8 failed to update video async tasks: video adaptor not found 
[SYS] 2025/10/20 - 18:19:13 | 任务进度轮询完成 
[SYS] 2025/10/20 - 18:19:28 | 任务进度轮询开始 
[INFO] 2025/10/20 - 18:19:28 | SYSTEM | Channel #8 pending video tasks: 35 
[ERR] 2025/10/20 - 18:19:28 | SYSTEM | Channel #8 failed to update video async tasks: video adaptor not found 
[SYS] 2025/10/20 - 18:19:28 | 任务进度轮询完成 
[SYS] 2025/10/20 - 18:19:30 | [Async Query] 查询 Coze 异步结果: workflow_id=7549079559813087284, execute_id=7563246324050034697 
[SYS] 2025/10/20 - 18:19:30 | [Async Query] Coze 响应: {"code":4100,"msg":"access_token require prefix Bearer in the authorization header","detail":{"logid":"202510201819315ED99804D792BD10CC6A"}} 
[GIN] 2025/10/20 - 18:19:30 | 20251020181930798461000LVHHNIoo | 500 |   65.858209ms |             ::1 |     GET /v1/workflows/executions/7563246324050034697
[SYS] 2025/10/20 - 18:19:43 | 任务进度轮询开始 
[INFO] 2025/10/20 - 18:19:43 | SYSTEM | Channel #8 pending video tasks: 35 
[ERR] 2025/10/20 - 18:19:43 | SYSTEM | Channel #8 failed to update video async tasks: video adaptor not found 
[SYS] 2025/10/20 - 18:19:43 | 任务进度轮询完成 
[SYS] 2025/10/20 - 18:19:58 | syncing options from database 
[SYS] 2025/10/20 - 18:19:58 | 任务进度轮询开始 
[INFO] 2025/10/20 - 18:19:58 | SYSTEM | Channel #8 pending video tasks: 35 
[ERR] 2025/10/20 - 18:19:58 | SYSTEM | Channel #8 failed to update video async tasks: video adaptor not found 
[SYS] 2025/10/20 - 18:19:58 | 任务进度轮询完成 
[SYS] 2025/10/20 - 18:20:00 | [Async Query] 查询 Coze 异步结果: workflow_id=7549079559813087284, execute_id=7563246324050034697 
[SYS] 2025/10/20 - 18:20:01 | [Async Query] Coze 响应: {"code":4100,"msg":"access_token require prefix Bearer in the authorization header","detail":{"logid":"2025102018200165FE7577EB58D70426B9"}} 
[GIN] 2025/10/20 - 18:20:01 | 20251020182000969369000CSrXLqr4 | 500 |   70.241625ms |             ::1 |     GET /v1/workflows/executions/7563246324050034697
[SYS] 2025/10/20 - 18:20:13 | 任务进度轮询开始 
[INFO] 2025/10/20 - 18:20:13 | SYSTEM | Channel #8 pending video tasks: 35 
[ERR] 2025/10/20 - 18:20:13 | SYSTEM | Channel #8 failed to update video async tasks: video adaptor not found 
[SYS] 2025/10/20 - 18:20:13 | 任务进度轮询完成 
[SYS] 2025/10/20 - 18:20:28 | 任务进度轮询开始 
[INFO] 2025/10/20 - 18:20:28 | SYSTEM | Channel #8 pending video tasks: 35 
[ERR] 2025/10/20 - 18:20:28 | SYSTEM | Channel #8 failed to update video async tasks: video adaptor not found 
[SYS] 2025/10/20 - 18:20:28 | 任务进度轮询完成 
[SYS] 2025/10/20 - 18:20:30 | [Async Query] 查询 Coze 异步结果: workflow_id=7549079559813087284, execute_id=7563246324050034697 
[SYS] 2025/10/20 - 18:20:30 | [Async Query] Coze 响应: {"detail":{"logid":"20251020182030E80249E8D94265095C46"},"code":4100,"msg":"access_token require prefix Bearer in the authorization header"} 
[GIN] 2025/10/20 - 18:20:30 | 20251020182030779255000seQdjpDU | 500 |   67.241291ms |             ::1 |     GET /v1/workflows/executions/7563246324050034697
[SYS] 2025/10/20 - 18:20:43 | 任务进度轮询开始 
[INFO] 2025/10/20 - 18:20:43 | SYSTEM | Channel #8 pending video tasks: 35 
[ERR] 2025/10/20 - 18:20:43 | SYSTEM | Channel #8 failed to update video async tasks: video adaptor not found 
[SYS] 2025/10/20 - 18:20:43 | 任务进度轮询完成 
[SYS] 2025/10/20 - 18:20:58 | 正在更新数据看板数据... 
[SYS] 2025/10/20 - 18:20:58 | 保存数据看板数据成功，共保存0条数据 
[SYS] 2025/10/20 - 18:20:58 | syncing options from database 
[SYS] 2025/10/20 - 18:20:58 | 任务进度轮询开始 
[INFO] 2025/10/20 - 18:20:58 | SYSTEM | Channel #8 pending video tasks: 35 
[ERR] 2025/10/20 - 18:20:58 | SYSTEM | Channel #8 failed to update video async tasks: video adaptor not found 
[SYS] 2025/10/20 - 18:20:58 | 任务进度轮询完成 
[SYS] 2025/10/20 - 18:21:01 | [Async Query] 查询 Coze 异步结果: workflow_id=7549079559813087284, execute_id=7563246324050034697 
[SYS] 2025/10/20 - 18:21:01 | [Async Query] Coze 响应: {"msg":"access_token require prefix Bearer in the authorization header","detail":{"logid":"20251020182101B3042AD0E5D5590A4CB2"},"code":4100} 
[GIN] 2025/10/20 - 18:21:01 | 2025102018210115575000ojtGTEyC | 500 |   89.774625ms |             ::1 |     GET /v1/workflows/executions/7563246324050034697
[SYS] 2025/10/20 - 18:21:13 | 任务进度轮询开始 
[INFO] 2025/10/20 - 18:21:13 | SYSTEM | Channel #8 pending video tasks: 35 
[ERR] 2025/10/20 - 18:21:13 | SYSTEM | Channel #8 failed to update video async tasks: video adaptor not found 
[SYS] 2025/10/20 - 18:21:13 | 任务进度轮询完成 
