[SYS] 2025/10/21 - 18:08:50 | initializing token encoders 
[SYS] 2025/10/21 - 18:08:50 | token encoders initialized 
[SYS] 2025/10/21 - 18:08:50 | SQL_DSN not set, using SQLite as database 
[SYS] 2025/10/21 - 18:08:50 | database migration started 
[SYS] 2025/10/21 - 18:08:50 | system is already initialized at: 2025-10-10 14:30:09 +0800 CST 
[SYS] 2025/10/21 - 18:08:50 | REDIS_CONN_STRING not set, Redis is not enabled 
[SYS] 2025/10/21 - 18:08:50 | New API v0.0.0 started 
[SYS] 2025/10/21 - 18:08:50 | running in debug mode 
[SYS] 2025/10/21 - 18:08:50 | 正在更新数据看板数据... 
[SYS] 2025/10/21 - 18:08:50 | 保存数据看板数据成功，共保存0条数据 
[SYS] 2025/10/21 - 18:09:05 | 任务进度轮询开始 
[INFO] 2025/10/21 - 18:09:05 | SYSTEM | Channel #8 pending video tasks: 40 
[ERR] 2025/10/21 - 18:09:05 | SYSTEM | Channel #8 failed to update video async tasks: video adaptor not found 
[SYS] 2025/10/21 - 18:09:05 | 任务进度轮询完成 
[INFO] 2025/10/21 - 18:09:09 | 2025102118090974638000OfiII9Ld | 用户 1 额度充足且为无限额度令牌, 信任且不需要预扣费 
[SYS] 2025/10/21 - 18:09:09 | [WorkflowModel] 工作流ID作为模型名称: 7549079559813087284 
[SYS] 2025/10/21 - 18:09:09 | [透传模式] 发送给Coze的工作流请求: {"workflow_id":"7549079559813087284","parameters":{"input":"星星不独属于你一人"}} 
[DEBUG] 2025/10/21 - 18:09:09 | 2025102118090974638000OfiII9Ld | text request body: {"workflow_id":"7549079559813087284","parameters":{"input":"星星不独属于你一人"}} 
[SYS] 2025/10/21 - 18:09:09 | DoRequest called with OriginModelName: 7549079559813087284 
[SYS] 2025/10/21 - 18:09:09 | [OAuth Debug] ChannelOtherSettings: {AzureResponsesVersion: VertexKeyType: CozeAuthType:oauth} 
[SYS] 2025/10/21 - 18:09:09 | [OAuth Debug] CozeAuthType 原始值: 'oauth' 
[SYS] 2025/10/21 - 18:09:09 | [OAuth Debug] 缓存未命中，开始生成新 token 
[SYS] 2025/10/21 - 18:09:09 | [OAuth Debug] JWT 签名成功 (前50字符): eyJhbGciOiJSUzI1NiIsImtpZCI6Im9rQ0UzWE95TXZDeDlwNU... 
[SYS] 2025/10/21 - 18:09:09 | [OAuth Debug] 向 https://api.coze.cn/api/permission/oauth2/token 发送 token 交换请求 
[SYS] 2025/10/21 - 18:09:09 | [OAuth Debug] Token 交换响应状态: 200, 响应体: {"access_token":"czs_hhdpxy03lcgPkYDETtVeeY7Whf0b3yJSLH9jzSoT43TteNovqI7d4jNKc0MnJHJdA","expires_in":1761042249,"token_type":"Bearer"} 
[SYS] 2025/10/21 - 18:09:09 | [OAuth Debug] Access token 获取成功 (前20字符): czs_hhdpxy03lcgPkYDE... 
[SYS] 2025/10/21 - 18:09:09 | [OAuth Debug] 准备使用 OAuth token (前20字符): czs_hhdpxy03lcgPkYDE... 
[SYS] 2025/10/21 - 18:09:09 | [OAuth Debug] 设置 Authorization 头 (前30字符): Bearer czs_hhdpxy03lcgPkYDETtV... 
[ERR] 2025/10/21 - 18:09:09 | 2025102118090974638000OfiII9Ld | relay error (channel #8, status code: 500): Requested resource bot_id=0 does not exist. Ensure you are the correct resource identifier. 
[GIN] 2025/10/21 - 18:09:09 | 2025102118090974638000OfiII9Ld | 500 |  253.277959ms |             ::1 |    POST /v1/chat/completions
[SYS] 2025/10/21 - 18:09:20 | 任务进度轮询开始 
[INFO] 2025/10/21 - 18:09:20 | SYSTEM | Channel #8 pending video tasks: 40 
[ERR] 2025/10/21 - 18:09:20 | SYSTEM | Channel #8 failed to update video async tasks: video adaptor not found 
[SYS] 2025/10/21 - 18:09:20 | 任务进度轮询完成 
[SYS] 2025/10/21 - 18:09:35 | 任务进度轮询开始 
[INFO] 2025/10/21 - 18:09:35 | SYSTEM | Channel #8 pending video tasks: 40 
[ERR] 2025/10/21 - 18:09:35 | SYSTEM | Channel #8 failed to update video async tasks: video adaptor not found 
[SYS] 2025/10/21 - 18:09:35 | 任务进度轮询完成 
[SYS] 2025/10/21 - 18:09:50 | syncing options from database 
[SYS] 2025/10/21 - 18:09:50 | 任务进度轮询开始 
[INFO] 2025/10/21 - 18:09:50 | SYSTEM | Channel #8 pending video tasks: 40 
[ERR] 2025/10/21 - 18:09:50 | SYSTEM | Channel #8 failed to update video async tasks: video adaptor not found 
[SYS] 2025/10/21 - 18:09:50 | 任务进度轮询完成 
[SYS] 2025/10/21 - 18:10:05 | 任务进度轮询开始 
[INFO] 2025/10/21 - 18:10:05 | SYSTEM | Channel #8 pending video tasks: 40 
[ERR] 2025/10/21 - 18:10:05 | SYSTEM | Channel #8 failed to update video async tasks: video adaptor not found 
[SYS] 2025/10/21 - 18:10:05 | 任务进度轮询完成 
[GIN] 2025/10/21 - 18:10:18 | 202510211810185749800000aD64mb5 | 200 |     759.584µs |             ::1 |     GET /console/task
[GIN] 2025/10/21 - 18:10:18 | 20251021181018597557000uv30zGkH | 200 |  133.741959ms |             ::1 |     GET /assets/index-sGynoyqR.js
[GIN] 2025/10/21 - 18:10:18 | 20251021181018786226000tyDUAGK4 | 200 |     391.542µs |             ::1 |     GET /api/status
[GIN] 2025/10/21 - 18:10:18 | 20251021181018786215000P7kgltEp | 200 |    1.229333ms |             ::1 |     GET /api/user/self
[GIN] 2025/10/21 - 18:10:18 | 20251021181018785883000yzHbxGot | 200 |    2.512625ms |             ::1 |     GET /api/task/?p=1&page_size=10&channel_id=&task_id=&start_timestamp=1760976000&end_timestamp=1761045018
[GIN] 2025/10/21 - 18:10:18 | 20251021181018786060000mC8SqL6J | 200 |   28.667833ms |             ::1 |     GET /logo.png
[GIN] 2025/10/21 - 18:10:18 | 20251021181018834718000fTt0ZG1F | 200 |     631.542µs |             ::1 |     GET /api/user/self
[SYS] 2025/10/21 - 18:10:20 | 任务进度轮询开始 
[INFO] 2025/10/21 - 18:10:20 | SYSTEM | Channel #8 pending video tasks: 40 
[ERR] 2025/10/21 - 18:10:20 | SYSTEM | Channel #8 failed to update video async tasks: video adaptor not found 
[SYS] 2025/10/21 - 18:10:20 | 任务进度轮询完成 
[SYS] 2025/10/21 - 18:10:35 | 任务进度轮询开始 
[INFO] 2025/10/21 - 18:10:35 | SYSTEM | Channel #8 pending video tasks: 40 
[ERR] 2025/10/21 - 18:10:35 | SYSTEM | Channel #8 failed to update video async tasks: video adaptor not found 
[SYS] 2025/10/21 - 18:10:35 | 任务进度轮询完成 
[SYS] 2025/10/21 - 18:10:50 | syncing options from database 
[SYS] 2025/10/21 - 18:10:50 | 任务进度轮询开始 
[INFO] 2025/10/21 - 18:10:50 | SYSTEM | Channel #8 pending video tasks: 40 
[ERR] 2025/10/21 - 18:10:50 | SYSTEM | Channel #8 failed to update video async tasks: video adaptor not found 
[SYS] 2025/10/21 - 18:10:50 | 任务进度轮询完成 
[SYS] 2025/10/21 - 18:11:05 | 任务进度轮询开始 
[INFO] 2025/10/21 - 18:11:05 | SYSTEM | Channel #8 pending video tasks: 40 
[ERR] 2025/10/21 - 18:11:05 | SYSTEM | Channel #8 failed to update video async tasks: video adaptor not found 
[SYS] 2025/10/21 - 18:11:05 | 任务进度轮询完成 
