[SYS] 2025/10/11 - 13:56:19 | initializing token encoders 
[SYS] 2025/10/11 - 13:56:19 | token encoders initialized 
[SYS] 2025/10/11 - 13:56:19 | SQL_DSN not set, using SQLite as database 
[SYS] 2025/10/11 - 13:56:19 | database migration started 
[SYS] 2025/10/11 - 13:56:19 | system is already initialized at: 2025-10-10 14:30:09 +0800 CST 
[SYS] 2025/10/11 - 13:56:19 | REDIS_CONN_STRING not set, Redis is not enabled 
[SYS] 2025/10/11 - 13:56:19 | New API v0.0.0 started 
[SYS] 2025/10/11 - 13:56:19 | running in debug mode 
[SYS] 2025/10/11 - 13:56:19 | memory cache enabled 
[SYS] 2025/10/11 - 13:56:19 | sync frequency: 60 seconds 
[SYS] 2025/10/11 - 13:56:19 | channels synced from database 
[SYS] 2025/10/11 - 13:56:19 | 正在更新数据看板数据... 
[SYS] 2025/10/11 - 13:56:19 | 保存数据看板数据成功，共保存0条数据 
[GIN] 2025/10/11 - 13:56:22 | 20251011135622428186000WXU1MDsC | 200 |     1.67175ms |             ::1 |     GET /
[SYS] 2025/10/11 - 13:56:34 | 任务进度轮询开始 
[SYS] 2025/10/11 - 13:56:34 | 任务进度轮询完成 
[SYS] 2025/10/11 - 13:56:49 | 任务进度轮询开始 
[SYS] 2025/10/11 - 13:56:49 | 任务进度轮询完成 
[SYS] 2025/10/11 - 13:57:04 | 任务进度轮询开始 
[SYS] 2025/10/11 - 13:57:04 | 任务进度轮询完成 
[SYS] 2025/10/11 - 13:57:19 | syncing options from database 
[SYS] 2025/10/11 - 13:57:19 | syncing channels from database 
[SYS] 2025/10/11 - 13:57:19 | channels synced from database 
[SYS] 2025/10/11 - 13:57:19 | 任务进度轮询开始 
[SYS] 2025/10/11 - 13:57:19 | 任务进度轮询完成 
[SYS] 2025/10/11 - 13:57:34 | 任务进度轮询开始 
[SYS] 2025/10/11 - 13:57:34 | 任务进度轮询完成 
[SYS] 2025/10/11 - 13:57:49 | 任务进度轮询开始 
[SYS] 2025/10/11 - 13:57:49 | 任务进度轮询完成 
[SYS] 2025/10/11 - 13:58:04 | 任务进度轮询开始 
[SYS] 2025/10/11 - 13:58:04 | 任务进度轮询完成 
[SYS] 2025/10/11 - 13:58:19 | syncing options from database 
[SYS] 2025/10/11 - 13:58:19 | syncing channels from database 
[SYS] 2025/10/11 - 13:58:19 | channels synced from database 
[SYS] 2025/10/11 - 13:58:19 | 任务进度轮询开始 
[SYS] 2025/10/11 - 13:58:19 | 任务进度轮询完成 
[SYS] 2025/10/11 - 13:58:34 | 任务进度轮询开始 
[SYS] 2025/10/11 - 13:58:34 | 任务进度轮询完成 
[GIN] 2025/10/11 - 13:58:48 | 20251011135848581034000dOW9s1iK | 200 |    2.117042ms |             ::1 |     GET /api/prefill_group/?type=model
[SYS] 2025/10/11 - 13:58:49 | 任务进度轮询开始 
[SYS] 2025/10/11 - 13:58:49 | 任务进度轮询完成 
[SYS] 2025/10/11 - 13:59:04 | 任务进度轮询开始 
[SYS] 2025/10/11 - 13:59:04 | 任务进度轮询完成 
[GIN] 2025/10/11 - 13:59:15 | 20251011135914387110000eyh9y9tJ | 200 |  1.094141542s |             ::1 |    POST /api/channel/fetch_models
[SYS] 2025/10/11 - 13:59:19 | syncing options from database 
[SYS] 2025/10/11 - 13:59:19 | syncing channels from database 
[SYS] 2025/10/11 - 13:59:19 | 任务进度轮询开始 
[SYS] 2025/10/11 - 13:59:19 | 任务进度轮询完成 
[SYS] 2025/10/11 - 13:59:19 | channels synced from database 
[SYS] 2025/10/11 - 13:59:34 | 任务进度轮询开始 
[SYS] 2025/10/11 - 13:59:34 | 任务进度轮询完成 
[SYS] 2025/10/11 - 13:59:49 | 任务进度轮询开始 
[SYS] 2025/10/11 - 13:59:49 | 任务进度轮询完成 
[GIN] 2025/10/11 - 14:00:01 | 20251011140001978660000pITYyrte | 200 |    4.422458ms |             ::1 |    POST /api/channel/
[GIN] 2025/10/11 - 14:00:01 | 20251011140001985261000gKtwnNR5 | 200 |    1.641083ms |             ::1 |     GET /api/channel/?p=1&page_size=10&id_sort=false&tag_mode=false
[SYS] 2025/10/11 - 14:00:04 | 任务进度轮询开始 
[SYS] 2025/10/11 - 14:00:04 | 任务进度轮询完成 
[GIN] 2025/10/11 - 14:00:06 | 20251011140006929402000alnRStlo | 200 |    1.954041ms |             ::1 |     GET /api/prefill_group/?type=model
[SYS] 2025/10/11 - 14:00:19 | syncing options from database 
[SYS] 2025/10/11 - 14:00:19 | syncing channels from database 
[SYS] 2025/10/11 - 14:00:19 | 任务进度轮询开始 
[SYS] 2025/10/11 - 14:00:19 | 任务进度轮询完成 
[SYS] 2025/10/11 - 14:00:19 | channels synced from database 
[SYS] 2025/10/11 - 14:00:34 | 任务进度轮询开始 
[SYS] 2025/10/11 - 14:00:34 | 任务进度轮询完成 
[GIN] 2025/10/11 - 14:00:36 | 202510111400363278530004vo9m29Z | 200 |     247.292µs |             ::1 |     GET /console/channel
[GIN] 2025/10/11 - 14:00:36 | 20251011140036389980000FwJ5iaEz | 200 |    1.652291ms |             ::1 |     GET /assets/react-components-BnylIsR_.js
[GIN] 2025/10/11 - 14:00:36 | 20251011140036393432000Z0hNKPDx | 200 |       4.782ms |             ::1 |     GET /assets/tools-DfDywZp9.js
[GIN] 2025/10/11 - 14:00:36 | 202510111400363898790009MfTYU02 | 200 |   12.195542ms |             ::1 |     GET /assets/react-core-D-iPSUlg.js
[GIN] 2025/10/11 - 14:00:36 | 202510111400363999270008PLXiboT | 200 |    2.655083ms |             ::1 |     GET /assets/i18n-bH1aaDdY.js
[GIN] 2025/10/11 - 14:00:36 | 20251011140036389976000d5FzsoCP | 200 |   20.095917ms |             ::1 |     GET /assets/semi-ui-yRXI6evF.css
[GIN] 2025/10/11 - 14:00:36 | 20251011140036389656000gV87Bmnm | 200 |   21.819375ms |             ::1 |     GET /assets/index-C6TxzCs_.css
[GIN] 2025/10/11 - 14:00:36 | 20251011140036389970000Ls38zLVx | 200 |   64.033625ms |             ::1 |     GET /assets/semi-ui-C8lvzIot.js
[GIN] 2025/10/11 - 14:00:36 | 202510111400363892920006YW4DohM | 200 |    128.5485ms |             ::1 |     GET /assets/index-uzFyjPUM.js
[GIN] 2025/10/11 - 14:00:36 | 202510111400367181490001dHbHhMc | 200 |     968.125µs |             ::1 |     GET /api/user/self
[GIN] 2025/10/11 - 14:00:36 | 20251011140036719249000TI3MM1X0 | 200 |     447.292µs |             ::1 |     GET /api/status
[GIN] 2025/10/11 - 14:00:36 | 20251011140036718131000b3SKN5Fw | 200 |    1.614916ms |             ::1 |     GET /api/channel/models
[GIN] 2025/10/11 - 14:00:36 | 20251011140036720059000JT1m7rEN | 200 |    1.065708ms |             ::1 |     GET /api/group/
[GIN] 2025/10/11 - 14:00:36 | 20251011140036719836000Sx51nSKK | 200 |    1.285375ms |             ::1 |     GET /api/models
[GIN] 2025/10/11 - 14:00:36 | 202510111400367198410002nFM0tu4 | 200 |    3.765917ms |             ::1 |     GET /api/channel/?p=1&page_size=10&id_sort=false&tag_mode=false
[GIN] 2025/10/11 - 14:00:36 | 20251011140036724989000wEtBEinK | 200 |   243.54075ms |             ::1 |     GET /logo.png
[GIN] 2025/10/11 - 14:00:36 | 20251011140036997414000tFvPROJU | 200 |         439µs |             ::1 |     GET /api/user/self
[GIN] 2025/10/11 - 14:00:37 | 2025101114003722793000nMxsVMiP | 200 |   16.019959ms |             ::1 |     GET /logo.png
[GIN] 2025/10/11 - 14:00:38 | 20251011140038611899000Pj3cZgE7 | 200 |     526.166µs |             ::1 |     GET /api/prefill_group/?type=model
[SYS] 2025/10/11 - 14:00:49 | 任务进度轮询开始 
[SYS] 2025/10/11 - 14:00:49 | 任务进度轮询完成 
[SYS] 2025/10/11 - 14:01:04 | 任务进度轮询开始 
[SYS] 2025/10/11 - 14:01:04 | 任务进度轮询完成 
[SYS] 2025/10/11 - 14:01:19 | 正在更新数据看板数据... 
[SYS] 2025/10/11 - 14:01:19 | 保存数据看板数据成功，共保存0条数据 
[SYS] 2025/10/11 - 14:01:19 | syncing options from database 
[SYS] 2025/10/11 - 14:01:19 | syncing channels from database 
[SYS] 2025/10/11 - 14:01:19 | 任务进度轮询开始 
[SYS] 2025/10/11 - 14:01:19 | 任务进度轮询完成 
[SYS] 2025/10/11 - 14:01:19 | channels synced from database 
[SYS] 2025/10/11 - 14:01:34 | 任务进度轮询开始 
[SYS] 2025/10/11 - 14:01:34 | 任务进度轮询完成 
[SYS] 2025/10/11 - 14:01:49 | 任务进度轮询开始 
[SYS] 2025/10/11 - 14:01:49 | 任务进度轮询完成 
[SYS] 2025/10/11 - 14:02:04 | 任务进度轮询开始 
[SYS] 2025/10/11 - 14:02:04 | 任务进度轮询完成 
[SYS] 2025/10/11 - 14:02:19 | syncing options from database 
[SYS] 2025/10/11 - 14:02:19 | syncing channels from database 
[SYS] 2025/10/11 - 14:02:19 | 任务进度轮询开始 
[SYS] 2025/10/11 - 14:02:19 | 任务进度轮询完成 
[SYS] 2025/10/11 - 14:02:19 | channels synced from database 
[SYS] 2025/10/11 - 14:02:34 | 任务进度轮询开始 
[SYS] 2025/10/11 - 14:02:34 | 任务进度轮询完成 
[SYS] 2025/10/11 - 14:02:49 | 任务进度轮询开始 
[SYS] 2025/10/11 - 14:02:49 | 任务进度轮询完成 
[SYS] 2025/10/11 - 14:03:04 | 任务进度轮询开始 
[SYS] 2025/10/11 - 14:03:04 | 任务进度轮询完成 
[SYS] 2025/10/11 - 14:03:19 | syncing options from database 
[SYS] 2025/10/11 - 14:03:19 | 任务进度轮询开始 
[SYS] 2025/10/11 - 14:03:19 | syncing channels from database 
[SYS] 2025/10/11 - 14:03:19 | 任务进度轮询完成 
[SYS] 2025/10/11 - 14:03:19 | channels synced from database 
[SYS] 2025/10/11 - 14:03:34 | 任务进度轮询开始 
[SYS] 2025/10/11 - 14:03:34 | 任务进度轮询完成 
[SYS] 2025/10/11 - 14:03:49 | 任务进度轮询开始 
[SYS] 2025/10/11 - 14:03:49 | 任务进度轮询完成 
[SYS] 2025/10/11 - 14:04:04 | 任务进度轮询开始 
[SYS] 2025/10/11 - 14:04:04 | 任务进度轮询完成 
[SYS] 2025/10/11 - 14:04:19 | syncing options from database 
[SYS] 2025/10/11 - 14:04:19 | 任务进度轮询开始 
[SYS] 2025/10/11 - 14:04:19 | syncing channels from database 
[SYS] 2025/10/11 - 14:04:19 | 任务进度轮询完成 
[SYS] 2025/10/11 - 14:04:19 | channels synced from database 
