[SYS] 2025/10/10 - 17:28:16 | initializing token encoders 
[SYS] 2025/10/10 - 17:28:16 | token encoders initialized 
[SYS] 2025/10/10 - 17:28:16 | SQL_DSN not set, using SQLite as database 
[SYS] 2025/10/10 - 17:28:16 | database migration started 
[SYS] 2025/10/10 - 17:28:16 | system is already initialized at: 2025-10-10 14:30:09 +0800 CST 
[SYS] 2025/10/10 - 17:28:16 | REDIS_CONN_STRING not set, Redis is not enabled 
[SYS] 2025/10/10 - 17:28:16 | New API v0.0.0 started 
[SYS] 2025/10/10 - 17:28:16 | running in debug mode 
[SYS] 2025/10/10 - 17:28:16 | memory cache enabled 
[SYS] 2025/10/10 - 17:28:16 | sync frequency: 60 seconds 
[SYS] 2025/10/10 - 17:28:16 | channels synced from database 
[SYS] 2025/10/10 - 17:28:16 | 正在更新数据看板数据... 
[SYS] 2025/10/10 - 17:28:16 | 保存数据看板数据成功，共保存0条数据 
[SYS] 2025/10/10 - 17:28:31 | 任务进度轮询开始 
[SYS] 2025/10/10 - 17:28:31 | 任务进度轮询完成 
[SYS] 2025/10/10 - 17:28:46 | 任务进度轮询开始 
[SYS] 2025/10/10 - 17:28:46 | 任务进度轮询完成 
[SYS] 2025/10/10 - 17:29:01 | 任务进度轮询开始 
[SYS] 2025/10/10 - 17:29:01 | 任务进度轮询完成 
[SYS] 2025/10/10 - 17:29:16 | syncing options from database 
[SYS] 2025/10/10 - 17:29:16 | syncing channels from database 
[SYS] 2025/10/10 - 17:29:16 | channels synced from database 
[SYS] 2025/10/10 - 17:29:16 | 任务进度轮询开始 
[SYS] 2025/10/10 - 17:29:16 | 任务进度轮询完成 
[SYS] 2025/10/10 - 17:29:31 | 任务进度轮询开始 
[SYS] 2025/10/10 - 17:29:31 | 任务进度轮询完成 
[GIN] 2025/10/10 - 17:29:34 | 20251010172934411956000MRPEwtlp | 200 |      81.875µs |             ::1 |     GET /api/status
[SYS] 2025/10/10 - 17:29:46 | 任务进度轮询开始 
[SYS] 2025/10/10 - 17:29:46 | 任务进度轮询完成 
[SYS] 2025/10/10 - 17:30:01 | 任务进度轮询开始 
[SYS] 2025/10/10 - 17:30:01 | 任务进度轮询完成 
[SYS] 2025/10/10 - 17:30:16 | syncing options from database 
[SYS] 2025/10/10 - 17:30:16 | syncing channels from database 
[SYS] 2025/10/10 - 17:30:16 | channels synced from database 
[SYS] 2025/10/10 - 17:30:16 | 任务进度轮询开始 
[SYS] 2025/10/10 - 17:30:16 | 任务进度轮询完成 
[GIN] 2025/10/10 - 17:30:22 | 20251010173022737974000iQPqOg1f | 200 |     792.958µs |             ::1 |     GET /console/log
[GIN] 2025/10/10 - 17:30:23 | 202510101730234588000NyMLCqAQ | 200 |     347.709µs |             ::1 |     GET /api/status
[GIN] 2025/10/10 - 17:30:23 | 202510101730234047000qRnhNMSz | 200 |      923.75µs |             ::1 |     GET /api/user/self
[GIN] 2025/10/10 - 17:30:23 | 202510101730234505000PkZAniV4 | 200 |    3.149125ms |             ::1 |     GET /api/log/?p=1&page_size=10&type=0&username=&token_name=&model_name=&start_timestamp=1760025600&end_timestamp=1760092222&channel=&group=
[GIN] 2025/10/10 - 17:30:23 | 20251010173023255909000KeWeGQhF | 200 |     464.042µs |             ::1 |     GET /api/user/self
[GIN] 2025/10/10 - 17:30:23 | 20251010173023255924000OT3n1Yjw | 200 |    2.422292ms |             ::1 |     GET /api/log/stat?type=0&username=&token_name=&model_name=&start_timestamp=1760025600&end_timestamp=1760092222&channel=&group=
[SYS] 2025/10/10 - 17:30:31 | 任务进度轮询开始 
[SYS] 2025/10/10 - 17:30:31 | 任务进度轮询完成 
[GIN] 2025/10/10 - 17:30:43 | 20251010173043287074000tESP6Y6D | 200 |      253.75µs |             ::1 |     GET /api/group/
[GIN] 2025/10/10 - 17:30:43 | 20251010173043287024000X9JBJm7i | 200 |     626.333µs |             ::1 |     GET /api/models
[GIN] 2025/10/10 - 17:30:43 | 20251010173043286601000jH9hui4e | 200 |       1.116ms |             ::1 |     GET /api/channel/models
[GIN] 2025/10/10 - 17:30:43 | 20251010173043287322000xGu49J6d | 200 |     4.04025ms |             ::1 |     GET /api/channel/?p=1&page_size=10&id_sort=false&tag_mode=false
[SYS] 2025/10/10 - 17:30:46 | 任务进度轮询开始 
[SYS] 2025/10/10 - 17:30:46 | 任务进度轮询完成 
[GIN] 2025/10/10 - 17:30:56 | 20251010173056197795000tqUkPzOA | 204 |      42.416µs |             ::1 | OPTIONS /suno/generate
[ERR] 2025/10/10 - 17:30:56 | 202510101730562011170007Na2sDJu | user 1 | 分组 default 下模型 suno_ 无可用渠道（distributor） 
[GIN] 2025/10/10 - 17:30:56 | 202510101730562011170007Na2sDJu | 503 |     1.12775ms |             ::1 |    POST /suno/generate
[GIN] 2025/10/10 - 17:31:01 | 2025101017310178062000EIQHlcde | 204 |      43.167µs |             ::1 | OPTIONS /suno/generate
[ERR] 2025/10/10 - 17:31:01 | 2025101017310179127000wq20Ani2 | user 1 | 分组 default 下模型 suno_ 无可用渠道（distributor） 
[GIN] 2025/10/10 - 17:31:01 | 2025101017310179127000wq20Ani2 | 503 |      680.75µs |             ::1 |    POST /suno/generate
[SYS] 2025/10/10 - 17:31:01 | 任务进度轮询开始 
[SYS] 2025/10/10 - 17:31:01 | 任务进度轮询完成 
[SYS] 2025/10/10 - 17:31:16 | syncing options from database 
[SYS] 2025/10/10 - 17:31:16 | syncing channels from database 
[SYS] 2025/10/10 - 17:31:16 | 任务进度轮询开始 
[SYS] 2025/10/10 - 17:31:16 | channels synced from database 
[SYS] 2025/10/10 - 17:31:16 | 任务进度轮询完成 
[GIN] 2025/10/10 - 17:31:17 | 20251010173117536295000yFzLe1zx | 204 |      25.125µs |             ::1 | OPTIONS /suno/generate
[ERR] 2025/10/10 - 17:31:17 | 20251010173117537265000lPFU1S7X | user 1 | 分组 default 下模型 suno_ 无可用渠道（distributor） 
[GIN] 2025/10/10 - 17:31:17 | 20251010173117537265000lPFU1S7X | 503 |     775.708µs |             ::1 |    POST /suno/generate
[SYS] 2025/10/10 - 17:31:31 | 任务进度轮询开始 
[SYS] 2025/10/10 - 17:31:31 | 任务进度轮询完成 
[SYS] 2025/10/10 - 17:31:46 | 任务进度轮询开始 
[SYS] 2025/10/10 - 17:31:46 | 任务进度轮询完成 
[SYS] 2025/10/10 - 17:32:01 | 任务进度轮询开始 
[SYS] 2025/10/10 - 17:32:01 | 任务进度轮询完成 
[GIN] 2025/10/10 - 17:32:03 | 20251010173203680958000bT5xwctQ | 200 |       336.5µs |             ::1 |     GET /api/group/
[GIN] 2025/10/10 - 17:32:03 | 202510101732036809200002yB5JZwV | 200 |    1.046084ms |             ::1 |     GET /api/channel/models
[GIN] 2025/10/10 - 17:32:03 | 20251010173203681882000hVl9R3rN | 200 |     913.167µs |             ::1 |     GET /api/channel/1
[GIN] 2025/10/10 - 17:32:03 | 20251010173203695188000cfSqO3RY | 200 |    1.715333ms |             ::1 |     GET /api/prefill_group/?type=model
[GIN] 2025/10/10 - 17:32:07 | 20251010173205946691000DOmp256E | 200 |  1.226622417s |             ::1 |     GET /api/channel/fetch_models/1
[SYS] 2025/10/10 - 17:32:16 | syncing options from database 
[SYS] 2025/10/10 - 17:32:16 | syncing channels from database 
[SYS] 2025/10/10 - 17:32:16 | channels synced from database 
[SYS] 2025/10/10 - 17:32:16 | 任务进度轮询开始 
[SYS] 2025/10/10 - 17:32:16 | 任务进度轮询完成 
[SYS] 2025/10/10 - 17:32:17 | channels synced from database 
[GIN] 2025/10/10 - 17:32:17 | 202510101732173007900007nch0swH | 200 |    9.062333ms |             ::1 |     PUT /api/channel/
[GIN] 2025/10/10 - 17:32:17 | 20251010173217312729000xmL1Il18 | 200 |    1.442917ms |             ::1 |     GET /api/channel/?p=1&page_size=10&id_sort=false&tag_mode=false
[GIN] 2025/10/10 - 17:32:21 | 20251010173221297929000oC7yVYEg | 204 |      44.375µs |             ::1 | OPTIONS /suno/generate
[ERR] 2025/10/10 - 17:32:21 | 20251010173221299527000il2NiIqb | user 1 | 分组 default 下模型 suno_ 无可用渠道（distributor） 
[GIN] 2025/10/10 - 17:32:21 | 20251010173221299527000il2NiIqb | 503 |    1.341875ms |             ::1 |    POST /suno/generate
[GIN] 2025/10/10 - 17:32:30 | 20251010173230400451000y1STJ3dG | 204 |       37.75µs |             ::1 | OPTIONS /suno/generate
[ERR] 2025/10/10 - 17:32:30 | 20251010173230402282000l5PXv2B9 | user 1 | 分组 default 下模型 suno_ 无可用渠道（distributor） 
[GIN] 2025/10/10 - 17:32:30 | 20251010173230402282000l5PXv2B9 | 503 |    1.220625ms |             ::1 |    POST /suno/generate
[SYS] 2025/10/10 - 17:32:31 | 任务进度轮询开始 
[SYS] 2025/10/10 - 17:32:31 | 任务进度轮询完成 
[SYS] 2025/10/10 - 17:32:46 | 任务进度轮询开始 
[SYS] 2025/10/10 - 17:32:46 | 任务进度轮询完成 
[SYS] 2025/10/10 - 17:33:01 | 任务进度轮询开始 
[SYS] 2025/10/10 - 17:33:01 | 任务进度轮询完成 
[SYS] 2025/10/10 - 17:33:16 | 正在更新数据看板数据... 
[SYS] 2025/10/10 - 17:33:16 | 保存数据看板数据成功，共保存0条数据 
[SYS] 2025/10/10 - 17:33:16 | syncing options from database 
[SYS] 2025/10/10 - 17:33:16 | syncing channels from database 
[SYS] 2025/10/10 - 17:33:16 | channels synced from database 
[SYS] 2025/10/10 - 17:33:16 | 任务进度轮询开始 
[SYS] 2025/10/10 - 17:33:16 | 任务进度轮询完成 
[SYS] 2025/10/10 - 17:33:31 | 任务进度轮询开始 
[SYS] 2025/10/10 - 17:33:31 | 任务进度轮询完成 
[SYS] 2025/10/10 - 17:33:46 | 任务进度轮询开始 
[SYS] 2025/10/10 - 17:33:46 | 任务进度轮询完成 
[SYS] 2025/10/10 - 17:34:01 | 任务进度轮询开始 
[SYS] 2025/10/10 - 17:34:01 | 任务进度轮询完成 
[SYS] 2025/10/10 - 17:34:16 | syncing options from database 
[SYS] 2025/10/10 - 17:34:16 | syncing channels from database 
[SYS] 2025/10/10 - 17:34:16 | channels synced from database 
[SYS] 2025/10/10 - 17:34:16 | 任务进度轮询开始 
[SYS] 2025/10/10 - 17:34:16 | 任务进度轮询完成 
[SYS] 2025/10/10 - 17:34:31 | 任务进度轮询开始 
[SYS] 2025/10/10 - 17:34:31 | 任务进度轮询完成 
[SYS] 2025/10/10 - 17:34:46 | 任务进度轮询开始 
[SYS] 2025/10/10 - 17:34:46 | 任务进度轮询完成 
[SYS] 2025/10/10 - 17:35:01 | 任务进度轮询开始 
[SYS] 2025/10/10 - 17:35:01 | 任务进度轮询完成 
[SYS] 2025/10/10 - 17:35:16 | syncing options from database 
[SYS] 2025/10/10 - 17:35:16 | syncing channels from database 
[SYS] 2025/10/10 - 17:35:16 | channels synced from database 
[SYS] 2025/10/10 - 17:35:16 | 任务进度轮询开始 
[SYS] 2025/10/10 - 17:35:16 | 任务进度轮询完成 
[SYS] 2025/10/10 - 17:35:31 | 任务进度轮询开始 
[SYS] 2025/10/10 - 17:35:31 | 任务进度轮询完成 
[SYS] 2025/10/10 - 17:35:46 | 任务进度轮询开始 
[SYS] 2025/10/10 - 17:35:46 | 任务进度轮询完成 
[SYS] 2025/10/10 - 17:36:01 | 任务进度轮询开始 
[SYS] 2025/10/10 - 17:36:01 | 任务进度轮询完成 
[SYS] 2025/10/10 - 17:36:16 | syncing options from database 
[SYS] 2025/10/10 - 17:36:16 | syncing channels from database 
[SYS] 2025/10/10 - 17:36:16 | channels synced from database 
[SYS] 2025/10/10 - 17:36:16 | 任务进度轮询开始 
[SYS] 2025/10/10 - 17:36:16 | 任务进度轮询完成 
[SYS] 2025/10/10 - 17:36:31 | 任务进度轮询开始 
[SYS] 2025/10/10 - 17:36:31 | 任务进度轮询完成 
[SYS] 2025/10/10 - 17:36:46 | 任务进度轮询开始 
[SYS] 2025/10/10 - 17:36:46 | 任务进度轮询完成 
[SYS] 2025/10/10 - 17:37:01 | 任务进度轮询开始 
[SYS] 2025/10/10 - 17:37:01 | 任务进度轮询完成 
[SYS] 2025/10/10 - 17:37:16 | syncing options from database 
[SYS] 2025/10/10 - 17:37:16 | syncing channels from database 
[SYS] 2025/10/10 - 17:37:16 | channels synced from database 
[SYS] 2025/10/10 - 17:37:16 | 任务进度轮询开始 
[SYS] 2025/10/10 - 17:37:16 | 任务进度轮询完成 
[SYS] 2025/10/10 - 17:37:31 | 任务进度轮询开始 
[SYS] 2025/10/10 - 17:37:31 | 任务进度轮询完成 
[SYS] 2025/10/10 - 17:37:46 | 任务进度轮询开始 
[SYS] 2025/10/10 - 17:37:46 | 任务进度轮询完成 
[SYS] 2025/10/10 - 17:38:01 | 任务进度轮询开始 
[SYS] 2025/10/10 - 17:38:01 | 任务进度轮询完成 
[SYS] 2025/10/10 - 17:38:16 | 正在更新数据看板数据... 
[SYS] 2025/10/10 - 17:38:16 | 保存数据看板数据成功，共保存0条数据 
[SYS] 2025/10/10 - 17:38:16 | syncing options from database 
[SYS] 2025/10/10 - 17:38:16 | syncing channels from database 
[SYS] 2025/10/10 - 17:38:16 | channels synced from database 
[SYS] 2025/10/10 - 17:38:16 | 任务进度轮询开始 
[SYS] 2025/10/10 - 17:38:16 | 任务进度轮询完成 
[SYS] 2025/10/10 - 17:38:31 | 任务进度轮询开始 
[SYS] 2025/10/10 - 17:38:31 | 任务进度轮询完成 
[SYS] 2025/10/10 - 17:38:46 | 任务进度轮询开始 
[SYS] 2025/10/10 - 17:38:46 | 任务进度轮询完成 
[SYS] 2025/10/10 - 17:39:01 | 任务进度轮询开始 
[SYS] 2025/10/10 - 17:39:01 | 任务进度轮询完成 
[SYS] 2025/10/10 - 17:39:16 | syncing options from database 
[SYS] 2025/10/10 - 17:39:16 | syncing channels from database 
[SYS] 2025/10/10 - 17:39:16 | channels synced from database 
[SYS] 2025/10/10 - 17:39:16 | 任务进度轮询开始 
[SYS] 2025/10/10 - 17:39:16 | 任务进度轮询完成 
[GIN] 2025/10/10 - 17:39:30 | 202510101739301649180000HsVN9Nm | 200 |   12.095167ms |             ::1 |     GET /api/group/
[GIN] 2025/10/10 - 17:39:30 | 20251010173930164915000PR66Svh3 | 200 |    15.59525ms |             ::1 |     GET /api/channel/models
[GIN] 2025/10/10 - 17:39:30 | 20251010173930179975000VJrdXlhB | 200 |    3.687875ms |             ::1 |     GET /api/prefill_group/?type=model
[SYS] 2025/10/10 - 17:39:31 | 任务进度轮询开始 
[SYS] 2025/10/10 - 17:39:31 | 任务进度轮询完成 
[SYS] 2025/10/10 - 17:39:46 | 任务进度轮询开始 
[SYS] 2025/10/10 - 17:39:46 | 任务进度轮询完成 
[SYS] 2025/10/10 - 17:40:01 | 任务进度轮询开始 
[SYS] 2025/10/10 - 17:40:01 | 任务进度轮询完成 
[GIN] 2025/10/10 - 17:40:08 | 20251010174008496180000zDfRqlh6 | 200 |     378.666µs |             ::1 |     GET /api/group/
[GIN] 2025/10/10 - 17:40:08 | 20251010174008496102000MieLGLSU | 200 |      811.25µs |             ::1 |     GET /api/channel/models
[GIN] 2025/10/10 - 17:40:08 | 20251010174008496198000t3pq8X6U | 200 |    1.496542ms |             ::1 |     GET /api/channel/1
[GIN] 2025/10/10 - 17:40:08 | 20251010174008509418000GuKkKmwG | 200 |    1.918375ms |             ::1 |     GET /api/prefill_group/?type=model
[SYS] 2025/10/10 - 17:40:16 | syncing options from database 
[SYS] 2025/10/10 - 17:40:16 | syncing channels from database 
[SYS] 2025/10/10 - 17:40:16 | channels synced from database 
[SYS] 2025/10/10 - 17:40:16 | 任务进度轮询开始 
[SYS] 2025/10/10 - 17:40:16 | 任务进度轮询完成 
[GIN] 2025/10/10 - 17:40:22 | 20251010174022133955000scWsUTqw | 200 |    2.390458ms |             ::1 |     GET /console/channel
[GIN] 2025/10/10 - 17:40:22 | 20251010174022453971000c3lNR47M | 200 |      386.25µs |             ::1 |     GET /api/group/
[GIN] 2025/10/10 - 17:40:22 | 20251010174022453861000sfE4OPLk | 200 |       906.5µs |             ::1 |     GET /api/channel/models
[GIN] 2025/10/10 - 17:40:22 | 2025101017402245417200083UGvGfs | 200 |    1.345084ms |             ::1 |     GET /api/models
[GIN] 2025/10/10 - 17:40:22 | 20251010174022454194000gOZP0U8M | 200 |    9.758917ms |             ::1 |     GET /api/status
[GIN] 2025/10/10 - 17:40:22 | 20251010174022453737000uShw8OmE | 200 |     10.9355ms |             ::1 |     GET /api/user/self
[GIN] 2025/10/10 - 17:40:22 | 20251010174022454078000hekZsQVX | 200 |   10.679625ms |             ::1 |     GET /api/channel/?p=1&page_size=10&id_sort=false&tag_mode=false
[GIN] 2025/10/10 - 17:40:22 | 20251010174022708600000XDT02yS5 | 200 |     509.334µs |             ::1 |     GET /api/user/self
[GIN] 2025/10/10 - 17:40:24 | 20251010174024836398000DDqOgiRI | 200 |     134.542µs |             ::1 |     GET /api/group/
[GIN] 2025/10/10 - 17:40:24 | 20251010174024836450000btCXJ85f | 200 |     677.042µs |             ::1 |     GET /api/channel/1
[GIN] 2025/10/10 - 17:40:24 | 20251010174024836208000OjL8iVXN | 200 |    1.031583ms |             ::1 |     GET /api/channel/models
[GIN] 2025/10/10 - 17:40:24 | 20251010174024852112000B3OgjbQT | 200 |    2.056416ms |             ::1 |     GET /api/prefill_group/?type=model
[SYS] 2025/10/10 - 17:40:31 | 任务进度轮询开始 
[SYS] 2025/10/10 - 17:40:31 | 任务进度轮询完成 
[SYS] 2025/10/10 - 17:40:46 | 任务进度轮询开始 
[SYS] 2025/10/10 - 17:40:46 | 任务进度轮询完成 
[SYS] 2025/10/10 - 17:41:01 | 任务进度轮询开始 
[SYS] 2025/10/10 - 17:41:01 | 任务进度轮询完成 
[SYS] 2025/10/10 - 17:41:16 | syncing options from database 
[SYS] 2025/10/10 - 17:41:16 | syncing channels from database 
[SYS] 2025/10/10 - 17:41:16 | channels synced from database 
[SYS] 2025/10/10 - 17:41:16 | 任务进度轮询开始 
[SYS] 2025/10/10 - 17:41:16 | 任务进度轮询完成 
[SYS] 2025/10/10 - 17:41:31 | 任务进度轮询开始 
[SYS] 2025/10/10 - 17:41:31 | 任务进度轮询完成 
[SYS] 2025/10/10 - 17:41:46 | 任务进度轮询开始 
[SYS] 2025/10/10 - 17:41:46 | 任务进度轮询完成 
[SYS] 2025/10/10 - 17:42:01 | 任务进度轮询开始 
[SYS] 2025/10/10 - 17:42:01 | 任务进度轮询完成 
[SYS] 2025/10/10 - 17:42:16 | syncing options from database 
[SYS] 2025/10/10 - 17:42:16 | syncing channels from database 
[SYS] 2025/10/10 - 17:42:16 | channels synced from database 
[SYS] 2025/10/10 - 17:42:16 | 任务进度轮询开始 
[SYS] 2025/10/10 - 17:42:16 | 任务进度轮询完成 
[SYS] 2025/10/10 - 17:42:31 | 任务进度轮询开始 
[SYS] 2025/10/10 - 17:42:31 | 任务进度轮询完成 
[SYS] 2025/10/10 - 17:42:46 | 任务进度轮询开始 
[SYS] 2025/10/10 - 17:42:46 | 任务进度轮询完成 
[SYS] 2025/10/10 - 17:43:01 | 任务进度轮询开始 
[SYS] 2025/10/10 - 17:43:01 | 任务进度轮询完成 
[SYS] 2025/10/10 - 17:43:16 | 正在更新数据看板数据... 
[SYS] 2025/10/10 - 17:43:16 | 保存数据看板数据成功，共保存0条数据 
[SYS] 2025/10/10 - 17:43:16 | syncing options from database 
[SYS] 2025/10/10 - 17:43:16 | syncing channels from database 
[SYS] 2025/10/10 - 17:43:16 | channels synced from database 
[SYS] 2025/10/10 - 17:43:16 | 任务进度轮询开始 
[SYS] 2025/10/10 - 17:43:16 | 任务进度轮询完成 
