[SYS] 2025/10/14 - 14:09:46 | initializing token encoders 
[SYS] 2025/10/14 - 14:09:46 | token encoders initialized 
[SYS] 2025/10/14 - 14:09:46 | SQL_DSN not set, using SQLite as database 
[SYS] 2025/10/14 - 14:09:46 | database migration started 
[SYS] 2025/10/14 - 14:09:46 | system is already initialized at: 2025-10-10 14:30:09 +0800 CST 
[SYS] 2025/10/14 - 14:09:46 | REDIS_CONN_STRING not set, Redis is not enabled 
[SYS] 2025/10/14 - 14:09:46 | New API v0.0.0 started 
[SYS] 2025/10/14 - 14:09:46 | running in debug mode 
[SYS] 2025/10/14 - 14:09:46 | memory cache enabled 
[SYS] 2025/10/14 - 14:09:46 | sync frequency: 60 seconds 
[SYS] 2025/10/14 - 14:09:46 | channels synced from database 
[SYS] 2025/10/14 - 14:09:46 | 正在更新数据看板数据... 
[SYS] 2025/10/14 - 14:09:46 | 保存数据看板数据成功，共保存0条数据 
[SYS] 2025/10/14 - 14:10:01 | 任务进度轮询开始 
[SYS] 2025/10/14 - 14:10:01 | 任务进度轮询完成 
[SYS] 2025/10/14 - 14:10:16 | 任务进度轮询开始 
[SYS] 2025/10/14 - 14:10:16 | 任务进度轮询完成 
[SYS] 2025/10/14 - 14:10:31 | 任务进度轮询开始 
[SYS] 2025/10/14 - 14:10:31 | 任务进度轮询完成 
[SYS] 2025/10/14 - 14:10:46 | syncing channels from database 
[SYS] 2025/10/14 - 14:10:46 | syncing options from database 
[SYS] 2025/10/14 - 14:10:46 | channels synced from database 
[SYS] 2025/10/14 - 14:10:46 | 任务进度轮询开始 
[SYS] 2025/10/14 - 14:10:46 | 任务进度轮询完成 
[SYS] 2025/10/14 - 14:11:01 | 任务进度轮询开始 
[SYS] 2025/10/14 - 14:11:01 | 任务进度轮询完成 
[SYS] 2025/10/14 - 14:11:16 | 任务进度轮询开始 
[SYS] 2025/10/14 - 14:11:16 | 任务进度轮询完成 
[SYS] 2025/10/14 - 14:11:31 | 任务进度轮询开始 
[SYS] 2025/10/14 - 14:11:31 | 任务进度轮询完成 
[SYS] 2025/10/14 - 14:11:46 | syncing options from database 
[SYS] 2025/10/14 - 14:11:46 | syncing channels from database 
[SYS] 2025/10/14 - 14:11:46 | channels synced from database 
[SYS] 2025/10/14 - 14:11:46 | 任务进度轮询开始 
[SYS] 2025/10/14 - 14:11:46 | 任务进度轮询完成 
[SYS] 2025/10/14 - 14:12:01 | 任务进度轮询开始 
[SYS] 2025/10/14 - 14:12:01 | 任务进度轮询完成 
[SYS] 2025/10/14 - 14:12:16 | 任务进度轮询开始 
[SYS] 2025/10/14 - 14:12:16 | 任务进度轮询完成 
[SYS] 2025/10/14 - 14:12:31 | 任务进度轮询开始 
[SYS] 2025/10/14 - 14:12:31 | 任务进度轮询完成 
[SYS] 2025/10/14 - 14:12:46 | syncing options from database 
[SYS] 2025/10/14 - 14:12:46 | syncing channels from database 
[SYS] 2025/10/14 - 14:12:46 | channels synced from database 
[SYS] 2025/10/14 - 14:12:46 | 任务进度轮询开始 
[SYS] 2025/10/14 - 14:12:46 | 任务进度轮询完成 
[SYS] 2025/10/14 - 14:13:01 | 任务进度轮询开始 
[SYS] 2025/10/14 - 14:13:01 | 任务进度轮询完成 
[SYS] 2025/10/14 - 14:13:16 | 任务进度轮询开始 
[SYS] 2025/10/14 - 14:13:16 | 任务进度轮询完成 
[SYS] 2025/10/14 - 14:13:31 | 任务进度轮询开始 
[SYS] 2025/10/14 - 14:13:31 | 任务进度轮询完成 
[SYS] 2025/10/14 - 14:13:46 | syncing options from database 
[SYS] 2025/10/14 - 14:13:46 | syncing channels from database 
[SYS] 2025/10/14 - 14:13:46 | channels synced from database 
[SYS] 2025/10/14 - 14:13:46 | 任务进度轮询开始 
[SYS] 2025/10/14 - 14:13:46 | 任务进度轮询完成 
[SYS] 2025/10/14 - 14:14:01 | 任务进度轮询开始 
[SYS] 2025/10/14 - 14:14:01 | 任务进度轮询完成 
[SYS] 2025/10/14 - 14:14:16 | 任务进度轮询开始 
[SYS] 2025/10/14 - 14:14:16 | 任务进度轮询完成 
[GIN] 2025/10/14 - 14:14:16 | 202510141414167042280003XD31Po9 | 200 |     3.24475ms |             ::1 |     GET /console
[GIN] 2025/10/14 - 14:14:17 | 202510141414172434730006QFid63V | 200 |     614.417µs |             ::1 |     GET /api/status
[GIN] 2025/10/14 - 14:14:17 | 20251014141417242948000awHMH1IE | 200 |    3.650333ms |             ::1 |     GET /api/user/self
[GIN] 2025/10/14 - 14:14:17 | 20251014141417494351000vKFmh6ye | 200 |     639.292µs |             ::1 |     GET /api/user/self
[GIN] 2025/10/14 - 14:14:17 | 20251014141417540335000v2yB2u33 | 200 |     496.541µs |             ::1 |     GET /api/user/self
[GIN] 2025/10/14 - 14:14:17 | 20251014141417541512000MHq4tX0I | 200 |    1.777042ms |             ::1 |     GET /api/data/?username=&start_timestamp=1760336057&end_timestamp=1760426057&default_time=hour
[GIN] 2025/10/14 - 14:14:17 | 20251014141417599932000FrzIfQlv | 200 |     347.083µs |             ::1 |     GET /api/uptime/status
[SYS] 2025/10/14 - 14:14:31 | 任务进度轮询开始 
[SYS] 2025/10/14 - 14:14:31 | 任务进度轮询完成 
[SYS] 2025/10/14 - 14:14:46 | 正在更新数据看板数据... 
[SYS] 2025/10/14 - 14:14:46 | 保存数据看板数据成功，共保存0条数据 
[SYS] 2025/10/14 - 14:14:46 | syncing options from database 
[SYS] 2025/10/14 - 14:14:46 | syncing channels from database 
[SYS] 2025/10/14 - 14:14:46 | channels synced from database 
[SYS] 2025/10/14 - 14:14:46 | 任务进度轮询开始 
[SYS] 2025/10/14 - 14:14:46 | 任务进度轮询完成 
[SYS] 2025/10/14 - 14:15:01 | 任务进度轮询开始 
[SYS] 2025/10/14 - 14:15:01 | 任务进度轮询完成 
[SYS] 2025/10/14 - 14:15:16 | 任务进度轮询开始 
[SYS] 2025/10/14 - 14:15:16 | 任务进度轮询完成 
[SYS] 2025/10/14 - 14:15:31 | 任务进度轮询开始 
[SYS] 2025/10/14 - 14:15:31 | 任务进度轮询完成 
[SYS] 2025/10/14 - 14:15:46 | syncing options from database 
[SYS] 2025/10/14 - 14:15:46 | syncing channels from database 
[SYS] 2025/10/14 - 14:15:46 | channels synced from database 
[SYS] 2025/10/14 - 14:15:46 | 任务进度轮询开始 
[SYS] 2025/10/14 - 14:15:46 | 任务进度轮询完成 
[SYS] 2025/10/14 - 14:16:01 | 任务进度轮询开始 
[SYS] 2025/10/14 - 14:16:01 | 任务进度轮询完成 
[SYS] 2025/10/14 - 14:16:16 | 任务进度轮询开始 
[SYS] 2025/10/14 - 14:16:16 | 任务进度轮询完成 
[SYS] 2025/10/14 - 14:16:31 | 任务进度轮询开始 
[SYS] 2025/10/14 - 14:16:31 | 任务进度轮询完成 
[GIN] 2025/10/14 - 14:16:38 | 20251014141638251222000vFqZ8Kdz | 200 |         805µs |             ::1 |     GET /api/user/self/groups
[GIN] 2025/10/14 - 14:16:38 | 20251014141638250764000jcOpPNTw | 200 |    2.287459ms |             ::1 |     GET /api/token/?p=1&size=10
[GIN] 2025/10/14 - 14:16:38 | 20251014141638250771000wMObmS7f | 200 |    6.164416ms |             ::1 |     GET /api/user/models
[GIN] 2025/10/14 - 14:16:39 | 20251014141639213238000DF5DAqmJ | 200 |     2.16625ms |             ::1 |     GET /api/log/?p=1&page_size=10&type=0&username=&token_name=&model_name=&start_timestamp=1760371200&end_timestamp=1760426199&channel=&group=
[GIN] 2025/10/14 - 14:16:39 | 202510141416392388270003VyLuzRI | 200 |     515.792µs |             ::1 |     GET /api/log/stat?type=0&username=&token_name=&model_name=&start_timestamp=1760371200&end_timestamp=1760426199&channel=&group=
[GIN] 2025/10/14 - 14:16:42 | 20251014141642192590000GcGjruSy | 200 |     266.583µs |             ::1 |     GET /.well-known/appspecific/com.chrome.devtools.json
[SYS] 2025/10/14 - 14:16:46 | syncing options from database 
[SYS] 2025/10/14 - 14:16:46 | syncing channels from database 
[SYS] 2025/10/14 - 14:16:46 | channels synced from database 
[SYS] 2025/10/14 - 14:16:46 | 任务进度轮询开始 
[SYS] 2025/10/14 - 14:16:46 | 任务进度轮询完成 
[GIN] 2025/10/14 - 14:16:48 | 202510141416483314080006uIOfwae | 200 |         250µs |             ::1 |     GET /console/log
[GIN] 2025/10/14 - 14:16:48 | 20251014141648359480000DzmnrAKY | 200 |     243.875µs |             ::1 |     GET /.well-known/appspecific/com.chrome.devtools.json
[GIN] 2025/10/14 - 14:16:48 | 20251014141648586473000STEdp7kT | 200 |     195.083µs |             ::1 |     GET /api/status
[GIN] 2025/10/14 - 14:16:48 | 20251014141648586219000xGhuB5uC | 200 |     709.166µs |             ::1 |     GET /api/user/self
[GIN] 2025/10/14 - 14:16:48 | 2025101414164858627500063xKdSOo | 200 |    1.097959ms |             ::1 |     GET /api/log/?p=1&page_size=10&type=0&username=&token_name=&model_name=&start_timestamp=1760371200&end_timestamp=1760426208&channel=&group=
[GIN] 2025/10/14 - 14:16:48 | 20251014141648757845000MRcMZ8hp | 200 |     464.542µs |             ::1 |     GET /api/user/self
[GIN] 2025/10/14 - 14:16:48 | 2025101414164875791500015wGwoLs | 200 |     409.292µs |             ::1 |     GET /api/log/stat?type=0&username=&token_name=&model_name=&start_timestamp=1760371200&end_timestamp=1760426208&channel=&group=
[GIN] 2025/10/14 - 14:16:55 | 20251014141655451031000IQ2Q9Flq | 200 |      352.25µs |             ::1 |     GET /console/log
[GIN] 2025/10/14 - 14:16:55 | 20251014141655483576000FDa2AqNO | 200 |     259.125µs |             ::1 |     GET /.well-known/appspecific/com.chrome.devtools.json
[GIN] 2025/10/14 - 14:16:55 | 20251014141655710443000Df0ENV0a | 200 |     257.084µs |             ::1 |     GET /api/status
[GIN] 2025/10/14 - 14:16:55 | 20251014141655709817000PANhHsQP | 200 |     1.09875ms |             ::1 |     GET /api/user/self
[GIN] 2025/10/14 - 14:16:55 | 20251014141655710343000IVMtVc7z | 200 |    1.688084ms |             ::1 |     GET /api/log/?p=1&page_size=10&type=0&username=&token_name=&model_name=&start_timestamp=1760371200&end_timestamp=1760426215&channel=&group=
[GIN] 2025/10/14 - 14:16:55 | 20251014141655878020000YfQuWQjI | 200 |    2.615958ms |             ::1 |     GET /api/log/stat?type=0&username=&token_name=&model_name=&start_timestamp=1760371200&end_timestamp=1760426215&channel=&group=
[GIN] 2025/10/14 - 14:16:55 | 20251014141655877908000gwMtfOPi | 200 |    2.792917ms |             ::1 |     GET /api/user/self
[SYS] 2025/10/14 - 14:17:01 | 任务进度轮询开始 
[SYS] 2025/10/14 - 14:17:01 | 任务进度轮询完成 
[SYS] 2025/10/14 - 14:17:16 | 任务进度轮询开始 
[SYS] 2025/10/14 - 14:17:16 | 任务进度轮询完成 
[GIN] 2025/10/14 - 14:17:19 | 2025101414171953718000DAle6A6g | 200 |      321.25µs |             ::1 |     GET /api/group/
[GIN] 2025/10/14 - 14:17:19 | 20251014141719537180004HiGAiTs | 200 |    1.642875ms |             ::1 |     GET /api/channel/models
[GIN] 2025/10/14 - 14:17:19 | 2025101414171954864000N41cGvqy | 200 |     593.708µs |             ::1 |     GET /api/models
[GIN] 2025/10/14 - 14:17:19 | 2025101414171954616000yQYmvaew | 200 |    2.782333ms |             ::1 |     GET /api/channel/?p=1&page_size=10&id_sort=false&tag_mode=false
[SYS] 2025/10/14 - 14:17:31 | 任务进度轮询开始 
[SYS] 2025/10/14 - 14:17:31 | 任务进度轮询完成 
[SYS] 2025/10/14 - 14:17:46 | syncing options from database 
[SYS] 2025/10/14 - 14:17:46 | syncing channels from database 
[SYS] 2025/10/14 - 14:17:46 | channels synced from database 
[SYS] 2025/10/14 - 14:17:46 | 任务进度轮询开始 
[SYS] 2025/10/14 - 14:17:46 | 任务进度轮询完成 
[SYS] 2025/10/14 - 14:18:01 | 任务进度轮询开始 
[SYS] 2025/10/14 - 14:18:01 | 任务进度轮询完成 
[SYS] 2025/10/14 - 14:18:16 | 任务进度轮询开始 
[SYS] 2025/10/14 - 14:18:16 | 任务进度轮询完成 
[SYS] 2025/10/14 - 14:18:31 | 任务进度轮询开始 
[SYS] 2025/10/14 - 14:18:31 | 任务进度轮询完成 
[SYS] 2025/10/14 - 14:18:46 | syncing options from database 
[SYS] 2025/10/14 - 14:18:46 | syncing channels from database 
[SYS] 2025/10/14 - 14:18:46 | channels synced from database 
[SYS] 2025/10/14 - 14:18:46 | 任务进度轮询开始 
[SYS] 2025/10/14 - 14:18:46 | 任务进度轮询完成 
[SYS] 2025/10/14 - 14:19:01 | 任务进度轮询开始 
[SYS] 2025/10/14 - 14:19:01 | 任务进度轮询完成 
[SYS] 2025/10/14 - 14:19:16 | 任务进度轮询开始 
[SYS] 2025/10/14 - 14:19:16 | 任务进度轮询完成 
[SYS] 2025/10/14 - 14:19:31 | 任务进度轮询开始 
[SYS] 2025/10/14 - 14:19:31 | 任务进度轮询完成 
[SYS] 2025/10/14 - 14:19:46 | 正在更新数据看板数据... 
[SYS] 2025/10/14 - 14:19:46 | 保存数据看板数据成功，共保存0条数据 
[SYS] 2025/10/14 - 14:19:46 | syncing options from database 
[SYS] 2025/10/14 - 14:19:46 | syncing channels from database 
[SYS] 2025/10/14 - 14:19:46 | channels synced from database 
[SYS] 2025/10/14 - 14:19:46 | 任务进度轮询开始 
[SYS] 2025/10/14 - 14:19:46 | 任务进度轮询完成 
[SYS] 2025/10/14 - 14:20:01 | 任务进度轮询开始 
[SYS] 2025/10/14 - 14:20:01 | 任务进度轮询完成 
[SYS] 2025/10/14 - 14:20:16 | 任务进度轮询开始 
[SYS] 2025/10/14 - 14:20:16 | 任务进度轮询完成 
[SYS] 2025/10/14 - 14:20:31 | 任务进度轮询开始 
[SYS] 2025/10/14 - 14:20:31 | 任务进度轮询完成 
[SYS] 2025/10/14 - 14:20:46 | syncing options from database 
[SYS] 2025/10/14 - 14:20:46 | syncing channels from database 
[SYS] 2025/10/14 - 14:20:46 | channels synced from database 
[SYS] 2025/10/14 - 14:20:46 | 任务进度轮询开始 
[SYS] 2025/10/14 - 14:20:46 | 任务进度轮询完成 
[SYS] 2025/10/14 - 14:21:01 | 任务进度轮询开始 
[SYS] 2025/10/14 - 14:21:01 | 任务进度轮询完成 
[SYS] 2025/10/14 - 14:21:16 | 任务进度轮询开始 
[SYS] 2025/10/14 - 14:21:16 | 任务进度轮询完成 
[SYS] 2025/10/14 - 14:21:31 | 任务进度轮询开始 
[SYS] 2025/10/14 - 14:21:31 | 任务进度轮询完成 
[SYS] 2025/10/14 - 14:21:46 | syncing options from database 
[SYS] 2025/10/14 - 14:21:46 | syncing channels from database 
[SYS] 2025/10/14 - 14:21:46 | channels synced from database 
[SYS] 2025/10/14 - 14:21:46 | 任务进度轮询开始 
[SYS] 2025/10/14 - 14:21:46 | 任务进度轮询完成 
[SYS] 2025/10/14 - 14:22:01 | 任务进度轮询开始 
[SYS] 2025/10/14 - 14:22:01 | 任务进度轮询完成 
[SYS] 2025/10/14 - 14:22:16 | 任务进度轮询开始 
[SYS] 2025/10/14 - 14:22:16 | 任务进度轮询完成 
[SYS] 2025/10/14 - 14:22:31 | 任务进度轮询开始 
[SYS] 2025/10/14 - 14:22:31 | 任务进度轮询完成 
[SYS] 2025/10/14 - 14:22:46 | syncing options from database 
[SYS] 2025/10/14 - 14:22:46 | syncing channels from database 
[SYS] 2025/10/14 - 14:22:46 | channels synced from database 
[SYS] 2025/10/14 - 14:22:46 | 任务进度轮询开始 
[SYS] 2025/10/14 - 14:22:46 | 任务进度轮询完成 
[SYS] 2025/10/14 - 14:23:01 | 任务进度轮询开始 
[SYS] 2025/10/14 - 14:23:01 | 任务进度轮询完成 
[SYS] 2025/10/14 - 14:23:16 | 任务进度轮询开始 
[SYS] 2025/10/14 - 14:23:16 | 任务进度轮询完成 
[SYS] 2025/10/14 - 14:23:31 | 任务进度轮询开始 
[SYS] 2025/10/14 - 14:23:31 | 任务进度轮询完成 
[SYS] 2025/10/14 - 14:23:46 | syncing options from database 
[SYS] 2025/10/14 - 14:23:46 | syncing channels from database 
[SYS] 2025/10/14 - 14:23:46 | channels synced from database 
[SYS] 2025/10/14 - 14:23:46 | 任务进度轮询开始 
[SYS] 2025/10/14 - 14:23:46 | 任务进度轮询完成 
[SYS] 2025/10/14 - 14:24:01 | 任务进度轮询开始 
[SYS] 2025/10/14 - 14:24:01 | 任务进度轮询完成 
[SYS] 2025/10/14 - 14:24:16 | 任务进度轮询开始 
[SYS] 2025/10/14 - 14:24:16 | 任务进度轮询完成 
[SYS] 2025/10/14 - 14:24:31 | 任务进度轮询开始 
[SYS] 2025/10/14 - 14:24:31 | 任务进度轮询完成 
[SYS] 2025/10/14 - 14:24:46 | 正在更新数据看板数据... 
[SYS] 2025/10/14 - 14:24:46 | 保存数据看板数据成功，共保存0条数据 
[SYS] 2025/10/14 - 14:24:46 | syncing options from database 
[SYS] 2025/10/14 - 14:24:46 | syncing channels from database 
[SYS] 2025/10/14 - 14:24:46 | channels synced from database 
[SYS] 2025/10/14 - 14:24:46 | 任务进度轮询开始 
[SYS] 2025/10/14 - 14:24:46 | 任务进度轮询完成 
[SYS] 2025/10/14 - 14:25:01 | 任务进度轮询开始 
[SYS] 2025/10/14 - 14:25:01 | 任务进度轮询完成 
[SYS] 2025/10/14 - 14:25:16 | 任务进度轮询开始 
[SYS] 2025/10/14 - 14:25:16 | 任务进度轮询完成 
[SYS] 2025/10/14 - 14:25:31 | 任务进度轮询开始 
[SYS] 2025/10/14 - 14:25:31 | 任务进度轮询完成 
[SYS] 2025/10/14 - 14:25:46 | syncing options from database 
[SYS] 2025/10/14 - 14:25:46 | syncing channels from database 
[SYS] 2025/10/14 - 14:25:46 | channels synced from database 
[SYS] 2025/10/14 - 14:25:46 | 任务进度轮询开始 
[SYS] 2025/10/14 - 14:25:46 | 任务进度轮询完成 
