[SYS] 2025/10/14 - 11:19:00 | initializing token encoders 
[SYS] 2025/10/14 - 11:19:00 | token encoders initialized 
[SYS] 2025/10/14 - 11:19:00 | SQL_DSN not set, using SQLite as database 
[SYS] 2025/10/14 - 11:19:00 | database migration started 
[SYS] 2025/10/14 - 11:19:00 | system is already initialized at: 2025-10-10 14:30:09 +0800 CST 
[SYS] 2025/10/14 - 11:19:00 | REDIS_CONN_STRING not set, Redis is not enabled 
[SYS] 2025/10/14 - 11:19:00 | New API v0.0.0 started 
[SYS] 2025/10/14 - 11:19:00 | running in debug mode 
[SYS] 2025/10/14 - 11:19:00 | memory cache enabled 
[SYS] 2025/10/14 - 11:19:00 | sync frequency: 60 seconds 
[SYS] 2025/10/14 - 11:19:00 | channels synced from database 
[SYS] 2025/10/14 - 11:19:00 | 正在更新数据看板数据... 
[SYS] 2025/10/14 - 11:19:00 | 保存数据看板数据成功，共保存0条数据 
[SYS] 2025/10/14 - 11:19:15 | 任务进度轮询开始 
[SYS] 2025/10/14 - 11:19:15 | 任务进度轮询完成 
[SYS] 2025/10/14 - 11:19:30 | 任务进度轮询开始 
[SYS] 2025/10/14 - 11:19:30 | 任务进度轮询完成 
[SYS] 2025/10/14 - 11:19:45 | 任务进度轮询开始 
[SYS] 2025/10/14 - 11:19:45 | 任务进度轮询完成 
[SYS] 2025/10/14 - 11:20:00 | syncing channels from database 
[SYS] 2025/10/14 - 11:20:00 | syncing options from database 
[SYS] 2025/10/14 - 11:20:00 | 任务进度轮询开始 
[SYS] 2025/10/14 - 11:20:00 | 任务进度轮询完成 
[SYS] 2025/10/14 - 11:20:00 | channels synced from database 
[SYS] 2025/10/14 - 11:20:15 | 任务进度轮询开始 
[SYS] 2025/10/14 - 11:20:15 | 任务进度轮询完成 
[SYS] 2025/10/14 - 11:20:30 | 任务进度轮询开始 
[SYS] 2025/10/14 - 11:20:30 | 任务进度轮询完成 
[SYS] 2025/10/14 - 11:20:45 | 任务进度轮询开始 
[SYS] 2025/10/14 - 11:20:45 | 任务进度轮询完成 
[SYS] 2025/10/14 - 11:21:00 | syncing options from database 
[SYS] 2025/10/14 - 11:21:00 | syncing channels from database 
[SYS] 2025/10/14 - 11:21:00 | 任务进度轮询开始 
[SYS] 2025/10/14 - 11:21:00 | channels synced from database 
[SYS] 2025/10/14 - 11:21:00 | 任务进度轮询完成 
[SYS] 2025/10/14 - 11:21:15 | 任务进度轮询开始 
[SYS] 2025/10/14 - 11:21:15 | 任务进度轮询完成 
[SYS] 2025/10/14 - 11:21:30 | 任务进度轮询开始 
[SYS] 2025/10/14 - 11:21:30 | 任务进度轮询完成 
[SYS] 2025/10/14 - 11:21:45 | 任务进度轮询开始 
[SYS] 2025/10/14 - 11:21:45 | 任务进度轮询完成 
[SYS] 2025/10/14 - 11:22:00 | syncing options from database 
[SYS] 2025/10/14 - 11:22:00 | syncing channels from database 
[SYS] 2025/10/14 - 11:22:00 | 任务进度轮询开始 
[SYS] 2025/10/14 - 11:22:00 | 任务进度轮询完成 
[SYS] 2025/10/14 - 11:22:00 | channels synced from database 
[SYS] 2025/10/14 - 11:22:15 | 任务进度轮询开始 
[SYS] 2025/10/14 - 11:22:15 | 任务进度轮询完成 
[SYS] 2025/10/14 - 11:22:30 | 任务进度轮询开始 
[SYS] 2025/10/14 - 11:22:30 | 任务进度轮询完成 
[SYS] 2025/10/14 - 11:22:45 | 任务进度轮询开始 
[SYS] 2025/10/14 - 11:22:45 | 任务进度轮询完成 
[SYS] 2025/10/14 - 11:23:00 | syncing options from database 
[SYS] 2025/10/14 - 11:23:00 | syncing channels from database 
[SYS] 2025/10/14 - 11:23:00 | 任务进度轮询开始 
[SYS] 2025/10/14 - 11:23:00 | channels synced from database 
[SYS] 2025/10/14 - 11:23:00 | 任务进度轮询完成 
[SYS] 2025/10/14 - 11:23:15 | 任务进度轮询开始 
[SYS] 2025/10/14 - 11:23:15 | 任务进度轮询完成 
[SYS] 2025/10/14 - 11:23:30 | 任务进度轮询开始 
[SYS] 2025/10/14 - 11:23:30 | 任务进度轮询完成 
[SYS] 2025/10/14 - 11:23:45 | 任务进度轮询开始 
[SYS] 2025/10/14 - 11:23:45 | 任务进度轮询完成 
[SYS] 2025/10/14 - 11:24:00 | 正在更新数据看板数据... 
[SYS] 2025/10/14 - 11:24:00 | 保存数据看板数据成功，共保存0条数据 
[SYS] 2025/10/14 - 11:24:00 | syncing options from database 
[SYS] 2025/10/14 - 11:24:00 | syncing channels from database 
[SYS] 2025/10/14 - 11:24:00 | channels synced from database 
[SYS] 2025/10/14 - 11:24:00 | 任务进度轮询开始 
[SYS] 2025/10/14 - 11:24:00 | 任务进度轮询完成 
[SYS] 2025/10/14 - 11:24:15 | 任务进度轮询开始 
[SYS] 2025/10/14 - 11:24:15 | 任务进度轮询完成 
[SYS] 2025/10/14 - 11:24:30 | 任务进度轮询开始 
[SYS] 2025/10/14 - 11:24:30 | 任务进度轮询完成 
[SYS] 2025/10/14 - 11:24:45 | 任务进度轮询开始 
[SYS] 2025/10/14 - 11:24:45 | 任务进度轮询完成 
[SYS] 2025/10/14 - 11:25:00 | syncing options from database 
[SYS] 2025/10/14 - 11:25:00 | syncing channels from database 
[SYS] 2025/10/14 - 11:25:00 | channels synced from database 
[SYS] 2025/10/14 - 11:25:00 | 任务进度轮询开始 
[SYS] 2025/10/14 - 11:25:00 | 任务进度轮询完成 
[SYS] 2025/10/14 - 11:25:15 | 任务进度轮询开始 
[SYS] 2025/10/14 - 11:25:15 | 任务进度轮询完成 
[SYS] 2025/10/14 - 11:25:30 | 任务进度轮询开始 
[SYS] 2025/10/14 - 11:25:30 | 任务进度轮询完成 
[SYS] 2025/10/14 - 11:25:45 | 任务进度轮询开始 
[SYS] 2025/10/14 - 11:25:45 | 任务进度轮询完成 
[SYS] 2025/10/14 - 11:26:00 | syncing options from database 
[SYS] 2025/10/14 - 11:26:00 | syncing channels from database 
[SYS] 2025/10/14 - 11:26:00 | channels synced from database 
[SYS] 2025/10/14 - 11:26:00 | 任务进度轮询开始 
[SYS] 2025/10/14 - 11:26:00 | 任务进度轮询完成 
[SYS] 2025/10/14 - 11:26:15 | 任务进度轮询开始 
[SYS] 2025/10/14 - 11:26:15 | 任务进度轮询完成 
[SYS] 2025/10/14 - 11:26:30 | 任务进度轮询开始 
[SYS] 2025/10/14 - 11:26:30 | 任务进度轮询完成 
[SYS] 2025/10/14 - 11:26:45 | 任务进度轮询开始 
[SYS] 2025/10/14 - 11:26:45 | 任务进度轮询完成 
[SYS] 2025/10/14 - 11:27:00 | syncing options from database 
[SYS] 2025/10/14 - 11:27:00 | syncing channels from database 
[SYS] 2025/10/14 - 11:27:00 | channels synced from database 
[SYS] 2025/10/14 - 11:27:00 | 任务进度轮询开始 
[SYS] 2025/10/14 - 11:27:00 | 任务进度轮询完成 
[SYS] 2025/10/14 - 11:27:15 | 任务进度轮询开始 
[SYS] 2025/10/14 - 11:27:15 | 任务进度轮询完成 
[SYS] 2025/10/14 - 11:27:30 | 任务进度轮询开始 
[SYS] 2025/10/14 - 11:27:30 | 任务进度轮询完成 
[SYS] 2025/10/14 - 11:27:45 | 任务进度轮询开始 
[SYS] 2025/10/14 - 11:27:45 | 任务进度轮询完成 
[SYS] 2025/10/14 - 11:28:00 | syncing options from database 
[SYS] 2025/10/14 - 11:28:00 | syncing channels from database 
[SYS] 2025/10/14 - 11:28:00 | channels synced from database 
[SYS] 2025/10/14 - 11:28:00 | 任务进度轮询开始 
[SYS] 2025/10/14 - 11:28:00 | 任务进度轮询完成 
[SYS] 2025/10/14 - 11:28:15 | 任务进度轮询开始 
[SYS] 2025/10/14 - 11:28:15 | 任务进度轮询完成 
[SYS] 2025/10/14 - 11:28:30 | 任务进度轮询开始 
[SYS] 2025/10/14 - 11:28:30 | 任务进度轮询完成 
[SYS] 2025/10/14 - 11:28:45 | 任务进度轮询开始 
[SYS] 2025/10/14 - 11:28:45 | 任务进度轮询完成 
[SYS] 2025/10/14 - 11:29:00 | 正在更新数据看板数据... 
[SYS] 2025/10/14 - 11:29:00 | 保存数据看板数据成功，共保存0条数据 
[SYS] 2025/10/14 - 11:29:00 | syncing options from database 
[SYS] 2025/10/14 - 11:29:00 | syncing channels from database 
[SYS] 2025/10/14 - 11:29:00 | channels synced from database 
[SYS] 2025/10/14 - 11:29:00 | 任务进度轮询开始 
[SYS] 2025/10/14 - 11:29:00 | 任务进度轮询完成 
[SYS] 2025/10/14 - 11:29:15 | 任务进度轮询开始 
[SYS] 2025/10/14 - 11:29:15 | 任务进度轮询完成 
[SYS] 2025/10/14 - 11:29:30 | 任务进度轮询开始 
[SYS] 2025/10/14 - 11:29:30 | 任务进度轮询完成 
[SYS] 2025/10/14 - 11:29:45 | 任务进度轮询开始 
[SYS] 2025/10/14 - 11:29:45 | 任务进度轮询完成 
[SYS] 2025/10/14 - 11:30:00 | syncing options from database 
[SYS] 2025/10/14 - 11:30:00 | syncing channels from database 
[SYS] 2025/10/14 - 11:30:00 | channels synced from database 
[SYS] 2025/10/14 - 11:30:00 | 任务进度轮询开始 
[SYS] 2025/10/14 - 11:30:00 | 任务进度轮询完成 
[SYS] 2025/10/14 - 11:30:15 | 任务进度轮询开始 
[SYS] 2025/10/14 - 11:30:15 | 任务进度轮询完成 
[SYS] 2025/10/14 - 11:30:30 | 任务进度轮询开始 
[SYS] 2025/10/14 - 11:30:30 | 任务进度轮询完成 
[SYS] 2025/10/14 - 11:30:45 | 任务进度轮询开始 
[SYS] 2025/10/14 - 11:30:45 | 任务进度轮询完成 
[SYS] 2025/10/14 - 11:31:00 | syncing options from database 
[SYS] 2025/10/14 - 11:31:00 | syncing channels from database 
[SYS] 2025/10/14 - 11:31:00 | channels synced from database 
[SYS] 2025/10/14 - 11:31:00 | 任务进度轮询开始 
[SYS] 2025/10/14 - 11:31:00 | 任务进度轮询完成 
[SYS] 2025/10/14 - 11:31:15 | 任务进度轮询开始 
[SYS] 2025/10/14 - 11:31:15 | 任务进度轮询完成 
[SYS] 2025/10/14 - 11:31:30 | 任务进度轮询开始 
[SYS] 2025/10/14 - 11:31:30 | 任务进度轮询完成 
[SYS] 2025/10/14 - 11:31:45 | 任务进度轮询开始 
[SYS] 2025/10/14 - 11:31:45 | 任务进度轮询完成 
[SYS] 2025/10/14 - 11:32:00 | syncing options from database 
[SYS] 2025/10/14 - 11:32:00 | syncing channels from database 
[SYS] 2025/10/14 - 11:32:00 | channels synced from database 
[SYS] 2025/10/14 - 11:32:00 | 任务进度轮询开始 
[SYS] 2025/10/14 - 11:32:00 | 任务进度轮询完成 
[SYS] 2025/10/14 - 11:32:15 | 任务进度轮询开始 
[SYS] 2025/10/14 - 11:32:15 | 任务进度轮询完成 
[SYS] 2025/10/14 - 11:32:30 | 任务进度轮询开始 
[SYS] 2025/10/14 - 11:32:30 | 任务进度轮询完成 
[SYS] 2025/10/14 - 11:32:45 | 任务进度轮询开始 
[SYS] 2025/10/14 - 11:32:45 | 任务进度轮询完成 
[SYS] 2025/10/14 - 11:33:00 | syncing options from database 
[SYS] 2025/10/14 - 11:33:00 | syncing channels from database 
[SYS] 2025/10/14 - 11:33:00 | channels synced from database 
[SYS] 2025/10/14 - 11:33:00 | 任务进度轮询开始 
[SYS] 2025/10/14 - 11:33:00 | 任务进度轮询完成 
[SYS] 2025/10/14 - 11:33:15 | 任务进度轮询开始 
[SYS] 2025/10/14 - 11:33:15 | 任务进度轮询完成 
[SYS] 2025/10/14 - 11:33:31 | 任务进度轮询开始 
[SYS] 2025/10/14 - 11:33:31 | 任务进度轮询完成 
[SYS] 2025/10/14 - 11:33:46 | 任务进度轮询开始 
[SYS] 2025/10/14 - 11:33:46 | 任务进度轮询完成 
[SYS] 2025/10/14 - 11:34:00 | 正在更新数据看板数据... 
[SYS] 2025/10/14 - 11:34:00 | 保存数据看板数据成功，共保存0条数据 
[SYS] 2025/10/14 - 11:34:00 | syncing options from database 
[SYS] 2025/10/14 - 11:34:00 | syncing channels from database 
[SYS] 2025/10/14 - 11:34:00 | channels synced from database 
[SYS] 2025/10/14 - 11:34:01 | 任务进度轮询开始 
[SYS] 2025/10/14 - 11:34:01 | 任务进度轮询完成 
[SYS] 2025/10/14 - 11:34:16 | 任务进度轮询开始 
[SYS] 2025/10/14 - 11:34:16 | 任务进度轮询完成 
[SYS] 2025/10/14 - 11:34:31 | 任务进度轮询开始 
[SYS] 2025/10/14 - 11:34:31 | 任务进度轮询完成 
[SYS] 2025/10/14 - 11:34:46 | 任务进度轮询开始 
[SYS] 2025/10/14 - 11:34:46 | 任务进度轮询完成 
[SYS] 2025/10/14 - 11:35:00 | syncing options from database 
[SYS] 2025/10/14 - 11:35:00 | syncing channels from database 
[SYS] 2025/10/14 - 11:35:00 | channels synced from database 
[SYS] 2025/10/14 - 11:35:01 | 任务进度轮询开始 
[SYS] 2025/10/14 - 11:35:01 | 任务进度轮询完成 
[SYS] 2025/10/14 - 11:35:16 | 任务进度轮询开始 
[SYS] 2025/10/14 - 11:35:16 | 任务进度轮询完成 
[SYS] 2025/10/14 - 11:35:31 | 任务进度轮询开始 
[SYS] 2025/10/14 - 11:35:31 | 任务进度轮询完成 
[SYS] 2025/10/14 - 11:35:46 | 任务进度轮询开始 
[SYS] 2025/10/14 - 11:35:46 | 任务进度轮询完成 
[SYS] 2025/10/14 - 11:36:00 | syncing options from database 
[SYS] 2025/10/14 - 11:36:00 | syncing channels from database 
[SYS] 2025/10/14 - 11:36:00 | channels synced from database 
[SYS] 2025/10/14 - 11:36:01 | 任务进度轮询开始 
[SYS] 2025/10/14 - 11:36:01 | 任务进度轮询完成 
[SYS] 2025/10/14 - 11:36:16 | 任务进度轮询开始 
[SYS] 2025/10/14 - 11:36:16 | 任务进度轮询完成 
[SYS] 2025/10/14 - 11:36:31 | 任务进度轮询开始 
[SYS] 2025/10/14 - 11:36:31 | 任务进度轮询完成 
[SYS] 2025/10/14 - 11:36:46 | 任务进度轮询开始 
[SYS] 2025/10/14 - 11:36:46 | 任务进度轮询完成 
[SYS] 2025/10/14 - 11:37:00 | syncing options from database 
[SYS] 2025/10/14 - 11:37:00 | syncing channels from database 
[SYS] 2025/10/14 - 11:37:00 | channels synced from database 
[SYS] 2025/10/14 - 11:37:01 | 任务进度轮询开始 
[SYS] 2025/10/14 - 11:37:01 | 任务进度轮询完成 
[SYS] 2025/10/14 - 11:37:16 | 任务进度轮询开始 
[SYS] 2025/10/14 - 11:37:16 | 任务进度轮询完成 
[SYS] 2025/10/14 - 11:37:31 | 任务进度轮询开始 
[SYS] 2025/10/14 - 11:37:31 | 任务进度轮询完成 
[SYS] 2025/10/14 - 11:37:46 | 任务进度轮询开始 
[SYS] 2025/10/14 - 11:37:46 | 任务进度轮询完成 
[SYS] 2025/10/14 - 11:38:00 | syncing options from database 
[SYS] 2025/10/14 - 11:38:00 | syncing channels from database 
[SYS] 2025/10/14 - 11:38:00 | channels synced from database 
[SYS] 2025/10/14 - 11:38:01 | 任务进度轮询开始 
[SYS] 2025/10/14 - 11:38:01 | 任务进度轮询完成 
[SYS] 2025/10/14 - 11:38:16 | 任务进度轮询开始 
[SYS] 2025/10/14 - 11:38:16 | 任务进度轮询完成 
[SYS] 2025/10/14 - 11:38:31 | 任务进度轮询开始 
[SYS] 2025/10/14 - 11:38:31 | 任务进度轮询完成 
[SYS] 2025/10/14 - 11:38:46 | 任务进度轮询开始 
[SYS] 2025/10/14 - 11:38:46 | 任务进度轮询完成 
[SYS] 2025/10/14 - 11:39:00 | 正在更新数据看板数据... 
[SYS] 2025/10/14 - 11:39:00 | 保存数据看板数据成功，共保存0条数据 
[SYS] 2025/10/14 - 11:39:00 | syncing options from database 
[SYS] 2025/10/14 - 11:39:00 | syncing channels from database 
[SYS] 2025/10/14 - 11:39:01 | channels synced from database 
[SYS] 2025/10/14 - 11:39:01 | 任务进度轮询开始 
[SYS] 2025/10/14 - 11:39:01 | 任务进度轮询完成 
[SYS] 2025/10/14 - 11:39:16 | 任务进度轮询开始 
[SYS] 2025/10/14 - 11:39:16 | 任务进度轮询完成 
[SYS] 2025/10/14 - 11:39:31 | 任务进度轮询开始 
[SYS] 2025/10/14 - 11:39:31 | 任务进度轮询完成 
[SYS] 2025/10/14 - 11:39:46 | 任务进度轮询开始 
[SYS] 2025/10/14 - 11:39:46 | 任务进度轮询完成 
[SYS] 2025/10/14 - 11:40:00 | syncing options from database 
[SYS] 2025/10/14 - 11:40:01 | syncing channels from database 
[SYS] 2025/10/14 - 11:40:01 | channels synced from database 
[SYS] 2025/10/14 - 11:40:01 | 任务进度轮询开始 
[SYS] 2025/10/14 - 11:40:01 | 任务进度轮询完成 
[SYS] 2025/10/14 - 11:40:16 | 任务进度轮询开始 
[SYS] 2025/10/14 - 11:40:16 | 任务进度轮询完成 
[SYS] 2025/10/14 - 11:40:31 | 任务进度轮询开始 
[SYS] 2025/10/14 - 11:40:31 | 任务进度轮询完成 
[SYS] 2025/10/14 - 11:40:46 | 任务进度轮询开始 
[SYS] 2025/10/14 - 11:40:46 | 任务进度轮询完成 
[SYS] 2025/10/14 - 11:41:00 | syncing options from database 
[SYS] 2025/10/14 - 11:41:01 | syncing channels from database 
[SYS] 2025/10/14 - 11:41:01 | channels synced from database 
[SYS] 2025/10/14 - 11:41:01 | 任务进度轮询开始 
[SYS] 2025/10/14 - 11:41:01 | 任务进度轮询完成 
[SYS] 2025/10/14 - 11:41:16 | 任务进度轮询开始 
[SYS] 2025/10/14 - 11:41:16 | 任务进度轮询完成 
[SYS] 2025/10/14 - 11:41:31 | 任务进度轮询开始 
[SYS] 2025/10/14 - 11:41:31 | 任务进度轮询完成 
[SYS] 2025/10/14 - 11:41:46 | 任务进度轮询开始 
[SYS] 2025/10/14 - 11:41:46 | 任务进度轮询完成 
[SYS] 2025/10/14 - 11:42:00 | syncing options from database 
[SYS] 2025/10/14 - 11:42:01 | syncing channels from database 
[SYS] 2025/10/14 - 11:42:01 | channels synced from database 
[SYS] 2025/10/14 - 11:42:01 | 任务进度轮询开始 
[SYS] 2025/10/14 - 11:42:01 | 任务进度轮询完成 
[SYS] 2025/10/14 - 11:42:16 | 任务进度轮询开始 
[SYS] 2025/10/14 - 11:42:16 | 任务进度轮询完成 
[SYS] 2025/10/14 - 11:42:31 | 任务进度轮询开始 
[SYS] 2025/10/14 - 11:42:31 | 任务进度轮询完成 
[SYS] 2025/10/14 - 11:42:46 | 任务进度轮询开始 
[SYS] 2025/10/14 - 11:42:46 | 任务进度轮询完成 
[SYS] 2025/10/14 - 11:43:00 | syncing options from database 
[SYS] 2025/10/14 - 11:43:01 | syncing channels from database 
[SYS] 2025/10/14 - 11:43:01 | channels synced from database 
[SYS] 2025/10/14 - 11:43:01 | 任务进度轮询开始 
[SYS] 2025/10/14 - 11:43:01 | 任务进度轮询完成 
[SYS] 2025/10/14 - 11:43:16 | 任务进度轮询开始 
[SYS] 2025/10/14 - 11:43:16 | 任务进度轮询完成 
[SYS] 2025/10/14 - 11:43:31 | 任务进度轮询开始 
[SYS] 2025/10/14 - 11:43:31 | 任务进度轮询完成 
[SYS] 2025/10/14 - 11:43:46 | 任务进度轮询开始 
[SYS] 2025/10/14 - 11:43:46 | 任务进度轮询完成 
[SYS] 2025/10/14 - 11:44:00 | 正在更新数据看板数据... 
[SYS] 2025/10/14 - 11:44:00 | 保存数据看板数据成功，共保存0条数据 
[SYS] 2025/10/14 - 11:44:00 | syncing options from database 
[SYS] 2025/10/14 - 11:44:01 | syncing channels from database 
[SYS] 2025/10/14 - 11:44:01 | channels synced from database 
[SYS] 2025/10/14 - 11:44:01 | 任务进度轮询开始 
[SYS] 2025/10/14 - 11:44:01 | 任务进度轮询完成 
[SYS] 2025/10/14 - 11:44:16 | 任务进度轮询开始 
[SYS] 2025/10/14 - 11:44:16 | 任务进度轮询完成 
[SYS] 2025/10/14 - 11:44:31 | 任务进度轮询开始 
[SYS] 2025/10/14 - 11:44:31 | 任务进度轮询完成 
[SYS] 2025/10/14 - 11:44:46 | 任务进度轮询开始 
[SYS] 2025/10/14 - 11:44:46 | 任务进度轮询完成 
[SYS] 2025/10/14 - 11:45:00 | syncing options from database 
[SYS] 2025/10/14 - 11:45:01 | syncing channels from database 
[SYS] 2025/10/14 - 11:45:01 | channels synced from database 
[SYS] 2025/10/14 - 11:45:01 | 任务进度轮询开始 
[SYS] 2025/10/14 - 11:45:01 | 任务进度轮询完成 
[SYS] 2025/10/14 - 11:45:16 | 任务进度轮询开始 
[SYS] 2025/10/14 - 11:45:16 | 任务进度轮询完成 
[SYS] 2025/10/14 - 11:45:31 | 任务进度轮询开始 
[SYS] 2025/10/14 - 11:45:31 | 任务进度轮询完成 
[SYS] 2025/10/14 - 11:45:46 | 任务进度轮询开始 
[SYS] 2025/10/14 - 11:45:46 | 任务进度轮询完成 
[SYS] 2025/10/14 - 11:46:00 | syncing options from database 
[SYS] 2025/10/14 - 11:46:01 | syncing channels from database 
[SYS] 2025/10/14 - 11:46:01 | channels synced from database 
[SYS] 2025/10/14 - 11:46:01 | 任务进度轮询开始 
[SYS] 2025/10/14 - 11:46:01 | 任务进度轮询完成 
[SYS] 2025/10/14 - 11:46:16 | 任务进度轮询开始 
[SYS] 2025/10/14 - 11:46:16 | 任务进度轮询完成 
[SYS] 2025/10/14 - 11:46:31 | 任务进度轮询开始 
[SYS] 2025/10/14 - 11:46:31 | 任务进度轮询完成 
[SYS] 2025/10/14 - 11:46:46 | 任务进度轮询开始 
[SYS] 2025/10/14 - 11:46:46 | 任务进度轮询完成 
[SYS] 2025/10/14 - 11:47:00 | syncing options from database 
[SYS] 2025/10/14 - 11:47:01 | syncing channels from database 
[SYS] 2025/10/14 - 11:47:01 | channels synced from database 
[SYS] 2025/10/14 - 11:47:01 | 任务进度轮询开始 
[SYS] 2025/10/14 - 11:47:01 | 任务进度轮询完成 
[SYS] 2025/10/14 - 11:47:16 | 任务进度轮询开始 
[SYS] 2025/10/14 - 11:47:16 | 任务进度轮询完成 
[SYS] 2025/10/14 - 11:47:31 | 任务进度轮询开始 
[SYS] 2025/10/14 - 11:47:31 | 任务进度轮询完成 
[SYS] 2025/10/14 - 11:47:46 | 任务进度轮询开始 
[SYS] 2025/10/14 - 11:47:46 | 任务进度轮询完成 
[SYS] 2025/10/14 - 11:48:00 | syncing options from database 
[SYS] 2025/10/14 - 11:48:01 | syncing channels from database 
[SYS] 2025/10/14 - 11:48:01 | channels synced from database 
[SYS] 2025/10/14 - 11:48:01 | 任务进度轮询开始 
[SYS] 2025/10/14 - 11:48:01 | 任务进度轮询完成 
[SYS] 2025/10/14 - 11:48:16 | 任务进度轮询开始 
[SYS] 2025/10/14 - 11:48:16 | 任务进度轮询完成 
[SYS] 2025/10/14 - 11:48:31 | 任务进度轮询开始 
[SYS] 2025/10/14 - 11:48:31 | 任务进度轮询完成 
[SYS] 2025/10/14 - 11:48:46 | 任务进度轮询开始 
[SYS] 2025/10/14 - 11:48:46 | 任务进度轮询完成 
[SYS] 2025/10/14 - 11:49:00 | 正在更新数据看板数据... 
[SYS] 2025/10/14 - 11:49:00 | 保存数据看板数据成功，共保存0条数据 
[SYS] 2025/10/14 - 11:49:00 | syncing options from database 
[SYS] 2025/10/14 - 11:49:01 | syncing channels from database 
[SYS] 2025/10/14 - 11:49:01 | channels synced from database 
[SYS] 2025/10/14 - 11:49:01 | 任务进度轮询开始 
[SYS] 2025/10/14 - 11:49:01 | 任务进度轮询完成 
[SYS] 2025/10/14 - 11:49:16 | 任务进度轮询开始 
[SYS] 2025/10/14 - 11:49:16 | 任务进度轮询完成 
[SYS] 2025/10/14 - 11:49:31 | 任务进度轮询开始 
[SYS] 2025/10/14 - 11:49:31 | 任务进度轮询完成 
[SYS] 2025/10/14 - 11:49:46 | 任务进度轮询开始 
[SYS] 2025/10/14 - 11:49:46 | 任务进度轮询完成 
[SYS] 2025/10/14 - 11:50:00 | syncing options from database 
[SYS] 2025/10/14 - 11:50:01 | syncing channels from database 
[SYS] 2025/10/14 - 11:50:01 | channels synced from database 
[SYS] 2025/10/14 - 11:50:01 | 任务进度轮询开始 
[SYS] 2025/10/14 - 11:50:01 | 任务进度轮询完成 
[SYS] 2025/10/14 - 11:50:16 | 任务进度轮询开始 
[SYS] 2025/10/14 - 11:50:16 | 任务进度轮询完成 
[SYS] 2025/10/14 - 11:50:31 | 任务进度轮询开始 
[SYS] 2025/10/14 - 11:50:31 | 任务进度轮询完成 
[SYS] 2025/10/14 - 11:50:46 | 任务进度轮询开始 
[SYS] 2025/10/14 - 11:50:46 | 任务进度轮询完成 
[SYS] 2025/10/14 - 11:51:00 | syncing options from database 
[SYS] 2025/10/14 - 11:51:01 | syncing channels from database 
[SYS] 2025/10/14 - 11:51:01 | channels synced from database 
[SYS] 2025/10/14 - 11:51:01 | 任务进度轮询开始 
[SYS] 2025/10/14 - 11:51:01 | 任务进度轮询完成 
[SYS] 2025/10/14 - 11:51:16 | 任务进度轮询开始 
[SYS] 2025/10/14 - 11:51:16 | 任务进度轮询完成 
[SYS] 2025/10/14 - 11:51:31 | 任务进度轮询开始 
[SYS] 2025/10/14 - 11:51:31 | 任务进度轮询完成 
[SYS] 2025/10/14 - 11:51:46 | 任务进度轮询开始 
[SYS] 2025/10/14 - 11:51:46 | 任务进度轮询完成 
[SYS] 2025/10/14 - 11:52:00 | syncing options from database 
[SYS] 2025/10/14 - 11:52:01 | syncing channels from database 
[SYS] 2025/10/14 - 11:52:01 | channels synced from database 
[SYS] 2025/10/14 - 11:52:01 | 任务进度轮询开始 
[SYS] 2025/10/14 - 11:52:01 | 任务进度轮询完成 
[SYS] 2025/10/14 - 11:52:16 | 任务进度轮询开始 
[SYS] 2025/10/14 - 11:52:16 | 任务进度轮询完成 
[SYS] 2025/10/14 - 11:52:31 | 任务进度轮询开始 
[SYS] 2025/10/14 - 11:52:31 | 任务进度轮询完成 
[SYS] 2025/10/14 - 11:52:46 | 任务进度轮询开始 
[SYS] 2025/10/14 - 11:52:46 | 任务进度轮询完成 
[SYS] 2025/10/14 - 11:53:00 | syncing options from database 
[SYS] 2025/10/14 - 11:53:01 | syncing channels from database 
[SYS] 2025/10/14 - 11:53:01 | channels synced from database 
[SYS] 2025/10/14 - 11:53:01 | 任务进度轮询开始 
[SYS] 2025/10/14 - 11:53:01 | 任务进度轮询完成 
[SYS] 2025/10/14 - 11:53:16 | 任务进度轮询开始 
[SYS] 2025/10/14 - 11:53:16 | 任务进度轮询完成 
[SYS] 2025/10/14 - 11:53:31 | 任务进度轮询开始 
[SYS] 2025/10/14 - 11:53:31 | 任务进度轮询完成 
[SYS] 2025/10/14 - 11:53:46 | 任务进度轮询开始 
[SYS] 2025/10/14 - 11:53:46 | 任务进度轮询完成 
[SYS] 2025/10/14 - 11:54:00 | 正在更新数据看板数据... 
[SYS] 2025/10/14 - 11:54:00 | 保存数据看板数据成功，共保存0条数据 
[SYS] 2025/10/14 - 11:54:00 | syncing options from database 
[SYS] 2025/10/14 - 11:54:01 | syncing channels from database 
[SYS] 2025/10/14 - 11:54:01 | channels synced from database 
[SYS] 2025/10/14 - 11:54:01 | 任务进度轮询开始 
[SYS] 2025/10/14 - 11:54:01 | 任务进度轮询完成 
[SYS] 2025/10/14 - 11:54:16 | 任务进度轮询开始 
[SYS] 2025/10/14 - 11:54:16 | 任务进度轮询完成 
[SYS] 2025/10/14 - 11:54:31 | 任务进度轮询开始 
[SYS] 2025/10/14 - 11:54:31 | 任务进度轮询完成 
[SYS] 2025/10/14 - 11:54:46 | 任务进度轮询开始 
[SYS] 2025/10/14 - 11:54:46 | 任务进度轮询完成 
[SYS] 2025/10/14 - 11:55:00 | syncing options from database 
[SYS] 2025/10/14 - 11:55:01 | syncing channels from database 
[SYS] 2025/10/14 - 11:55:01 | channels synced from database 
[SYS] 2025/10/14 - 11:55:01 | 任务进度轮询开始 
[SYS] 2025/10/14 - 11:55:01 | 任务进度轮询完成 
[SYS] 2025/10/14 - 11:55:16 | 任务进度轮询开始 
[SYS] 2025/10/14 - 11:55:16 | 任务进度轮询完成 
[SYS] 2025/10/14 - 11:55:31 | 任务进度轮询开始 
[SYS] 2025/10/14 - 11:55:31 | 任务进度轮询完成 
[SYS] 2025/10/14 - 11:55:46 | 任务进度轮询开始 
[SYS] 2025/10/14 - 11:55:46 | 任务进度轮询完成 
[SYS] 2025/10/14 - 11:56:01 | syncing options from database 
[SYS] 2025/10/14 - 11:56:01 | syncing channels from database 
[SYS] 2025/10/14 - 11:56:01 | channels synced from database 
[SYS] 2025/10/14 - 11:56:01 | 任务进度轮询开始 
[SYS] 2025/10/14 - 11:56:01 | 任务进度轮询完成 
[SYS] 2025/10/14 - 11:56:16 | 任务进度轮询开始 
[SYS] 2025/10/14 - 11:56:16 | 任务进度轮询完成 
[SYS] 2025/10/14 - 11:56:31 | 任务进度轮询开始 
[SYS] 2025/10/14 - 11:56:31 | 任务进度轮询完成 
[SYS] 2025/10/14 - 11:56:46 | 任务进度轮询开始 
[SYS] 2025/10/14 - 11:56:46 | 任务进度轮询完成 
[SYS] 2025/10/14 - 11:57:01 | syncing options from database 
[SYS] 2025/10/14 - 11:57:01 | syncing channels from database 
[SYS] 2025/10/14 - 11:57:01 | channels synced from database 
[SYS] 2025/10/14 - 11:57:01 | 任务进度轮询开始 
[SYS] 2025/10/14 - 11:57:01 | 任务进度轮询完成 
[SYS] 2025/10/14 - 11:57:16 | 任务进度轮询开始 
[SYS] 2025/10/14 - 11:57:16 | 任务进度轮询完成 
[SYS] 2025/10/14 - 11:57:31 | 任务进度轮询开始 
[SYS] 2025/10/14 - 11:57:31 | 任务进度轮询完成 
[SYS] 2025/10/14 - 11:57:46 | 任务进度轮询开始 
[SYS] 2025/10/14 - 11:57:46 | 任务进度轮询完成 
[SYS] 2025/10/14 - 11:58:01 | syncing options from database 
[SYS] 2025/10/14 - 11:58:01 | syncing channels from database 
[SYS] 2025/10/14 - 11:58:01 | channels synced from database 
[SYS] 2025/10/14 - 11:58:01 | 任务进度轮询开始 
[SYS] 2025/10/14 - 11:58:01 | 任务进度轮询完成 
[SYS] 2025/10/14 - 11:58:16 | 任务进度轮询开始 
[SYS] 2025/10/14 - 11:58:16 | 任务进度轮询完成 
[SYS] 2025/10/14 - 11:58:31 | 任务进度轮询开始 
[SYS] 2025/10/14 - 11:58:31 | 任务进度轮询完成 
[SYS] 2025/10/14 - 11:58:46 | 任务进度轮询开始 
[SYS] 2025/10/14 - 11:58:46 | 任务进度轮询完成 
[SYS] 2025/10/14 - 11:59:00 | 正在更新数据看板数据... 
[SYS] 2025/10/14 - 11:59:00 | 保存数据看板数据成功，共保存0条数据 
[SYS] 2025/10/14 - 11:59:01 | syncing options from database 
[SYS] 2025/10/14 - 11:59:01 | syncing channels from database 
[SYS] 2025/10/14 - 11:59:01 | channels synced from database 
[SYS] 2025/10/14 - 11:59:01 | 任务进度轮询开始 
[SYS] 2025/10/14 - 11:59:01 | 任务进度轮询完成 
[SYS] 2025/10/14 - 11:59:16 | 任务进度轮询开始 
[SYS] 2025/10/14 - 11:59:16 | 任务进度轮询完成 
[SYS] 2025/10/14 - 11:59:31 | 任务进度轮询开始 
[SYS] 2025/10/14 - 11:59:31 | 任务进度轮询完成 
[SYS] 2025/10/14 - 11:59:46 | 任务进度轮询开始 
[SYS] 2025/10/14 - 11:59:46 | 任务进度轮询完成 
[SYS] 2025/10/14 - 12:00:01 | syncing options from database 
[SYS] 2025/10/14 - 12:00:01 | syncing channels from database 
[SYS] 2025/10/14 - 12:00:01 | channels synced from database 
[SYS] 2025/10/14 - 12:00:01 | 任务进度轮询开始 
[SYS] 2025/10/14 - 12:00:01 | 任务进度轮询完成 
[SYS] 2025/10/14 - 12:00:16 | 任务进度轮询开始 
[SYS] 2025/10/14 - 12:00:16 | 任务进度轮询完成 
[SYS] 2025/10/14 - 12:00:31 | 任务进度轮询开始 
[SYS] 2025/10/14 - 12:00:31 | 任务进度轮询完成 
[SYS] 2025/10/14 - 12:00:46 | 任务进度轮询开始 
[SYS] 2025/10/14 - 12:00:46 | 任务进度轮询完成 
[SYS] 2025/10/14 - 12:01:01 | syncing options from database 
[SYS] 2025/10/14 - 12:01:01 | syncing channels from database 
[SYS] 2025/10/14 - 12:01:01 | channels synced from database 
[SYS] 2025/10/14 - 12:01:01 | 任务进度轮询开始 
[SYS] 2025/10/14 - 12:01:01 | 任务进度轮询完成 
[SYS] 2025/10/14 - 12:01:16 | 任务进度轮询开始 
[SYS] 2025/10/14 - 12:01:16 | 任务进度轮询完成 
[SYS] 2025/10/14 - 12:01:31 | 任务进度轮询开始 
[SYS] 2025/10/14 - 12:01:31 | 任务进度轮询完成 
[SYS] 2025/10/14 - 12:01:46 | 任务进度轮询开始 
[SYS] 2025/10/14 - 12:01:46 | 任务进度轮询完成 
[SYS] 2025/10/14 - 12:02:01 | syncing options from database 
[SYS] 2025/10/14 - 12:02:01 | syncing channels from database 
[SYS] 2025/10/14 - 12:02:01 | channels synced from database 
[SYS] 2025/10/14 - 12:02:01 | 任务进度轮询开始 
[SYS] 2025/10/14 - 12:02:01 | 任务进度轮询完成 
[SYS] 2025/10/14 - 12:02:16 | 任务进度轮询开始 
[SYS] 2025/10/14 - 12:02:16 | 任务进度轮询完成 
[SYS] 2025/10/14 - 12:02:31 | 任务进度轮询开始 
[SYS] 2025/10/14 - 12:02:31 | 任务进度轮询完成 
[SYS] 2025/10/14 - 12:02:46 | 任务进度轮询开始 
[SYS] 2025/10/14 - 12:02:46 | 任务进度轮询完成 
[SYS] 2025/10/14 - 12:03:01 | syncing options from database 
[SYS] 2025/10/14 - 12:03:01 | syncing channels from database 
[SYS] 2025/10/14 - 12:03:01 | channels synced from database 
[SYS] 2025/10/14 - 12:03:01 | 任务进度轮询开始 
[SYS] 2025/10/14 - 12:03:01 | 任务进度轮询完成 
[SYS] 2025/10/14 - 12:03:16 | 任务进度轮询开始 
[SYS] 2025/10/14 - 12:03:16 | 任务进度轮询完成 
[SYS] 2025/10/14 - 12:03:31 | 任务进度轮询开始 
[SYS] 2025/10/14 - 12:03:31 | 任务进度轮询完成 
[SYS] 2025/10/14 - 12:03:46 | 任务进度轮询开始 
[SYS] 2025/10/14 - 12:03:46 | 任务进度轮询完成 
[SYS] 2025/10/14 - 12:04:00 | 正在更新数据看板数据... 
[SYS] 2025/10/14 - 12:04:00 | 保存数据看板数据成功，共保存0条数据 
[SYS] 2025/10/14 - 12:04:01 | syncing options from database 
[SYS] 2025/10/14 - 12:04:01 | syncing channels from database 
[SYS] 2025/10/14 - 12:04:01 | channels synced from database 
[SYS] 2025/10/14 - 12:04:01 | 任务进度轮询开始 
[SYS] 2025/10/14 - 12:04:01 | 任务进度轮询完成 
[SYS] 2025/10/14 - 12:04:16 | 任务进度轮询开始 
[SYS] 2025/10/14 - 12:04:16 | 任务进度轮询完成 
[SYS] 2025/10/14 - 12:04:31 | 任务进度轮询开始 
[SYS] 2025/10/14 - 12:04:31 | 任务进度轮询完成 
[SYS] 2025/10/14 - 12:04:46 | 任务进度轮询开始 
[SYS] 2025/10/14 - 12:04:46 | 任务进度轮询完成 
[SYS] 2025/10/14 - 12:05:01 | syncing options from database 
[SYS] 2025/10/14 - 12:05:01 | syncing channels from database 
[SYS] 2025/10/14 - 12:05:01 | channels synced from database 
[SYS] 2025/10/14 - 12:05:01 | 任务进度轮询开始 
[SYS] 2025/10/14 - 12:05:01 | 任务进度轮询完成 
[SYS] 2025/10/14 - 12:05:16 | 任务进度轮询开始 
[SYS] 2025/10/14 - 12:05:16 | 任务进度轮询完成 
[SYS] 2025/10/14 - 12:05:31 | 任务进度轮询开始 
[SYS] 2025/10/14 - 12:05:31 | 任务进度轮询完成 
[SYS] 2025/10/14 - 12:05:46 | 任务进度轮询开始 
[SYS] 2025/10/14 - 12:05:46 | 任务进度轮询完成 
[SYS] 2025/10/14 - 12:06:01 | syncing options from database 
[SYS] 2025/10/14 - 12:06:01 | syncing channels from database 
[SYS] 2025/10/14 - 12:06:01 | channels synced from database 
[SYS] 2025/10/14 - 12:06:01 | 任务进度轮询开始 
[SYS] 2025/10/14 - 12:06:01 | 任务进度轮询完成 
[SYS] 2025/10/14 - 12:06:16 | 任务进度轮询开始 
[SYS] 2025/10/14 - 12:06:16 | 任务进度轮询完成 
[SYS] 2025/10/14 - 12:06:31 | 任务进度轮询开始 
[SYS] 2025/10/14 - 12:06:31 | 任务进度轮询完成 
[SYS] 2025/10/14 - 12:06:46 | 任务进度轮询开始 
[SYS] 2025/10/14 - 12:06:46 | 任务进度轮询完成 
[SYS] 2025/10/14 - 12:07:01 | syncing options from database 
[SYS] 2025/10/14 - 12:07:01 | syncing channels from database 
[SYS] 2025/10/14 - 12:07:01 | channels synced from database 
[SYS] 2025/10/14 - 12:07:01 | 任务进度轮询开始 
[SYS] 2025/10/14 - 12:07:01 | 任务进度轮询完成 
[SYS] 2025/10/14 - 12:07:16 | 任务进度轮询开始 
[SYS] 2025/10/14 - 12:07:16 | 任务进度轮询完成 
[SYS] 2025/10/14 - 12:07:31 | 任务进度轮询开始 
[SYS] 2025/10/14 - 12:07:31 | 任务进度轮询完成 
[SYS] 2025/10/14 - 12:07:46 | 任务进度轮询开始 
[SYS] 2025/10/14 - 12:07:46 | 任务进度轮询完成 
[SYS] 2025/10/14 - 12:08:01 | syncing options from database 
[SYS] 2025/10/14 - 12:08:01 | syncing channels from database 
[SYS] 2025/10/14 - 12:08:01 | channels synced from database 
[SYS] 2025/10/14 - 12:08:01 | 任务进度轮询开始 
[SYS] 2025/10/14 - 12:08:01 | 任务进度轮询完成 
[SYS] 2025/10/14 - 12:08:16 | 任务进度轮询开始 
[SYS] 2025/10/14 - 12:08:16 | 任务进度轮询完成 
[SYS] 2025/10/14 - 12:08:31 | 任务进度轮询开始 
[SYS] 2025/10/14 - 12:08:31 | 任务进度轮询完成 
[SYS] 2025/10/14 - 12:08:46 | 任务进度轮询开始 
[SYS] 2025/10/14 - 12:08:46 | 任务进度轮询完成 
[SYS] 2025/10/14 - 12:09:00 | 正在更新数据看板数据... 
[SYS] 2025/10/14 - 12:09:00 | 保存数据看板数据成功，共保存0条数据 
[SYS] 2025/10/14 - 12:09:01 | syncing options from database 
[SYS] 2025/10/14 - 12:09:01 | syncing channels from database 
[SYS] 2025/10/14 - 12:09:01 | channels synced from database 
[SYS] 2025/10/14 - 12:09:01 | 任务进度轮询开始 
[SYS] 2025/10/14 - 12:09:01 | 任务进度轮询完成 
[SYS] 2025/10/14 - 12:09:16 | 任务进度轮询开始 
[SYS] 2025/10/14 - 12:09:16 | 任务进度轮询完成 
[SYS] 2025/10/14 - 12:09:31 | 任务进度轮询开始 
[SYS] 2025/10/14 - 12:09:31 | 任务进度轮询完成 
[SYS] 2025/10/14 - 12:09:46 | 任务进度轮询开始 
[SYS] 2025/10/14 - 12:09:46 | 任务进度轮询完成 
[SYS] 2025/10/14 - 12:10:01 | syncing options from database 
[SYS] 2025/10/14 - 12:10:01 | syncing channels from database 
[SYS] 2025/10/14 - 12:10:01 | channels synced from database 
[SYS] 2025/10/14 - 12:10:01 | 任务进度轮询开始 
[SYS] 2025/10/14 - 12:10:01 | 任务进度轮询完成 
[SYS] 2025/10/14 - 12:10:16 | 任务进度轮询开始 
[SYS] 2025/10/14 - 12:10:16 | 任务进度轮询完成 
[SYS] 2025/10/14 - 12:10:31 | 任务进度轮询开始 
[SYS] 2025/10/14 - 12:10:31 | 任务进度轮询完成 
[SYS] 2025/10/14 - 12:10:46 | 任务进度轮询开始 
[SYS] 2025/10/14 - 12:10:46 | 任务进度轮询完成 
[SYS] 2025/10/14 - 12:11:01 | syncing options from database 
[SYS] 2025/10/14 - 12:11:01 | syncing channels from database 
[SYS] 2025/10/14 - 12:11:01 | channels synced from database 
[SYS] 2025/10/14 - 12:11:01 | 任务进度轮询开始 
[SYS] 2025/10/14 - 12:11:01 | 任务进度轮询完成 
[SYS] 2025/10/14 - 12:11:16 | 任务进度轮询开始 
[SYS] 2025/10/14 - 12:11:16 | 任务进度轮询完成 
[SYS] 2025/10/14 - 12:11:31 | 任务进度轮询开始 
[SYS] 2025/10/14 - 12:11:31 | 任务进度轮询完成 
[SYS] 2025/10/14 - 12:11:46 | 任务进度轮询开始 
[SYS] 2025/10/14 - 12:11:46 | 任务进度轮询完成 
[SYS] 2025/10/14 - 12:12:01 | syncing options from database 
[SYS] 2025/10/14 - 12:12:01 | syncing channels from database 
[SYS] 2025/10/14 - 12:12:01 | channels synced from database 
[SYS] 2025/10/14 - 12:12:01 | 任务进度轮询开始 
[SYS] 2025/10/14 - 12:12:01 | 任务进度轮询完成 
[SYS] 2025/10/14 - 12:12:16 | 任务进度轮询开始 
[SYS] 2025/10/14 - 12:12:16 | 任务进度轮询完成 
[SYS] 2025/10/14 - 12:12:31 | 任务进度轮询开始 
[SYS] 2025/10/14 - 12:12:31 | 任务进度轮询完成 
[SYS] 2025/10/14 - 12:12:46 | 任务进度轮询开始 
[SYS] 2025/10/14 - 12:12:46 | 任务进度轮询完成 
[SYS] 2025/10/14 - 12:13:01 | syncing options from database 
[SYS] 2025/10/14 - 12:13:01 | syncing channels from database 
[SYS] 2025/10/14 - 12:13:01 | channels synced from database 
[SYS] 2025/10/14 - 12:13:01 | 任务进度轮询开始 
[SYS] 2025/10/14 - 12:13:01 | 任务进度轮询完成 
[SYS] 2025/10/14 - 12:13:16 | 任务进度轮询开始 
[SYS] 2025/10/14 - 12:13:16 | 任务进度轮询完成 
[SYS] 2025/10/14 - 12:13:31 | 任务进度轮询开始 
[SYS] 2025/10/14 - 12:13:31 | 任务进度轮询完成 
[SYS] 2025/10/14 - 12:13:46 | 任务进度轮询开始 
[SYS] 2025/10/14 - 12:13:46 | 任务进度轮询完成 
[SYS] 2025/10/14 - 12:14:00 | 正在更新数据看板数据... 
[SYS] 2025/10/14 - 12:14:00 | 保存数据看板数据成功，共保存0条数据 
[SYS] 2025/10/14 - 12:14:01 | syncing options from database 
[SYS] 2025/10/14 - 12:14:01 | syncing channels from database 
[SYS] 2025/10/14 - 12:14:01 | channels synced from database 
[SYS] 2025/10/14 - 12:14:01 | 任务进度轮询开始 
[SYS] 2025/10/14 - 12:14:01 | 任务进度轮询完成 
[SYS] 2025/10/14 - 12:14:16 | 任务进度轮询开始 
[SYS] 2025/10/14 - 12:14:16 | 任务进度轮询完成 
[SYS] 2025/10/14 - 12:14:31 | 任务进度轮询开始 
[SYS] 2025/10/14 - 12:14:31 | 任务进度轮询完成 
[SYS] 2025/10/14 - 12:14:46 | 任务进度轮询开始 
[SYS] 2025/10/14 - 12:14:46 | 任务进度轮询完成 
[SYS] 2025/10/14 - 12:15:01 | syncing options from database 
[SYS] 2025/10/14 - 12:15:01 | syncing channels from database 
[SYS] 2025/10/14 - 12:15:01 | channels synced from database 
[SYS] 2025/10/14 - 12:15:01 | 任务进度轮询开始 
[SYS] 2025/10/14 - 12:15:01 | 任务进度轮询完成 
[SYS] 2025/10/14 - 12:15:16 | 任务进度轮询开始 
[SYS] 2025/10/14 - 12:15:16 | 任务进度轮询完成 
[SYS] 2025/10/14 - 12:15:31 | 任务进度轮询开始 
[SYS] 2025/10/14 - 12:15:31 | 任务进度轮询完成 
[SYS] 2025/10/14 - 12:15:46 | 任务进度轮询开始 
[SYS] 2025/10/14 - 12:15:46 | 任务进度轮询完成 
[SYS] 2025/10/14 - 12:16:01 | syncing options from database 
[SYS] 2025/10/14 - 12:16:01 | syncing channels from database 
[SYS] 2025/10/14 - 12:16:01 | channels synced from database 
[SYS] 2025/10/14 - 12:16:01 | 任务进度轮询开始 
[SYS] 2025/10/14 - 12:16:01 | 任务进度轮询完成 
[SYS] 2025/10/14 - 12:16:16 | 任务进度轮询开始 
[SYS] 2025/10/14 - 12:16:16 | 任务进度轮询完成 
[SYS] 2025/10/14 - 12:16:31 | 任务进度轮询开始 
[SYS] 2025/10/14 - 12:16:31 | 任务进度轮询完成 
[SYS] 2025/10/14 - 12:16:46 | 任务进度轮询开始 
[SYS] 2025/10/14 - 12:16:46 | 任务进度轮询完成 
[SYS] 2025/10/14 - 12:17:01 | syncing options from database 
[SYS] 2025/10/14 - 12:17:01 | syncing channels from database 
[SYS] 2025/10/14 - 12:17:01 | channels synced from database 
[SYS] 2025/10/14 - 12:17:01 | 任务进度轮询开始 
[SYS] 2025/10/14 - 12:17:01 | 任务进度轮询完成 
[SYS] 2025/10/14 - 12:17:16 | 任务进度轮询开始 
[SYS] 2025/10/14 - 12:17:16 | 任务进度轮询完成 
[SYS] 2025/10/14 - 12:17:31 | 任务进度轮询开始 
[SYS] 2025/10/14 - 12:17:31 | 任务进度轮询完成 
[SYS] 2025/10/14 - 12:17:46 | 任务进度轮询开始 
[SYS] 2025/10/14 - 12:17:46 | 任务进度轮询完成 
[SYS] 2025/10/14 - 12:18:01 | syncing options from database 
[SYS] 2025/10/14 - 12:18:01 | syncing channels from database 
[SYS] 2025/10/14 - 12:18:01 | channels synced from database 
[SYS] 2025/10/14 - 12:18:01 | 任务进度轮询开始 
[SYS] 2025/10/14 - 12:18:01 | 任务进度轮询完成 
[SYS] 2025/10/14 - 12:18:16 | 任务进度轮询开始 
[SYS] 2025/10/14 - 12:18:16 | 任务进度轮询完成 
[SYS] 2025/10/14 - 12:18:31 | 任务进度轮询开始 
[SYS] 2025/10/14 - 12:18:31 | 任务进度轮询完成 
[SYS] 2025/10/14 - 12:18:46 | 任务进度轮询开始 
[SYS] 2025/10/14 - 12:18:46 | 任务进度轮询完成 
[SYS] 2025/10/14 - 12:19:00 | 正在更新数据看板数据... 
[SYS] 2025/10/14 - 12:19:00 | 保存数据看板数据成功，共保存0条数据 
[SYS] 2025/10/14 - 12:19:01 | syncing options from database 
[SYS] 2025/10/14 - 12:19:01 | syncing channels from database 
[SYS] 2025/10/14 - 12:19:01 | channels synced from database 
[SYS] 2025/10/14 - 12:19:01 | 任务进度轮询开始 
[SYS] 2025/10/14 - 12:19:01 | 任务进度轮询完成 
[SYS] 2025/10/14 - 12:19:16 | 任务进度轮询开始 
[SYS] 2025/10/14 - 12:19:16 | 任务进度轮询完成 
[SYS] 2025/10/14 - 12:19:31 | 任务进度轮询开始 
[SYS] 2025/10/14 - 12:19:31 | 任务进度轮询完成 
[SYS] 2025/10/14 - 12:19:46 | 任务进度轮询开始 
[SYS] 2025/10/14 - 12:19:46 | 任务进度轮询完成 
[SYS] 2025/10/14 - 12:20:01 | syncing options from database 
[SYS] 2025/10/14 - 12:20:01 | syncing channels from database 
[SYS] 2025/10/14 - 12:20:01 | channels synced from database 
[SYS] 2025/10/14 - 12:20:01 | 任务进度轮询开始 
[SYS] 2025/10/14 - 12:20:01 | 任务进度轮询完成 
[SYS] 2025/10/14 - 12:20:16 | 任务进度轮询开始 
[SYS] 2025/10/14 - 12:20:16 | 任务进度轮询完成 
[SYS] 2025/10/14 - 12:20:31 | 任务进度轮询开始 
[SYS] 2025/10/14 - 12:20:31 | 任务进度轮询完成 
[SYS] 2025/10/14 - 12:20:46 | 任务进度轮询开始 
[SYS] 2025/10/14 - 12:20:46 | 任务进度轮询完成 
[SYS] 2025/10/14 - 12:21:01 | syncing options from database 
[SYS] 2025/10/14 - 12:21:01 | syncing channels from database 
[SYS] 2025/10/14 - 12:21:01 | channels synced from database 
[SYS] 2025/10/14 - 12:21:01 | 任务进度轮询开始 
[SYS] 2025/10/14 - 12:21:01 | 任务进度轮询完成 
[SYS] 2025/10/14 - 12:21:16 | 任务进度轮询开始 
[SYS] 2025/10/14 - 12:21:16 | 任务进度轮询完成 
[SYS] 2025/10/14 - 12:21:31 | 任务进度轮询开始 
[SYS] 2025/10/14 - 12:21:31 | 任务进度轮询完成 
[SYS] 2025/10/14 - 12:21:46 | 任务进度轮询开始 
[SYS] 2025/10/14 - 12:21:46 | 任务进度轮询完成 
[SYS] 2025/10/14 - 12:22:01 | syncing options from database 
[SYS] 2025/10/14 - 12:22:01 | syncing channels from database 
[SYS] 2025/10/14 - 12:22:01 | channels synced from database 
[SYS] 2025/10/14 - 12:22:01 | 任务进度轮询开始 
[SYS] 2025/10/14 - 12:22:01 | 任务进度轮询完成 
[SYS] 2025/10/14 - 12:22:16 | 任务进度轮询开始 
[SYS] 2025/10/14 - 12:22:16 | 任务进度轮询完成 
[SYS] 2025/10/14 - 12:22:31 | 任务进度轮询开始 
[SYS] 2025/10/14 - 12:22:31 | 任务进度轮询完成 
[SYS] 2025/10/14 - 12:22:46 | 任务进度轮询开始 
[SYS] 2025/10/14 - 12:22:46 | 任务进度轮询完成 
[SYS] 2025/10/14 - 12:23:01 | syncing options from database 
[SYS] 2025/10/14 - 12:23:01 | syncing channels from database 
[SYS] 2025/10/14 - 12:23:01 | channels synced from database 
[SYS] 2025/10/14 - 12:23:01 | 任务进度轮询开始 
[SYS] 2025/10/14 - 12:23:01 | 任务进度轮询完成 
[SYS] 2025/10/14 - 12:23:16 | 任务进度轮询开始 
[SYS] 2025/10/14 - 12:23:16 | 任务进度轮询完成 
[SYS] 2025/10/14 - 12:23:31 | 任务进度轮询开始 
[SYS] 2025/10/14 - 12:23:31 | 任务进度轮询完成 
[SYS] 2025/10/14 - 12:23:46 | 任务进度轮询开始 
[SYS] 2025/10/14 - 12:23:46 | 任务进度轮询完成 
[SYS] 2025/10/14 - 12:24:00 | 正在更新数据看板数据... 
[SYS] 2025/10/14 - 12:24:00 | 保存数据看板数据成功，共保存0条数据 
[SYS] 2025/10/14 - 12:24:01 | syncing options from database 
[SYS] 2025/10/14 - 12:24:01 | syncing channels from database 
[SYS] 2025/10/14 - 12:24:01 | channels synced from database 
[SYS] 2025/10/14 - 12:24:01 | 任务进度轮询开始 
[SYS] 2025/10/14 - 12:24:01 | 任务进度轮询完成 
[SYS] 2025/10/14 - 12:24:16 | 任务进度轮询开始 
[SYS] 2025/10/14 - 12:24:16 | 任务进度轮询完成 
[SYS] 2025/10/14 - 12:24:31 | 任务进度轮询开始 
[SYS] 2025/10/14 - 12:24:31 | 任务进度轮询完成 
[SYS] 2025/10/14 - 12:24:46 | 任务进度轮询开始 
[SYS] 2025/10/14 - 12:24:46 | 任务进度轮询完成 
[SYS] 2025/10/14 - 12:25:01 | syncing options from database 
[SYS] 2025/10/14 - 12:25:01 | syncing channels from database 
[SYS] 2025/10/14 - 12:25:01 | channels synced from database 
[SYS] 2025/10/14 - 12:25:01 | 任务进度轮询开始 
[SYS] 2025/10/14 - 12:25:01 | 任务进度轮询完成 
[SYS] 2025/10/14 - 12:25:16 | 任务进度轮询开始 
[SYS] 2025/10/14 - 12:25:16 | 任务进度轮询完成 
[SYS] 2025/10/14 - 12:25:31 | 任务进度轮询开始 
[SYS] 2025/10/14 - 12:25:31 | 任务进度轮询完成 
[SYS] 2025/10/14 - 12:25:46 | 任务进度轮询开始 
[SYS] 2025/10/14 - 12:25:46 | 任务进度轮询完成 
[SYS] 2025/10/14 - 12:26:01 | syncing options from database 
[SYS] 2025/10/14 - 12:26:01 | syncing channels from database 
[SYS] 2025/10/14 - 12:26:01 | channels synced from database 
[SYS] 2025/10/14 - 12:26:01 | 任务进度轮询开始 
[SYS] 2025/10/14 - 12:26:01 | 任务进度轮询完成 
[SYS] 2025/10/14 - 12:26:16 | 任务进度轮询开始 
[SYS] 2025/10/14 - 12:26:16 | 任务进度轮询完成 
[SYS] 2025/10/14 - 12:26:31 | 任务进度轮询开始 
[SYS] 2025/10/14 - 12:26:31 | 任务进度轮询完成 
[SYS] 2025/10/14 - 12:26:46 | 任务进度轮询开始 
[SYS] 2025/10/14 - 12:26:46 | 任务进度轮询完成 
[SYS] 2025/10/14 - 12:27:01 | syncing options from database 
[SYS] 2025/10/14 - 12:27:01 | syncing channels from database 
[SYS] 2025/10/14 - 12:27:01 | channels synced from database 
[SYS] 2025/10/14 - 12:27:01 | 任务进度轮询开始 
[SYS] 2025/10/14 - 12:27:01 | 任务进度轮询完成 
[SYS] 2025/10/14 - 12:27:16 | 任务进度轮询开始 
[SYS] 2025/10/14 - 12:27:16 | 任务进度轮询完成 
[SYS] 2025/10/14 - 12:27:31 | 任务进度轮询开始 
[SYS] 2025/10/14 - 12:27:31 | 任务进度轮询完成 
[SYS] 2025/10/14 - 12:27:46 | 任务进度轮询开始 
[SYS] 2025/10/14 - 12:27:46 | 任务进度轮询完成 
[SYS] 2025/10/14 - 12:28:01 | syncing options from database 
[SYS] 2025/10/14 - 12:28:01 | syncing channels from database 
[SYS] 2025/10/14 - 12:28:01 | channels synced from database 
[SYS] 2025/10/14 - 12:28:01 | 任务进度轮询开始 
[SYS] 2025/10/14 - 12:28:01 | 任务进度轮询完成 
[SYS] 2025/10/14 - 12:28:16 | 任务进度轮询开始 
[SYS] 2025/10/14 - 12:28:16 | 任务进度轮询完成 
[SYS] 2025/10/14 - 12:28:31 | 任务进度轮询开始 
[SYS] 2025/10/14 - 12:28:31 | 任务进度轮询完成 
[SYS] 2025/10/14 - 12:28:46 | 任务进度轮询开始 
[SYS] 2025/10/14 - 12:28:46 | 任务进度轮询完成 
[SYS] 2025/10/14 - 12:29:00 | 正在更新数据看板数据... 
[SYS] 2025/10/14 - 12:29:00 | 保存数据看板数据成功，共保存0条数据 
[SYS] 2025/10/14 - 12:29:01 | syncing options from database 
[SYS] 2025/10/14 - 12:29:01 | syncing channels from database 
[SYS] 2025/10/14 - 12:29:01 | channels synced from database 
[SYS] 2025/10/14 - 12:29:01 | 任务进度轮询开始 
[SYS] 2025/10/14 - 12:29:01 | 任务进度轮询完成 
[SYS] 2025/10/14 - 12:29:16 | 任务进度轮询开始 
[SYS] 2025/10/14 - 12:29:16 | 任务进度轮询完成 
[SYS] 2025/10/14 - 12:29:31 | 任务进度轮询开始 
[SYS] 2025/10/14 - 12:29:31 | 任务进度轮询完成 
[SYS] 2025/10/14 - 12:29:46 | 任务进度轮询开始 
[SYS] 2025/10/14 - 12:29:46 | 任务进度轮询完成 
[SYS] 2025/10/14 - 12:30:01 | syncing options from database 
[SYS] 2025/10/14 - 12:30:01 | syncing channels from database 
[SYS] 2025/10/14 - 12:30:01 | channels synced from database 
[SYS] 2025/10/14 - 12:30:01 | 任务进度轮询开始 
[SYS] 2025/10/14 - 12:30:01 | 任务进度轮询完成 
[SYS] 2025/10/14 - 12:30:16 | 任务进度轮询开始 
[SYS] 2025/10/14 - 12:30:16 | 任务进度轮询完成 
[SYS] 2025/10/14 - 12:30:31 | 任务进度轮询开始 
[SYS] 2025/10/14 - 12:30:31 | 任务进度轮询完成 
[SYS] 2025/10/14 - 12:30:46 | 任务进度轮询开始 
[SYS] 2025/10/14 - 12:30:46 | 任务进度轮询完成 
[SYS] 2025/10/14 - 12:31:01 | syncing options from database 
[SYS] 2025/10/14 - 12:31:01 | syncing channels from database 
[SYS] 2025/10/14 - 12:31:01 | channels synced from database 
[SYS] 2025/10/14 - 12:31:01 | 任务进度轮询开始 
[SYS] 2025/10/14 - 12:31:01 | 任务进度轮询完成 
[SYS] 2025/10/14 - 12:31:16 | 任务进度轮询开始 
[SYS] 2025/10/14 - 12:31:16 | 任务进度轮询完成 
[SYS] 2025/10/14 - 12:31:31 | 任务进度轮询开始 
[SYS] 2025/10/14 - 12:31:31 | 任务进度轮询完成 
[SYS] 2025/10/14 - 12:31:46 | 任务进度轮询开始 
[SYS] 2025/10/14 - 12:31:46 | 任务进度轮询完成 
[SYS] 2025/10/14 - 12:32:01 | syncing options from database 
[SYS] 2025/10/14 - 12:32:01 | syncing channels from database 
[SYS] 2025/10/14 - 12:32:01 | channels synced from database 
[SYS] 2025/10/14 - 12:32:01 | 任务进度轮询开始 
[SYS] 2025/10/14 - 12:32:01 | 任务进度轮询完成 
[SYS] 2025/10/14 - 12:32:16 | 任务进度轮询开始 
[SYS] 2025/10/14 - 12:32:16 | 任务进度轮询完成 
[SYS] 2025/10/14 - 12:32:31 | 任务进度轮询开始 
[SYS] 2025/10/14 - 12:32:31 | 任务进度轮询完成 
[SYS] 2025/10/14 - 12:32:46 | 任务进度轮询开始 
[SYS] 2025/10/14 - 12:32:46 | 任务进度轮询完成 
[SYS] 2025/10/14 - 12:33:01 | syncing options from database 
[SYS] 2025/10/14 - 12:33:01 | syncing channels from database 
[SYS] 2025/10/14 - 12:33:01 | channels synced from database 
[SYS] 2025/10/14 - 12:33:01 | 任务进度轮询开始 
[SYS] 2025/10/14 - 12:33:01 | 任务进度轮询完成 
[SYS] 2025/10/14 - 12:33:16 | 任务进度轮询开始 
[SYS] 2025/10/14 - 12:33:16 | 任务进度轮询完成 
[SYS] 2025/10/14 - 12:33:31 | 任务进度轮询开始 
[SYS] 2025/10/14 - 12:33:31 | 任务进度轮询完成 
[SYS] 2025/10/14 - 12:33:46 | 任务进度轮询开始 
[SYS] 2025/10/14 - 12:33:46 | 任务进度轮询完成 
[SYS] 2025/10/14 - 12:34:00 | 正在更新数据看板数据... 
[SYS] 2025/10/14 - 12:34:00 | 保存数据看板数据成功，共保存0条数据 
[SYS] 2025/10/14 - 12:34:01 | syncing options from database 
[SYS] 2025/10/14 - 12:34:01 | syncing channels from database 
[SYS] 2025/10/14 - 12:34:01 | channels synced from database 
[SYS] 2025/10/14 - 12:34:01 | 任务进度轮询开始 
[SYS] 2025/10/14 - 12:34:01 | 任务进度轮询完成 
[SYS] 2025/10/14 - 12:34:16 | 任务进度轮询开始 
[SYS] 2025/10/14 - 12:34:16 | 任务进度轮询完成 
[SYS] 2025/10/14 - 12:34:31 | 任务进度轮询开始 
[SYS] 2025/10/14 - 12:34:31 | 任务进度轮询完成 
[SYS] 2025/10/14 - 12:34:46 | 任务进度轮询开始 
[SYS] 2025/10/14 - 12:34:46 | 任务进度轮询完成 
[SYS] 2025/10/14 - 12:35:01 | syncing options from database 
[SYS] 2025/10/14 - 12:35:01 | syncing channels from database 
[SYS] 2025/10/14 - 12:35:01 | channels synced from database 
[SYS] 2025/10/14 - 12:35:01 | 任务进度轮询开始 
[SYS] 2025/10/14 - 12:35:01 | 任务进度轮询完成 
[SYS] 2025/10/14 - 12:35:16 | 任务进度轮询开始 
[SYS] 2025/10/14 - 12:35:16 | 任务进度轮询完成 
[SYS] 2025/10/14 - 12:35:31 | 任务进度轮询开始 
[SYS] 2025/10/14 - 12:35:31 | 任务进度轮询完成 
[SYS] 2025/10/14 - 12:35:46 | 任务进度轮询开始 
[SYS] 2025/10/14 - 12:35:46 | 任务进度轮询完成 
[SYS] 2025/10/14 - 12:36:01 | syncing options from database 
[SYS] 2025/10/14 - 12:36:01 | syncing channels from database 
[SYS] 2025/10/14 - 12:36:01 | channels synced from database 
[SYS] 2025/10/14 - 12:36:01 | 任务进度轮询开始 
[SYS] 2025/10/14 - 12:36:01 | 任务进度轮询完成 
[SYS] 2025/10/14 - 12:36:16 | 任务进度轮询开始 
[SYS] 2025/10/14 - 12:36:16 | 任务进度轮询完成 
[SYS] 2025/10/14 - 12:36:31 | 任务进度轮询开始 
[SYS] 2025/10/14 - 12:36:31 | 任务进度轮询完成 
[SYS] 2025/10/14 - 12:36:46 | 任务进度轮询开始 
[SYS] 2025/10/14 - 12:36:46 | 任务进度轮询完成 
[SYS] 2025/10/14 - 12:37:01 | syncing options from database 
[SYS] 2025/10/14 - 12:37:01 | syncing channels from database 
[SYS] 2025/10/14 - 12:37:01 | channels synced from database 
[SYS] 2025/10/14 - 12:37:01 | 任务进度轮询开始 
[SYS] 2025/10/14 - 12:37:01 | 任务进度轮询完成 
[SYS] 2025/10/14 - 12:37:16 | 任务进度轮询开始 
[SYS] 2025/10/14 - 12:37:16 | 任务进度轮询完成 
[SYS] 2025/10/14 - 12:37:31 | 任务进度轮询开始 
[SYS] 2025/10/14 - 12:37:31 | 任务进度轮询完成 
[SYS] 2025/10/14 - 12:37:46 | 任务进度轮询开始 
[SYS] 2025/10/14 - 12:37:46 | 任务进度轮询完成 
[SYS] 2025/10/14 - 12:38:01 | syncing options from database 
[SYS] 2025/10/14 - 12:38:01 | syncing channels from database 
[SYS] 2025/10/14 - 12:38:01 | channels synced from database 
[SYS] 2025/10/14 - 12:38:01 | 任务进度轮询开始 
[SYS] 2025/10/14 - 12:38:01 | 任务进度轮询完成 
[SYS] 2025/10/14 - 12:38:16 | 任务进度轮询开始 
[SYS] 2025/10/14 - 12:38:16 | 任务进度轮询完成 
[SYS] 2025/10/14 - 12:38:31 | 任务进度轮询开始 
[SYS] 2025/10/14 - 12:38:31 | 任务进度轮询完成 
[SYS] 2025/10/14 - 12:38:46 | 任务进度轮询开始 
[SYS] 2025/10/14 - 12:38:46 | 任务进度轮询完成 
[SYS] 2025/10/14 - 12:39:00 | 正在更新数据看板数据... 
[SYS] 2025/10/14 - 12:39:00 | 保存数据看板数据成功，共保存0条数据 
[SYS] 2025/10/14 - 12:39:01 | syncing options from database 
[SYS] 2025/10/14 - 12:39:01 | syncing channels from database 
[SYS] 2025/10/14 - 12:39:01 | channels synced from database 
[SYS] 2025/10/14 - 12:39:01 | 任务进度轮询开始 
[SYS] 2025/10/14 - 12:39:01 | 任务进度轮询完成 
[SYS] 2025/10/14 - 12:39:16 | 任务进度轮询开始 
[SYS] 2025/10/14 - 12:39:16 | 任务进度轮询完成 
[SYS] 2025/10/14 - 12:39:31 | 任务进度轮询开始 
[SYS] 2025/10/14 - 12:39:31 | 任务进度轮询完成 
[SYS] 2025/10/14 - 12:39:46 | 任务进度轮询开始 
[SYS] 2025/10/14 - 12:39:46 | 任务进度轮询完成 
[SYS] 2025/10/14 - 12:40:01 | syncing options from database 
[SYS] 2025/10/14 - 12:40:01 | syncing channels from database 
[SYS] 2025/10/14 - 12:40:01 | channels synced from database 
[SYS] 2025/10/14 - 12:40:01 | 任务进度轮询开始 
[SYS] 2025/10/14 - 12:40:01 | 任务进度轮询完成 
[SYS] 2025/10/14 - 12:40:16 | 任务进度轮询开始 
[SYS] 2025/10/14 - 12:40:16 | 任务进度轮询完成 
[SYS] 2025/10/14 - 12:40:31 | 任务进度轮询开始 
[SYS] 2025/10/14 - 12:40:31 | 任务进度轮询完成 
[SYS] 2025/10/14 - 12:40:46 | 任务进度轮询开始 
[SYS] 2025/10/14 - 12:40:46 | 任务进度轮询完成 
[SYS] 2025/10/14 - 12:41:01 | syncing options from database 
[SYS] 2025/10/14 - 12:41:01 | syncing channels from database 
[SYS] 2025/10/14 - 12:41:01 | channels synced from database 
[SYS] 2025/10/14 - 12:41:01 | 任务进度轮询开始 
[SYS] 2025/10/14 - 12:41:01 | 任务进度轮询完成 
[SYS] 2025/10/14 - 12:41:16 | 任务进度轮询开始 
[SYS] 2025/10/14 - 12:41:16 | 任务进度轮询完成 
[SYS] 2025/10/14 - 12:41:31 | 任务进度轮询开始 
[SYS] 2025/10/14 - 12:41:31 | 任务进度轮询完成 
[SYS] 2025/10/14 - 12:41:46 | 任务进度轮询开始 
[SYS] 2025/10/14 - 12:41:46 | 任务进度轮询完成 
[SYS] 2025/10/14 - 12:42:01 | syncing options from database 
[SYS] 2025/10/14 - 12:42:01 | syncing channels from database 
[SYS] 2025/10/14 - 12:42:01 | channels synced from database 
[SYS] 2025/10/14 - 12:42:01 | 任务进度轮询开始 
[SYS] 2025/10/14 - 12:42:01 | 任务进度轮询完成 
[SYS] 2025/10/14 - 12:42:16 | 任务进度轮询开始 
[SYS] 2025/10/14 - 12:42:16 | 任务进度轮询完成 
[SYS] 2025/10/14 - 12:42:31 | 任务进度轮询开始 
[SYS] 2025/10/14 - 12:42:31 | 任务进度轮询完成 
[SYS] 2025/10/14 - 12:42:46 | 任务进度轮询开始 
[SYS] 2025/10/14 - 12:42:46 | 任务进度轮询完成 
[SYS] 2025/10/14 - 12:43:01 | syncing options from database 
[SYS] 2025/10/14 - 12:43:01 | syncing channels from database 
[SYS] 2025/10/14 - 12:43:01 | channels synced from database 
[SYS] 2025/10/14 - 12:43:01 | 任务进度轮询开始 
[SYS] 2025/10/14 - 12:43:01 | 任务进度轮询完成 
[SYS] 2025/10/14 - 12:43:16 | 任务进度轮询开始 
[SYS] 2025/10/14 - 12:43:16 | 任务进度轮询完成 
[SYS] 2025/10/14 - 12:43:31 | 任务进度轮询开始 
[SYS] 2025/10/14 - 12:43:31 | 任务进度轮询完成 
[SYS] 2025/10/14 - 12:43:46 | 任务进度轮询开始 
[SYS] 2025/10/14 - 12:43:46 | 任务进度轮询完成 
[SYS] 2025/10/14 - 12:44:00 | 正在更新数据看板数据... 
[SYS] 2025/10/14 - 12:44:00 | 保存数据看板数据成功，共保存0条数据 
[SYS] 2025/10/14 - 12:44:01 | syncing options from database 
[SYS] 2025/10/14 - 12:44:01 | syncing channels from database 
[SYS] 2025/10/14 - 12:44:01 | channels synced from database 
[SYS] 2025/10/14 - 12:44:01 | 任务进度轮询开始 
[SYS] 2025/10/14 - 12:44:01 | 任务进度轮询完成 
[SYS] 2025/10/14 - 12:44:16 | 任务进度轮询开始 
[SYS] 2025/10/14 - 12:44:16 | 任务进度轮询完成 
[SYS] 2025/10/14 - 12:44:31 | 任务进度轮询开始 
[SYS] 2025/10/14 - 12:44:31 | 任务进度轮询完成 
[SYS] 2025/10/14 - 12:44:46 | 任务进度轮询开始 
[SYS] 2025/10/14 - 12:44:46 | 任务进度轮询完成 
[SYS] 2025/10/14 - 12:45:01 | syncing options from database 
[SYS] 2025/10/14 - 12:45:01 | syncing channels from database 
[SYS] 2025/10/14 - 12:45:01 | channels synced from database 
[SYS] 2025/10/14 - 12:45:01 | 任务进度轮询开始 
[SYS] 2025/10/14 - 12:45:01 | 任务进度轮询完成 
[SYS] 2025/10/14 - 12:45:16 | 任务进度轮询开始 
[SYS] 2025/10/14 - 12:45:16 | 任务进度轮询完成 
[SYS] 2025/10/14 - 12:45:31 | 任务进度轮询开始 
[SYS] 2025/10/14 - 12:45:31 | 任务进度轮询完成 
[SYS] 2025/10/14 - 12:45:46 | 任务进度轮询开始 
[SYS] 2025/10/14 - 12:45:46 | 任务进度轮询完成 
[SYS] 2025/10/14 - 12:46:01 | syncing options from database 
[SYS] 2025/10/14 - 12:46:01 | syncing channels from database 
[SYS] 2025/10/14 - 12:46:01 | channels synced from database 
[SYS] 2025/10/14 - 12:46:01 | 任务进度轮询开始 
[SYS] 2025/10/14 - 12:46:01 | 任务进度轮询完成 
[SYS] 2025/10/14 - 12:46:16 | 任务进度轮询开始 
[SYS] 2025/10/14 - 12:46:16 | 任务进度轮询完成 
[SYS] 2025/10/14 - 12:46:31 | 任务进度轮询开始 
[SYS] 2025/10/14 - 12:46:31 | 任务进度轮询完成 
[SYS] 2025/10/14 - 12:46:46 | 任务进度轮询开始 
[SYS] 2025/10/14 - 12:46:46 | 任务进度轮询完成 
[SYS] 2025/10/14 - 12:47:01 | syncing options from database 
[SYS] 2025/10/14 - 12:47:01 | syncing channels from database 
[SYS] 2025/10/14 - 12:47:01 | channels synced from database 
[SYS] 2025/10/14 - 12:47:01 | 任务进度轮询开始 
[SYS] 2025/10/14 - 12:47:01 | 任务进度轮询完成 
[SYS] 2025/10/14 - 12:47:16 | 任务进度轮询开始 
[SYS] 2025/10/14 - 12:47:16 | 任务进度轮询完成 
[SYS] 2025/10/14 - 12:47:31 | 任务进度轮询开始 
[SYS] 2025/10/14 - 12:47:31 | 任务进度轮询完成 
[SYS] 2025/10/14 - 12:47:46 | 任务进度轮询开始 
[SYS] 2025/10/14 - 12:47:46 | 任务进度轮询完成 
[SYS] 2025/10/14 - 12:48:01 | syncing options from database 
[SYS] 2025/10/14 - 12:48:01 | syncing channels from database 
[SYS] 2025/10/14 - 12:48:01 | channels synced from database 
[SYS] 2025/10/14 - 12:48:01 | 任务进度轮询开始 
[SYS] 2025/10/14 - 12:48:01 | 任务进度轮询完成 
[SYS] 2025/10/14 - 12:48:16 | 任务进度轮询开始 
[SYS] 2025/10/14 - 12:48:16 | 任务进度轮询完成 
[SYS] 2025/10/14 - 12:48:31 | 任务进度轮询开始 
[SYS] 2025/10/14 - 12:48:31 | 任务进度轮询完成 
[SYS] 2025/10/14 - 12:48:46 | 任务进度轮询开始 
[SYS] 2025/10/14 - 12:48:46 | 任务进度轮询完成 
[SYS] 2025/10/14 - 12:49:00 | 正在更新数据看板数据... 
[SYS] 2025/10/14 - 12:49:00 | 保存数据看板数据成功，共保存0条数据 
[SYS] 2025/10/14 - 12:49:01 | syncing options from database 
[SYS] 2025/10/14 - 12:49:01 | syncing channels from database 
[SYS] 2025/10/14 - 12:49:01 | channels synced from database 
[SYS] 2025/10/14 - 12:49:01 | 任务进度轮询开始 
[SYS] 2025/10/14 - 12:49:01 | 任务进度轮询完成 
[SYS] 2025/10/14 - 12:49:16 | 任务进度轮询开始 
[SYS] 2025/10/14 - 12:49:16 | 任务进度轮询完成 
[SYS] 2025/10/14 - 12:49:31 | 任务进度轮询开始 
[SYS] 2025/10/14 - 12:49:31 | 任务进度轮询完成 
[SYS] 2025/10/14 - 12:49:46 | 任务进度轮询开始 
[SYS] 2025/10/14 - 12:49:46 | 任务进度轮询完成 
[SYS] 2025/10/14 - 12:50:01 | syncing options from database 
[SYS] 2025/10/14 - 12:50:01 | syncing channels from database 
[SYS] 2025/10/14 - 12:50:01 | channels synced from database 
[SYS] 2025/10/14 - 12:50:01 | 任务进度轮询开始 
[SYS] 2025/10/14 - 12:50:01 | 任务进度轮询完成 
[SYS] 2025/10/14 - 12:50:16 | 任务进度轮询开始 
[SYS] 2025/10/14 - 12:50:16 | 任务进度轮询完成 
[SYS] 2025/10/14 - 12:50:31 | 任务进度轮询开始 
[SYS] 2025/10/14 - 12:50:31 | 任务进度轮询完成 
[SYS] 2025/10/14 - 12:50:46 | 任务进度轮询开始 
[SYS] 2025/10/14 - 12:50:46 | 任务进度轮询完成 
[SYS] 2025/10/14 - 12:51:01 | syncing options from database 
[SYS] 2025/10/14 - 12:51:01 | syncing channels from database 
[SYS] 2025/10/14 - 12:51:01 | channels synced from database 
[SYS] 2025/10/14 - 12:51:01 | 任务进度轮询开始 
[SYS] 2025/10/14 - 12:51:01 | 任务进度轮询完成 
[SYS] 2025/10/14 - 12:51:16 | 任务进度轮询开始 
[SYS] 2025/10/14 - 12:51:16 | 任务进度轮询完成 
[SYS] 2025/10/14 - 12:51:31 | 任务进度轮询开始 
[SYS] 2025/10/14 - 12:51:31 | 任务进度轮询完成 
[SYS] 2025/10/14 - 12:51:46 | 任务进度轮询开始 
[SYS] 2025/10/14 - 12:51:46 | 任务进度轮询完成 
[SYS] 2025/10/14 - 12:52:01 | syncing options from database 
[SYS] 2025/10/14 - 12:52:01 | syncing channels from database 
[SYS] 2025/10/14 - 12:52:01 | channels synced from database 
[SYS] 2025/10/14 - 12:52:01 | 任务进度轮询开始 
[SYS] 2025/10/14 - 12:52:01 | 任务进度轮询完成 
[SYS] 2025/10/14 - 12:52:16 | 任务进度轮询开始 
[SYS] 2025/10/14 - 12:52:16 | 任务进度轮询完成 
[SYS] 2025/10/14 - 12:52:31 | 任务进度轮询开始 
[SYS] 2025/10/14 - 12:52:31 | 任务进度轮询完成 
[SYS] 2025/10/14 - 12:52:46 | 任务进度轮询开始 
[SYS] 2025/10/14 - 12:52:46 | 任务进度轮询完成 
[SYS] 2025/10/14 - 12:53:01 | syncing options from database 
[SYS] 2025/10/14 - 12:53:01 | syncing channels from database 
[SYS] 2025/10/14 - 12:53:01 | channels synced from database 
[SYS] 2025/10/14 - 12:53:01 | 任务进度轮询开始 
[SYS] 2025/10/14 - 12:53:01 | 任务进度轮询完成 
[SYS] 2025/10/14 - 12:53:16 | 任务进度轮询开始 
[SYS] 2025/10/14 - 12:53:16 | 任务进度轮询完成 
[SYS] 2025/10/14 - 12:53:31 | 任务进度轮询开始 
[SYS] 2025/10/14 - 12:53:31 | 任务进度轮询完成 
[SYS] 2025/10/14 - 12:53:46 | 任务进度轮询开始 
[SYS] 2025/10/14 - 12:53:46 | 任务进度轮询完成 
[SYS] 2025/10/14 - 12:54:00 | 正在更新数据看板数据... 
[SYS] 2025/10/14 - 12:54:00 | 保存数据看板数据成功，共保存0条数据 
[SYS] 2025/10/14 - 12:54:01 | syncing options from database 
[SYS] 2025/10/14 - 12:54:01 | syncing channels from database 
[SYS] 2025/10/14 - 12:54:01 | channels synced from database 
[SYS] 2025/10/14 - 12:54:01 | 任务进度轮询开始 
[SYS] 2025/10/14 - 12:54:01 | 任务进度轮询完成 
[SYS] 2025/10/14 - 12:54:16 | 任务进度轮询开始 
[SYS] 2025/10/14 - 12:54:16 | 任务进度轮询完成 
[SYS] 2025/10/14 - 12:54:31 | 任务进度轮询开始 
[SYS] 2025/10/14 - 12:54:31 | 任务进度轮询完成 
[SYS] 2025/10/14 - 12:54:46 | 任务进度轮询开始 
[SYS] 2025/10/14 - 12:54:46 | 任务进度轮询完成 
[SYS] 2025/10/14 - 12:55:01 | syncing options from database 
[SYS] 2025/10/14 - 12:55:01 | syncing channels from database 
[SYS] 2025/10/14 - 12:55:01 | channels synced from database 
[SYS] 2025/10/14 - 12:55:01 | 任务进度轮询开始 
[SYS] 2025/10/14 - 12:55:01 | 任务进度轮询完成 
[SYS] 2025/10/14 - 12:55:16 | 任务进度轮询开始 
[SYS] 2025/10/14 - 12:55:16 | 任务进度轮询完成 
[SYS] 2025/10/14 - 12:55:31 | 任务进度轮询开始 
[SYS] 2025/10/14 - 12:55:31 | 任务进度轮询完成 
[SYS] 2025/10/14 - 12:55:46 | 任务进度轮询开始 
[SYS] 2025/10/14 - 12:55:46 | 任务进度轮询完成 
[SYS] 2025/10/14 - 12:56:01 | syncing options from database 
[SYS] 2025/10/14 - 12:56:01 | syncing channels from database 
[SYS] 2025/10/14 - 12:56:01 | channels synced from database 
[SYS] 2025/10/14 - 12:56:01 | 任务进度轮询开始 
[SYS] 2025/10/14 - 12:56:01 | 任务进度轮询完成 
[SYS] 2025/10/14 - 12:56:16 | 任务进度轮询开始 
[SYS] 2025/10/14 - 12:56:16 | 任务进度轮询完成 
[SYS] 2025/10/14 - 12:56:31 | 任务进度轮询开始 
[SYS] 2025/10/14 - 12:56:31 | 任务进度轮询完成 
[SYS] 2025/10/14 - 12:56:46 | 任务进度轮询开始 
[SYS] 2025/10/14 - 12:56:46 | 任务进度轮询完成 
[SYS] 2025/10/14 - 12:57:01 | syncing options from database 
[SYS] 2025/10/14 - 12:57:01 | syncing channels from database 
[SYS] 2025/10/14 - 12:57:01 | channels synced from database 
[SYS] 2025/10/14 - 12:57:01 | 任务进度轮询开始 
[SYS] 2025/10/14 - 12:57:01 | 任务进度轮询完成 
[SYS] 2025/10/14 - 12:57:16 | 任务进度轮询开始 
[SYS] 2025/10/14 - 12:57:16 | 任务进度轮询完成 
[SYS] 2025/10/14 - 12:57:31 | 任务进度轮询开始 
[SYS] 2025/10/14 - 12:57:31 | 任务进度轮询完成 
[SYS] 2025/10/14 - 12:57:46 | 任务进度轮询开始 
[SYS] 2025/10/14 - 12:57:46 | 任务进度轮询完成 
[SYS] 2025/10/14 - 12:58:01 | syncing options from database 
[SYS] 2025/10/14 - 12:58:01 | syncing channels from database 
[SYS] 2025/10/14 - 12:58:01 | channels synced from database 
[SYS] 2025/10/14 - 12:58:01 | 任务进度轮询开始 
[SYS] 2025/10/14 - 12:58:01 | 任务进度轮询完成 
[SYS] 2025/10/14 - 12:58:16 | 任务进度轮询开始 
[SYS] 2025/10/14 - 12:58:16 | 任务进度轮询完成 
[SYS] 2025/10/14 - 12:58:31 | 任务进度轮询开始 
[SYS] 2025/10/14 - 12:58:31 | 任务进度轮询完成 
[SYS] 2025/10/14 - 12:58:46 | 任务进度轮询开始 
[SYS] 2025/10/14 - 12:58:46 | 任务进度轮询完成 
[SYS] 2025/10/14 - 12:59:00 | 正在更新数据看板数据... 
[SYS] 2025/10/14 - 12:59:00 | 保存数据看板数据成功，共保存0条数据 
[SYS] 2025/10/14 - 12:59:01 | syncing options from database 
[SYS] 2025/10/14 - 12:59:01 | syncing channels from database 
[SYS] 2025/10/14 - 12:59:01 | channels synced from database 
[SYS] 2025/10/14 - 12:59:01 | 任务进度轮询开始 
[SYS] 2025/10/14 - 12:59:01 | 任务进度轮询完成 
[SYS] 2025/10/14 - 12:59:16 | 任务进度轮询开始 
[SYS] 2025/10/14 - 12:59:16 | 任务进度轮询完成 
[SYS] 2025/10/14 - 12:59:31 | 任务进度轮询开始 
[SYS] 2025/10/14 - 12:59:31 | 任务进度轮询完成 
[SYS] 2025/10/14 - 12:59:46 | 任务进度轮询开始 
[SYS] 2025/10/14 - 12:59:46 | 任务进度轮询完成 
[SYS] 2025/10/14 - 13:00:01 | syncing options from database 
[SYS] 2025/10/14 - 13:00:01 | syncing channels from database 
[SYS] 2025/10/14 - 13:00:01 | channels synced from database 
[SYS] 2025/10/14 - 13:00:01 | 任务进度轮询开始 
[SYS] 2025/10/14 - 13:00:01 | 任务进度轮询完成 
[SYS] 2025/10/14 - 13:00:16 | 任务进度轮询开始 
[SYS] 2025/10/14 - 13:00:16 | 任务进度轮询完成 
[SYS] 2025/10/14 - 13:00:31 | 任务进度轮询开始 
[SYS] 2025/10/14 - 13:00:31 | 任务进度轮询完成 
[SYS] 2025/10/14 - 13:00:46 | 任务进度轮询开始 
[SYS] 2025/10/14 - 13:00:46 | 任务进度轮询完成 
[SYS] 2025/10/14 - 13:01:01 | syncing options from database 
[SYS] 2025/10/14 - 13:01:01 | syncing channels from database 
[SYS] 2025/10/14 - 13:01:01 | channels synced from database 
[SYS] 2025/10/14 - 13:01:01 | 任务进度轮询开始 
[SYS] 2025/10/14 - 13:01:01 | 任务进度轮询完成 
[SYS] 2025/10/14 - 13:01:16 | 任务进度轮询开始 
[SYS] 2025/10/14 - 13:01:16 | 任务进度轮询完成 
[SYS] 2025/10/14 - 13:01:31 | 任务进度轮询开始 
[SYS] 2025/10/14 - 13:01:31 | 任务进度轮询完成 
[SYS] 2025/10/14 - 13:01:46 | 任务进度轮询开始 
[SYS] 2025/10/14 - 13:01:46 | 任务进度轮询完成 
[SYS] 2025/10/14 - 13:02:01 | syncing options from database 
[SYS] 2025/10/14 - 13:02:01 | syncing channels from database 
[SYS] 2025/10/14 - 13:02:01 | channels synced from database 
[SYS] 2025/10/14 - 13:02:01 | 任务进度轮询开始 
[SYS] 2025/10/14 - 13:02:01 | 任务进度轮询完成 
[SYS] 2025/10/14 - 13:02:16 | 任务进度轮询开始 
[SYS] 2025/10/14 - 13:02:16 | 任务进度轮询完成 
[SYS] 2025/10/14 - 13:02:31 | 任务进度轮询开始 
[SYS] 2025/10/14 - 13:02:31 | 任务进度轮询完成 
[SYS] 2025/10/14 - 13:02:46 | 任务进度轮询开始 
[SYS] 2025/10/14 - 13:02:46 | 任务进度轮询完成 
[SYS] 2025/10/14 - 13:03:01 | syncing options from database 
[SYS] 2025/10/14 - 13:03:01 | syncing channels from database 
[SYS] 2025/10/14 - 13:03:01 | channels synced from database 
[SYS] 2025/10/14 - 13:03:01 | 任务进度轮询开始 
[SYS] 2025/10/14 - 13:03:01 | 任务进度轮询完成 
[SYS] 2025/10/14 - 13:03:16 | 任务进度轮询开始 
[SYS] 2025/10/14 - 13:03:16 | 任务进度轮询完成 
[SYS] 2025/10/14 - 13:03:31 | 任务进度轮询开始 
[SYS] 2025/10/14 - 13:03:31 | 任务进度轮询完成 
[SYS] 2025/10/14 - 13:03:46 | 任务进度轮询开始 
[SYS] 2025/10/14 - 13:03:46 | 任务进度轮询完成 
[SYS] 2025/10/14 - 13:04:00 | 正在更新数据看板数据... 
[SYS] 2025/10/14 - 13:04:00 | 保存数据看板数据成功，共保存0条数据 
[SYS] 2025/10/14 - 13:04:01 | syncing options from database 
[SYS] 2025/10/14 - 13:04:01 | syncing channels from database 
[SYS] 2025/10/14 - 13:04:01 | channels synced from database 
[SYS] 2025/10/14 - 13:04:01 | 任务进度轮询开始 
[SYS] 2025/10/14 - 13:04:01 | 任务进度轮询完成 
[SYS] 2025/10/14 - 13:04:16 | 任务进度轮询开始 
[SYS] 2025/10/14 - 13:04:16 | 任务进度轮询完成 
[SYS] 2025/10/14 - 13:04:31 | 任务进度轮询开始 
[SYS] 2025/10/14 - 13:04:31 | 任务进度轮询完成 
[SYS] 2025/10/14 - 13:04:46 | 任务进度轮询开始 
[SYS] 2025/10/14 - 13:04:46 | 任务进度轮询完成 
[SYS] 2025/10/14 - 13:05:01 | syncing options from database 
[SYS] 2025/10/14 - 13:05:01 | syncing channels from database 
[SYS] 2025/10/14 - 13:05:01 | channels synced from database 
[SYS] 2025/10/14 - 13:05:01 | 任务进度轮询开始 
[SYS] 2025/10/14 - 13:05:01 | 任务进度轮询完成 
[SYS] 2025/10/14 - 13:05:16 | 任务进度轮询开始 
[SYS] 2025/10/14 - 13:05:16 | 任务进度轮询完成 
[SYS] 2025/10/14 - 13:05:31 | 任务进度轮询开始 
[SYS] 2025/10/14 - 13:05:31 | 任务进度轮询完成 
[SYS] 2025/10/14 - 13:05:46 | 任务进度轮询开始 
[SYS] 2025/10/14 - 13:05:46 | 任务进度轮询完成 
[SYS] 2025/10/14 - 13:06:01 | syncing options from database 
[SYS] 2025/10/14 - 13:06:01 | syncing channels from database 
[SYS] 2025/10/14 - 13:06:01 | channels synced from database 
[SYS] 2025/10/14 - 13:06:01 | 任务进度轮询开始 
[SYS] 2025/10/14 - 13:06:01 | 任务进度轮询完成 
[SYS] 2025/10/14 - 13:06:16 | 任务进度轮询开始 
[SYS] 2025/10/14 - 13:06:16 | 任务进度轮询完成 
[SYS] 2025/10/14 - 13:06:31 | 任务进度轮询开始 
[SYS] 2025/10/14 - 13:06:31 | 任务进度轮询完成 
[SYS] 2025/10/14 - 13:06:46 | 任务进度轮询开始 
[SYS] 2025/10/14 - 13:06:46 | 任务进度轮询完成 
[SYS] 2025/10/14 - 13:07:01 | syncing options from database 
[SYS] 2025/10/14 - 13:07:01 | syncing channels from database 
[SYS] 2025/10/14 - 13:07:01 | channels synced from database 
[SYS] 2025/10/14 - 13:07:01 | 任务进度轮询开始 
[SYS] 2025/10/14 - 13:07:01 | 任务进度轮询完成 
[SYS] 2025/10/14 - 13:07:16 | 任务进度轮询开始 
[SYS] 2025/10/14 - 13:07:16 | 任务进度轮询完成 
[SYS] 2025/10/14 - 13:07:31 | 任务进度轮询开始 
[SYS] 2025/10/14 - 13:07:31 | 任务进度轮询完成 
[SYS] 2025/10/14 - 13:07:46 | 任务进度轮询开始 
[SYS] 2025/10/14 - 13:07:46 | 任务进度轮询完成 
[SYS] 2025/10/14 - 13:08:01 | syncing options from database 
[SYS] 2025/10/14 - 13:08:01 | syncing channels from database 
[SYS] 2025/10/14 - 13:08:01 | channels synced from database 
[SYS] 2025/10/14 - 13:08:01 | 任务进度轮询开始 
[SYS] 2025/10/14 - 13:08:01 | 任务进度轮询完成 
[SYS] 2025/10/14 - 13:08:16 | 任务进度轮询开始 
[SYS] 2025/10/14 - 13:08:16 | 任务进度轮询完成 
[SYS] 2025/10/14 - 13:08:31 | 任务进度轮询开始 
[SYS] 2025/10/14 - 13:08:31 | 任务进度轮询完成 
[SYS] 2025/10/14 - 13:08:46 | 任务进度轮询开始 
[SYS] 2025/10/14 - 13:08:46 | 任务进度轮询完成 
[SYS] 2025/10/14 - 13:09:00 | 正在更新数据看板数据... 
[SYS] 2025/10/14 - 13:09:00 | 保存数据看板数据成功，共保存0条数据 
[SYS] 2025/10/14 - 13:09:01 | syncing options from database 
[SYS] 2025/10/14 - 13:09:01 | syncing channels from database 
[SYS] 2025/10/14 - 13:09:01 | channels synced from database 
[SYS] 2025/10/14 - 13:09:01 | 任务进度轮询开始 
[SYS] 2025/10/14 - 13:09:01 | 任务进度轮询完成 
[SYS] 2025/10/14 - 13:09:16 | 任务进度轮询开始 
[SYS] 2025/10/14 - 13:09:16 | 任务进度轮询完成 
[SYS] 2025/10/14 - 13:09:31 | 任务进度轮询开始 
[SYS] 2025/10/14 - 13:09:31 | 任务进度轮询完成 
[SYS] 2025/10/14 - 13:09:46 | 任务进度轮询开始 
[SYS] 2025/10/14 - 13:09:46 | 任务进度轮询完成 
[SYS] 2025/10/14 - 13:10:01 | syncing options from database 
[SYS] 2025/10/14 - 13:10:01 | syncing channels from database 
[SYS] 2025/10/14 - 13:10:01 | channels synced from database 
[SYS] 2025/10/14 - 13:10:01 | 任务进度轮询开始 
[SYS] 2025/10/14 - 13:10:01 | 任务进度轮询完成 
[SYS] 2025/10/14 - 13:10:16 | 任务进度轮询开始 
[SYS] 2025/10/14 - 13:10:16 | 任务进度轮询完成 
[SYS] 2025/10/14 - 13:10:31 | 任务进度轮询开始 
[SYS] 2025/10/14 - 13:10:31 | 任务进度轮询完成 
[SYS] 2025/10/14 - 13:10:46 | 任务进度轮询开始 
[SYS] 2025/10/14 - 13:10:46 | 任务进度轮询完成 
[SYS] 2025/10/14 - 13:11:01 | syncing options from database 
[SYS] 2025/10/14 - 13:11:01 | syncing channels from database 
[SYS] 2025/10/14 - 13:11:01 | channels synced from database 
[SYS] 2025/10/14 - 13:11:01 | 任务进度轮询开始 
[SYS] 2025/10/14 - 13:11:01 | 任务进度轮询完成 
[SYS] 2025/10/14 - 13:11:16 | 任务进度轮询开始 
[SYS] 2025/10/14 - 13:11:16 | 任务进度轮询完成 
[SYS] 2025/10/14 - 13:11:31 | 任务进度轮询开始 
[SYS] 2025/10/14 - 13:11:31 | 任务进度轮询完成 
[SYS] 2025/10/14 - 13:11:46 | 任务进度轮询开始 
[SYS] 2025/10/14 - 13:11:46 | 任务进度轮询完成 
[SYS] 2025/10/14 - 13:12:01 | syncing options from database 
[SYS] 2025/10/14 - 13:12:01 | syncing channels from database 
[SYS] 2025/10/14 - 13:12:01 | channels synced from database 
[SYS] 2025/10/14 - 13:12:01 | 任务进度轮询开始 
[SYS] 2025/10/14 - 13:12:01 | 任务进度轮询完成 
[SYS] 2025/10/14 - 13:12:16 | 任务进度轮询开始 
[SYS] 2025/10/14 - 13:12:16 | 任务进度轮询完成 
[SYS] 2025/10/14 - 13:12:31 | 任务进度轮询开始 
[SYS] 2025/10/14 - 13:12:31 | 任务进度轮询完成 
[SYS] 2025/10/14 - 13:12:46 | 任务进度轮询开始 
[SYS] 2025/10/14 - 13:12:46 | 任务进度轮询完成 
[SYS] 2025/10/14 - 13:13:01 | syncing options from database 
[SYS] 2025/10/14 - 13:13:01 | syncing channels from database 
[SYS] 2025/10/14 - 13:13:01 | channels synced from database 
[SYS] 2025/10/14 - 13:13:01 | 任务进度轮询开始 
[SYS] 2025/10/14 - 13:13:01 | 任务进度轮询完成 
[SYS] 2025/10/14 - 13:13:16 | 任务进度轮询开始 
[SYS] 2025/10/14 - 13:13:16 | 任务进度轮询完成 
[SYS] 2025/10/14 - 13:13:31 | 任务进度轮询开始 
[SYS] 2025/10/14 - 13:13:31 | 任务进度轮询完成 
[SYS] 2025/10/14 - 13:13:46 | 任务进度轮询开始 
[SYS] 2025/10/14 - 13:13:46 | 任务进度轮询完成 
[SYS] 2025/10/14 - 13:14:00 | 正在更新数据看板数据... 
[SYS] 2025/10/14 - 13:14:00 | 保存数据看板数据成功，共保存0条数据 
[SYS] 2025/10/14 - 13:14:01 | syncing options from database 
[SYS] 2025/10/14 - 13:14:01 | syncing channels from database 
[SYS] 2025/10/14 - 13:14:01 | channels synced from database 
[SYS] 2025/10/14 - 13:14:01 | 任务进度轮询开始 
[SYS] 2025/10/14 - 13:14:01 | 任务进度轮询完成 
[SYS] 2025/10/14 - 13:14:16 | 任务进度轮询开始 
[SYS] 2025/10/14 - 13:14:16 | 任务进度轮询完成 
[SYS] 2025/10/14 - 13:14:31 | 任务进度轮询开始 
[SYS] 2025/10/14 - 13:14:32 | 任务进度轮询完成 
[SYS] 2025/10/14 - 13:14:47 | 任务进度轮询开始 
[SYS] 2025/10/14 - 13:14:47 | 任务进度轮询完成 
[SYS] 2025/10/14 - 13:15:01 | syncing options from database 
[SYS] 2025/10/14 - 13:15:01 | syncing channels from database 
[SYS] 2025/10/14 - 13:15:01 | channels synced from database 
[SYS] 2025/10/14 - 13:15:02 | 任务进度轮询开始 
[SYS] 2025/10/14 - 13:15:02 | 任务进度轮询完成 
[SYS] 2025/10/14 - 13:15:17 | 任务进度轮询开始 
[SYS] 2025/10/14 - 13:15:17 | 任务进度轮询完成 
[SYS] 2025/10/14 - 13:15:32 | 任务进度轮询开始 
[SYS] 2025/10/14 - 13:15:32 | 任务进度轮询完成 
[SYS] 2025/10/14 - 13:15:47 | 任务进度轮询开始 
[SYS] 2025/10/14 - 13:15:47 | 任务进度轮询完成 
[SYS] 2025/10/14 - 13:16:01 | syncing options from database 
[SYS] 2025/10/14 - 13:16:01 | syncing channels from database 
[SYS] 2025/10/14 - 13:16:01 | channels synced from database 
[SYS] 2025/10/14 - 13:16:02 | 任务进度轮询开始 
[SYS] 2025/10/14 - 13:16:02 | 任务进度轮询完成 
[SYS] 2025/10/14 - 13:16:17 | 任务进度轮询开始 
[SYS] 2025/10/14 - 13:16:17 | 任务进度轮询完成 
[SYS] 2025/10/14 - 13:16:32 | 任务进度轮询开始 
[SYS] 2025/10/14 - 13:16:32 | 任务进度轮询完成 
[SYS] 2025/10/14 - 13:16:47 | 任务进度轮询开始 
[SYS] 2025/10/14 - 13:16:47 | 任务进度轮询完成 
[SYS] 2025/10/14 - 13:17:01 | syncing options from database 
[SYS] 2025/10/14 - 13:17:01 | syncing channels from database 
[SYS] 2025/10/14 - 13:17:01 | channels synced from database 
[SYS] 2025/10/14 - 13:17:02 | 任务进度轮询开始 
[SYS] 2025/10/14 - 13:17:02 | 任务进度轮询完成 
[SYS] 2025/10/14 - 13:17:17 | 任务进度轮询开始 
[SYS] 2025/10/14 - 13:17:17 | 任务进度轮询完成 
[SYS] 2025/10/14 - 13:17:32 | 任务进度轮询开始 
[SYS] 2025/10/14 - 13:17:32 | 任务进度轮询完成 
[SYS] 2025/10/14 - 13:17:47 | 任务进度轮询开始 
[SYS] 2025/10/14 - 13:17:47 | 任务进度轮询完成 
[SYS] 2025/10/14 - 13:18:01 | syncing options from database 
[SYS] 2025/10/14 - 13:18:01 | syncing channels from database 
[SYS] 2025/10/14 - 13:18:01 | channels synced from database 
[SYS] 2025/10/14 - 13:18:02 | 任务进度轮询开始 
[SYS] 2025/10/14 - 13:18:02 | 任务进度轮询完成 
[SYS] 2025/10/14 - 13:18:17 | 任务进度轮询开始 
[SYS] 2025/10/14 - 13:18:17 | 任务进度轮询完成 
[SYS] 2025/10/14 - 13:18:32 | 任务进度轮询开始 
[SYS] 2025/10/14 - 13:18:32 | 任务进度轮询完成 
[SYS] 2025/10/14 - 13:18:47 | 任务进度轮询开始 
[SYS] 2025/10/14 - 13:18:47 | 任务进度轮询完成 
[SYS] 2025/10/14 - 13:19:00 | 正在更新数据看板数据... 
[SYS] 2025/10/14 - 13:19:00 | 保存数据看板数据成功，共保存0条数据 
[SYS] 2025/10/14 - 13:19:01 | syncing options from database 
[SYS] 2025/10/14 - 13:19:01 | syncing channels from database 
[SYS] 2025/10/14 - 13:19:01 | channels synced from database 
[SYS] 2025/10/14 - 13:19:02 | 任务进度轮询开始 
[SYS] 2025/10/14 - 13:19:02 | 任务进度轮询完成 
[SYS] 2025/10/14 - 13:19:17 | 任务进度轮询开始 
[SYS] 2025/10/14 - 13:19:17 | 任务进度轮询完成 
[SYS] 2025/10/14 - 13:19:32 | 任务进度轮询开始 
[SYS] 2025/10/14 - 13:19:32 | 任务进度轮询完成 
[SYS] 2025/10/14 - 13:19:47 | 任务进度轮询开始 
[SYS] 2025/10/14 - 13:19:47 | 任务进度轮询完成 
[SYS] 2025/10/14 - 13:20:01 | syncing options from database 
[SYS] 2025/10/14 - 13:20:01 | syncing channels from database 
[SYS] 2025/10/14 - 13:20:01 | channels synced from database 
[SYS] 2025/10/14 - 13:20:02 | 任务进度轮询开始 
[SYS] 2025/10/14 - 13:20:02 | 任务进度轮询完成 
[SYS] 2025/10/14 - 13:20:17 | 任务进度轮询开始 
[SYS] 2025/10/14 - 13:20:17 | 任务进度轮询完成 
[SYS] 2025/10/14 - 13:20:32 | 任务进度轮询开始 
[SYS] 2025/10/14 - 13:20:32 | 任务进度轮询完成 
[SYS] 2025/10/14 - 13:20:47 | 任务进度轮询开始 
[SYS] 2025/10/14 - 13:20:47 | 任务进度轮询完成 
[SYS] 2025/10/14 - 13:21:01 | syncing options from database 
[SYS] 2025/10/14 - 13:21:01 | syncing channels from database 
[SYS] 2025/10/14 - 13:21:01 | channels synced from database 
[SYS] 2025/10/14 - 13:21:02 | 任务进度轮询开始 
[SYS] 2025/10/14 - 13:21:02 | 任务进度轮询完成 
[SYS] 2025/10/14 - 13:21:17 | 任务进度轮询开始 
[SYS] 2025/10/14 - 13:21:17 | 任务进度轮询完成 
[SYS] 2025/10/14 - 13:21:32 | 任务进度轮询开始 
[SYS] 2025/10/14 - 13:21:32 | 任务进度轮询完成 
[SYS] 2025/10/14 - 13:21:47 | 任务进度轮询开始 
[SYS] 2025/10/14 - 13:21:47 | 任务进度轮询完成 
[SYS] 2025/10/14 - 13:22:01 | syncing options from database 
[SYS] 2025/10/14 - 13:22:01 | syncing channels from database 
[SYS] 2025/10/14 - 13:22:01 | channels synced from database 
[SYS] 2025/10/14 - 13:22:02 | 任务进度轮询开始 
[SYS] 2025/10/14 - 13:22:02 | 任务进度轮询完成 
[SYS] 2025/10/14 - 13:22:17 | 任务进度轮询开始 
[SYS] 2025/10/14 - 13:22:17 | 任务进度轮询完成 
[SYS] 2025/10/14 - 13:22:32 | 任务进度轮询开始 
[SYS] 2025/10/14 - 13:22:32 | 任务进度轮询完成 
[SYS] 2025/10/14 - 13:22:47 | 任务进度轮询开始 
[SYS] 2025/10/14 - 13:22:47 | 任务进度轮询完成 
[SYS] 2025/10/14 - 13:23:01 | syncing options from database 
[SYS] 2025/10/14 - 13:23:01 | syncing channels from database 
[SYS] 2025/10/14 - 13:23:01 | channels synced from database 
[SYS] 2025/10/14 - 13:23:02 | 任务进度轮询开始 
[SYS] 2025/10/14 - 13:23:02 | 任务进度轮询完成 
[SYS] 2025/10/14 - 13:23:17 | 任务进度轮询开始 
[SYS] 2025/10/14 - 13:23:17 | 任务进度轮询完成 
[SYS] 2025/10/14 - 13:23:32 | 任务进度轮询开始 
[SYS] 2025/10/14 - 13:23:32 | 任务进度轮询完成 
[SYS] 2025/10/14 - 13:23:47 | 任务进度轮询开始 
[SYS] 2025/10/14 - 13:23:47 | 任务进度轮询完成 
[SYS] 2025/10/14 - 13:24:00 | 正在更新数据看板数据... 
[SYS] 2025/10/14 - 13:24:00 | 保存数据看板数据成功，共保存0条数据 
[SYS] 2025/10/14 - 13:24:01 | syncing options from database 
[SYS] 2025/10/14 - 13:24:01 | syncing channels from database 
[SYS] 2025/10/14 - 13:24:01 | channels synced from database 
[SYS] 2025/10/14 - 13:24:02 | 任务进度轮询开始 
[SYS] 2025/10/14 - 13:24:02 | 任务进度轮询完成 
[SYS] 2025/10/14 - 13:24:17 | 任务进度轮询开始 
[SYS] 2025/10/14 - 13:24:17 | 任务进度轮询完成 
[SYS] 2025/10/14 - 13:24:32 | 任务进度轮询开始 
[SYS] 2025/10/14 - 13:24:32 | 任务进度轮询完成 
[SYS] 2025/10/14 - 13:24:47 | 任务进度轮询开始 
[SYS] 2025/10/14 - 13:24:47 | 任务进度轮询完成 
[SYS] 2025/10/14 - 13:25:01 | syncing options from database 
[SYS] 2025/10/14 - 13:25:01 | syncing channels from database 
[SYS] 2025/10/14 - 13:25:01 | channels synced from database 
[SYS] 2025/10/14 - 13:25:02 | 任务进度轮询开始 
[SYS] 2025/10/14 - 13:25:02 | 任务进度轮询完成 
[SYS] 2025/10/14 - 13:25:17 | 任务进度轮询开始 
[SYS] 2025/10/14 - 13:25:17 | 任务进度轮询完成 
[SYS] 2025/10/14 - 13:25:32 | 任务进度轮询开始 
[SYS] 2025/10/14 - 13:25:32 | 任务进度轮询完成 
[SYS] 2025/10/14 - 13:25:47 | 任务进度轮询开始 
[SYS] 2025/10/14 - 13:25:47 | 任务进度轮询完成 
[SYS] 2025/10/14 - 13:26:01 | syncing options from database 
[SYS] 2025/10/14 - 13:26:01 | syncing channels from database 
[SYS] 2025/10/14 - 13:26:01 | channels synced from database 
[SYS] 2025/10/14 - 13:26:02 | 任务进度轮询开始 
[SYS] 2025/10/14 - 13:26:02 | 任务进度轮询完成 
[SYS] 2025/10/14 - 13:26:17 | 任务进度轮询开始 
[SYS] 2025/10/14 - 13:26:17 | 任务进度轮询完成 
[SYS] 2025/10/14 - 13:26:32 | 任务进度轮询开始 
[SYS] 2025/10/14 - 13:26:32 | 任务进度轮询完成 
[SYS] 2025/10/14 - 13:26:47 | 任务进度轮询开始 
[SYS] 2025/10/14 - 13:26:47 | 任务进度轮询完成 
[SYS] 2025/10/14 - 13:27:01 | syncing options from database 
[SYS] 2025/10/14 - 13:27:01 | syncing channels from database 
[SYS] 2025/10/14 - 13:27:01 | channels synced from database 
[SYS] 2025/10/14 - 13:27:02 | 任务进度轮询开始 
[SYS] 2025/10/14 - 13:27:02 | 任务进度轮询完成 
[SYS] 2025/10/14 - 13:27:17 | 任务进度轮询开始 
[SYS] 2025/10/14 - 13:27:17 | 任务进度轮询完成 
[SYS] 2025/10/14 - 13:27:32 | 任务进度轮询开始 
[SYS] 2025/10/14 - 13:27:32 | 任务进度轮询完成 
[SYS] 2025/10/14 - 13:27:47 | 任务进度轮询开始 
[SYS] 2025/10/14 - 13:27:47 | 任务进度轮询完成 
[SYS] 2025/10/14 - 13:28:01 | syncing options from database 
[SYS] 2025/10/14 - 13:28:01 | syncing channels from database 
[SYS] 2025/10/14 - 13:28:01 | channels synced from database 
[SYS] 2025/10/14 - 13:28:02 | 任务进度轮询开始 
[SYS] 2025/10/14 - 13:28:02 | 任务进度轮询完成 
[SYS] 2025/10/14 - 13:28:17 | 任务进度轮询开始 
[SYS] 2025/10/14 - 13:28:17 | 任务进度轮询完成 
[SYS] 2025/10/14 - 13:28:32 | 任务进度轮询开始 
[SYS] 2025/10/14 - 13:28:32 | 任务进度轮询完成 
[SYS] 2025/10/14 - 13:28:47 | 任务进度轮询开始 
[SYS] 2025/10/14 - 13:28:47 | 任务进度轮询完成 
[SYS] 2025/10/14 - 13:29:00 | 正在更新数据看板数据... 
[SYS] 2025/10/14 - 13:29:00 | 保存数据看板数据成功，共保存0条数据 
[SYS] 2025/10/14 - 13:29:01 | syncing options from database 
[SYS] 2025/10/14 - 13:29:01 | syncing channels from database 
[SYS] 2025/10/14 - 13:29:01 | channels synced from database 
[SYS] 2025/10/14 - 13:29:02 | 任务进度轮询开始 
[SYS] 2025/10/14 - 13:29:02 | 任务进度轮询完成 
[SYS] 2025/10/14 - 13:29:17 | 任务进度轮询开始 
[SYS] 2025/10/14 - 13:29:17 | 任务进度轮询完成 
[SYS] 2025/10/14 - 13:29:32 | 任务进度轮询开始 
[SYS] 2025/10/14 - 13:29:32 | 任务进度轮询完成 
[SYS] 2025/10/14 - 13:29:47 | 任务进度轮询开始 
[SYS] 2025/10/14 - 13:29:47 | 任务进度轮询完成 
[SYS] 2025/10/14 - 13:30:01 | syncing options from database 
[SYS] 2025/10/14 - 13:30:01 | syncing channels from database 
[SYS] 2025/10/14 - 13:30:01 | channels synced from database 
[SYS] 2025/10/14 - 13:30:02 | 任务进度轮询开始 
[SYS] 2025/10/14 - 13:30:02 | 任务进度轮询完成 
[SYS] 2025/10/14 - 13:30:17 | 任务进度轮询开始 
[SYS] 2025/10/14 - 13:30:17 | 任务进度轮询完成 
[SYS] 2025/10/14 - 13:30:32 | 任务进度轮询开始 
[SYS] 2025/10/14 - 13:30:32 | 任务进度轮询完成 
[SYS] 2025/10/14 - 13:30:47 | 任务进度轮询开始 
[SYS] 2025/10/14 - 13:30:47 | 任务进度轮询完成 
[SYS] 2025/10/14 - 13:31:01 | syncing options from database 
[SYS] 2025/10/14 - 13:31:01 | syncing channels from database 
[SYS] 2025/10/14 - 13:31:01 | channels synced from database 
[SYS] 2025/10/14 - 13:31:02 | 任务进度轮询开始 
[SYS] 2025/10/14 - 13:31:02 | 任务进度轮询完成 
[SYS] 2025/10/14 - 13:31:17 | 任务进度轮询开始 
[SYS] 2025/10/14 - 13:31:17 | 任务进度轮询完成 
[SYS] 2025/10/14 - 13:31:32 | 任务进度轮询开始 
[SYS] 2025/10/14 - 13:31:32 | 任务进度轮询完成 
[SYS] 2025/10/14 - 13:31:47 | 任务进度轮询开始 
[SYS] 2025/10/14 - 13:31:47 | 任务进度轮询完成 
[SYS] 2025/10/14 - 13:32:01 | syncing options from database 
[SYS] 2025/10/14 - 13:32:01 | syncing channels from database 
[SYS] 2025/10/14 - 13:32:01 | channels synced from database 
[SYS] 2025/10/14 - 13:32:02 | 任务进度轮询开始 
[SYS] 2025/10/14 - 13:32:02 | 任务进度轮询完成 
[SYS] 2025/10/14 - 13:32:17 | 任务进度轮询开始 
[SYS] 2025/10/14 - 13:32:17 | 任务进度轮询完成 
[SYS] 2025/10/14 - 13:32:32 | 任务进度轮询开始 
[SYS] 2025/10/14 - 13:32:32 | 任务进度轮询完成 
[SYS] 2025/10/14 - 13:32:47 | 任务进度轮询开始 
[SYS] 2025/10/14 - 13:32:47 | 任务进度轮询完成 
[SYS] 2025/10/14 - 13:33:01 | syncing options from database 
[SYS] 2025/10/14 - 13:33:01 | syncing channels from database 
[SYS] 2025/10/14 - 13:33:01 | channels synced from database 
[SYS] 2025/10/14 - 13:33:02 | 任务进度轮询开始 
[SYS] 2025/10/14 - 13:33:02 | 任务进度轮询完成 
[SYS] 2025/10/14 - 13:33:17 | 任务进度轮询开始 
[SYS] 2025/10/14 - 13:33:17 | 任务进度轮询完成 
[SYS] 2025/10/14 - 13:33:32 | 任务进度轮询开始 
[SYS] 2025/10/14 - 13:33:32 | 任务进度轮询完成 
[SYS] 2025/10/14 - 13:33:47 | 任务进度轮询开始 
[SYS] 2025/10/14 - 13:33:47 | 任务进度轮询完成 
[SYS] 2025/10/14 - 13:34:00 | 正在更新数据看板数据... 
[SYS] 2025/10/14 - 13:34:00 | 保存数据看板数据成功，共保存0条数据 
[SYS] 2025/10/14 - 13:34:01 | syncing options from database 
[SYS] 2025/10/14 - 13:34:01 | syncing channels from database 
[SYS] 2025/10/14 - 13:34:01 | channels synced from database 
[SYS] 2025/10/14 - 13:34:02 | 任务进度轮询开始 
[SYS] 2025/10/14 - 13:34:02 | 任务进度轮询完成 
[SYS] 2025/10/14 - 13:34:17 | 任务进度轮询开始 
[SYS] 2025/10/14 - 13:34:17 | 任务进度轮询完成 
[SYS] 2025/10/14 - 13:34:32 | 任务进度轮询开始 
[SYS] 2025/10/14 - 13:34:32 | 任务进度轮询完成 
[SYS] 2025/10/14 - 13:34:47 | 任务进度轮询开始 
[SYS] 2025/10/14 - 13:34:47 | 任务进度轮询完成 
[SYS] 2025/10/14 - 13:35:01 | syncing options from database 
[SYS] 2025/10/14 - 13:35:01 | syncing channels from database 
[SYS] 2025/10/14 - 13:35:01 | channels synced from database 
[SYS] 2025/10/14 - 13:35:02 | 任务进度轮询开始 
[SYS] 2025/10/14 - 13:35:02 | 任务进度轮询完成 
[SYS] 2025/10/14 - 13:35:17 | 任务进度轮询开始 
[SYS] 2025/10/14 - 13:35:17 | 任务进度轮询完成 
[SYS] 2025/10/14 - 13:35:32 | 任务进度轮询开始 
[SYS] 2025/10/14 - 13:35:32 | 任务进度轮询完成 
[SYS] 2025/10/14 - 13:35:47 | 任务进度轮询开始 
[SYS] 2025/10/14 - 13:35:47 | 任务进度轮询完成 
[SYS] 2025/10/14 - 13:36:01 | syncing options from database 
[SYS] 2025/10/14 - 13:36:01 | syncing channels from database 
[SYS] 2025/10/14 - 13:36:01 | channels synced from database 
[SYS] 2025/10/14 - 13:36:02 | 任务进度轮询开始 
[SYS] 2025/10/14 - 13:36:02 | 任务进度轮询完成 
[SYS] 2025/10/14 - 13:36:17 | 任务进度轮询开始 
[SYS] 2025/10/14 - 13:36:17 | 任务进度轮询完成 
[SYS] 2025/10/14 - 13:36:32 | 任务进度轮询开始 
[SYS] 2025/10/14 - 13:36:32 | 任务进度轮询完成 
[SYS] 2025/10/14 - 13:36:47 | 任务进度轮询开始 
[SYS] 2025/10/14 - 13:36:47 | 任务进度轮询完成 
[SYS] 2025/10/14 - 13:37:01 | syncing options from database 
[SYS] 2025/10/14 - 13:37:01 | syncing channels from database 
[SYS] 2025/10/14 - 13:37:01 | channels synced from database 
[SYS] 2025/10/14 - 13:37:02 | 任务进度轮询开始 
[SYS] 2025/10/14 - 13:37:02 | 任务进度轮询完成 
[SYS] 2025/10/14 - 13:37:17 | 任务进度轮询开始 
[SYS] 2025/10/14 - 13:37:17 | 任务进度轮询完成 
[SYS] 2025/10/14 - 13:37:32 | 任务进度轮询开始 
[SYS] 2025/10/14 - 13:37:32 | 任务进度轮询完成 
[SYS] 2025/10/14 - 13:37:47 | 任务进度轮询开始 
[SYS] 2025/10/14 - 13:37:47 | 任务进度轮询完成 
[SYS] 2025/10/14 - 13:38:01 | syncing options from database 
[SYS] 2025/10/14 - 13:38:01 | syncing channels from database 
[SYS] 2025/10/14 - 13:38:01 | channels synced from database 
[SYS] 2025/10/14 - 13:38:02 | 任务进度轮询开始 
[SYS] 2025/10/14 - 13:38:02 | 任务进度轮询完成 
[SYS] 2025/10/14 - 13:38:17 | 任务进度轮询开始 
[SYS] 2025/10/14 - 13:38:17 | 任务进度轮询完成 
[SYS] 2025/10/14 - 13:38:32 | 任务进度轮询开始 
[SYS] 2025/10/14 - 13:38:32 | 任务进度轮询完成 
[SYS] 2025/10/14 - 13:38:47 | 任务进度轮询开始 
[SYS] 2025/10/14 - 13:38:47 | 任务进度轮询完成 
[SYS] 2025/10/14 - 13:39:00 | 正在更新数据看板数据... 
[SYS] 2025/10/14 - 13:39:00 | 保存数据看板数据成功，共保存0条数据 
[SYS] 2025/10/14 - 13:39:01 | syncing options from database 
[SYS] 2025/10/14 - 13:39:01 | syncing channels from database 
[SYS] 2025/10/14 - 13:39:01 | channels synced from database 
[SYS] 2025/10/14 - 13:39:02 | 任务进度轮询开始 
[SYS] 2025/10/14 - 13:39:02 | 任务进度轮询完成 
[SYS] 2025/10/14 - 13:39:17 | 任务进度轮询开始 
[SYS] 2025/10/14 - 13:39:17 | 任务进度轮询完成 
[SYS] 2025/10/14 - 13:39:32 | 任务进度轮询开始 
[SYS] 2025/10/14 - 13:39:32 | 任务进度轮询完成 
[SYS] 2025/10/14 - 13:39:47 | 任务进度轮询开始 
[SYS] 2025/10/14 - 13:39:47 | 任务进度轮询完成 
[SYS] 2025/10/14 - 13:40:01 | syncing options from database 
[SYS] 2025/10/14 - 13:40:01 | syncing channels from database 
[SYS] 2025/10/14 - 13:40:01 | channels synced from database 
[SYS] 2025/10/14 - 13:40:02 | 任务进度轮询开始 
[SYS] 2025/10/14 - 13:40:02 | 任务进度轮询完成 
[SYS] 2025/10/14 - 13:40:17 | 任务进度轮询开始 
[SYS] 2025/10/14 - 13:40:17 | 任务进度轮询完成 
[SYS] 2025/10/14 - 13:40:32 | 任务进度轮询开始 
[SYS] 2025/10/14 - 13:40:32 | 任务进度轮询完成 
[SYS] 2025/10/14 - 13:40:47 | 任务进度轮询开始 
[SYS] 2025/10/14 - 13:40:47 | 任务进度轮询完成 
[SYS] 2025/10/14 - 13:41:01 | syncing options from database 
[SYS] 2025/10/14 - 13:41:01 | syncing channels from database 
[SYS] 2025/10/14 - 13:41:01 | channels synced from database 
[SYS] 2025/10/14 - 13:41:02 | 任务进度轮询开始 
[SYS] 2025/10/14 - 13:41:02 | 任务进度轮询完成 
[SYS] 2025/10/14 - 13:41:17 | 任务进度轮询开始 
[SYS] 2025/10/14 - 13:41:17 | 任务进度轮询完成 
[SYS] 2025/10/14 - 13:41:32 | 任务进度轮询开始 
[SYS] 2025/10/14 - 13:41:32 | 任务进度轮询完成 
[SYS] 2025/10/14 - 13:41:47 | 任务进度轮询开始 
[SYS] 2025/10/14 - 13:41:47 | 任务进度轮询完成 
[SYS] 2025/10/14 - 13:42:01 | syncing options from database 
[SYS] 2025/10/14 - 13:42:01 | syncing channels from database 
[SYS] 2025/10/14 - 13:42:01 | channels synced from database 
[SYS] 2025/10/14 - 13:42:02 | 任务进度轮询开始 
[SYS] 2025/10/14 - 13:42:02 | 任务进度轮询完成 
[SYS] 2025/10/14 - 13:42:17 | 任务进度轮询开始 
[SYS] 2025/10/14 - 13:42:17 | 任务进度轮询完成 
[SYS] 2025/10/14 - 13:42:32 | 任务进度轮询开始 
[SYS] 2025/10/14 - 13:42:32 | 任务进度轮询完成 
[SYS] 2025/10/14 - 13:42:47 | 任务进度轮询开始 
[SYS] 2025/10/14 - 13:42:47 | 任务进度轮询完成 
[SYS] 2025/10/14 - 13:43:01 | syncing options from database 
[SYS] 2025/10/14 - 13:43:01 | syncing channels from database 
[SYS] 2025/10/14 - 13:43:01 | channels synced from database 
[SYS] 2025/10/14 - 13:43:02 | 任务进度轮询开始 
[SYS] 2025/10/14 - 13:43:02 | 任务进度轮询完成 
[SYS] 2025/10/14 - 13:43:17 | 任务进度轮询开始 
[SYS] 2025/10/14 - 13:43:17 | 任务进度轮询完成 
[SYS] 2025/10/14 - 13:43:32 | 任务进度轮询开始 
[SYS] 2025/10/14 - 13:43:32 | 任务进度轮询完成 
[SYS] 2025/10/14 - 13:43:47 | 任务进度轮询开始 
[SYS] 2025/10/14 - 13:43:47 | 任务进度轮询完成 
[SYS] 2025/10/14 - 13:44:00 | 正在更新数据看板数据... 
[SYS] 2025/10/14 - 13:44:00 | 保存数据看板数据成功，共保存0条数据 
[SYS] 2025/10/14 - 13:44:01 | syncing options from database 
[SYS] 2025/10/14 - 13:44:01 | syncing channels from database 
[SYS] 2025/10/14 - 13:44:01 | channels synced from database 
[SYS] 2025/10/14 - 13:44:02 | 任务进度轮询开始 
[SYS] 2025/10/14 - 13:44:02 | 任务进度轮询完成 
[SYS] 2025/10/14 - 13:44:17 | 任务进度轮询开始 
[SYS] 2025/10/14 - 13:44:17 | 任务进度轮询完成 
[SYS] 2025/10/14 - 13:44:32 | 任务进度轮询开始 
[SYS] 2025/10/14 - 13:44:32 | 任务进度轮询完成 
[SYS] 2025/10/14 - 13:44:47 | 任务进度轮询开始 
[SYS] 2025/10/14 - 13:44:47 | 任务进度轮询完成 
[SYS] 2025/10/14 - 13:45:01 | syncing options from database 
[SYS] 2025/10/14 - 13:45:01 | syncing channels from database 
[SYS] 2025/10/14 - 13:45:01 | channels synced from database 
[SYS] 2025/10/14 - 13:45:02 | 任务进度轮询开始 
[SYS] 2025/10/14 - 13:45:02 | 任务进度轮询完成 
[SYS] 2025/10/14 - 13:45:17 | 任务进度轮询开始 
[SYS] 2025/10/14 - 13:45:17 | 任务进度轮询完成 
[SYS] 2025/10/14 - 13:45:32 | 任务进度轮询开始 
[SYS] 2025/10/14 - 13:45:32 | 任务进度轮询完成 
[SYS] 2025/10/14 - 13:45:47 | 任务进度轮询开始 
[SYS] 2025/10/14 - 13:45:47 | 任务进度轮询完成 
[SYS] 2025/10/14 - 13:46:01 | syncing options from database 
[SYS] 2025/10/14 - 13:46:01 | syncing channels from database 
[SYS] 2025/10/14 - 13:46:01 | channels synced from database 
[SYS] 2025/10/14 - 13:46:02 | 任务进度轮询开始 
[SYS] 2025/10/14 - 13:46:02 | 任务进度轮询完成 
[SYS] 2025/10/14 - 13:46:17 | 任务进度轮询开始 
[SYS] 2025/10/14 - 13:46:17 | 任务进度轮询完成 
[SYS] 2025/10/14 - 13:46:32 | 任务进度轮询开始 
[SYS] 2025/10/14 - 13:46:32 | 任务进度轮询完成 
[SYS] 2025/10/14 - 13:46:47 | 任务进度轮询开始 
[SYS] 2025/10/14 - 13:46:47 | 任务进度轮询完成 
[SYS] 2025/10/14 - 13:47:01 | syncing options from database 
[SYS] 2025/10/14 - 13:47:01 | syncing channels from database 
[SYS] 2025/10/14 - 13:47:01 | channels synced from database 
[SYS] 2025/10/14 - 13:47:02 | 任务进度轮询开始 
[SYS] 2025/10/14 - 13:47:02 | 任务进度轮询完成 
[SYS] 2025/10/14 - 13:47:17 | 任务进度轮询开始 
[SYS] 2025/10/14 - 13:47:17 | 任务进度轮询完成 
[SYS] 2025/10/14 - 13:47:32 | 任务进度轮询开始 
[SYS] 2025/10/14 - 13:47:32 | 任务进度轮询完成 
[GIN] 2025/10/14 - 13:47:35 | 20251014134735438292000nCu6YOY7 | 200 |   12.216417ms |             ::1 |     GET /api/option/
[GIN] 2025/10/14 - 13:47:36 | 20251014134736933940000FjvPvvGu | 200 |     409.917µs |             ::1 |     GET /api/group/
[GIN] 2025/10/14 - 13:47:36 | 20251014134736933967000YQkeeme6 | 200 |    3.830333ms |             ::1 |     GET /api/models
[GIN] 2025/10/14 - 13:47:36 | 20251014134736933968000GXHNNJA9 | 200 |    4.578458ms |             ::1 |     GET /api/channel/models
[GIN] 2025/10/14 - 13:47:36 | 20251014134736934132000UzJOcdhH | 200 |    7.324292ms |             ::1 |     GET /api/channel/?p=1&page_size=10&id_sort=false&tag_mode=false
[GIN] 2025/10/14 - 13:47:40 | 20251014134740396159000uAX422hj | 200 |     249.292µs |             ::1 |     GET /api/group/
[GIN] 2025/10/14 - 13:47:40 | 20251014134740396073000RQiWAdPd | 200 |      1.0205ms |             ::1 |     GET /api/channel/models
[GIN] 2025/10/14 - 13:47:40 | 202510141347403963840000PMVqDXK | 200 |    1.171083ms |             ::1 |     GET /api/channel/7
[GIN] 2025/10/14 - 13:47:40 | 20251014134740412995000zUH9qVkZ | 200 |     2.55525ms |             ::1 |     GET /api/prefill_group/?type=model
[GIN] 2025/10/14 - 13:47:42 | 20251014134742179551000xRIWXdm1 | 200 |     166.791µs |             ::1 |     GET /api/group/
[GIN] 2025/10/14 - 13:47:42 | 20251014134742179503000YVsF9iwg | 200 |     2.43225ms |             ::1 |     GET /api/channel/models
[GIN] 2025/10/14 - 13:47:42 | 20251014134742181632000uNQmB1fO | 200 |     771.125µs |             ::1 |     GET /api/channel/6
[GIN] 2025/10/14 - 13:47:42 | 20251014134742196183000crlP0Kod | 200 |     357.584µs |             ::1 |     GET /api/prefill_group/?type=model
[GIN] 2025/10/14 - 13:47:44 | 20251014134744659138000wv1pmHzj | 200 |    3.023834ms |             ::1 |     GET /console/channel
[GIN] 2025/10/14 - 13:47:44 | 202510141347449301530001IklwfbJ | 200 |     398.209µs |             ::1 |     GET /api/group/
[GIN] 2025/10/14 - 13:47:44 | 20251014134744930330000GfzbpBec | 200 |    1.129708ms |             ::1 |     GET /api/models
[GIN] 2025/10/14 - 13:47:44 | 20251014134744929956000DWdTAq03 | 200 |    1.555958ms |             ::1 |     GET /api/channel/models
[GIN] 2025/10/14 - 13:47:44 | 20251014134744931223000vLNrkYy7 | 200 |     942.833µs |             ::1 |     GET /api/status
[GIN] 2025/10/14 - 13:47:44 | 202510141347449301980009lDzkRY1 | 200 |    2.627584ms |             ::1 |     GET /api/channel/?p=1&page_size=10&id_sort=false&tag_mode=false
[GIN] 2025/10/14 - 13:47:44 | 202510141347449309120003Bij3zu5 | 200 |    2.118667ms |             ::1 |     GET /api/user/self
[GIN] 2025/10/14 - 13:47:45 | 2025101413474519726200034ckDTsY | 200 |     478.792µs |             ::1 |     GET /api/user/self
[SYS] 2025/10/14 - 13:47:47 | 任务进度轮询开始 
[SYS] 2025/10/14 - 13:47:47 | 任务进度轮询完成 
[SYS] 2025/10/14 - 13:48:01 | syncing options from database 
[SYS] 2025/10/14 - 13:48:01 | syncing channels from database 
[SYS] 2025/10/14 - 13:48:01 | channels synced from database 
[SYS] 2025/10/14 - 13:48:02 | 任务进度轮询开始 
[SYS] 2025/10/14 - 13:48:02 | 任务进度轮询完成 
[SYS] 2025/10/14 - 13:48:17 | 任务进度轮询开始 
[SYS] 2025/10/14 - 13:48:17 | 任务进度轮询完成 
[GIN] 2025/10/14 - 13:48:17 | 20251014134817854429000zDISV9yo | 204 |      28.917µs |             ::1 | OPTIONS /suno/feed/79eeb715-a225-4d38-b753-e57ee67c09ca
[GIN] 2025/10/14 - 13:48:18 | 20251014134817855969000YfowXvRi | 200 |  834.437417ms |             ::1 |     GET /suno/feed/79eeb715-a225-4d38-b753-e57ee67c09ca
[SYS] 2025/10/14 - 13:48:32 | 任务进度轮询开始 
[SYS] 2025/10/14 - 13:48:32 | 任务进度轮询完成 
[SYS] 2025/10/14 - 13:48:47 | 任务进度轮询开始 
[SYS] 2025/10/14 - 13:48:47 | 任务进度轮询完成 
[GIN] 2025/10/14 - 13:48:51 | 2025101413485120634600020WRA0q8 | 204 |      26.125µs |             ::1 | OPTIONS /suno/feed/c33a6835-1a0f-4d4a-8f64-e097a58f8813
[GIN] 2025/10/14 - 13:48:52 | 20251014134851208879000hbcLa1B2 | 200 |  928.124708ms |             ::1 |     GET /suno/feed/c33a6835-1a0f-4d4a-8f64-e097a58f8813
[SYS] 2025/10/14 - 13:49:00 | 正在更新数据看板数据... 
[SYS] 2025/10/14 - 13:49:00 | 保存数据看板数据成功，共保存0条数据 
[SYS] 2025/10/14 - 13:49:01 | syncing options from database 
[SYS] 2025/10/14 - 13:49:01 | syncing channels from database 
[SYS] 2025/10/14 - 13:49:01 | channels synced from database 
[SYS] 2025/10/14 - 13:49:02 | 任务进度轮询开始 
[SYS] 2025/10/14 - 13:49:02 | 任务进度轮询完成 
[SYS] 2025/10/14 - 13:49:17 | 任务进度轮询开始 
[SYS] 2025/10/14 - 13:49:17 | 任务进度轮询完成 
[SYS] 2025/10/14 - 13:49:32 | 任务进度轮询开始 
[SYS] 2025/10/14 - 13:49:32 | 任务进度轮询完成 
[SYS] 2025/10/14 - 13:49:47 | 任务进度轮询开始 
[SYS] 2025/10/14 - 13:49:47 | 任务进度轮询完成 
[GIN] 2025/10/14 - 13:49:47 | 20251014134947487194000Km9AXUw0 | 200 |    5.285125ms |             ::1 |     GET /api/log/?p=1&page_size=10&type=0&username=&token_name=&model_name=&start_timestamp=1760371200&end_timestamp=1760424587&channel=&group=
[GIN] 2025/10/14 - 13:49:47 | 20251014134947509742000zi5MuzOC | 200 |    2.032584ms |             ::1 |     GET /api/log/stat?type=0&username=&token_name=&model_name=&start_timestamp=1760371200&end_timestamp=1760424587&channel=&group=
[GIN] 2025/10/14 - 13:49:50 | 20251014134950759122000ChFi1rDF | 200 |     852.792µs |             ::1 |     GET /api/mj/?p=1&page_size=10&channel_id=&mj_id=&start_timestamp=1757828990000&end_timestamp=1760424590000
[GIN] 2025/10/14 - 13:49:51 | 20251014134951340943000s5qy4O3G | 200 |    1.272042ms |             ::1 |     GET /api/log/?p=1&page_size=10&type=0&username=&token_name=&model_name=&start_timestamp=1760371200&end_timestamp=1760424591&channel=&group=
[GIN] 2025/10/14 - 13:49:51 | 20251014134951361356000OKopQ6uB | 200 |     789.792µs |             ::1 |     GET /api/log/stat?type=0&username=&token_name=&model_name=&start_timestamp=1760371200&end_timestamp=1760424591&channel=&group=
[SYS] 2025/10/14 - 13:50:01 | syncing options from database 
[SYS] 2025/10/14 - 13:50:01 | syncing channels from database 
[SYS] 2025/10/14 - 13:50:01 | channels synced from database 
[SYS] 2025/10/14 - 13:50:02 | 任务进度轮询开始 
[SYS] 2025/10/14 - 13:50:02 | 任务进度轮询完成 
[SYS] 2025/10/14 - 13:50:17 | 任务进度轮询开始 
[SYS] 2025/10/14 - 13:50:17 | 任务进度轮询完成 
[SYS] 2025/10/14 - 13:50:32 | 任务进度轮询开始 
[SYS] 2025/10/14 - 13:50:32 | 任务进度轮询完成 
[SYS] 2025/10/14 - 13:50:47 | 任务进度轮询开始 
[SYS] 2025/10/14 - 13:50:47 | 任务进度轮询完成 
[SYS] 2025/10/14 - 13:51:01 | syncing options from database 
[SYS] 2025/10/14 - 13:51:01 | syncing channels from database 
[SYS] 2025/10/14 - 13:51:01 | channels synced from database 
[SYS] 2025/10/14 - 13:51:02 | 任务进度轮询开始 
[SYS] 2025/10/14 - 13:51:02 | 任务进度轮询完成 
[SYS] 2025/10/14 - 13:51:17 | 任务进度轮询开始 
[SYS] 2025/10/14 - 13:51:17 | 任务进度轮询完成 
[SYS] 2025/10/14 - 13:51:32 | 任务进度轮询开始 
[SYS] 2025/10/14 - 13:51:32 | 任务进度轮询完成 
[SYS] 2025/10/14 - 13:51:47 | 任务进度轮询开始 
[SYS] 2025/10/14 - 13:51:47 | 任务进度轮询完成 
[SYS] 2025/10/14 - 13:52:01 | syncing options from database 
[SYS] 2025/10/14 - 13:52:01 | syncing channels from database 
[SYS] 2025/10/14 - 13:52:01 | channels synced from database 
[SYS] 2025/10/14 - 13:52:02 | 任务进度轮询开始 
[SYS] 2025/10/14 - 13:52:02 | 任务进度轮询完成 
[SYS] 2025/10/14 - 13:52:17 | 任务进度轮询开始 
[SYS] 2025/10/14 - 13:52:17 | 任务进度轮询完成 
[SYS] 2025/10/14 - 13:52:32 | 任务进度轮询开始 
[SYS] 2025/10/14 - 13:52:32 | 任务进度轮询完成 
[SYS] 2025/10/14 - 13:52:47 | 任务进度轮询开始 
[SYS] 2025/10/14 - 13:52:47 | 任务进度轮询完成 
[SYS] 2025/10/14 - 13:53:01 | syncing options from database 
[SYS] 2025/10/14 - 13:53:01 | syncing channels from database 
[SYS] 2025/10/14 - 13:53:01 | channels synced from database 
[SYS] 2025/10/14 - 13:53:02 | 任务进度轮询开始 
[SYS] 2025/10/14 - 13:53:02 | 任务进度轮询完成 
[SYS] 2025/10/14 - 13:53:17 | 任务进度轮询开始 
[SYS] 2025/10/14 - 13:53:17 | 任务进度轮询完成 
[SYS] 2025/10/14 - 13:53:32 | 任务进度轮询开始 
[SYS] 2025/10/14 - 13:53:32 | 任务进度轮询完成 
[SYS] 2025/10/14 - 13:53:47 | 任务进度轮询开始 
[SYS] 2025/10/14 - 13:53:47 | 任务进度轮询完成 
[SYS] 2025/10/14 - 13:54:00 | 正在更新数据看板数据... 
[SYS] 2025/10/14 - 13:54:00 | 保存数据看板数据成功，共保存0条数据 
[SYS] 2025/10/14 - 13:54:01 | syncing options from database 
[SYS] 2025/10/14 - 13:54:01 | syncing channels from database 
[SYS] 2025/10/14 - 13:54:01 | channels synced from database 
[SYS] 2025/10/14 - 13:54:02 | 任务进度轮询开始 
[SYS] 2025/10/14 - 13:54:02 | 任务进度轮询完成 
[SYS] 2025/10/14 - 13:54:17 | 任务进度轮询开始 
[SYS] 2025/10/14 - 13:54:17 | 任务进度轮询完成 
[SYS] 2025/10/14 - 13:54:32 | 任务进度轮询开始 
[SYS] 2025/10/14 - 13:54:32 | 任务进度轮询完成 
[SYS] 2025/10/14 - 13:54:47 | 任务进度轮询开始 
[SYS] 2025/10/14 - 13:54:47 | 任务进度轮询完成 
[SYS] 2025/10/14 - 13:55:01 | syncing options from database 
[SYS] 2025/10/14 - 13:55:01 | syncing channels from database 
[SYS] 2025/10/14 - 13:55:01 | channels synced from database 
[SYS] 2025/10/14 - 13:55:02 | 任务进度轮询开始 
[SYS] 2025/10/14 - 13:55:02 | 任务进度轮询完成 
[SYS] 2025/10/14 - 13:55:17 | 任务进度轮询开始 
[SYS] 2025/10/14 - 13:55:17 | 任务进度轮询完成 
[SYS] 2025/10/14 - 13:55:32 | 任务进度轮询开始 
[SYS] 2025/10/14 - 13:55:32 | 任务进度轮询完成 
[SYS] 2025/10/14 - 13:55:47 | 任务进度轮询开始 
[SYS] 2025/10/14 - 13:55:47 | 任务进度轮询完成 
[SYS] 2025/10/14 - 13:56:01 | syncing options from database 
[SYS] 2025/10/14 - 13:56:01 | syncing channels from database 
[SYS] 2025/10/14 - 13:56:01 | channels synced from database 
[SYS] 2025/10/14 - 13:56:02 | 任务进度轮询开始 
[SYS] 2025/10/14 - 13:56:02 | 任务进度轮询完成 
[SYS] 2025/10/14 - 13:56:17 | 任务进度轮询开始 
[SYS] 2025/10/14 - 13:56:17 | 任务进度轮询完成 
[SYS] 2025/10/14 - 13:56:32 | 任务进度轮询开始 
[SYS] 2025/10/14 - 13:56:32 | 任务进度轮询完成 
[SYS] 2025/10/14 - 13:56:47 | 任务进度轮询开始 
[SYS] 2025/10/14 - 13:56:47 | 任务进度轮询完成 
[SYS] 2025/10/14 - 13:57:01 | syncing options from database 
[SYS] 2025/10/14 - 13:57:01 | syncing channels from database 
[SYS] 2025/10/14 - 13:57:01 | channels synced from database 
[SYS] 2025/10/14 - 13:57:02 | 任务进度轮询开始 
[SYS] 2025/10/14 - 13:57:02 | 任务进度轮询完成 
[SYS] 2025/10/14 - 13:57:17 | 任务进度轮询开始 
[SYS] 2025/10/14 - 13:57:17 | 任务进度轮询完成 
[SYS] 2025/10/14 - 13:57:32 | 任务进度轮询开始 
[SYS] 2025/10/14 - 13:57:32 | 任务进度轮询完成 
[SYS] 2025/10/14 - 13:57:47 | 任务进度轮询开始 
[SYS] 2025/10/14 - 13:57:47 | 任务进度轮询完成 
[SYS] 2025/10/14 - 13:58:01 | syncing options from database 
[SYS] 2025/10/14 - 13:58:01 | syncing channels from database 
[SYS] 2025/10/14 - 13:58:01 | channels synced from database 
[SYS] 2025/10/14 - 13:58:02 | 任务进度轮询开始 
[SYS] 2025/10/14 - 13:58:02 | 任务进度轮询完成 
[SYS] 2025/10/14 - 13:58:17 | 任务进度轮询开始 
[SYS] 2025/10/14 - 13:58:17 | 任务进度轮询完成 
[SYS] 2025/10/14 - 13:58:32 | 任务进度轮询开始 
[SYS] 2025/10/14 - 13:58:32 | 任务进度轮询完成 
[SYS] 2025/10/14 - 13:58:47 | 任务进度轮询开始 
[SYS] 2025/10/14 - 13:58:47 | 任务进度轮询完成 
[SYS] 2025/10/14 - 13:59:00 | 正在更新数据看板数据... 
[SYS] 2025/10/14 - 13:59:00 | 保存数据看板数据成功，共保存0条数据 
[SYS] 2025/10/14 - 13:59:01 | syncing options from database 
[SYS] 2025/10/14 - 13:59:01 | syncing channels from database 
[SYS] 2025/10/14 - 13:59:01 | channels synced from database 
[SYS] 2025/10/14 - 13:59:02 | 任务进度轮询开始 
[SYS] 2025/10/14 - 13:59:02 | 任务进度轮询完成 
[SYS] 2025/10/14 - 13:59:17 | 任务进度轮询开始 
[SYS] 2025/10/14 - 13:59:17 | 任务进度轮询完成 
